<?xml version="1.0" encoding="utf-8"?><testsuite errors="0" failures="0" name="pytest" skips="0" tests="673" time="36.873"><testcase classname="module_utils.test_netapp" file="module_utils/test_netapp.py" line="56" name="test_get_cserver" time="0.00247812271118"></testcase><testcase classname="module_utils.test_netapp" file="module_utils/test_netapp.py" line="45" name="test_ems_log_event_version" time="0.00269055366516"><system-out>Ansible version: 2.9.0b1.post0
</system-out></testcase><testcase classname="module_utils.test_netapp_module.TestMyModule" file="module_utils/test_netapp_module.py" line="29" name="test_get_cd_action" time="0.00194311141968"></testcase><testcase classname="module_utils.test_netapp_module.TestMyModule" file="module_utils/test_netapp_module.py" line="13" name="test_get_cd_action_create" time="0.00205731391907"></testcase><testcase classname="module_utils.test_netapp_module.TestMyModule" file="module_utils/test_netapp_module.py" line="21" name="test_get_cd_action_delete" time="0.00199341773987"></testcase><testcase classname="module_utils.test_netapp_module.TestMyModule" file="module_utils/test_netapp_module.py" line="45" name="test_get_modified_attributes" time="0.00216603279114"></testcase><testcase classname="module_utils.test_netapp_module.TestMyModule" file="module_utils/test_netapp_module.py" line="61" name="test_get_modified_attributes_for_intersecting_list" time="0.00201416015625"></testcase><testcase classname="module_utils.test_netapp_module.TestMyModule" file="module_utils/test_netapp_module.py" line="85" name="test_get_modified_attributes_for_intersecting_list_of_dicts" time="0.0020592212677"></testcase><testcase classname="module_utils.test_netapp_module.TestMyModule" file="module_utils/test_netapp_module.py" line="53" name="test_get_modified_attributes_for_intersecting_mixed_list" time="0.0021390914917"></testcase><testcase classname="module_utils.test_netapp_module.TestMyModule" file="module_utils/test_netapp_module.py" line="101" name="test_get_modified_attributes_for_list_diff" time="0.00204610824585"></testcase><testcase classname="module_utils.test_netapp_module.TestMyModule" file="module_utils/test_netapp_module.py" line="77" name="test_get_modified_attributes_for_list_of_dicts_no_data" time="0.00195002555847"></testcase><testcase classname="module_utils.test_netapp_module.TestMyModule" file="module_utils/test_netapp_module.py" line="109" name="test_get_modified_attributes_for_no_change" time="0.00197625160217"></testcase><testcase classname="module_utils.test_netapp_module.TestMyModule" file="module_utils/test_netapp_module.py" line="37" name="test_get_modified_attributes_for_no_data" time="0.00191307067871"></testcase><testcase classname="module_utils.test_netapp_module.TestMyModule" file="module_utils/test_netapp_module.py" line="69" name="test_get_modified_attributes_for_nonintersecting_list" time="0.00201272964478"></testcase><testcase classname="module_utils.test_netapp_module.TestMyModule" file="module_utils/test_netapp_module.py" line="93" name="test_get_modified_attributes_for_nonintersecting_list_of_dicts" time="0.00373673439026"></testcase><testcase classname="module_utils.test_netapp_module.TestMyModule" file="module_utils/test_netapp_module.py" line="141" name="test_is_rename_action" time="0.00200200080872"></testcase><testcase classname="module_utils.test_netapp_module.TestMyModule" file="module_utils/test_netapp_module.py" line="117" name="test_is_rename_action_for_empty_input" time="0.0019679069519"></testcase><testcase classname="module_utils.test_netapp_module.TestMyModule" file="module_utils/test_netapp_module.py" line="125" name="test_is_rename_action_for_no_source" time="0.00221085548401"></testcase><testcase classname="module_utils.test_netapp_module.TestMyModule" file="module_utils/test_netapp_module.py" line="133" name="test_is_rename_action_for_no_target" time="0.00186920166016"></testcase><testcase classname="modules.test_na_ontap_aggregate.TestMyModule" file="modules/test_na_ontap_aggregate.py" line="156" name="test_disks_list" time="0.00829100608826"><system-out>&lt;xml&gt;&lt;vserver-info&gt;&lt;vserver-name&gt;12&lt;/vserver-name&gt;&lt;/vserver-info&gt;&lt;attributes-list&gt;&lt;aggr-attributes&gt;&lt;aggregate-name&gt;test_name&lt;/aggregate-name&gt;&lt;aggr-raid-attributes&gt;&lt;state&gt;offline&lt;/state&gt;&lt;/aggr-raid-attributes&gt;&lt;/aggr-attributes&gt;&lt;object-store-information&gt;&lt;object-store-name&gt;abc&lt;/object-store-name&gt;&lt;/object-store-information&gt;&lt;/attributes-list&gt;&lt;num-records&gt;3&lt;/num-records&gt;&lt;/xml&gt;
</system-out></testcase><testcase classname="modules.test_na_ontap_aggregate.TestMyModule" file="modules/test_na_ontap_aggregate.py" line="195" name="test_if_all_methods_catch_exception" time="0.00756168365479"></testcase><testcase classname="modules.test_na_ontap_aggregate.TestMyModule" file="modules/test_na_ontap_aggregate.py" line="164" name="test_mirror_disks" time="0.00869798660278"><system-out>&lt;xml&gt;&lt;vserver-info&gt;&lt;vserver-name&gt;12&lt;/vserver-name&gt;&lt;/vserver-info&gt;&lt;attributes-list&gt;&lt;aggr-attributes&gt;&lt;aggregate-name&gt;test_name&lt;/aggregate-name&gt;&lt;aggr-raid-attributes&gt;&lt;state&gt;offline&lt;/state&gt;&lt;/aggr-raid-attributes&gt;&lt;/aggr-attributes&gt;&lt;object-store-information&gt;&lt;object-store-name&gt;abc&lt;/object-store-name&gt;&lt;/object-store-information&gt;&lt;/attributes-list&gt;&lt;num-records&gt;3&lt;/num-records&gt;&lt;/xml&gt;
</system-out></testcase><testcase classname="modules.test_na_ontap_aggregate.TestMyModule" file="modules/test_na_ontap_aggregate.py" line="148" name="test_is_mirrored" time="0.00837707519531"><system-out>&lt;xml&gt;&lt;vserver-info&gt;&lt;vserver-name&gt;12&lt;/vserver-name&gt;&lt;/vserver-info&gt;&lt;attributes-list&gt;&lt;aggr-attributes&gt;&lt;aggregate-name&gt;test_name&lt;/aggregate-name&gt;&lt;aggr-raid-attributes&gt;&lt;state&gt;offline&lt;/state&gt;&lt;/aggr-raid-attributes&gt;&lt;/aggr-attributes&gt;&lt;object-store-information&gt;&lt;object-store-name&gt;abc&lt;/object-store-name&gt;&lt;/object-store-information&gt;&lt;/attributes-list&gt;&lt;num-records&gt;3&lt;/num-records&gt;&lt;/xml&gt;
</system-out></testcase><testcase classname="modules.test_na_ontap_aggregate.TestMyModule" file="modules/test_na_ontap_aggregate.py" line="188" name="test_object_store" time="0.00902986526489"><system-out>&lt;xml&gt;&lt;vserver-info&gt;&lt;vserver-name&gt;12&lt;/vserver-name&gt;&lt;/vserver-info&gt;&lt;attributes-list&gt;&lt;aggr-attributes&gt;&lt;aggregate-name&gt;test_name&lt;/aggregate-name&gt;&lt;aggr-raid-attributes&gt;&lt;state&gt;offline&lt;/state&gt;&lt;/aggr-raid-attributes&gt;&lt;/aggr-attributes&gt;&lt;object-store-information&gt;&lt;object-store-name&gt;abc&lt;/object-store-name&gt;&lt;/object-store-information&gt;&lt;/attributes-list&gt;&lt;num-records&gt;3&lt;/num-records&gt;&lt;/xml&gt;
&lt;xml&gt;&lt;vserver-info&gt;&lt;vserver-name&gt;12&lt;/vserver-name&gt;&lt;/vserver-info&gt;&lt;attributes-list&gt;&lt;aggr-attributes&gt;&lt;aggregate-name&gt;test_name&lt;/aggregate-name&gt;&lt;aggr-raid-attributes&gt;&lt;state&gt;offline&lt;/state&gt;&lt;/aggr-raid-attributes&gt;&lt;/aggr-attributes&gt;&lt;object-store-information&gt;&lt;object-store-name&gt;abc&lt;/object-store-name&gt;&lt;/object-store-information&gt;&lt;/attributes-list&gt;&lt;num-records&gt;3&lt;/num-records&gt;&lt;/xml&gt;
</system-out></testcase><testcase classname="modules.test_na_ontap_aggregate.TestMyModule" file="modules/test_na_ontap_aggregate.py" line="141" name="test_module_fail_when_required_args_missing" time="0.00776720046997"><system-out>Info: missing required arguments: username, password, name, hostname
</system-out></testcase><testcase classname="modules.test_na_ontap_aggregate.TestMyModule" file="modules/test_na_ontap_aggregate.py" line="173" name="test_spare_pool" time="0.00666093826294"><system-out>&lt;xml&gt;&lt;vserver-info&gt;&lt;vserver-name&gt;12&lt;/vserver-name&gt;&lt;/vserver-info&gt;&lt;attributes-list&gt;&lt;aggr-attributes&gt;&lt;aggregate-name&gt;test_name&lt;/aggregate-name&gt;&lt;aggr-raid-attributes&gt;&lt;state&gt;offline&lt;/state&gt;&lt;/aggr-raid-attributes&gt;&lt;/aggr-attributes&gt;&lt;object-store-information&gt;&lt;object-store-name&gt;abc&lt;/object-store-name&gt;&lt;/object-store-information&gt;&lt;/attributes-list&gt;&lt;num-records&gt;3&lt;/num-records&gt;&lt;/xml&gt;
</system-out></testcase><testcase classname="modules.test_na_ontap_aggregate.TestMyModule" file="modules/test_na_ontap_aggregate.py" line="181" name="test_rename" time="0.008455991745"><system-out>&lt;xml&gt;&lt;vserver-info&gt;&lt;vserver-name&gt;12&lt;/vserver-name&gt;&lt;/vserver-info&gt;&lt;attributes-list&gt;&lt;aggr-attributes&gt;&lt;aggregate-name&gt;test_name&lt;/aggregate-name&gt;&lt;aggr-raid-attributes&gt;&lt;state&gt;offline&lt;/state&gt;&lt;/aggr-raid-attributes&gt;&lt;/aggr-attributes&gt;&lt;object-store-information&gt;&lt;object-store-name&gt;abc&lt;/object-store-name&gt;&lt;/object-store-information&gt;&lt;/attributes-list&gt;&lt;num-records&gt;3&lt;/num-records&gt;&lt;/xml&gt;
&lt;xml&gt;&lt;vserver-info&gt;&lt;vserver-name&gt;12&lt;/vserver-name&gt;&lt;/vserver-info&gt;&lt;attributes-list&gt;&lt;aggr-attributes&gt;&lt;aggregate-name&gt;test_name&lt;/aggregate-name&gt;&lt;aggr-raid-attributes&gt;&lt;state&gt;offline&lt;/state&gt;&lt;/aggr-raid-attributes&gt;&lt;/aggr-attributes&gt;&lt;object-store-information&gt;&lt;object-store-name&gt;abc&lt;/object-store-name&gt;&lt;/object-store-information&gt;&lt;/attributes-list&gt;&lt;num-records&gt;3&lt;/num-records&gt;&lt;/xml&gt;
</system-out></testcase><testcase classname="modules.test_na_ontap_autosupport.TestMyModule" file="modules/test_na_ontap_autosupport.py" line="143" name="test_enable_asup" time="0.00740504264832"></testcase><testcase classname="modules.test_na_ontap_autosupport.TestMyModule" file="modules/test_na_ontap_autosupport.py" line="151" name="test_disable_asup" time="0.00689291954041"></testcase><testcase classname="modules.test_na_ontap_autosupport.TestMyModule" file="modules/test_na_ontap_autosupport.py" line="203" name="test_modify_called" time="0.00862383842468"></testcase><testcase classname="modules.test_na_ontap_autosupport.TestMyModule" file="modules/test_na_ontap_autosupport.py" line="195" name="test_get_called" time="0.00860118865967"></testcase><testcase classname="modules.test_na_ontap_autosupport.TestMyModule" file="modules/test_na_ontap_autosupport.py" line="212" name="test_modify_not_called" time="0.00812792778015"></testcase><testcase classname="modules.test_na_ontap_autosupport.TestMyModule" file="modules/test_na_ontap_autosupport.py" line="184" name="test_modify_config" time="0.00844717025757"></testcase><testcase classname="modules.test_na_ontap_autosupport.TestMyModule" file="modules/test_na_ontap_autosupport.py" line="136" name="test_module_fail_when_required_args_missing" time="0.004310131073"><system-out>Info: missing required arguments: username, hostname, node_name, password
</system-out></testcase><testcase classname="modules.test_na_ontap_autosupport.TestMyModule" file="modules/test_na_ontap_autosupport.py" line="222" name="test_modify_packet" time="0.00665521621704"></testcase><testcase classname="modules.test_na_ontap_broadcast_domain.TestMyModule" file="modules/test_na_ontap_broadcast_domain.py" line="201" name="test_add_ports" time="0.0088963508606"></testcase><testcase classname="modules.test_na_ontap_autosupport.TestMyModule" file="modules/test_na_ontap_autosupport.py" line="161" name="test_result_from_get" time="0.00753307342529"></testcase><testcase classname="modules.test_na_ontap_broadcast_domain.TestMyModule" file="modules/test_na_ontap_broadcast_domain.py" line="174" name="test_create_idempotency" time="0.00744199752808"></testcase><testcase classname="modules.test_na_ontap_broadcast_domain.TestMyModule" file="modules/test_na_ontap_broadcast_domain.py" line="154" name="test_create_error_missing_broadcast_domain" time="0.00464487075806"></testcase><testcase classname="modules.test_na_ontap_broadcast_domain.TestMyModule" file="modules/test_na_ontap_broadcast_domain.py" line="148" name="test_get_nonexistent_net_route" time="0.00597786903381"></testcase><testcase classname="modules.test_na_ontap_broadcast_domain.TestMyModule" file="modules/test_na_ontap_broadcast_domain.py" line="212" name="test_delete_ports" time="0.00874710083008"></testcase><testcase classname="modules.test_na_ontap_broadcast_domain.TestMyModule" file="modules/test_na_ontap_broadcast_domain.py" line="182" name="test_modify_mtu" time="0.00759816169739"></testcase><testcase classname="modules.test_na_ontap_broadcast_domain.TestMyModule" file="modules/test_na_ontap_broadcast_domain.py" line="191" name="test_modify_ipspace_idempotency" time="0.00721788406372"></testcase><testcase classname="modules.test_na_ontap_broadcast_domain.TestMyModule" file="modules/test_na_ontap_broadcast_domain.py" line="223" name="test_split_broadcast_domain" time="0.00932121276855"></testcase><testcase classname="modules.test_na_ontap_broadcast_domain.TestMyModule" file="modules/test_na_ontap_broadcast_domain.py" line="141" name="test_module_fail_when_required_args_missing" time="0.00470089912415"><system-out>Info: missing required arguments: username, name, hostname, password
</system-out></testcase><testcase classname="modules.test_na_ontap_broadcast_domain.TestMyModule" file="modules/test_na_ontap_broadcast_domain.py" line="250" name="test_split_broadcast_domain_modify_delete" time="0.0095329284668"></testcase><testcase classname="modules.test_na_ontap_broadcast_domain.TestMyModule" file="modules/test_na_ontap_broadcast_domain.py" line="297" name="test_split_broadcast_domain_idempotency" time="0.00857782363892"></testcase><testcase classname="modules.test_na_ontap_broadcast_domain.TestMyModule" file="modules/test_na_ontap_broadcast_domain.py" line="164" name="test_successful_create" time="0.00806212425232"></testcase><testcase classname="modules.test_na_ontap_broadcast_domain.TestMyModule" file="modules/test_na_ontap_broadcast_domain.py" line="279" name="test_split_broadcast_domain_not_exist" time="0.00806784629822"></testcase><testcase classname="modules.test_na_ontap_cg_snapshot.TestMyModule" file="modules/test_na_ontap_cg_snapshot.py" line="92" name="test_module_fail_when_required_args_missing" time="0.00484395027161"><system-out>Info: missing required arguments: username, volumes, hostname, vserver, snapshot, password
</system-out></testcase><testcase classname="modules.test_na_ontap_cg_snapshot.TestMyModule" file="modules/test_na_ontap_cg_snapshot.py" line="99" name="test_ensure_command_called" time="0.00687313079834"></testcase><testcase classname="modules.test_na_ontap_cifs.TestMyModule" file="modules/test_na_ontap_cifs.py" line="182" name="test_cifs_delete_called" time="0.00832509994507"><system-out>&lt;xml&gt;&lt;attributes-list&gt;&lt;cifs-share&gt;&lt;share-name&gt;test&lt;/share-name&gt;&lt;symlink-properties&gt;&lt;cifs-share-symlink-properties&gt;enable&lt;/cifs-share-symlink-properties&gt;&lt;cifs-share-symlink-properties&gt;read_only&lt;/cifs-share-symlink-properties&gt;&lt;/symlink-properties&gt;&lt;vscan-fileop-profile&gt;standard&lt;/vscan-fileop-profile&gt;&lt;share-properties&gt;&lt;cifs-share-properties&gt;browsable&lt;/cifs-share-properties&gt;&lt;cifs-share-properties&gt;oplocks&lt;/cifs-share-properties&gt;&lt;/share-properties&gt;&lt;path&gt;/test&lt;/path&gt;&lt;/cifs-share&gt;&lt;/attributes-list&gt;&lt;num-records&gt;1&lt;/num-records&gt;&lt;/xml&gt;
&lt;xml&gt;&lt;attributes-list&gt;&lt;cifs-share&gt;&lt;share-name&gt;test&lt;/share-name&gt;&lt;symlink-properties&gt;&lt;cifs-share-symlink-properties&gt;enable&lt;/cifs-share-symlink-properties&gt;&lt;cifs-share-symlink-properties&gt;read_only&lt;/cifs-share-symlink-properties&gt;&lt;/symlink-properties&gt;&lt;vscan-fileop-profile&gt;standard&lt;/vscan-fileop-profile&gt;&lt;share-properties&gt;&lt;cifs-share-properties&gt;browsable&lt;/cifs-share-properties&gt;&lt;cifs-share-properties&gt;oplocks&lt;/cifs-share-properties&gt;&lt;/share-properties&gt;&lt;path&gt;/test&lt;/path&gt;&lt;/cifs-share&gt;&lt;/attributes-list&gt;&lt;num-records&gt;1&lt;/num-records&gt;&lt;/xml&gt;
Info: test_cifs_apply: AnsibleExitJson({&apos;changed&apos;: True},)
</system-out></testcase><testcase classname="modules.test_na_ontap_cifs.TestMyModule" file="modules/test_na_ontap_cifs.py" line="168" name="test_cifs_create_called" time="0.00867509841919"><system-out>Info: test_cifs_apply: AnsibleExitJson({&apos;changed&apos;: True},)
</system-out></testcase><testcase classname="modules.test_na_ontap_cifs.TestMyModule" file="modules/test_na_ontap_cifs.py" line="149" name="test_ensure_apply_for_cifs_called" time="0.00844883918762"><system-out>Info: test_cifs_apply: AnsibleExitJson({&apos;changed&apos;: True},)
&lt;xml&gt;&lt;attributes-list&gt;&lt;cifs-share&gt;&lt;share-name&gt;test&lt;/share-name&gt;&lt;symlink-properties&gt;&lt;cifs-share-symlink-properties&gt;enable&lt;/cifs-share-symlink-properties&gt;&lt;cifs-share-symlink-properties&gt;read_only&lt;/cifs-share-symlink-properties&gt;&lt;/symlink-properties&gt;&lt;vscan-fileop-profile&gt;standard&lt;/vscan-fileop-profile&gt;&lt;share-properties&gt;&lt;cifs-share-properties&gt;browsable&lt;/cifs-share-properties&gt;&lt;cifs-share-properties&gt;oplocks&lt;/cifs-share-properties&gt;&lt;/share-properties&gt;&lt;path&gt;/test&lt;/path&gt;&lt;/cifs-share&gt;&lt;/attributes-list&gt;&lt;num-records&gt;1&lt;/num-records&gt;&lt;/xml&gt;
&lt;xml&gt;&lt;attributes-list&gt;&lt;cifs-share&gt;&lt;share-name&gt;test&lt;/share-name&gt;&lt;symlink-properties&gt;&lt;cifs-share-symlink-properties&gt;enable&lt;/cifs-share-symlink-properties&gt;&lt;cifs-share-symlink-properties&gt;read_only&lt;/cifs-share-symlink-properties&gt;&lt;/symlink-properties&gt;&lt;vscan-fileop-profile&gt;standard&lt;/vscan-fileop-profile&gt;&lt;share-properties&gt;&lt;cifs-share-properties&gt;browsable&lt;/cifs-share-properties&gt;&lt;cifs-share-properties&gt;oplocks&lt;/cifs-share-properties&gt;&lt;/share-properties&gt;&lt;path&gt;/test&lt;/path&gt;&lt;/cifs-share&gt;&lt;/attributes-list&gt;&lt;num-records&gt;1&lt;/num-records&gt;&lt;/xml&gt;
&lt;xml&gt;&lt;attributes-list&gt;&lt;cifs-share&gt;&lt;share-name&gt;test&lt;/share-name&gt;&lt;symlink-properties&gt;&lt;cifs-share-symlink-properties&gt;enable&lt;/cifs-share-symlink-properties&gt;&lt;cifs-share-symlink-properties&gt;read_only&lt;/cifs-share-symlink-properties&gt;&lt;/symlink-properties&gt;&lt;vscan-fileop-profile&gt;standard&lt;/vscan-fileop-profile&gt;&lt;share-properties&gt;&lt;cifs-share-properties&gt;browsable&lt;/cifs-share-properties&gt;&lt;cifs-share-properties&gt;oplocks&lt;/cifs-share-properties&gt;&lt;/share-properties&gt;&lt;path&gt;/test&lt;/path&gt;&lt;/cifs-share&gt;&lt;/attributes-list&gt;&lt;num-records&gt;1&lt;/num-records&gt;&lt;/xml&gt;
Info: test_cifs_apply: AnsibleExitJson({&apos;changed&apos;: True},)
</system-out></testcase><testcase classname="modules.test_na_ontap_cifs.TestMyModule" file="modules/test_na_ontap_cifs.py" line="211" name="test_if_all_methods_catch_exception" time="0.00807690620422"></testcase><testcase classname="modules.test_na_ontap_cifs.TestMyModule" file="modules/test_na_ontap_cifs.py" line="197" name="test_cifs_modify_called" time="0.0095009803772"><system-out>&lt;xml&gt;&lt;attributes-list&gt;&lt;cifs-share&gt;&lt;share-name&gt;test&lt;/share-name&gt;&lt;symlink-properties&gt;&lt;cifs-share-symlink-properties&gt;enable&lt;/cifs-share-symlink-properties&gt;&lt;cifs-share-symlink-properties&gt;read_only&lt;/cifs-share-symlink-properties&gt;&lt;/symlink-properties&gt;&lt;vscan-fileop-profile&gt;standard&lt;/vscan-fileop-profile&gt;&lt;share-properties&gt;&lt;cifs-share-properties&gt;browsable&lt;/cifs-share-properties&gt;&lt;cifs-share-properties&gt;oplocks&lt;/cifs-share-properties&gt;&lt;/share-properties&gt;&lt;path&gt;/test&lt;/path&gt;&lt;/cifs-share&gt;&lt;/attributes-list&gt;&lt;num-records&gt;1&lt;/num-records&gt;&lt;/xml&gt;
&lt;xml&gt;&lt;attributes-list&gt;&lt;cifs-share&gt;&lt;share-name&gt;test&lt;/share-name&gt;&lt;symlink-properties&gt;&lt;cifs-share-symlink-properties&gt;enable&lt;/cifs-share-symlink-properties&gt;&lt;cifs-share-symlink-properties&gt;read_only&lt;/cifs-share-symlink-properties&gt;&lt;/symlink-properties&gt;&lt;vscan-fileop-profile&gt;standard&lt;/vscan-fileop-profile&gt;&lt;share-properties&gt;&lt;cifs-share-properties&gt;browsable&lt;/cifs-share-properties&gt;&lt;cifs-share-properties&gt;oplocks&lt;/cifs-share-properties&gt;&lt;/share-properties&gt;&lt;path&gt;/test&lt;/path&gt;&lt;/cifs-share&gt;&lt;/attributes-list&gt;&lt;num-records&gt;1&lt;/num-records&gt;&lt;/xml&gt;
Info: test_cifs_apply: AnsibleExitJson({&apos;changed&apos;: True},)
</system-out></testcase><testcase classname="modules.test_na_ontap_cifs_server.TestMyModule" file="modules/test_na_ontap_cifs_server.py" line="131" name="test_ensure_cifs_server_apply_for_create_called" time="0.00811719894409"><system-out>Info: test_cifs_server_apply: AnsibleExitJson({&apos;changed&apos;: True},)
&lt;xml&gt;&lt;attributes-list&gt;&lt;cifs-server-config&gt;&lt;administrative-status&gt;up&lt;/administrative-status&gt;&lt;cifs-server&gt;create&lt;/cifs-server&gt;&lt;/cifs-server-config&gt;&lt;/attributes-list&gt;&lt;num-records&gt;1&lt;/num-records&gt;&lt;/xml&gt;
&lt;xml&gt;&lt;attributes-list&gt;&lt;cifs-server-config&gt;&lt;administrative-status&gt;up&lt;/administrative-status&gt;&lt;cifs-server&gt;create&lt;/cifs-server&gt;&lt;/cifs-server-config&gt;&lt;/attributes-list&gt;&lt;num-records&gt;1&lt;/num-records&gt;&lt;/xml&gt;
Info: test_cifs_server_apply_for_create: AnsibleExitJson({&apos;changed&apos;: False},)
</system-out></testcase><testcase classname="modules.test_na_ontap_cifs.TestMyModule" file="modules/test_na_ontap_cifs.py" line="140" name="test_ensure_cifs_get_called" time="0.00736165046692"><system-out>Info: test_cifs_share_get: None
</system-out></testcase><testcase classname="modules.test_na_ontap_cifs_server.TestMyModule" file="modules/test_na_ontap_cifs_server.py" line="122" name="test_ensure_cifs_server_get_called" time="0.00719475746155"><system-out>Info: test_cifs_server_get: None
</system-out></testcase><testcase classname="modules.test_na_ontap_cifs.TestMyModule" file="modules/test_na_ontap_cifs.py" line="133" name="test_module_fail_when_required_args_missing" time="0.00480318069458"><system-out>Info: missing required arguments: username, share_name, hostname, vserver, password
</system-out></testcase><testcase classname="modules.test_na_ontap_cifs_server.TestMyModule" file="modules/test_na_ontap_cifs_server.py" line="198" name="test_ensure_stop_cifs_server_called" time="0.00888776779175"><system-out>&lt;xml&gt;&lt;attributes-list&gt;&lt;cifs-server-config&gt;&lt;administrative-status&gt;down&lt;/administrative-status&gt;&lt;cifs-server&gt;test&lt;/cifs-server&gt;&lt;/cifs-server-config&gt;&lt;/attributes-list&gt;&lt;num-records&gt;1&lt;/num-records&gt;&lt;/xml&gt;
&lt;xml&gt;&lt;attributes-list&gt;&lt;cifs-server-config&gt;&lt;administrative-status&gt;down&lt;/administrative-status&gt;&lt;cifs-server&gt;test&lt;/cifs-server&gt;&lt;/cifs-server-config&gt;&lt;/attributes-list&gt;&lt;num-records&gt;1&lt;/num-records&gt;&lt;/xml&gt;
Info: test_ensure_stop_cifs_server: AnsibleExitJson({&apos;changed&apos;: False},)
&lt;xml&gt;&lt;attributes-list&gt;&lt;cifs-server-config&gt;&lt;administrative-status&gt;down&lt;/administrative-status&gt;&lt;cifs-server&gt;test&lt;/cifs-server&gt;&lt;/cifs-server-config&gt;&lt;/attributes-list&gt;&lt;num-records&gt;1&lt;/num-records&gt;&lt;/xml&gt;
&lt;xml&gt;&lt;attributes-list&gt;&lt;cifs-server-config&gt;&lt;administrative-status&gt;down&lt;/administrative-status&gt;&lt;cifs-server&gt;test&lt;/cifs-server&gt;&lt;/cifs-server-config&gt;&lt;/attributes-list&gt;&lt;num-records&gt;1&lt;/num-records&gt;&lt;/xml&gt;
&lt;xml&gt;&lt;attributes-list&gt;&lt;cifs-server-config&gt;&lt;administrative-status&gt;down&lt;/administrative-status&gt;&lt;cifs-server&gt;test&lt;/cifs-server&gt;&lt;/cifs-server-config&gt;&lt;/attributes-list&gt;&lt;num-records&gt;1&lt;/num-records&gt;&lt;/xml&gt;
Info: test_ensure_stop_cifs_server: AnsibleExitJson({&apos;changed&apos;: True},)
</system-out></testcase><testcase classname="modules.test_na_ontap_cifs_server.TestMyModule" file="modules/test_na_ontap_cifs_server.py" line="151" name="test_ensure_cifs_server_apply_for_delete_called" time="0.0112619400024"><system-out>&lt;xml&gt;&lt;attributes-list&gt;&lt;cifs-server-config&gt;&lt;administrative-status&gt;up&lt;/administrative-status&gt;&lt;cifs-server&gt;delete&lt;/cifs-server&gt;&lt;/cifs-server-config&gt;&lt;/attributes-list&gt;&lt;num-records&gt;1&lt;/num-records&gt;&lt;/xml&gt;
&lt;xml&gt;&lt;attributes-list&gt;&lt;cifs-server-config&gt;&lt;administrative-status&gt;up&lt;/administrative-status&gt;&lt;cifs-server&gt;delete&lt;/cifs-server&gt;&lt;/cifs-server-config&gt;&lt;/attributes-list&gt;&lt;num-records&gt;1&lt;/num-records&gt;&lt;/xml&gt;
Info: test_cifs_server_apply: AnsibleExitJson({&apos;changed&apos;: False},)
&lt;xml&gt;&lt;attributes-list&gt;&lt;cifs-server-config&gt;&lt;administrative-status&gt;up&lt;/administrative-status&gt;&lt;cifs-server&gt;delete&lt;/cifs-server&gt;&lt;/cifs-server-config&gt;&lt;/attributes-list&gt;&lt;num-records&gt;1&lt;/num-records&gt;&lt;/xml&gt;
&lt;xml&gt;&lt;attributes-list&gt;&lt;cifs-server-config&gt;&lt;administrative-status&gt;up&lt;/administrative-status&gt;&lt;cifs-server&gt;delete&lt;/cifs-server&gt;&lt;/cifs-server-config&gt;&lt;/attributes-list&gt;&lt;num-records&gt;1&lt;/num-records&gt;&lt;/xml&gt;
&lt;xml&gt;&lt;attributes-list&gt;&lt;cifs-server-config&gt;&lt;administrative-status&gt;up&lt;/administrative-status&gt;&lt;cifs-server&gt;delete&lt;/cifs-server&gt;&lt;/cifs-server-config&gt;&lt;/attributes-list&gt;&lt;num-records&gt;1&lt;/num-records&gt;&lt;/xml&gt;
Info: test_cifs_server_delete: AnsibleExitJson({&apos;changed&apos;: True},)
</system-out></testcase><testcase classname="modules.test_na_ontap_cluster.TestMyModule" file="modules/test_na_ontap_cluster.py" line="161" name="test_cluster_create_called" time="0.00888299942017"><system-out>&lt;xml&gt;&lt;license-v2-status&gt;&lt;method&gt;site&lt;/method&gt;&lt;package&gt;cifs&lt;/package&gt;&lt;/license-v2-status&gt;&lt;/xml&gt;
&lt;xml&gt;&lt;license-v2-status&gt;&lt;method&gt;site&lt;/method&gt;&lt;package&gt;cifs&lt;/package&gt;&lt;/license-v2-status&gt;&lt;/xml&gt;
&lt;xml&gt;&lt;license-v2-status&gt;&lt;method&gt;site&lt;/method&gt;&lt;package&gt;cifs&lt;/package&gt;&lt;/license-v2-status&gt;&lt;/xml&gt;
&lt;xml&gt;&lt;license-v2-status&gt;&lt;method&gt;site&lt;/method&gt;&lt;package&gt;cifs&lt;/package&gt;&lt;/license-v2-status&gt;&lt;/xml&gt;
Info: test_cluster_apply: AnsibleExitJson({&apos;changed&apos;: &lt;MagicMock name=&apos;create_cluster()&apos; id=&apos;94263185128400&apos;&gt;},)
</system-out></testcase><testcase classname="modules.test_na_ontap_cifs_server.TestMyModule" file="modules/test_na_ontap_cifs_server.py" line="174" name="test_ensure_start_cifs_server_called" time="0.0110561847687"><system-out>&lt;xml&gt;&lt;attributes-list&gt;&lt;cifs-server-config&gt;&lt;administrative-status&gt;up&lt;/administrative-status&gt;&lt;cifs-server&gt;test&lt;/cifs-server&gt;&lt;/cifs-server-config&gt;&lt;/attributes-list&gt;&lt;num-records&gt;1&lt;/num-records&gt;&lt;/xml&gt;
&lt;xml&gt;&lt;attributes-list&gt;&lt;cifs-server-config&gt;&lt;administrative-status&gt;up&lt;/administrative-status&gt;&lt;cifs-server&gt;test&lt;/cifs-server&gt;&lt;/cifs-server-config&gt;&lt;/attributes-list&gt;&lt;num-records&gt;1&lt;/num-records&gt;&lt;/xml&gt;
Info: test_ensure_start_cifs_server: AnsibleExitJson({&apos;changed&apos;: False},)
&lt;xml&gt;&lt;attributes-list&gt;&lt;cifs-server-config&gt;&lt;administrative-status&gt;up&lt;/administrative-status&gt;&lt;cifs-server&gt;test&lt;/cifs-server&gt;&lt;/cifs-server-config&gt;&lt;/attributes-list&gt;&lt;num-records&gt;1&lt;/num-records&gt;&lt;/xml&gt;
&lt;xml&gt;&lt;attributes-list&gt;&lt;cifs-server-config&gt;&lt;administrative-status&gt;up&lt;/administrative-status&gt;&lt;cifs-server&gt;test&lt;/cifs-server&gt;&lt;/cifs-server-config&gt;&lt;/attributes-list&gt;&lt;num-records&gt;1&lt;/num-records&gt;&lt;/xml&gt;
&lt;xml&gt;&lt;attributes-list&gt;&lt;cifs-server-config&gt;&lt;administrative-status&gt;up&lt;/administrative-status&gt;&lt;cifs-server&gt;test&lt;/cifs-server&gt;&lt;/cifs-server-config&gt;&lt;/attributes-list&gt;&lt;num-records&gt;1&lt;/num-records&gt;&lt;/xml&gt;
Info: test_ensure_start_cifs_server: AnsibleExitJson({&apos;changed&apos;: True},)
</system-out></testcase><testcase classname="modules.test_na_ontap_cluster.TestMyModule" file="modules/test_na_ontap_cluster.py" line="132" name="test_ensure_license_get_called" time="0.00671410560608"><system-out>Info: test_license_get: {}
</system-out></testcase><testcase classname="modules.test_na_ontap_cifs_server.TestMyModule" file="modules/test_na_ontap_cifs_server.py" line="115" name="test_module_fail_when_required_args_missing" time="0.0053448677063"><system-out>Info: missing required arguments: username, hostname, vserver, password, name
</system-out></testcase><testcase classname="modules.test_na_ontap_cluster.TestMyModule" file="modules/test_na_ontap_cluster.py" line="125" name="test_module_fail_when_required_args_missing" time="0.00559711456299"><system-out>Info: missing required arguments: username, hostname, password
</system-out></testcase><testcase classname="modules.test_na_ontap_cluster.TestMyModule" file="modules/test_na_ontap_cluster.py" line="141" name="test_ensure_apply_for_cluster_called" time="0.0100958347321"><system-out>Info: test_cluster_apply: AnsibleExitJson({&apos;changed&apos;: True},)
&lt;xml&gt;&lt;license-v2-status&gt;&lt;method&gt;site&lt;/method&gt;&lt;package&gt;cifs&lt;/package&gt;&lt;/license-v2-status&gt;&lt;/xml&gt;
&lt;xml&gt;&lt;license-v2-status&gt;&lt;method&gt;site&lt;/method&gt;&lt;package&gt;cifs&lt;/package&gt;&lt;/license-v2-status&gt;&lt;/xml&gt;
&lt;xml&gt;&lt;license-v2-status&gt;&lt;method&gt;site&lt;/method&gt;&lt;package&gt;cifs&lt;/package&gt;&lt;/license-v2-status&gt;&lt;/xml&gt;
&lt;xml&gt;&lt;license-v2-status&gt;&lt;method&gt;site&lt;/method&gt;&lt;package&gt;cifs&lt;/package&gt;&lt;/license-v2-status&gt;&lt;/xml&gt;
&lt;xml&gt;&lt;license-v2-status&gt;&lt;method&gt;site&lt;/method&gt;&lt;package&gt;cifs&lt;/package&gt;&lt;/license-v2-status&gt;&lt;/xml&gt;
Info: test_cluster_apply: AnsibleExitJson({&apos;changed&apos;: True},)
</system-out></testcase><testcase classname="modules.test_na_ontap_cluster_peer.TestMyModule" file="modules/test_na_ontap_cluster_peer.py" line="197" name="test_delete_idempotency" time="0.00864410400391"></testcase><testcase classname="modules.test_na_ontap_cluster.TestMyModule" file="modules/test_na_ontap_cluster.py" line="176" name="test_if_all_methods_catch_exception" time="0.0097827911377"></testcase><testcase classname="modules.test_na_ontap_cluster_peer.TestMyModule" file="modules/test_na_ontap_cluster_peer.py" line="142" name="test_successful_create" time="0.00708818435669"></testcase><testcase classname="modules.test_na_ontap_cluster_peer.TestMyModule" file="modules/test_na_ontap_cluster_peer.py" line="154" name="test_create_idempotency" time="0.00862503051758"></testcase><testcase classname="modules.test_na_ontap_command.TestMyModule" file="modules/test_na_ontap_command.py" line="147" name="test_admin_priv" time="0.00632309913635"><system-out>Version (raw): &lt;results&gt;&lt;cli-output&gt;NetApp Release&lt;/cli-output&gt;&lt;/results&gt;
</system-out></testcase><testcase classname="modules.test_na_ontap_cluster_peer.TestMyModule" file="modules/test_na_ontap_cluster_peer.py" line="135" name="test_module_fail_when_required_args_missing" time="0.00475668907166"><system-out>Info: missing required arguments: username, hostname, dest_hostname, password
</system-out></testcase><testcase classname="modules.test_na_ontap_command.TestMyModule" file="modules/test_na_ontap_command.py" line="137" name="test_default_priv" time="0.00755262374878"><system-out>Version (raw): &lt;results&gt;&lt;cli-output&gt;NetApp Release&lt;/cli-output&gt;&lt;/results&gt;
</system-out></testcase><testcase classname="modules.test_na_ontap_cluster_peer.TestMyModule" file="modules/test_na_ontap_cluster_peer.py" line="174" name="test_successful_delete" time="0.00717997550964"></testcase><testcase classname="modules.test_na_ontap_dns.TestMyModule" file="modules/test_na_ontap_dns.py" line="160" name="test_idempotent_create_dns" time="0.0119159221649"></testcase><testcase classname="modules.test_na_ontap_command.TestMyModule" file="modules/test_na_ontap_command.py" line="158" name="test_advanced_priv" time="0.00773406028748"><system-out>Version (raw): &lt;results&gt;&lt;cli-output&gt;
NetApp Release&lt;/cli-output&gt;&lt;/results&gt;
</system-out></testcase><testcase classname="modules.test_na_ontap_dns.TestMyModule" file="modules/test_na_ontap_dns.py" line="138" name="test_module_fail_when_required_args_missing" time="0.00432777404785"><system-out>Info: missing required arguments: username, hostname, vserver, password
</system-out></testcase><testcase classname="modules.test_na_ontap_command.TestMyModule" file="modules/test_na_ontap_command.py" line="97" name="test_module_fail_when_required_args_missing" time="0.00569176673889"><system-out>Info: missing required arguments: username, hostname, command, password
</system-out></testcase><testcase classname="modules.test_na_ontap_dns.TestMyModule" file="modules/test_na_ontap_dns.py" line="205" name="test_rest_idempotent_create_dns" time="0.00626993179321"></testcase><testcase classname="modules.test_na_ontap_dns.TestMyModule" file="modules/test_na_ontap_dns.py" line="145" name="test_idempotent_modify_dns" time="0.0123381614685"></testcase><testcase classname="modules.test_na_ontap_dns.TestMyModule" file="modules/test_na_ontap_dns.py" line="262" name="test_rest_idempotently_modify" time="0.00654888153076"></testcase><testcase classname="modules.test_na_ontap_dns.TestMyModule" file="modules/test_na_ontap_dns.py" line="178" name="test_rest_error" time="0.00706505775452"></testcase><testcase classname="modules.test_na_ontap_dns.TestMyModule" file="modules/test_na_ontap_dns.py" line="218" name="test_rest_successfully_destroy" time="0.00724387168884"></testcase><testcase classname="modules.test_na_ontap_dns.TestMyModule" file="modules/test_na_ontap_dns.py" line="233" name="test_rest_idempotently_destroy" time="0.00619268417358"></testcase><testcase classname="modules.test_na_ontap_dns.TestMyModule" file="modules/test_na_ontap_dns.py" line="168" name="test_successfully_create_dns" time="0.014237165451"><system-out>create dns
</system-out></testcase><testcase classname="modules.test_na_ontap_dns.TestMyModule" file="modules/test_na_ontap_dns.py" line="191" name="test_rest_successfully_create" time="0.00685811042786"></testcase><testcase classname="modules.test_na_ontap_efficiency_policy.TestMyModule" file="modules/test_na_ontap_efficiency_policy.py" line="168" name="test_create_idempotency" time="0.00793695449829"></testcase><testcase classname="modules.test_na_ontap_dns.TestMyModule" file="modules/test_na_ontap_dns.py" line="247" name="test_rest_successfully_modify" time="0.00688409805298"></testcase><testcase classname="modules.test_na_ontap_efficiency_policy.TestMyModule" file="modules/test_na_ontap_efficiency_policy.py" line="157" name="test_get_existing_scanner" time="0.00680422782898"></testcase><testcase classname="modules.test_na_ontap_dns.TestMyModule" file="modules/test_na_ontap_dns.py" line="152" name="test_successfully_modify_dns" time="0.0126311779022"></testcase><testcase classname="modules.test_na_ontap_efficiency_policy.TestMyModule" file="modules/test_na_ontap_efficiency_policy.py" line="145" name="test_module_fail_when_required_args_missing" time="0.00454187393188"><system-out>Info: missing required arguments: username, hostname, policy_name, vserver, password
</system-out></testcase><testcase classname="modules.test_na_ontap_efficiency_policy.TestMyModule" file="modules/test_na_ontap_efficiency_policy.py" line="198" name="test_delete_idempotency" time="0.00685286521912"></testcase><testcase classname="modules.test_na_ontap_efficiency_policy.TestMyModule" file="modules/test_na_ontap_efficiency_policy.py" line="162" name="test_successfully_create" time="0.00682997703552"></testcase><testcase classname="modules.test_na_ontap_efficiency_policy.TestMyModule" file="modules/test_na_ontap_efficiency_policy.py" line="152" name="test_get_nonexistent_efficiency_policy" time="0.00663590431213"></testcase><testcase classname="modules.test_na_ontap_efficiency_policy.TestMyModule" file="modules/test_na_ontap_efficiency_policy.py" line="174" name="test_threshold_duration_failure" time="0.00604701042175"></testcase><testcase classname="modules.test_na_ontap_efficiency_policy.TestMyModule" file="modules/test_na_ontap_efficiency_policy.py" line="206" name="test_successful_modify" time="0.00991010665894"></testcase><testcase classname="modules.test_na_ontap_export_policy.TestMyModule" file="modules/test_na_ontap_export_policy.py" line="143" name="test_module_fail_when_required_args_missing" time="0.00429511070251"><system-out>Info: missing required arguments: username, name, hostname, vserver, password
</system-out></testcase><testcase classname="modules.test_na_ontap_efficiency_policy.TestMyModule" file="modules/test_na_ontap_efficiency_policy.py" line="190" name="test_successfully_delete" time="0.00776600837708"></testcase><testcase classname="modules.test_na_ontap_export_policy.TestMyModule" file="modules/test_na_ontap_export_policy.py" line="248" name="test_rest_error_delete" time="0.0074520111084"></testcase><testcase classname="modules.test_na_ontap_efficiency_policy.TestMyModule" file="modules/test_na_ontap_efficiency_policy.py" line="182" name="test_threshold_schedule_failure" time="0.00627493858337"></testcase><testcase classname="modules.test_na_ontap_export_policy.TestMyModule" file="modules/test_na_ontap_export_policy.py" line="176" name="test_rest_successful_create" time="0.00759601593018"></testcase><testcase classname="modules.test_na_ontap_export_policy.TestMyModule" file="modules/test_na_ontap_export_policy.py" line="211" name="test_rest_successful_rename" time="0.0069727897644"></testcase><testcase classname="modules.test_na_ontap_export_policy.TestMyModule" file="modules/test_na_ontap_export_policy.py" line="230" name="test_rest_error_create" time="0.00771069526672"></testcase><testcase classname="modules.test_na_ontap_export_policy.TestMyModule" file="modules/test_na_ontap_export_policy.py" line="160" name="test_successful_rename" time="0.0149068832397"></testcase><testcase classname="modules.test_na_ontap_export_policy.TestMyModule" file="modules/test_na_ontap_export_policy.py" line="267" name="test_rest_error_rename" time="0.00827407836914"></testcase><testcase classname="modules.test_na_ontap_export_policy_rule.TestMyModule" file="modules/test_na_ontap_export_policy_rule.py" line="196" name="test_create_missing_param_error" time="0.00743532180786"></testcase><testcase classname="modules.test_na_ontap_export_policy.TestMyModule" file="modules/test_na_ontap_export_policy.py" line="193" name="test_rest_successful_delete" time="0.00776505470276"></testcase><testcase classname="modules.test_na_ontap_export_policy_rule.TestMyModule" file="modules/test_na_ontap_export_policy_rule.py" line="249" name="test_error_on_ambiguous_delete" time="0.00854086875916"></testcase><testcase classname="modules.test_na_ontap_export_policy.TestMyModule" file="modules/test_na_ontap_export_policy.py" line="150" name="test_successful_create" time="0.0153670310974"></testcase><testcase classname="modules.test_na_ontap_export_policy_rule.TestMyModule" file="modules/test_na_ontap_export_policy_rule.py" line="180" name="test_get_existing_rule" time="0.00738978385925"></testcase><testcase classname="modules.test_na_ontap_export_policy_rule.TestMyModule" file="modules/test_na_ontap_export_policy_rule.py" line="213" name="test_create_idempotency" time="0.0092921257019"></testcase><testcase classname="modules.test_na_ontap_export_policy_rule.TestMyModule" file="modules/test_na_ontap_export_policy_rule.py" line="168" name="test_get_nonexistent_rule" time="0.00726413726807"></testcase><testcase classname="modules.test_na_ontap_export_policy_rule.TestMyModule" file="modules/test_na_ontap_export_policy_rule.py" line="230" name="test_delete_idempotency" time="0.0091450214386"></testcase><testcase classname="modules.test_na_ontap_export_policy_rule.TestMyModule" file="modules/test_na_ontap_export_policy_rule.py" line="161" name="test_module_fail_when_required_args_missing" time="0.00538992881775"><system-out>Info: missing required arguments: username, name, hostname, vserver, password
</system-out></testcase><testcase classname="modules.test_na_ontap_export_policy_rule.TestMyModule" file="modules/test_na_ontap_export_policy_rule.py" line="189" name="test_get_existing_policy" time="0.0071017742157"></testcase><testcase classname="modules.test_na_ontap_export_policy_rule.TestMyModule" file="modules/test_na_ontap_export_policy_rule.py" line="220" name="test_successful_delete_without_rule_index" time="0.00853896141052"></testcase><testcase classname="modules.test_na_ontap_export_policy_rule.TestMyModule" file="modules/test_na_ontap_export_policy_rule.py" line="174" name="test_get_nonexistent_policy" time="0.0079333782196"></testcase><testcase classname="modules.test_na_ontap_firewall_policy.TestMyModule" file="modules/test_na_ontap_firewall_policy.py" line="220" name="test_create_idempotency" time="0.00772309303284"></testcase><testcase classname="modules.test_na_ontap_export_policy_rule.TestMyModule" file="modules/test_na_ontap_export_policy_rule.py" line="259" name="test_helper_query_parameters" time="0.00764012336731"><system-out>{&apos;query&apos;: {&apos;export-rule-info&apos;: {&apos;vserver&apos;: &apos;test&apos;, &apos;policy-name&apos;: &apos;test&apos;, &apos;rule-index&apos;: 10}}}
</system-out></testcase><testcase classname="modules.test_na_ontap_firewall_policy.TestMyModule" file="modules/test_na_ontap_firewall_policy.py" line="278" name="test_get_existing_config" time="0.00733709335327"></testcase><testcase classname="modules.test_na_ontap_export_policy_rule.TestMyModule" file="modules/test_na_ontap_export_policy_rule.py" line="206" name="test_successful_create" time="0.00902509689331"></testcase><testcase classname="modules.test_na_ontap_firewall_policy.TestMyModule" file="modules/test_na_ontap_firewall_policy.py" line="272" name="test_get_nonexistent_config" time="0.00623202323914"></testcase><testcase classname="modules.test_na_ontap_export_policy_rule.TestMyModule" file="modules/test_na_ontap_export_policy_rule.py" line="239" name="test_successful_modify" time="0.00895619392395"></testcase><testcase classname="modules.test_na_ontap_firewall_policy.TestMyModule" file="modules/test_na_ontap_firewall_policy.py" line="171" name="test_helper_firewall_policy_attributes" time="0.00593209266663"></testcase><testcase classname="modules.test_na_ontap_firewall_policy.TestMyModule" file="modules/test_na_ontap_firewall_policy.py" line="236" name="test_delete_idempotency" time="0.00799083709717"></testcase><testcase classname="modules.test_na_ontap_firewall_policy.TestMyModule" file="modules/test_na_ontap_firewall_policy.py" line="179" name="test_helper_validate_ip_addresses_positive" time="0.00686192512512"></testcase><testcase classname="modules.test_na_ontap_firewall_policy.TestMyModule" file="modules/test_na_ontap_firewall_policy.py" line="205" name="test_get_existing_policy" time="0.00635194778442"></testcase><testcase classname="modules.test_na_ontap_firewall_policy.TestMyModule" file="modules/test_na_ontap_firewall_policy.py" line="213" name="test_successful_create" time="0.00813102722168"></testcase><testcase classname="modules.test_na_ontap_firewall_policy.TestMyModule" file="modules/test_na_ontap_firewall_policy.py" line="199" name="test_get_nonexistent_policy" time="0.00699687004089"></testcase><testcase classname="modules.test_na_ontap_firewall_policy.TestMyModule" file="modules/test_na_ontap_firewall_policy.py" line="245" name="test_successful_modify" time="0.0109751224518"></testcase><testcase classname="modules.test_na_ontap_firewall_policy.TestMyModule" file="modules/test_na_ontap_firewall_policy.py" line="187" name="test_helper_validate_ip_addresses_negative" time="0.00814485549927"></testcase><testcase classname="modules.test_na_ontap_firewall_policy.TestMyModule" file="modules/test_na_ontap_firewall_policy.py" line="254" name="test_successful_modify_mutiple_ips" time="0.00734424591064"></testcase><testcase classname="modules.test_na_ontap_firewall_policy.TestMyModule" file="modules/test_na_ontap_firewall_policy.py" line="164" name="test_module_fail_when_required_args_missing" time="0.00555992126465"><system-out>Info: missing required arguments: username, hostname, password
</system-out></testcase><testcase classname="modules.test_na_ontap_firmware_upgrade.TestMyModule" file="modules/test_na_ontap_firmware_upgrade.py" line="258" name="test_acp_firmware_upgrade" time="0.00850105285645"><system-out>Info: test_firmware_upgrade_apply: AnsibleExitJson({&apos;changed&apos;: True},)
</system-out></testcase><testcase classname="modules.test_na_ontap_firewall_policy.TestMyModule" file="modules/test_na_ontap_firewall_policy.py" line="227" name="test_successful_delete" time="0.00812888145447"></testcase><testcase classname="modules.test_na_ontap_firmware_upgrade.TestMyModule" file="modules/test_na_ontap_firmware_upgrade.py" line="205" name="test_ensure_acp_firmware_required_get_called" time="0.00622892379761"><system-out>&lt;xml&gt;&lt;attributes-list&gt;&lt;storage-shelf-acp-module&gt;&lt;state&gt;firmware_update_required&lt;/state&gt;&lt;/storage-shelf-acp-module&gt;&lt;/attributes-list&gt;&lt;/xml&gt;
Info: test_acp_firmware_upgrade_required_get: True
</system-out></testcase><testcase classname="modules.test_na_ontap_firewall_policy.TestMyModule" file="modules/test_na_ontap_firewall_policy.py" line="286" name="test_successful_modify_config" time="0.00669693946838"></testcase><testcase classname="modules.test_na_ontap_firmware_upgrade.TestMyModule" file="modules/test_na_ontap_firmware_upgrade.py" line="191" name="test_ensure_firmware_get_with_package_baseline_called" time="0.00565075874329"><system-out>info: Do not specify both package and install_baseline_image: true
</system-out></testcase><testcase classname="modules.test_na_ontap_firewall_policy.TestMyModule" file="modules/test_na_ontap_firewall_policy.py" line="263" name="test_successful_modify_mutiple_ips_contain_existing" time="0.00793290138245"></testcase><testcase classname="modules.test_na_ontap_firmware_upgrade.TestMyModule" file="modules/test_na_ontap_firmware_upgrade.py" line="166" name="test_invalid_firmware_type_parameters" time="0.00556516647339"><system-out>Info: value of firmware_type must be one of: service-processor, shelf, acp, disk, got: service_test
</system-out></testcase><testcase classname="modules.test_na_ontap_firmware_upgrade.TestMyModule" file="modules/test_na_ontap_firmware_upgrade.py" line="275" name="test_disk_firmware_upgrade" time="0.00807619094849"><system-out>Info: test_firmware_upgrade_apply: AnsibleExitJson({&apos;changed&apos;: &lt;MagicMock name=&apos;disk_firmware_upgrade()&apos; id=&apos;94293397259664&apos;&gt;},)
</system-out></testcase><testcase classname="modules.test_na_ontap_firmware_upgrade.TestMyModule" file="modules/test_na_ontap_firmware_upgrade.py" line="147" name="test_module_fail_when_required_args_missing" time="0.00462317466736"><system-out>Info: missing required arguments: username, hostname, firmware_type, password
</system-out></testcase><testcase classname="modules.test_na_ontap_firmware_upgrade.TestMyModule" file="modules/test_na_ontap_firmware_upgrade.py" line="218" name="test_ensure_apply_for_firmware_upgrade_called" time="0.010577917099"><system-out>Info: test_firmware_upgrade_apply: AnsibleExitJson({&apos;changed&apos;: False},)
&lt;xml&gt;&lt;attributes-list&gt;&lt;service-processor-info&gt;&lt;firmware-version&gt;3.4&lt;/firmware-version&gt;&lt;/service-processor-info&gt;&lt;/attributes-list&gt;&lt;num-records&gt;1&lt;/num-records&gt;&lt;/xml&gt;
Info: test_firmware_upgrade_apply: AnsibleExitJson({&apos;changed&apos;: True},)
</system-out></testcase><testcase classname="modules.test_na_ontap_flexcache.TestMyModule" file="modules/test_na_ontap_flexcache.py" line="265" name="test_create_flexcache" time="0.00858783721924"><system-out>Create: AnsibleExitJson({&apos;changed&apos;: True},)
</system-out></testcase><testcase classname="modules.test_na_ontap_firmware_upgrade.TestMyModule" file="modules/test_na_ontap_firmware_upgrade.py" line="179" name="test_ensure_sp_firmware_get_called" time="0.00652194023132"><system-out>Info: test_firmware_upgrade_get: None
</system-out></testcase><testcase classname="modules.test_na_ontap_flexcache.TestMyModule" file="modules/test_na_ontap_flexcache.py" line="333" name="test_create_flexcache_autoprovision_idempotent" time="0.00770831108093"><system-out>Create: AnsibleExitJson({&apos;changed&apos;: False},)
</system-out></testcase><testcase classname="modules.test_na_ontap_firmware_upgrade.TestMyModule" file="modules/test_na_ontap_firmware_upgrade.py" line="154" name="test_missing_parameters" time="0.00533103942871"><system-out>Info: missing required arguments: firmware_type
</system-out></testcase><testcase classname="modules.test_na_ontap_flexcache.TestMyModule" file="modules/test_na_ontap_flexcache.py" line="352" name="test_create_flexcache_multiplier" time="0.00950002670288"><system-out>Create: AnsibleExitJson({&apos;changed&apos;: True},)
</system-out></testcase><testcase classname="modules.test_na_ontap_firmware_upgrade.TestMyModule" file="modules/test_na_ontap_firmware_upgrade.py" line="243" name="test_shelf_firmware_upgrade" time="0.00736594200134"><system-out>Info: test_firmware_upgrade_apply: AnsibleExitJson({&apos;changed&apos;: True},)
</system-out></testcase><testcase classname="modules.test_na_ontap_flexcache.TestMyModule" file="modules/test_na_ontap_flexcache.py" line="478" name="test_create_flexcache_size_error" time="0.00913619995117"><system-out>Create: AnsibleFailJson({&apos;msg&apos;: &apos;Error when creating flexcache: Size &quot;50MB&quot; (&quot;52428800B&quot;) is too small.  Minimum size is &quot;80MB&quot; (&quot;83886080B&quot;). &apos;, &apos;failed&apos;: True},)
</system-out></testcase><testcase classname="modules.test_na_ontap_flexcache.TestMyModule" file="modules/test_na_ontap_flexcache.py" line="309" name="test_create_flexcache_autoprovision" time="0.00943994522095"><system-out>Create: AnsibleExitJson({&apos;changed&apos;: True},)
</system-out></testcase><testcase classname="modules.test_na_ontap_flexcache.TestMyModule" file="modules/test_na_ontap_flexcache.py" line="431" name="test_delete_flexcache_exists_junctionpath_no_force" time="0.00876712799072"><system-out>Delete: AnsibleFailJson({&apos;msg&apos;: &apos;Error deleting FlexCache : NetApp API failed. Reason - 160:Volume volume on Vserver ansibleSVM must be unmounted before being taken offline or restricted.&apos;, &apos;failed&apos;: True, &apos;exception&apos;: &apos;Traceback (most recent call last):\n  File &quot;/root/ansible/ansible_collections/netapp/ontap/plugins/modules/na_ontap_flexcache.py&quot;, line 404, in flexcache_delete_async\n    result = self.server.invoke_successfully(flexcache_delete, enable_tunneling=True)\n  File &quot;/root/ansible/ansible_collections/netapp/ontap/tests/unit/plugins/modules/test_na_ontap_flexcache.py&quot;, line 75, in invoke_successfully\n    raise netapp_utils.zapi.NaApiError(code, message)\nNaApiError: NetApp API failed. Reason - 160:Volume volume on Vserver ansibleSVM must be unmounted before being taken offline or restricted.\n&apos;},)
</system-out></testcase><testcase classname="modules.test_na_ontap_flexcache.TestMyModule" file="modules/test_na_ontap_flexcache.py" line="290" name="test_create_flexcache_idempotent" time="0.00753402709961"><system-out>Create: AnsibleExitJson({&apos;changed&apos;: False},)
</system-out></testcase><testcase classname="modules.test_na_ontap_flexcache.TestMyModule" file="modules/test_na_ontap_flexcache.py" line="397" name="test_delete_flexcache_exists_no_force" time="0.00927186012268"><system-out>Delete: AnsibleFailJson({&apos;msg&apos;: &apos;Error deleting FlexCache : NetApp API failed. Reason - 13001:Volume volume in Vserver ansibleSVM must be offline to be deleted. Use &quot;volume offline -vserver ansibleSVM -volume volume&quot; command to offline the volume&apos;, &apos;failed&apos;: True, &apos;exception&apos;: &apos;Traceback (most recent call last):\n  File &quot;/root/ansible/ansible_collections/netapp/ontap/plugins/modules/na_ontap_flexcache.py&quot;, line 404, in flexcache_delete_async\n    result = self.server.invoke_successfully(flexcache_delete, enable_tunneling=True)\n  File &quot;/root/ansible/ansible_collections/netapp/ontap/tests/unit/plugins/modules/test_na_ontap_flexcache.py&quot;, line 75, in invoke_successfully\n    raise netapp_utils.zapi.NaApiError(code, message)\nNaApiError: NetApp API failed. Reason - 13001:Volume volume in Vserver ansibleSVM must be offline to be deleted. Use &quot;volume offline -vserver ansibleSVM -volume volume&quot; command to offline the volume\n&apos;},)
</system-out></testcase><testcase classname="modules.test_na_ontap_flexcache.TestMyModule" file="modules/test_na_ontap_flexcache.py" line="377" name="test_create_flexcache_multiplier_idempotent" time="0.00857830047607"><system-out>Create: AnsibleExitJson({&apos;changed&apos;: False},)
</system-out></testcase><testcase classname="modules.test_na_ontap_flexcache.TestMyModule" file="modules/test_na_ontap_flexcache.py" line="465" name="test_delete_flexcache_not_exist" time="0.00800895690918"><system-out>Delete: AnsibleExitJson({&apos;changed&apos;: False},)
</system-out></testcase><testcase classname="modules.test_na_ontap_flexcache.TestMyModule" file="modules/test_na_ontap_flexcache.py" line="249" name="test_get_flexcache_double" time="0.00734782218933"></testcase><testcase classname="modules.test_na_ontap_flexcache.TestMyModule" file="modules/test_na_ontap_flexcache.py" line="200" name="test_missing_parameters" time="0.00737571716309"></testcase><testcase classname="modules.test_na_ontap_igroup.TestMyModule" file="modules/test_na_ontap_igroup.py" line="162" name="test_get_existing_igroup_with_initiators" time="0.00762605667114"></testcase><testcase classname="modules.test_na_ontap_igroup.TestMyModule" file="modules/test_na_ontap_igroup.py" line="155" name="test_get_nonexistent_igroup" time="0.00714516639709"></testcase><testcase classname="modules.test_na_ontap_igroup.TestMyModule" file="modules/test_na_ontap_igroup.py" line="191" name="test_modify_called_from_add" time="0.00814199447632"></testcase><testcase classname="modules.test_na_ontap_igroup.TestMyModule" file="modules/test_na_ontap_igroup.py" line="203" name="test_modify_called_from_remove" time="0.00828289985657"></testcase><testcase classname="modules.test_na_ontap_igroup.TestMyModule" file="modules/test_na_ontap_igroup.py" line="177" name="test_modify_initiator_calls_add_and_remove" time="0.00962901115417"></testcase><testcase classname="modules.test_na_ontap_igroup.TestMyModule" file="modules/test_na_ontap_igroup.py" line="149" name="test_module_fail_when_required_args_missing" time="0.00543093681335"></testcase><testcase classname="modules.test_na_ontap_igroup.TestMyModule" file="modules/test_na_ontap_igroup.py" line="215" name="test_successful_create" time="0.00901484489441"></testcase><testcase classname="modules.test_na_ontap_igroup.TestMyModule" file="modules/test_na_ontap_igroup.py" line="224" name="test_successful_delete" time="0.00682234764099"></testcase><testcase classname="modules.test_na_ontap_igroup.TestMyModule" file="modules/test_na_ontap_igroup.py" line="233" name="test_successful_modify" time="0.00648880004883"></testcase><testcase classname="modules.test_na_ontap_igroup.TestMyModule" file="modules/test_na_ontap_igroup.py" line="242" name="test_successful_rename" time="0.00824499130249"></testcase><testcase classname="modules.test_na_ontap_igroup_initiator.TestMyModule" file="modules/test_na_ontap_igroup_initiator.py" line="151" name="test_get_existing_initiator" time="0.00733184814453"></testcase><testcase classname="modules.test_na_ontap_igroup_initiator.TestMyModule" file="modules/test_na_ontap_igroup_initiator.py" line="143" name="test_get_nonexistent_igroup" time="0.00573205947876"></testcase><testcase classname="modules.test_na_ontap_igroup_initiator.TestMyModule" file="modules/test_na_ontap_igroup_initiator.py" line="135" name="test_get_nonexistent_initiator" time="0.00694918632507"></testcase><testcase classname="modules.test_na_ontap_igroup_initiator.TestMyModule" file="modules/test_na_ontap_igroup_initiator.py" line="207" name="test_if_all_methods_catch_exception" time="0.00730681419373"></testcase><testcase classname="modules.test_na_ontap_igroup_initiator.TestMyModule" file="modules/test_na_ontap_igroup_initiator.py" line="129" name="test_module_fail_when_required_args_missing" time="0.00444507598877"></testcase><testcase classname="modules.test_na_ontap_igroup_initiator.TestMyModule" file="modules/test_na_ontap_igroup_initiator.py" line="159" name="test_successful_add" time="0.00758528709412"></testcase><testcase classname="modules.test_na_ontap_igroup_initiator.TestMyModule" file="modules/test_na_ontap_igroup_initiator.py" line="171" name="test_successful_add_idempotency" time="0.00705623626709"></testcase><testcase classname="modules.test_na_ontap_igroup_initiator.TestMyModule" file="modules/test_na_ontap_igroup_initiator.py" line="182" name="test_successful_remove" time="0.00686502456665"></testcase><testcase classname="modules.test_na_ontap_igroup_initiator.TestMyModule" file="modules/test_na_ontap_igroup_initiator.py" line="194" name="test_successful_remove_idempotency" time="0.00697541236877"></testcase><testcase classname="modules.test_na_ontap_info.TestMyModule" file="modules/test_na_ontap_info.py" line="201" name="test_call_api_error" time="0.0065438747406"></testcase><testcase classname="modules.test_na_ontap_info.TestMyModule" file="modules/test_na_ontap_info.py" line="144" name="test_ensure_command_called" time="0.00798344612122"></testcase><testcase classname="modules.test_na_ontap_info.TestMyModule" file="modules/test_na_ontap_info.py" line="209" name="test_find_item" time="0.0022189617157"></testcase><testcase classname="modules.test_na_ontap_info.TestMyModule" file="modules/test_na_ontap_info.py" line="155" name="test_get_generic_get_iter" time="0.00925707817078"></testcase><testcase classname="modules.test_na_ontap_info.TestMyModule" file="modules/test_na_ontap_info.py" line="181" name="test_get_ifgrp_info" time="0.00661301612854"></testcase><testcase classname="modules.test_na_ontap_info.TestMyModule" file="modules/test_na_ontap_info.py" line="169" name="test_main" time="0.00678205490112"></testcase><testcase classname="modules.test_na_ontap_info.TestMyModule" file="modules/test_na_ontap_info.py" line="137" name="test_module_fail_when_required_args_missing" time="0.00453305244446"><system-out>Info: missing required arguments: username, hostname, password
</system-out></testcase><testcase classname="modules.test_na_ontap_info.TestMyModule" file="modules/test_na_ontap_info.py" line="193" name="test_ontapi_error" time="0.00689220428467"></testcase><testcase classname="modules.test_na_ontap_info.TestMyModule" file="modules/test_na_ontap_info.py" line="216" name="test_subset_return_all_complete" time="0.00580382347107"></testcase><testcase classname="modules.test_na_ontap_info.TestMyModule" file="modules/test_na_ontap_info.py" line="282" name="test_subset_return_all_expect_one" time="0.00580930709839"></testcase><testcase classname="modules.test_na_ontap_info.TestMyModule" file="modules/test_na_ontap_info.py" line="292" name="test_subset_return_all_expect_three" time="0.00666904449463"></testcase><testcase classname="modules.test_na_ontap_info.TestMyModule" file="modules/test_na_ontap_info.py" line="224" name="test_subset_return_all_partial" time="0.00690007209778"></testcase><testcase classname="modules.test_na_ontap_info.TestMyModule" file="modules/test_na_ontap_info.py" line="252" name="test_subset_return_bad" time="0.00645399093628"><system-out>Info: Bad subset: my_invalid_subset
</system-out></testcase><testcase classname="modules.test_na_ontap_info.TestMyModule" file="modules/test_na_ontap_info.py" line="243" name="test_subset_return_multiple" time="0.00578713417053"></testcase><testcase classname="modules.test_na_ontap_info.TestMyModule" file="modules/test_na_ontap_info.py" line="274" name="test_subset_return_none" time="0.00528407096863"></testcase><testcase classname="modules.test_na_ontap_info.TestMyModule" file="modules/test_na_ontap_info.py" line="302" name="test_subset_return_none_with_exclusion" time="0.00560665130615"><system-out>Info: Remote system at version ! does not support net_interface_info
</system-out></testcase><testcase classname="modules.test_na_ontap_info.TestMyModule" file="modules/test_na_ontap_info.py" line="235" name="test_subset_return_one" time="0.00623559951782"></testcase><testcase classname="modules.test_na_ontap_info.TestMyModule" file="modules/test_na_ontap_info.py" line="262" name="test_subset_return_unsupported" time="0.0065438747406"><system-out>Info: Remote system at version 120 does not support nvme_info
</system-out></testcase><testcase classname="modules.test_na_ontap_interface.TestMyModule" file="modules/test_na_ontap_interface.py" line="214" name="test_create_error_for_NVMe" time="0.00622510910034"></testcase><testcase classname="modules.test_na_ontap_interface.TestMyModule" file="modules/test_na_ontap_interface.py" line="158" name="test_create_error_missing_param" time="0.00717711448669"></testcase><testcase classname="modules.test_na_ontap_interface.TestMyModule" file="modules/test_na_ontap_interface.py" line="227" name="test_create_idempotency" time="0.00723695755005"></testcase><testcase classname="modules.test_na_ontap_interface.TestMyModule" file="modules/test_na_ontap_interface.py" line="202" name="test_create_idempotency_for_NVMe" time="0.00705003738403"></testcase><testcase classname="modules.test_na_ontap_interface.TestMyModule" file="modules/test_na_ontap_interface.py" line="243" name="test_delete_idempotency" time="0.00659012794495"></testcase><testcase classname="modules.test_na_ontap_interface.TestMyModule" file="modules/test_na_ontap_interface.py" line="177" name="test_get_existing_interface" time="0.00674796104431"></testcase><testcase classname="modules.test_na_ontap_interface.TestMyModule" file="modules/test_na_ontap_interface.py" line="171" name="test_get_nonexistent_interface" time="0.00671887397766"></testcase><testcase classname="modules.test_na_ontap_interface.TestMyModule" file="modules/test_na_ontap_interface.py" line="265" name="test_modify_idempotency" time="0.00741982460022"></testcase><testcase classname="modules.test_na_ontap_interface.TestMyModule" file="modules/test_na_ontap_interface.py" line="151" name="test_module_fail_when_required_args_missing" time="0.00450086593628"><system-out>Info: missing required arguments: username, password, hostname, vserver, interface_name
</system-out></testcase><testcase classname="modules.test_na_ontap_interface.TestMyModule" file="modules/test_na_ontap_interface.py" line="183" name="test_successful_create" time="0.00807809829712"></testcase><testcase classname="modules.test_na_ontap_interface.TestMyModule" file="modules/test_na_ontap_interface.py" line="190" name="test_successful_create_for_NVMe" time="0.00766587257385"></testcase><testcase classname="modules.test_na_ontap_interface.TestMyModule" file="modules/test_na_ontap_interface.py" line="234" name="test_successful_delete" time="0.00879406929016"></testcase><testcase classname="modules.test_na_ontap_interface.TestMyModule" file="modules/test_na_ontap_interface.py" line="252" name="test_successful_modify" time="0.0112662315369"></testcase><testcase classname="modules.test_na_ontap_ipspace.TestMyModule" file="modules/test_na_ontap_ipspace.py" line="122" name="test_fail_requiredargs_missing" time="0.00469708442688"><system-out>Info: missing required arguments: username, name, hostname, password
</system-out></testcase><testcase classname="modules.test_na_ontap_ipspace.TestMyModule" file="modules/test_na_ontap_ipspace.py" line="129" name="test_get_ipspace_iscalled" time="0.0120768547058"><system-out>Info: test_get_ipspace: None
</system-out></testcase><testcase classname="modules.test_na_ontap_ipspace.TestMyModule" file="modules/test_na_ontap_ipspace.py" line="191" name="test_idempotent_create_rest" time="0.00696778297424"></testcase><testcase classname="modules.test_na_ontap_flexcache.TestMyModule" file="modules/test_na_ontap_flexcache.py" line="503" name="test_create_flexcache_time_out" time="5.01313781738"><system-out>Create: AnsibleFailJson({&apos;msg&apos;: &apos;Error when creating flexcache: job completion exceeded expected timer of: 2 seconds&apos;, &apos;failed&apos;: True},)
</system-out></testcase><testcase classname="modules.test_na_ontap_ipspace.TestMyModule" file="modules/test_na_ontap_ipspace.py" line="219" name="test_idempotent_delete_rest" time="0.00706887245178"></testcase><testcase classname="modules.test_na_ontap_ipspace.TestMyModule" file="modules/test_na_ontap_ipspace.py" line="248" name="test_idempotent_modify_rest" time="0.00671792030334"></testcase><testcase classname="modules.test_na_ontap_flexcache.TestMyModule" file="modules/test_na_ontap_flexcache.py" line="449" name="test_delete_flexcache_exists_junctionpath_with_force" time="0.00835680961609"><system-out>Delete: AnsibleExitJson({&apos;changed&apos;: True},)
</system-out></testcase><testcase classname="modules.test_na_ontap_ipspace.TestMyModule" file="modules/test_na_ontap_ipspace.py" line="138" name="test_ipspace_apply_iscalled" time="0.0133821964264"><system-out>Info: test_get_ipspace: None
Info: test_ipspace_apply: AnsibleExitJson({&apos;changed&apos;: True},)
&lt;xml&gt;&lt;attributes-list&gt;&lt;net-ipspaces-info&gt;&lt;ipspace&gt;test_apply_ips&lt;/ipspace&gt;&lt;/net-ipspaces-info&gt;&lt;/attributes-list&gt;&lt;num-records&gt;1&lt;/num-records&gt;&lt;/xml&gt;
Info: test_get_ipspace: {&apos;name&apos;: &apos;test_apply_ips&apos;}
&lt;xml&gt;&lt;attributes-list&gt;&lt;net-ipspaces-info&gt;&lt;ipspace&gt;test_apply_ips&lt;/ipspace&gt;&lt;/net-ipspaces-info&gt;&lt;/attributes-list&gt;&lt;num-records&gt;1&lt;/num-records&gt;&lt;/xml&gt;
Info: test_ipspace_apply: AnsibleExitJson({&apos;changed&apos;: True},)
&lt;xml&gt;&lt;attributes-list&gt;&lt;net-ipspaces-info&gt;&lt;ipspace&gt;test_apply_ips&lt;/ipspace&gt;&lt;/net-ipspaces-info&gt;&lt;/attributes-list&gt;&lt;num-records&gt;1&lt;/num-records&gt;&lt;/xml&gt;
</system-out></testcase><testcase classname="modules.test_na_ontap_flexcache.TestMyModule" file="modules/test_na_ontap_flexcache.py" line="416" name="test_delete_flexcache_exists_with_force" time="0.00946712493896"><system-out>Delete: AnsibleExitJson({&apos;changed&apos;: True},)
</system-out></testcase><testcase classname="modules.test_na_ontap_ipspace.TestMyModule" file="modules/test_na_ontap_ipspace.py" line="164" name="test_rest_error" time="0.00653290748596"></testcase><testcase classname="modules.test_na_ontap_flexcache.TestMyModule" file="modules/test_na_ontap_flexcache.py" line="234" name="test_get_flexcache" time="0.00702214241028"><system-out>info: {&apos;vserver&apos;: None, &apos;origin_cluster&apos;: &apos;ocluster&apos;, &apos;origin_volume&apos;: &apos;ovolume&apos;, &apos;origin_vserver&apos;: &apos;ovserver&apos;, &apos;volume&apos;: &apos;volume&apos;, &apos;auto_provision_as&apos;: None, &apos;size&apos;: None}
</system-out></testcase><testcase classname="modules.test_na_ontap_ipspace.TestMyModule" file="modules/test_na_ontap_ipspace.py" line="177" name="test_successful_create_rest" time="0.0075409412384"></testcase><testcase classname="modules.test_na_ontap_flexcache.TestMyModule" file="modules/test_na_ontap_flexcache.py" line="218" name="test_missing_parameter" time="0.00837278366089"></testcase><testcase classname="modules.test_na_ontap_ipspace.TestMyModule" file="modules/test_na_ontap_ipspace.py" line="204" name="test_successful_delete_rest" time="0.00724458694458"></testcase><testcase classname="modules.test_na_ontap_flexcache.TestMyModule" file="modules/test_na_ontap_flexcache.py" line="193" name="test_module_fail_when_required_args_missing" time="0.00468277931213"><system-out>Info: missing required arguments: username, volume, password, hostname, vserver
</system-out></testcase><testcase classname="modules.test_na_ontap_ipspace.TestMyModule" file="modules/test_na_ontap_ipspace.py" line="233" name="test_successful_modify_rest" time="0.00772595405579"></testcase><testcase classname="modules.test_na_ontap_igroup.TestMyModule" file="modules/test_na_ontap_igroup.py" line="170" name="test_get_existing_igroup_without_initiators" time="0.00852680206299"></testcase><testcase classname="modules.test_na_ontap_job_schedule.TestMyModule" file="modules/test_na_ontap_job_schedule.py" line="188" name="test_create_error_missing_param" time="0.00595474243164"></testcase><testcase classname="modules.test_na_ontap_job_schedule.TestMyModule" file="modules/test_na_ontap_job_schedule.py" line="165" name="test_get_nonexistent_job" time="0.0078911781311"></testcase><testcase classname="modules.test_na_ontap_job_schedule.TestMyModule" file="modules/test_na_ontap_job_schedule.py" line="205" name="test_create_idempotency" time="0.0076367855072"></testcase><testcase classname="modules.test_na_ontap_job_schedule.TestMyModule" file="modules/test_na_ontap_job_schedule.py" line="239" name="test_modify_idempotency" time="0.00811386108398"></testcase><testcase classname="modules.test_na_ontap_job_schedule.TestMyModule" file="modules/test_na_ontap_job_schedule.py" line="221" name="test_delete_idempotency" time="0.00898385047913"></testcase><testcase classname="modules.test_na_ontap_job_schedule.TestMyModule" file="modules/test_na_ontap_job_schedule.py" line="158" name="test_module_fail_when_required_args_missing" time="0.00706887245178"><system-out>Info: missing required arguments: username, name, hostname, password
</system-out></testcase><testcase classname="modules.test_na_ontap_job_schedule.TestMyModule" file="modules/test_na_ontap_job_schedule.py" line="171" name="test_get_existing_job" time="0.00599217414856"></testcase><testcase classname="modules.test_na_ontap_job_schedule.TestMyModule" file="modules/test_na_ontap_job_schedule.py" line="198" name="test_successful_create" time="0.00848793983459"></testcase><testcase classname="modules.test_na_ontap_job_schedule.TestMyModule" file="modules/test_na_ontap_job_schedule.py" line="179" name="test_get_existing_job_multiple_minutes" time="0.00623369216919"><system-out>CALLED MULTIPLE BUILD
{&apos;name&apos;: &apos;test_job&apos;, &apos;job_hours&apos;: [&apos;-1&apos;], &apos;job_months&apos;: [&apos;5&apos;, &apos;10&apos;], &apos;job_days_of_week&apos;: [&apos;-1&apos;], &apos;job_minutes&apos;: [&apos;25&apos;, &apos;35&apos;], &apos;job_days_of_month&apos;: [&apos;-1&apos;]}
</system-out></testcase><testcase classname="modules.test_na_ontap_job_schedule.TestMyModule" file="modules/test_na_ontap_job_schedule.py" line="212" name="test_successful_delete" time="0.00851488113403"></testcase><testcase classname="modules.test_na_ontap_net_routes.TestMyModule" file="modules/test_na_ontap_net_routes.py" line="196" name="test_get_existing_job" time="0.0121607780457"></testcase><testcase classname="modules.test_na_ontap_job_schedule.TestMyModule" file="modules/test_na_ontap_job_schedule.py" line="230" name="test_successful_modify" time="0.00841188430786"></testcase><testcase classname="modules.test_na_ontap_net_routes.TestMyModule" file="modules/test_na_ontap_net_routes.py" line="190" name="test_get_nonexistent_net_route" time="0.011440038681"></testcase><testcase classname="modules.test_na_ontap_kerberos_realm.TestMyModule" file="modules/test_na_ontap_kerberos_realm.py" line="184" name="test_get_existing_realm" time="0.00769901275635"></testcase><testcase classname="modules.test_na_ontap_net_routes.TestMyModule" file="modules/test_na_ontap_net_routes.py" line="260" name="test_modify_metric_idempotency" time="0.0117309093475"></testcase><testcase classname="modules.test_na_ontap_kerberos_realm.TestMyModule" file="modules/test_na_ontap_kerberos_realm.py" line="172" name="test_get_nonexistent_realm" time="0.0081582069397"></testcase><testcase classname="modules.test_na_ontap_net_routes.TestMyModule" file="modules/test_na_ontap_net_routes.py" line="183" name="test_module_fail_when_required_args_missing" time="0.00466585159302"><system-out>Info: missing required arguments: username, hostname, vserver, destination, password, gateway
</system-out></testcase><testcase classname="modules.test_na_ontap_kerberos_realm.TestMyModule" file="modules/test_na_ontap_kerberos_realm.py" line="153" name="test_module_fail_when_required_args_missing" time="0.00581169128418"><system-out>Info: missing required arguments: username, realm, hostname, vserver, password
</system-out></testcase><testcase classname="modules.test_na_ontap_net_routes.TestMyModule" file="modules/test_na_ontap_net_routes.py" line="357" name="test_rest_error" time="0.00672006607056"></testcase><testcase classname="modules.test_na_ontap_kerberos_realm.TestMyModule" file="modules/test_na_ontap_kerberos_realm.py" line="161" name="test_module_fail_when_state_present_required_args_missing" time="0.00631523132324"><system-out>Info: state is present but all of the following are missing: kdc_vendor, kdc_ip
</system-out></testcase><testcase classname="modules.test_na_ontap_net_routes.TestMyModule" file="modules/test_na_ontap_net_routes.py" line="385" name="test_rest_idempotent_create_dns" time="0.00644993782043"></testcase><testcase classname="modules.test_na_ontap_kerberos_realm.TestMyModule" file="modules/test_na_ontap_kerberos_realm.py" line="224" name="test_successfully_create_realm" time="0.00848388671875"></testcase><testcase classname="modules.test_na_ontap_net_routes.TestMyModule" file="modules/test_na_ontap_net_routes.py" line="414" name="test_rest_idempotently_destroy" time="0.0074679851532"></testcase><testcase classname="modules.test_na_ontap_kerberos_realm.TestMyModule" file="modules/test_na_ontap_kerberos_realm.py" line="210" name="test_successfully_delete_realm" time="0.00904774665833"></testcase><testcase classname="modules.test_na_ontap_net_routes.TestMyModule" file="modules/test_na_ontap_net_routes.py" line="447" name="test_rest_idempotently_modify" time="0.00837206840515"></testcase><testcase classname="modules.test_na_ontap_kerberos_realm.TestMyModule" file="modules/test_na_ontap_kerberos_realm.py" line="196" name="test_successfully_modify_realm" time="0.00997400283813"></testcase><testcase classname="modules.test_na_ontap_net_routes.TestMyModule" file="modules/test_na_ontap_net_routes.py" line="370" name="test_rest_successfully_create" time="0.00774097442627"></testcase><testcase classname="modules.test_na_ontap_lun_copy.TestMyModule" file="modules/test_na_ontap_lun_copy.py" line="153" name="test_copy_idempotency" time="0.00654983520508"></testcase><testcase classname="modules.test_na_ontap_net_routes.TestMyModule" file="modules/test_na_ontap_net_routes.py" line="399" name="test_rest_successfully_destroy" time="0.00745296478271"></testcase><testcase classname="modules.test_na_ontap_lun_copy.TestMyModule" file="modules/test_na_ontap_lun_copy.py" line="132" name="test_create_error_missing_param" time="0.00487899780273"></testcase><testcase classname="modules.test_na_ontap_net_routes.TestMyModule" file="modules/test_na_ontap_net_routes.py" line="428" name="test_rest_successfully_modify" time="0.00714635848999"></testcase><testcase classname="modules.test_na_ontap_lun_copy.TestMyModule" file="modules/test_na_ontap_lun_copy.py" line="125" name="test_module_fail_when_required_args_missing" time="0.00475120544434"><system-out>Info: missing required arguments: username, destination_vserver, destination_path, hostname, source_path, password
</system-out></testcase><testcase classname="modules.test_na_ontap_net_routes.TestMyModule" file="modules/test_na_ontap_net_routes.py" line="213" name="test_successful_create" time="0.0141341686249"></testcase><testcase classname="modules.test_na_ontap_lun_copy.TestMyModule" file="modules/test_na_ontap_lun_copy.py" line="145" name="test_successful_copy" time="0.00828099250793"></testcase><testcase classname="modules.test_na_ontap_net_routes.TestMyModule" file="modules/test_na_ontap_net_routes.py" line="231" name="test_successful_delete" time="0.0140452384949"></testcase><testcase classname="modules.test_na_ontap_lun_map.TestMyModule" file="modules/test_na_ontap_lun_map.py" line="122" name="test_ensure_get_called" time="0.00618100166321"></testcase><testcase classname="modules.test_na_ontap_net_routes.TestMyModule" file="modules/test_na_ontap_net_routes.py" line="313" name="test_successful_modify_destination" time="0.01402592659"></testcase><testcase classname="modules.test_na_ontap_lun_map.TestMyModule" file="modules/test_na_ontap_lun_map.py" line="129" name="test_ensure_get_called_existing" time="0.00771927833557"></testcase><testcase classname="modules.test_na_ontap_net_routes.TestMyModule" file="modules/test_na_ontap_net_routes.py" line="269" name="test_successful_modify_gateway" time="0.0141868591309"></testcase><testcase classname="modules.test_na_ontap_lun_map.TestMyModule" file="modules/test_na_ontap_lun_map.py" line="178" name="test_if_all_methods_catch_exception" time="0.00756096839905"></testcase><testcase classname="modules.test_na_ontap_net_routes.TestMyModule" file="modules/test_na_ontap_net_routes.py" line="249" name="test_successful_modify_metric" time="0.0150711536407"></testcase><testcase classname="modules.test_na_ontap_lun_map.TestMyModule" file="modules/test_na_ontap_lun_map.py" line="115" name="test_module_fail_when_required_args_missing" time="0.00486326217651"><system-out>Info: missing required arguments: username, hostname, vserver, initiator_group_name, path, password
</system-out></testcase><testcase classname="modules.test_na_ontap_net_subnet.TestMyModule" file="modules/test_na_ontap_net_subnet.py" line="149" name="test_ensure_get_called" time="0.00685715675354"></testcase><testcase classname="modules.test_na_ontap_lun_map.TestMyModule" file="modules/test_na_ontap_lun_map.py" line="136" name="test_successful_create" time="0.0119087696075"></testcase><testcase classname="modules.test_na_ontap_net_subnet.TestMyModule" file="modules/test_na_ontap_net_subnet.py" line="156" name="test_ensure_get_called_existing" time="0.00726413726807"></testcase><testcase classname="modules.test_na_ontap_lun_map.TestMyModule" file="modules/test_na_ontap_lun_map.py" line="157" name="test_successful_delete" time="0.0103073120117"></testcase><testcase classname="modules.test_na_ontap_net_subnet.TestMyModule" file="modules/test_na_ontap_net_subnet.py" line="164" name="test_fail_broadcast_domain_modify" time="0.00827980041504"></testcase><testcase classname="modules.test_na_ontap_motd.TestMyModule" file="modules/test_na_ontap_motd.py" line="145" name="test_ensure_get_called_existing" time="0.00596976280212"><system-out>&lt;xml&gt;&lt;attributes-list&gt;&lt;vserver-motd-info&gt;&lt;vserver&gt;ansible&lt;/vserver&gt;&lt;is-cluster-message-enabled&gt;true&lt;/is-cluster-message-enabled&gt;&lt;message&gt;ansible&lt;/message&gt;&lt;/vserver-motd-info&gt;&lt;/attributes-list&gt;&lt;num-records&gt;1&lt;/num-records&gt;&lt;/xml&gt;
</system-out></testcase><testcase classname="modules.test_na_ontap_net_subnet.TestMyModule" file="modules/test_na_ontap_net_subnet.py" line="246" name="test_if_all_methods_catch_exception" time="0.00883889198303"></testcase><testcase classname="modules.test_na_ontap_motd.TestMyModule" file="modules/test_na_ontap_motd.py" line="138" name="test_ensure_motd_get_called" time="0.00637292861938"></testcase><testcase classname="modules.test_na_ontap_net_subnet.TestMyModule" file="modules/test_na_ontap_net_subnet.py" line="142" name="test_module_fail_when_required_args_missing" time="0.0044960975647"><system-out>Info: missing required arguments: username, name, hostname, password
</system-out></testcase><testcase classname="modules.test_na_ontap_motd.TestMyModule" file="modules/test_na_ontap_motd.py" line="170" name="test_if_all_methods_catch_exception" time="0.00774002075195"></testcase><testcase classname="modules.test_na_ontap_net_subnet.TestMyModule" file="modules/test_na_ontap_net_subnet.py" line="176" name="test_successful_create" time="0.0114612579346"><system-out>Create:
reset:
</system-out></testcase><testcase classname="modules.test_na_ontap_motd.TestMyModule" file="modules/test_na_ontap_motd.py" line="131" name="test_module_fail_when_required_args_missing" time="0.00569987297058"><system-out>Info: missing required arguments: username, hostname, vserver, password
</system-out></testcase><testcase classname="modules.test_na_ontap_net_subnet.TestMyModule" file="modules/test_na_ontap_net_subnet.py" line="213" name="test_successful_delete" time="0.0109548568726"></testcase><testcase classname="modules.test_na_ontap_motd.TestMyModule" file="modules/test_na_ontap_motd.py" line="152" name="test_motd_create" time="0.00790190696716"><system-out>&lt;xml&gt;&lt;attributes-list&gt;&lt;vserver-motd-info&gt;&lt;vserver&gt;ansible&lt;/vserver&gt;&lt;is-cluster-message-enabled&gt;true&lt;/is-cluster-message-enabled&gt;&lt;message&gt;ansible&lt;/message&gt;&lt;/vserver-motd-info&gt;&lt;/attributes-list&gt;&lt;num-records&gt;1&lt;/num-records&gt;&lt;/xml&gt;
&lt;xml&gt;&lt;attributes-list&gt;&lt;vserver-motd-info&gt;&lt;vserver&gt;ansible&lt;/vserver&gt;&lt;is-cluster-message-enabled&gt;true&lt;/is-cluster-message-enabled&gt;&lt;message&gt;ansible&lt;/message&gt;&lt;/vserver-motd-info&gt;&lt;/attributes-list&gt;&lt;num-records&gt;1&lt;/num-records&gt;&lt;/xml&gt;
</system-out></testcase><testcase classname="modules.test_na_ontap_net_subnet.TestMyModule" file="modules/test_na_ontap_net_subnet.py" line="234" name="test_successful_modify" time="0.00933790206909"></testcase><testcase classname="modules.test_na_ontap_motd.TestMyModule" file="modules/test_na_ontap_motd.py" line="162" name="test_motd_delete" time="0.00811982154846"><system-out>&lt;xml&gt;&lt;attributes-list&gt;&lt;vserver-motd-info&gt;&lt;vserver&gt;ansible&lt;/vserver&gt;&lt;is-cluster-message-enabled&gt;true&lt;/is-cluster-message-enabled&gt;&lt;message&gt;ansible&lt;/message&gt;&lt;/vserver-motd-info&gt;&lt;/attributes-list&gt;&lt;num-records&gt;1&lt;/num-records&gt;&lt;/xml&gt;
&lt;xml&gt;&lt;attributes-list&gt;&lt;vserver-motd-info&gt;&lt;vserver&gt;ansible&lt;/vserver&gt;&lt;is-cluster-message-enabled&gt;true&lt;/is-cluster-message-enabled&gt;&lt;message&gt;ansible&lt;/message&gt;&lt;/vserver-motd-info&gt;&lt;/attributes-list&gt;&lt;num-records&gt;1&lt;/num-records&gt;&lt;/xml&gt;
&lt;xml&gt;&lt;attributes-list&gt;&lt;vserver-motd-info&gt;&lt;vserver&gt;ansible&lt;/vserver&gt;&lt;is-cluster-message-enabled&gt;true&lt;/is-cluster-message-enabled&gt;&lt;message&gt;ansible&lt;/message&gt;&lt;/vserver-motd-info&gt;&lt;/attributes-list&gt;&lt;num-records&gt;1&lt;/num-records&gt;&lt;/xml&gt;
</system-out></testcase><testcase classname="modules.test_na_ontap_net_subnet.TestMyModule" file="modules/test_na_ontap_net_subnet.py" line="200" name="test_successful_rename" time="0.00835180282593"></testcase><testcase classname="modules.test_na_ontap_ndmp.TestMyModule" file="modules/test_na_ontap_ndmp.py" line="150" name="test_modify_error" time="0.00948691368103"></testcase><testcase classname="modules.test_na_ontap_nfs.TestMyModule" file="modules/test_na_ontap_nfs.py" line="224" name="test_get_existing_nfs" time="0.00939416885376"></testcase><testcase classname="modules.test_na_ontap_ndmp.TestMyModule" file="modules/test_na_ontap_ndmp.py" line="134" name="test_successful_modify" time="0.00840783119202"></testcase><testcase classname="modules.test_na_ontap_nfs.TestMyModule" file="modules/test_na_ontap_nfs.py" line="236" name="test_get_existing_nfs_status" time="0.00711011886597"></testcase><testcase classname="modules.test_na_ontap_net_ifgrp.TestMyModule" file="modules/test_na_ontap_net_ifgrp.py" line="242" name="test_add_port_packet" time="0.00689697265625"></testcase><testcase classname="modules.test_na_ontap_nfs.TestMyModule" file="modules/test_na_ontap_nfs.py" line="218" name="test_get_nonexistent_nfs" time="0.0074450969696"></testcase><testcase classname="modules.test_na_ontap_net_ifgrp.TestMyModule" file="modules/test_na_ontap_net_ifgrp.py" line="196" name="test_create_called" time="0.00899887084961"></testcase><testcase classname="modules.test_na_ontap_nfs.TestMyModule" file="modules/test_na_ontap_nfs.py" line="230" name="test_get_nonexistent_nfs_status" time="0.00763893127441"></testcase><testcase classname="modules.test_na_ontap_net_ifgrp.TestMyModule" file="modules/test_na_ontap_net_ifgrp.py" line="215" name="test_delete_called" time="0.00685930252075"></testcase><testcase classname="modules.test_na_ontap_nfs.TestMyModule" file="modules/test_na_ontap_nfs.py" line="242" name="test_modify_nfs" time="0.00755381584167"></testcase><testcase classname="modules.test_na_ontap_net_ifgrp.TestMyModule" file="modules/test_na_ontap_net_ifgrp.py" line="164" name="test_get_existing_ifgrp" time="0.00698208808899"></testcase><testcase classname="modules.test_na_ontap_nfs.TestMyModule" file="modules/test_na_ontap_nfs.py" line="273" name="test_modify_nfs_idempotency" time="0.0120689868927"></testcase><testcase classname="modules.test_na_ontap_net_ifgrp.TestMyModule" file="modules/test_na_ontap_net_ifgrp.py" line="158" name="test_get_nonexistent_ifgrp" time="0.00750279426575"></testcase><testcase classname="modules.test_na_ontap_nfs.TestMyModule" file="modules/test_na_ontap_nfs.py" line="211" name="test_module_fail_when_required_args_missing" time="0.00490379333496"><system-out>Info: missing required arguments: hostname, vserver, username, password
</system-out></testcase><testcase classname="modules.test_na_ontap_net_ifgrp.TestMyModule" file="modules/test_na_ontap_net_ifgrp.py" line="235" name="test_get_ports_list" time="0.00603199005127"></testcase><testcase classname="modules.test_na_ontap_nfs.TestMyModule" file="modules/test_na_ontap_nfs.py" line="282" name="test_successfully_delete_nfs" time="0.0152139663696"></testcase><testcase classname="modules.test_na_ontap_net_ifgrp.TestMyModule" file="modules/test_na_ontap_net_ifgrp.py" line="271" name="test_get_ports_returns_none" time="0.00710105895996"></testcase><testcase classname="modules.test_na_ontap_nfs.TestMyModule" file="modules/test_na_ontap_nfs.py" line="294" name="test_successfully_enable_nfs" time="0.0141849517822"></testcase><testcase classname="modules.test_na_ontap_net_ifgrp.TestMyModule" file="modules/test_na_ontap_net_ifgrp.py" line="227" name="test_get_return_value" time="0.0072226524353"></testcase><testcase classname="modules.test_na_ontap_nfs.TestMyModule" file="modules/test_na_ontap_nfs.py" line="264" name="test_successfully_modify_nfs" time="0.014093875885"></testcase><testcase classname="modules.test_na_ontap_net_ifgrp.TestMyModule" file="modules/test_na_ontap_net_ifgrp.py" line="278" name="test_if_all_methods_catch_exception" time="0.0146636962891"></testcase><testcase classname="modules.test_na_ontap_nvme.TestMyModule" file="modules/test_na_ontap_nvme.py" line="120" name="test_ensure_get_called" time="0.0055787563324"></testcase><testcase classname="modules.test_na_ontap_net_ifgrp.TestMyModule" file="modules/test_na_ontap_net_ifgrp.py" line="207" name="test_if_ports_are_added_after_create" time="0.00760912895203"></testcase><testcase classname="modules.test_na_ontap_nvme.TestMyModule" file="modules/test_na_ontap_nvme.py" line="127" name="test_ensure_get_called_existing" time="0.00637412071228"></testcase><testcase classname="modules.test_na_ontap_net_ifgrp.TestMyModule" file="modules/test_na_ontap_net_ifgrp.py" line="260" name="test_modify_ports_calls_add_new_ports" time="0.00789785385132"></testcase><testcase classname="modules.test_na_ontap_nvme.TestMyModule" file="modules/test_na_ontap_nvme.py" line="197" name="test_if_all_methods_catch_exception" time="0.00722289085388"></testcase><testcase classname="modules.test_na_ontap_net_ifgrp.TestMyModule" file="modules/test_na_ontap_net_ifgrp.py" line="249" name="test_modify_ports_calls_remove_existing_ports" time="0.00845098495483"></testcase><testcase classname="modules.test_na_ontap_nvme.TestMyModule" file="modules/test_na_ontap_nvme.py" line="113" name="test_module_fail_when_required_args_missing" time="0.00441193580627"><system-out>Info: missing required arguments: username, hostname, vserver, password
</system-out></testcase><testcase classname="modules.test_na_ontap_net_ifgrp.TestMyModule" file="modules/test_na_ontap_net_ifgrp.py" line="151" name="test_module_fail_when_required_args_missing" time="0.00516819953918"><system-out>Info: missing required arguments: username, node, name, hostname, password
</system-out></testcase><testcase classname="modules.test_na_ontap_nvme.TestMyModule" file="modules/test_na_ontap_nvme.py" line="134" name="test_successful_create" time="0.00880813598633"></testcase><testcase classname="modules.test_na_ontap_net_ifgrp.TestMyModule" file="modules/test_na_ontap_net_ifgrp.py" line="170" name="test_successful_create" time="0.00737810134888"></testcase><testcase classname="modules.test_na_ontap_nvme.TestMyModule" file="modules/test_na_ontap_nvme.py" line="153" name="test_successful_delete" time="0.0086612701416"></testcase><testcase classname="modules.test_na_ontap_net_ifgrp.TestMyModule" file="modules/test_na_ontap_net_ifgrp.py" line="178" name="test_successful_delete" time="0.0076277256012"></testcase><testcase classname="modules.test_na_ontap_nvme.TestMyModule" file="modules/test_na_ontap_nvme.py" line="174" name="test_successful_modify" time="0.00916981697083"></testcase><testcase classname="modules.test_na_ontap_nvme_namespace.TestMyModule" file="modules/test_na_ontap_nvme_namespace.py" line="127" name="test_ensure_get_called" time="0.00622868537903"></testcase><testcase classname="modules.test_na_ontap_net_ifgrp.TestMyModule" file="modules/test_na_ontap_net_ifgrp.py" line="187" name="test_successful_modify" time="0.00889110565186"></testcase><testcase classname="modules.test_na_ontap_nvme_namespace.TestMyModule" file="modules/test_na_ontap_nvme_namespace.py" line="134" name="test_ensure_get_called_existing" time="0.00621700286865"></testcase><testcase classname="modules.test_na_ontap_net_port.TestMyModule" file="modules/test_na_ontap_net_port.py" line="170" name="test_get_called" time="0.00925278663635"></testcase><testcase classname="modules.test_na_ontap_nvme_namespace.TestMyModule" file="modules/test_na_ontap_nvme_namespace.py" line="181" name="test_if_all_methods_catch_exception" time="0.00721788406372"></testcase><testcase classname="modules.test_na_ontap_net_port.TestMyModule" file="modules/test_na_ontap_net_port.py" line="144" name="test_get_existing_port" time="0.0071120262146"></testcase><testcase classname="modules.test_na_ontap_nvme_namespace.TestMyModule" file="modules/test_na_ontap_nvme_namespace.py" line="120" name="test_module_fail_when_required_args_missing" time="0.00506472587585"><system-out>Info: missing required arguments: username, hostname, vserver, path, password
</system-out></testcase><testcase classname="modules.test_na_ontap_net_port.TestMyModule" file="modules/test_na_ontap_net_port.py" line="138" name="test_get_nonexistent_port" time="0.00632786750793"></testcase><testcase classname="modules.test_na_ontap_nvme_namespace.TestMyModule" file="modules/test_na_ontap_nvme_namespace.py" line="141" name="test_successful_create" time="0.00781679153442"></testcase><testcase classname="modules.test_na_ontap_net_port.TestMyModule" file="modules/test_na_ontap_net_port.py" line="131" name="test_module_fail_when_required_args_missing" time="0.00466394424438"><system-out>Info: missing required arguments: username, node, hostname, password, ports
</system-out></testcase><testcase classname="modules.test_na_ontap_nvme_namespace.TestMyModule" file="modules/test_na_ontap_nvme_namespace.py" line="160" name="test_successful_delete" time="0.00831174850464"></testcase><testcase classname="modules.test_na_ontap_net_port.TestMyModule" file="modules/test_na_ontap_net_port.py" line="151" name="test_successful_modify" time="0.00788688659668"></testcase><testcase classname="modules.test_na_ontap_nvme_subsystem.TestMyModule" file="modules/test_na_ontap_nvme_subsystem.py" line="180" name="test_ensure_get_called" time="0.00608921051025"></testcase><testcase classname="modules.test_na_ontap_net_port.TestMyModule" file="modules/test_na_ontap_net_port.py" line="160" name="test_successful_modify_multiple_ports" time="0.00828385353088"></testcase><testcase classname="modules.test_na_ontap_nvme_subsystem.TestMyModule" file="modules/test_na_ontap_nvme_subsystem.py" line="187" name="test_ensure_get_called_existing" time="0.00643730163574"></testcase><testcase classname="modules.test_na_ontap_net_routes.TestMyModule" file="modules/test_na_ontap_net_routes.py" line="335" name="test__modify_destination_idempotency" time="0.0133006572723"></testcase><testcase classname="modules.test_na_ontap_nvme_subsystem.TestMyModule" file="modules/test_na_ontap_nvme_subsystem.py" line="119" name="test_module_fail_when_required_args_missing" time="0.00445199012756"><system-out>Info: missing required arguments: username, subsystem, hostname, vserver, password
</system-out></testcase><testcase classname="modules.test_na_ontap_net_routes.TestMyModule" file="modules/test_na_ontap_net_routes.py" line="291" name="test__modify_gateway_idempotency" time="0.0147361755371"></testcase><testcase classname="modules.test_na_ontap_nvme_subsystem.TestMyModule" file="modules/test_na_ontap_nvme_subsystem.py" line="220" name="test_successful_add" time="0.00713443756104"></testcase><testcase classname="modules.test_na_ontap_net_routes.TestMyModule" file="modules/test_na_ontap_net_routes.py" line="203" name="test_create_error_missing_param" time="0.00521373748779"></testcase><testcase classname="modules.test_na_ontap_nvme_subsystem.TestMyModule" file="modules/test_na_ontap_nvme_subsystem.py" line="194" name="test_successful_add_mock" time="0.00865936279297"></testcase><testcase classname="modules.test_na_ontap_net_routes.TestMyModule" file="modules/test_na_ontap_net_routes.py" line="223" name="test_create_idempotency" time="0.013631105423"></testcase><testcase classname="modules.test_na_ontap_nvme_subsystem.TestMyModule" file="modules/test_na_ontap_nvme_subsystem.py" line="140" name="test_successful_create" time="0.0114607810974"></testcase><testcase classname="modules.test_na_ontap_net_routes.TestMyModule" file="modules/test_na_ontap_net_routes.py" line="240" name="test_delete_idempotency" time="0.0136878490448"></testcase><testcase classname="modules.test_na_ontap_nvme_subsystem.TestMyModule" file="modules/test_na_ontap_nvme_subsystem.py" line="159" name="test_successful_delete" time="0.0102407932281"></testcase><testcase classname="modules.test_na_ontap_qos_adaptive_policy_group.TestMyModule" file="modules/test_na_ontap_qos_adaptive_policy_group.py" line="240" name="test_successful_modify_expected_iops" time="0.00790405273438"></testcase><testcase classname="modules.test_na_ontap_nvme_subsystem.TestMyModule" file="modules/test_na_ontap_nvme_subsystem.py" line="230" name="test_successful_remove" time="0.00765085220337"></testcase><testcase classname="modules.test_na_ontap_qos_policy_group.TestMyModule" file="modules/test_na_ontap_qos_policy_group.py" line="184" name="test_create_error" time="0.00775599479675"></testcase><testcase classname="modules.test_na_ontap_nvme_subsystem.TestMyModule" file="modules/test_na_ontap_nvme_subsystem.py" line="206" name="test_successful_remove_mock" time="0.00917196273804"></testcase><testcase classname="modules.test_na_ontap_qos_policy_group.TestMyModule" file="modules/test_na_ontap_qos_policy_group.py" line="158" name="test_create_error_missing_param" time="0.00896406173706"></testcase><testcase classname="modules.test_na_ontap_object_store.TestMyModule" file="modules/test_na_ontap_object_store.py" line="160" name="test_ensure_get_called_existing" time="0.016487121582"><system-out>&lt;xml&gt;&lt;attributes&gt;&lt;aggr-object-store-config-info&gt;&lt;object-store-name&gt;ansible&lt;/object-store-name&gt;&lt;/aggr-object-store-config-info&gt;&lt;/attributes&gt;&lt;/xml&gt;
</system-out></testcase><testcase classname="modules.test_na_ontap_qos_policy_group.TestMyModule" file="modules/test_na_ontap_qos_policy_group.py" line="176" name="test_create_idempotency" time="0.00853586196899"></testcase><testcase classname="modules.test_na_ontap_object_store.TestMyModule" file="modules/test_na_ontap_object_store.py" line="153" name="test_ensure_object_store_get_called" time="0.0129852294922"></testcase><testcase classname="modules.test_na_ontap_qos_policy_group.TestMyModule" file="modules/test_na_ontap_qos_policy_group.py" line="213" name="test_delete_error" time="0.00755596160889"></testcase><testcase classname="modules.test_na_ontap_object_store.TestMyModule" file="modules/test_na_ontap_object_store.py" line="250" name="test_if_all_methods_catch_exception" time="0.0143308639526"></testcase><testcase classname="modules.test_na_ontap_qos_policy_group.TestMyModule" file="modules/test_na_ontap_qos_policy_group.py" line="204" name="test_delete_idempotency" time="0.00721073150635"></testcase><testcase classname="modules.test_na_ontap_object_store.TestMyModule" file="modules/test_na_ontap_object_store.py" line="146" name="test_module_fail_when_required_args_missing" time="0.00460696220398"><system-out>Info: missing required arguments: username, name, hostname, password
</system-out></testcase><testcase classname="modules.test_na_ontap_qos_policy_group.TestMyModule" file="modules/test_na_ontap_qos_policy_group.py" line="151" name="test_get_existing_policy_group" time="0.00616002082825"></testcase><testcase classname="modules.test_na_ontap_object_store.TestMyModule" file="modules/test_na_ontap_object_store.py" line="167" name="test_object_store_create" time="0.0125987529755"><system-out>&lt;xml&gt;&lt;attributes&gt;&lt;aggr-object-store-config-info&gt;&lt;object-store-name&gt;ansible&lt;/object-store-name&gt;&lt;/aggr-object-store-config-info&gt;&lt;/attributes&gt;&lt;/xml&gt;
</system-out></testcase><testcase classname="modules.test_na_ontap_qos_policy_group.TestMyModule" file="modules/test_na_ontap_qos_policy_group.py" line="145" name="test_get_nonexistent_policy" time="0.00634479522705"></testcase><testcase classname="modules.test_na_ontap_object_store.TestMyModule" file="modules/test_na_ontap_object_store.py" line="187" name="test_object_store_delete" time="0.0139157772064"><system-out>&lt;xml&gt;&lt;attributes&gt;&lt;aggr-object-store-config-info&gt;&lt;object-store-name&gt;ansible&lt;/object-store-name&gt;&lt;/aggr-object-store-config-info&gt;&lt;/attributes&gt;&lt;/xml&gt;
&lt;xml&gt;&lt;attributes&gt;&lt;aggr-object-store-config-info&gt;&lt;object-store-name&gt;ansible&lt;/object-store-name&gt;&lt;/aggr-object-store-config-info&gt;&lt;/attributes&gt;&lt;/xml&gt;
</system-out></testcase><testcase classname="modules.test_na_ontap_qos_policy_group.TestMyModule" file="modules/test_na_ontap_qos_policy_group.py" line="249" name="test_modify_error" time="0.00839424133301"></testcase><testcase classname="modules.test_na_ontap_object_store.TestMyModule" file="modules/test_na_ontap_object_store.py" line="195" name="test_rest_error" time="0.00658774375916"></testcase><testcase classname="modules.test_na_ontap_qos_policy_group.TestMyModule" file="modules/test_na_ontap_qos_policy_group.py" line="241" name="test_modify_max_throughput_idempotency" time="0.00668811798096"></testcase><testcase classname="modules.test_na_ontap_object_store.TestMyModule" file="modules/test_na_ontap_object_store.py" line="208" name="test_rest_successful_create" time="0.0075409412384"></testcase><testcase classname="modules.test_na_ontap_qos_policy_group.TestMyModule" file="modules/test_na_ontap_qos_policy_group.py" line="138" name="test_module_fail_when_required_args_missing" time="0.00428915023804"><system-out>Info: missing required arguments: username, hostname, vserver, password, name
</system-out></testcase><testcase classname="modules.test_na_ontap_object_store.TestMyModule" file="modules/test_na_ontap_object_store.py" line="231" name="test_rest_successful_delete" time="0.00796794891357"></testcase><testcase classname="modules.test_na_ontap_qos_policy_group.TestMyModule" file="modules/test_na_ontap_qos_policy_group.py" line="268" name="test_rename" time="0.00788164138794"></testcase><testcase classname="modules.test_na_ontap_ports.TestMyModule" file="modules/test_na_ontap_ports.py" line="107" name="test_add_broadcast_domain_ports_idempotency" time="0.00998640060425"></testcase><testcase classname="modules.test_na_ontap_qos_policy_group.TestMyModule" file="modules/test_na_ontap_qos_policy_group.py" line="310" name="test_rename_error" time="0.00850129127502"></testcase><testcase classname="modules.test_na_ontap_ports.TestMyModule" file="modules/test_na_ontap_ports.py" line="133" name="test_add_portset_ports_idempotency" time="0.0084822177887"></testcase><testcase classname="modules.test_na_ontap_qos_policy_group.TestMyModule" file="modules/test_na_ontap_qos_policy_group.py" line="289" name="test_rename_idempotency" time="0.00703978538513"></testcase><testcase classname="modules.test_na_ontap_ports.TestMyModule" file="modules/test_na_ontap_ports.py" line="160" name="test_remove_add_portset_ports" time="0.00821900367737"></testcase><testcase classname="modules.test_na_ontap_qos_policy_group.TestMyModule" file="modules/test_na_ontap_qos_policy_group.py" line="168" name="test_successful_create" time="0.00751376152039"></testcase><testcase classname="modules.test_na_ontap_ports.TestMyModule" file="modules/test_na_ontap_ports.py" line="94" name="test_successfully_add_broadcast_domain_ports" time="0.00805711746216"></testcase><testcase classname="modules.test_na_ontap_qos_policy_group.TestMyModule" file="modules/test_na_ontap_qos_policy_group.py" line="195" name="test_successful_delete" time="0.00796818733215"></testcase><testcase classname="modules.test_na_ontap_ports.TestMyModule" file="modules/test_na_ontap_ports.py" line="120" name="test_successfully_add_portset_ports" time="0.00936198234558"></testcase><testcase classname="modules.test_na_ontap_qos_policy_group.TestMyModule" file="modules/test_na_ontap_qos_policy_group.py" line="232" name="test_successful_modify_max_throughput" time="0.0085780620575"></testcase><testcase classname="modules.test_na_ontap_ports.TestMyModule" file="modules/test_na_ontap_ports.py" line="146" name="test_successfully_remove_broadcast_domain_ports" time="0.00879597663879"></testcase><testcase classname="modules.test_na_ontap_qtree.TestMyModule" file="modules/test_na_ontap_qtree.py" line="163" name="test_ensure_get_called" time="0.0117039680481"></testcase><testcase classname="modules.test_na_ontap_portset.TestMyModule" file="modules/test_na_ontap_portset.py" line="177" name="test_delete_portset" time="0.00700116157532"><system-out>&lt;xml&gt;&lt;attributes-list&gt;&lt;portset-info&gt;&lt;vserver/&gt;&lt;portset-name/&gt;&lt;portset-type/&gt;&lt;portset-port-total&gt;0&lt;/portset-port-total&gt;&lt;/portset-info&gt;&lt;/attributes-list&gt;&lt;num-records&gt;1&lt;/num-records&gt;&lt;/xml&gt;
&lt;xml&gt;&lt;attributes-list&gt;&lt;portset-info&gt;&lt;vserver/&gt;&lt;portset-name/&gt;&lt;portset-type/&gt;&lt;portset-port-total&gt;0&lt;/portset-port-total&gt;&lt;/portset-info&gt;&lt;/attributes-list&gt;&lt;num-records&gt;1&lt;/num-records&gt;&lt;/xml&gt;
&lt;xml&gt;&lt;attributes-list&gt;&lt;portset-info&gt;&lt;vserver/&gt;&lt;portset-name/&gt;&lt;portset-type/&gt;&lt;portset-port-total&gt;0&lt;/portset-port-total&gt;&lt;/portset-info&gt;&lt;/attributes-list&gt;&lt;num-records&gt;1&lt;/num-records&gt;&lt;/xml&gt;
Info: test_portset_apply: AnsibleExitJson({&apos;changed&apos;: True},)
</system-out></testcase><testcase classname="modules.test_na_ontap_qtree.TestMyModule" file="modules/test_na_ontap_qtree.py" line="170" name="test_ensure_get_called_existing" time="0.0122580528259"></testcase><testcase classname="modules.test_na_ontap_portset.TestMyModule" file="modules/test_na_ontap_portset.py" line="139" name="test_ensure_portset_apply_called" time="0.00758600234985"><system-out>Info: test_portset_get: None
Info: test_portset_apply: AnsibleExitJson({&apos;changed&apos;: True},)
&lt;xml&gt;&lt;attributes-list&gt;&lt;portset-info&gt;&lt;vserver&gt;vserver&lt;/vserver&gt;&lt;portset-name&gt;create&lt;/portset-name&gt;&lt;portset-type&gt;mixed&lt;/portset-type&gt;&lt;portset-port-total&gt;0&lt;/portset-port-total&gt;&lt;/portset-info&gt;&lt;/attributes-list&gt;&lt;num-records&gt;1&lt;/num-records&gt;&lt;/xml&gt;
Info: test_portset_get: {&apos;ports&apos;: []}
&lt;xml&gt;&lt;attributes-list&gt;&lt;portset-info&gt;&lt;vserver&gt;vserver&lt;/vserver&gt;&lt;portset-name&gt;create&lt;/portset-name&gt;&lt;portset-type&gt;mixed&lt;/portset-type&gt;&lt;portset-port-total&gt;0&lt;/portset-port-total&gt;&lt;/portset-info&gt;&lt;/attributes-list&gt;&lt;num-records&gt;1&lt;/num-records&gt;&lt;/xml&gt;
&lt;xml&gt;&lt;attributes-list&gt;&lt;portset-info&gt;&lt;vserver&gt;vserver&lt;/vserver&gt;&lt;portset-name&gt;create&lt;/portset-name&gt;&lt;portset-type&gt;mixed&lt;/portset-type&gt;&lt;portset-port-total&gt;0&lt;/portset-port-total&gt;&lt;/portset-info&gt;&lt;/attributes-list&gt;&lt;num-records&gt;1&lt;/num-records&gt;&lt;/xml&gt;
&lt;xml&gt;&lt;attributes-list&gt;&lt;portset-info&gt;&lt;vserver&gt;vserver&lt;/vserver&gt;&lt;portset-name&gt;create&lt;/portset-name&gt;&lt;portset-type&gt;mixed&lt;/portset-type&gt;&lt;portset-port-total&gt;0&lt;/portset-port-total&gt;&lt;/portset-info&gt;&lt;/attributes-list&gt;&lt;num-records&gt;1&lt;/num-records&gt;&lt;/xml&gt;
&lt;xml&gt;&lt;attributes-list&gt;&lt;portset-info&gt;&lt;vserver&gt;vserver&lt;/vserver&gt;&lt;portset-name&gt;create&lt;/portset-name&gt;&lt;portset-type&gt;mixed&lt;/portset-type&gt;&lt;portset-port-total&gt;0&lt;/portset-port-total&gt;&lt;/portset-info&gt;&lt;/attributes-list&gt;&lt;num-records&gt;1&lt;/num-records&gt;&lt;/xml&gt;
Info: test_portset_apply: AnsibleExitJson({&apos;changed&apos;: True},)
</system-out></testcase><testcase classname="modules.test_na_ontap_qtree.TestMyModule" file="modules/test_na_ontap_qtree.py" line="288" name="test_idempotent_create_rest" time="0.00749707221985"></testcase><testcase classname="modules.test_na_ontap_portset.TestMyModule" file="modules/test_na_ontap_portset.py" line="130" name="test_ensure_portset_get_called" time="0.00698518753052"><system-out>Info: test_portset_get: None
</system-out></testcase><testcase classname="modules.test_na_ontap_qtree.TestMyModule" file="modules/test_na_ontap_qtree.py" line="316" name="test_idempotent_delete_rest" time="0.00732326507568"></testcase><testcase classname="modules.test_na_ontap_portset.TestMyModule" file="modules/test_na_ontap_portset.py" line="164" name="test_modify_ports" time="0.00793790817261"><system-out>&lt;xml&gt;&lt;attributes-list&gt;&lt;portset-info&gt;&lt;vserver/&gt;&lt;portset-name/&gt;&lt;portset-type/&gt;&lt;portset-port-total&gt;0&lt;/portset-port-total&gt;&lt;/portset-info&gt;&lt;/attributes-list&gt;&lt;num-records&gt;1&lt;/num-records&gt;&lt;/xml&gt;
&lt;xml&gt;&lt;attributes-list&gt;&lt;portset-info&gt;&lt;vserver/&gt;&lt;portset-name/&gt;&lt;portset-type/&gt;&lt;portset-port-total&gt;0&lt;/portset-port-total&gt;&lt;/portset-info&gt;&lt;/attributes-list&gt;&lt;num-records&gt;1&lt;/num-records&gt;&lt;/xml&gt;
&lt;xml&gt;&lt;attributes-list&gt;&lt;portset-info&gt;&lt;vserver/&gt;&lt;portset-name/&gt;&lt;portset-type/&gt;&lt;portset-port-total&gt;0&lt;/portset-port-total&gt;&lt;/portset-info&gt;&lt;/attributes-list&gt;&lt;num-records&gt;1&lt;/num-records&gt;&lt;/xml&gt;
&lt;xml&gt;&lt;attributes-list&gt;&lt;portset-info&gt;&lt;vserver/&gt;&lt;portset-name/&gt;&lt;portset-type/&gt;&lt;portset-port-total&gt;0&lt;/portset-port-total&gt;&lt;/portset-info&gt;&lt;/attributes-list&gt;&lt;num-records&gt;1&lt;/num-records&gt;&lt;/xml&gt;
Info: test_portset_apply: AnsibleExitJson({&apos;changed&apos;: True},)
</system-out></testcase><testcase classname="modules.test_na_ontap_qtree.TestMyModule" file="modules/test_na_ontap_qtree.py" line="346" name="test_idempotent_modify_rest" time="0.00693798065186"></testcase><testcase classname="modules.test_na_ontap_portset.TestMyModule" file="modules/test_na_ontap_portset.py" line="123" name="test_module_fail_when_required_args_missing" time="0.00394296646118"><system-out>Info: missing required arguments: username, name, hostname, vserver, password
</system-out></testcase><testcase classname="modules.test_na_ontap_qtree.TestMyModule" file="modules/test_na_ontap_qtree.py" line="241" name="test_if_all_methods_catch_exception" time="0.0208361148834"></testcase><testcase classname="modules.test_na_ontap_qos_adaptive_policy_group.TestMyModule" file="modules/test_na_ontap_qos_adaptive_policy_group.py" line="190" name="test_create_error" time="0.00801515579224"></testcase><testcase classname="modules.test_na_ontap_qtree.TestMyModule" file="modules/test_na_ontap_qtree.py" line="156" name="test_module_fail_when_required_args_missing" time="0.00535774230957"><system-out>Info: missing required arguments: username, name, hostname, vserver, password
</system-out></testcase><testcase classname="modules.test_na_ontap_qos_adaptive_policy_group.TestMyModule" file="modules/test_na_ontap_qos_adaptive_policy_group.py" line="164" name="test_create_error_missing_param" time="0.00635409355164"></testcase><testcase classname="modules.test_na_ontap_qtree.TestMyModule" file="modules/test_na_ontap_qtree.py" line="261" name="test_rest_error" time="0.00697374343872"></testcase><testcase classname="modules.test_na_ontap_qos_adaptive_policy_group.TestMyModule" file="modules/test_na_ontap_qos_adaptive_policy_group.py" line="182" name="test_create_idempotency" time="0.00735425949097"></testcase><testcase classname="modules.test_na_ontap_qtree.TestMyModule" file="modules/test_na_ontap_qtree.py" line="177" name="test_successful_create" time="0.0168960094452"></testcase><testcase classname="modules.test_na_ontap_qos_adaptive_policy_group.TestMyModule" file="modules/test_na_ontap_qos_adaptive_policy_group.py" line="219" name="test_delete_error" time="0.00740337371826"></testcase><testcase classname="modules.test_na_ontap_qtree.TestMyModule" file="modules/test_na_ontap_qtree.py" line="274" name="test_successful_create_rest" time="0.00614595413208"></testcase><testcase classname="modules.test_na_ontap_qos_adaptive_policy_group.TestMyModule" file="modules/test_na_ontap_qos_adaptive_policy_group.py" line="210" name="test_delete_idempotency" time="0.00718307495117"></testcase><testcase classname="modules.test_na_ontap_qtree.TestMyModule" file="modules/test_na_ontap_qtree.py" line="197" name="test_successful_delete" time="0.0154647827148"></testcase><testcase classname="modules.test_na_ontap_qos_adaptive_policy_group.TestMyModule" file="modules/test_na_ontap_qos_adaptive_policy_group.py" line="157" name="test_get_existing_policy_group" time="0.00703430175781"></testcase><testcase classname="modules.test_na_ontap_qtree.TestMyModule" file="modules/test_na_ontap_qtree.py" line="301" name="test_successful_delete_rest" time="0.00775003433228"></testcase><testcase classname="modules.test_na_ontap_qos_adaptive_policy_group.TestMyModule" file="modules/test_na_ontap_qos_adaptive_policy_group.py" line="151" name="test_get_nonexistent_policy" time="0.0073561668396"></testcase><testcase classname="modules.test_na_ontap_qtree.TestMyModule" file="modules/test_na_ontap_qtree.py" line="218" name="test_successful_modify" time="0.016585111618"></testcase><testcase classname="modules.test_na_ontap_qos_adaptive_policy_group.TestMyModule" file="modules/test_na_ontap_qos_adaptive_policy_group.py" line="257" name="test_modify_error" time="0.00906753540039"></testcase><testcase classname="modules.test_na_ontap_qtree.TestMyModule" file="modules/test_na_ontap_qtree.py" line="330" name="test_successful_modify_rest" time="0.00622296333313"></testcase><testcase classname="modules.test_na_ontap_qos_adaptive_policy_group.TestMyModule" file="modules/test_na_ontap_qos_adaptive_policy_group.py" line="249" name="test_modify_expected_iops_idempotency" time="0.00860095024109"></testcase><testcase classname="modules.test_na_ontap_qos_adaptive_policy_group.TestMyModule" file="modules/test_na_ontap_qos_adaptive_policy_group.py" line="144" name="test_module_fail_when_required_args_missing" time="0.00487613677979"><system-out>Info: missing required arguments: username, name, hostname, vserver, password
</system-out></testcase><testcase classname="modules.test_na_ontap_quotas.TestMyModule" file="modules/test_na_ontap_quotas.py" line="128" name="test_ensure_get_called" time="0.00592494010925"></testcase><testcase classname="modules.test_na_ontap_qos_adaptive_policy_group.TestMyModule" file="modules/test_na_ontap_qos_adaptive_policy_group.py" line="278" name="test_rename" time="0.00935697555542"></testcase><testcase classname="modules.test_na_ontap_quotas.TestMyModule" file="modules/test_na_ontap_quotas.py" line="135" name="test_ensure_get_called_existing" time="0.0066180229187"></testcase><testcase classname="modules.test_na_ontap_qos_adaptive_policy_group.TestMyModule" file="modules/test_na_ontap_qos_adaptive_policy_group.py" line="324" name="test_rename_error" time="0.00897884368896"></testcase><testcase classname="modules.test_na_ontap_quotas.TestMyModule" file="modules/test_na_ontap_quotas.py" line="213" name="test_if_all_methods_catch_exception" time="0.0081958770752"></testcase><testcase classname="modules.test_na_ontap_qos_adaptive_policy_group.TestMyModule" file="modules/test_na_ontap_qos_adaptive_policy_group.py" line="301" name="test_rename_idempotency" time="0.00836324691772"></testcase><testcase classname="modules.test_na_ontap_quotas.TestMyModule" file="modules/test_na_ontap_quotas.py" line="121" name="test_module_fail_when_required_args_missing" time="0.00484919548035"><system-out>Info: missing required arguments: username, quota_target, volume, hostname, vserver, type, password
</system-out></testcase><testcase classname="modules.test_na_ontap_qos_adaptive_policy_group.TestMyModule" file="modules/test_na_ontap_qos_adaptive_policy_group.py" line="174" name="test_successful_create" time="0.00872468948364"></testcase><testcase classname="modules.test_na_ontap_quotas.TestMyModule" file="modules/test_na_ontap_quotas.py" line="201" name="test_quota_on_off" time="0.00768685340881"></testcase><testcase classname="modules.test_na_ontap_qos_adaptive_policy_group.TestMyModule" file="modules/test_na_ontap_qos_adaptive_policy_group.py" line="201" name="test_successful_delete" time="0.00814485549927"></testcase><testcase classname="modules.test_na_ontap_quotas.TestMyModule" file="modules/test_na_ontap_quotas.py" line="142" name="test_successful_create" time="0.00983285903931"></testcase><testcase classname="modules.test_na_ontap_quotas.TestMyModule" file="modules/test_na_ontap_quotas.py" line="168" name="test_successful_delete" time="0.0100440979004"></testcase><testcase classname="modules.test_na_ontap_snapmirror.TestMyModule" file="modules/test_na_ontap_snapmirror.py" line="267" name="test_successful_delete_check_get_destination" time="0.00784635543823"></testcase><testcase classname="modules.test_na_ontap_quotas.TestMyModule" file="modules/test_na_ontap_quotas.py" line="189" name="test_successful_modify" time="0.00715398788452"></testcase><testcase classname="modules.test_na_ontap_snapmirror.TestMyModule" file="modules/test_na_ontap_snapmirror.py" line="254" name="test_successful_delete_error_check" time="0.00852918624878"></testcase><testcase classname="modules.test_na_ontap_rest_cli.TestMyModule" file="modules/test_na_ontap_rest_cli.py" line="103" name="test_module_fail_when_required_args_missing" time="0.00434112548828"><system-out>Info: missing required arguments: username, hostname, command, verb, password
</system-out></testcase><testcase classname="modules.test_na_ontap_snapmirror.TestMyModule" file="modules/test_na_ontap_snapmirror.py" line="186" name="test_successful_element_ontap_create" time="0.00927209854126"></testcase><testcase classname="modules.test_na_ontap_rest_cli.TestMyModule" file="modules/test_na_ontap_rest_cli.py" line="110" name="test_rest_cli" time="0.00665426254272"></testcase><testcase classname="modules.test_na_ontap_snapmirror.TestMyModule" file="modules/test_na_ontap_snapmirror.py" line="342" name="test_successful_initialize" time="0.0115830898285"></testcase><testcase classname="modules.test_na_ontap_security_key_manager.TestMyModule" file="modules/test_na_ontap_security_key_manager.py" line="144" name="test_get_existing_key_manager" time="0.00751686096191"></testcase><testcase classname="modules.test_na_ontap_snapmirror.TestMyModule" file="modules/test_na_ontap_snapmirror.py" line="315" name="test_successful_modify" time="0.012335062027"></testcase><testcase classname="modules.test_na_ontap_security_key_manager.TestMyModule" file="modules/test_na_ontap_security_key_manager.py" line="138" name="test_get_nonexistent_key_manager" time="0.00624990463257"></testcase><testcase classname="modules.test_na_ontap_snapmirror.TestMyModule" file="modules/test_na_ontap_snapmirror.py" line="205" name="test_successful_ontap_element_create" time="0.00981116294861"></testcase><testcase classname="modules.test_na_ontap_security_key_manager.TestMyModule" file="modules/test_na_ontap_security_key_manager.py" line="131" name="test_module_fail_when_required_args_missing" time="0.00493788719177"><system-out>Info: missing required arguments: username, hostname, ip_address, password
</system-out></testcase><testcase classname="modules.test_na_ontap_snapmirror.TestMyModule" file="modules/test_na_ontap_snapmirror.py" line="366" name="test_successful_update" time="0.00952792167664"></testcase><testcase classname="modules.test_na_ontap_security_key_manager.TestMyModule" file="modules/test_na_ontap_security_key_manager.py" line="150" name="test_successfully_add_key_manager" time="0.00760078430176"></testcase><testcase classname="modules.test_na_ontap_snapshot.TestMyModule" file="modules/test_na_ontap_snapshot.py" line="131" name="test_ensure_get_called" time="0.00592708587646"></testcase><testcase classname="modules.test_na_ontap_security_key_manager.TestMyModule" file="modules/test_na_ontap_security_key_manager.py" line="164" name="test_successfully_delete_key_manager" time="0.00740885734558"></testcase><testcase classname="modules.test_na_ontap_snapshot.TestMyModule" file="modules/test_na_ontap_snapshot.py" line="138" name="test_ensure_get_called_existing" time="0.00750803947449"></testcase><testcase classname="modules.test_na_ontap_service_processor_network.TestMyModule" file="modules/test_na_ontap_service_processor_network.py" line="182" name="test_modify_error_on_disabled_sp" time="0.0076630115509"></testcase><testcase classname="modules.test_na_ontap_snapshot.TestMyModule" file="modules/test_na_ontap_snapshot.py" line="210" name="test_if_all_methods_catch_exception" time="0.00802135467529"></testcase><testcase classname="modules.test_na_ontap_service_processor_network.TestMyModule" file="modules/test_na_ontap_service_processor_network.py" line="192" name="test_modify_sp" time="0.0082631111145"></testcase><testcase classname="modules.test_na_ontap_snapshot.TestMyModule" file="modules/test_na_ontap_snapshot.py" line="124" name="test_module_fail_when_required_args_missing" time="0.0049741268158"><system-out>Info: missing required arguments: username, volume, hostname, vserver, snapshot, password
</system-out></testcase><testcase classname="modules.test_na_ontap_service_processor_network.TestMyModule" file="modules/test_na_ontap_service_processor_network.py" line="201" name="test_modify_sp_wait" time="0.00856590270996"></testcase><testcase classname="modules.test_na_ontap_snapshot.TestMyModule" file="modules/test_na_ontap_snapshot.py" line="145" name="test_successful_create" time="0.00999093055725"></testcase><testcase classname="modules.test_na_ontap_service_processor_network.TestMyModule" file="modules/test_na_ontap_service_processor_network.py" line="175" name="test_module_fail_when_required_args_missing" time="0.00532817840576"><system-out>Info: missing required arguments: username, node, is_enabled, hostname, address_type, password
</system-out></testcase><testcase classname="modules.test_na_ontap_snapshot.TestMyModule" file="modules/test_na_ontap_snapshot.py" line="189" name="test_successful_delete" time="0.0107669830322"></testcase><testcase classname="modules.test_na_ontap_service_processor_network.TestMyModule" file="modules/test_na_ontap_service_processor_network.py" line="211" name="test_non_existing_sp" time="0.00723719596863"></testcase><testcase classname="modules.test_na_ontap_snapshot.TestMyModule" file="modules/test_na_ontap_snapshot.py" line="164" name="test_successful_modify" time="0.00933504104614"></testcase><testcase classname="modules.test_na_ontap_service_processor_network.TestMyModule" file="modules/test_na_ontap_service_processor_network.py" line="220" name="test_wait_on_sp_status" time="0.0111489295959"></testcase><testcase classname="modules.test_na_ontap_snapshot_policy.TestMyModule" file="modules/test_na_ontap_snapshot_policy.py" line="318" name="test_ensure_get_called" time="0.00601577758789"></testcase><testcase classname="modules.test_na_ontap_snapmirror.TestMyModule" file="modules/test_na_ontap_snapmirror.py" line="455" name="test_check_elementsw_params_invalid" time="0.00720286369324"></testcase><testcase classname="modules.test_na_ontap_snapshot_policy.TestMyModule" file="modules/test_na_ontap_snapshot_policy.py" line="325" name="test_ensure_get_called_existing" time="0.00619697570801"></testcase><testcase classname="modules.test_na_ontap_snapmirror.TestMyModule" file="modules/test_na_ontap_snapmirror.py" line="442" name="test_check_elementsw_params_negative" time="0.00648784637451"></testcase><testcase classname="modules.test_na_ontap_snapshot_policy.TestMyModule" file="modules/test_na_ontap_snapshot_policy.py" line="641" name="test_if_all_methods_catch_exception" time="0.00746178627014"></testcase><testcase classname="modules.test_na_ontap_snapmirror.TestMyModule" file="modules/test_na_ontap_snapmirror.py" line="423" name="test_check_elementsw_params_source" time="0.0130159854889"></testcase><testcase classname="modules.test_na_ontap_snapshot_policy.TestMyModule" file="modules/test_na_ontap_snapshot_policy.py" line="557" name="test_invalid_params" time="0.00731134414673"></testcase><testcase classname="modules.test_na_ontap_snapmirror.TestMyModule" file="modules/test_na_ontap_snapmirror.py" line="467" name="test_elementsw_source_path_format" time="0.00790691375732"></testcase><testcase classname="modules.test_na_ontap_snapshot_policy.TestMyModule" file="modules/test_na_ontap_snapshot_policy.py" line="574" name="test_invalid_schedule_count" time="0.00712108612061"></testcase><testcase classname="modules.test_na_ontap_snapmirror.TestMyModule" file="modules/test_na_ontap_snapmirror.py" line="396" name="test_elementsw_svip_exists" time="0.00661587715149"></testcase><testcase classname="modules.test_na_ontap_snapshot_policy.TestMyModule" file="modules/test_na_ontap_snapshot_policy.py" line="608" name="test_invalid_schedule_count_is_none" time="0.0057270526886"></testcase><testcase classname="modules.test_na_ontap_snapmirror.TestMyModule" file="modules/test_na_ontap_snapmirror.py" line="409" name="test_elementsw_svip_exists_negative" time="0.00737190246582"></testcase><testcase classname="modules.test_na_ontap_snapshot_policy.TestMyModule" file="modules/test_na_ontap_snapshot_policy.py" line="591" name="test_invalid_schedule_count_less_than_one" time="0.00618505477905"></testcase><testcase classname="modules.test_na_ontap_snapmirror.TestMyModule" file="modules/test_na_ontap_snapmirror.py" line="380" name="test_elementsw_volume_exists" time="0.00663304328918"></testcase><testcase classname="modules.test_na_ontap_snapshot_policy.TestMyModule" file="modules/test_na_ontap_snapshot_policy.py" line="625" name="test_invalid_schedule_count_with_snapmirror_labels" time="0.00648260116577"></testcase><testcase classname="modules.test_na_ontap_snapmirror.TestMyModule" file="modules/test_na_ontap_snapmirror.py" line="147" name="test_ensure_get_called" time="0.00632500648499"></testcase><testcase classname="modules.test_na_ontap_snapshot_policy.TestMyModule" file="modules/test_na_ontap_snapshot_policy.py" line="311" name="test_module_fail_when_required_args_missing" time="0.0046558380127"><system-out>Info: missing required arguments: username, name, hostname, password
</system-out></testcase><testcase classname="modules.test_na_ontap_snapmirror.TestMyModule" file="modules/test_na_ontap_snapmirror.py" line="154" name="test_ensure_get_called_existing" time="0.00658798217773"></testcase><testcase classname="modules.test_na_ontap_snapshot_policy.TestMyModule" file="modules/test_na_ontap_snapshot_policy.py" line="332" name="test_successful_create" time="0.0103261470795"></testcase><testcase classname="modules.test_na_ontap_snapmirror.TestMyModule" file="modules/test_na_ontap_snapmirror.py" line="527" name="test_if_all_methods_catch_exception" time="0.0133409500122"></testcase><testcase classname="modules.test_na_ontap_snapshot_policy.TestMyModule" file="modules/test_na_ontap_snapshot_policy.py" line="502" name="test_successful_delete" time="0.00960326194763"></testcase><testcase classname="modules.test_na_ontap_snapmirror.TestMyModule" file="modules/test_na_ontap_snapmirror.py" line="140" name="test_module_fail_when_required_args_missing" time="0.00453782081604"><system-out>Info: missing required arguments: username, password, hostname
</system-out></testcase><testcase classname="modules.test_na_ontap_snapshot_policy.TestMyModule" file="modules/test_na_ontap_snapshot_policy.py" line="377" name="test_successful_disable_policy" time="0.0121691226959"></testcase><testcase classname="modules.test_na_ontap_snapmirror.TestMyModule" file="modules/test_na_ontap_snapmirror.py" line="496" name="test_remote_volume_exists" time="0.00731897354126"></testcase><testcase classname="modules.test_na_ontap_snapshot_policy.TestMyModule" file="modules/test_na_ontap_snapshot_policy.py" line="401" name="test_successful_enable_policy" time="0.0100471973419"></testcase><testcase classname="modules.test_na_ontap_snapmirror.TestMyModule" file="modules/test_na_ontap_snapmirror.py" line="480" name="test_set_elem_connection" time="0.00831818580627"></testcase><testcase classname="modules.test_na_ontap_snapshot_policy.TestMyModule" file="modules/test_na_ontap_snapshot_policy.py" line="353" name="test_successful_modify_comment" time="0.0104339122772"></testcase><testcase classname="modules.test_na_ontap_snapmirror.TestMyModule" file="modules/test_na_ontap_snapmirror.py" line="511" name="test_set_elem_connection_destination" time="0.00913214683533"></testcase><testcase classname="modules.test_na_ontap_snapshot_policy.TestMyModule" file="modules/test_na_ontap_snapshot_policy.py" line="477" name="test_successful_modify_schedules" time="0.0126791000366"></testcase><testcase classname="modules.test_na_ontap_snapmirror.TestMyModule" file="modules/test_na_ontap_snapmirror.py" line="281" name="test_snapmirror_release" time="0.00670099258423"></testcase><testcase classname="modules.test_na_ontap_snapshot_policy.TestMyModule" file="modules/test_na_ontap_snapshot_policy.py" line="426" name="test_successful_modify_schedules_add" time="0.0114078521729"></testcase><testcase classname="modules.test_na_ontap_snapmirror.TestMyModule" file="modules/test_na_ontap_snapmirror.py" line="291" name="test_successful_abort" time="0.0106811523438"></testcase><testcase classname="modules.test_na_ontap_snapshot_policy.TestMyModule" file="modules/test_na_ontap_snapshot_policy.py" line="452" name="test_successful_modify_schedules_delete" time="0.0117099285126"></testcase><testcase classname="modules.test_na_ontap_snapmirror.TestMyModule" file="modules/test_na_ontap_snapmirror.py" line="161" name="test_successful_create" time="0.0112442970276"></testcase><testcase classname="modules.test_na_ontap_snapshot_policy.TestMyModule" file="modules/test_na_ontap_snapshot_policy.py" line="525" name="test_valid_schedule_count" time="0.00777792930603"></testcase><testcase classname="modules.test_na_ontap_snapmirror.TestMyModule" file="modules/test_na_ontap_snapmirror.py" line="229" name="test_successful_delete" time="0.0109570026398"></testcase><testcase classname="modules.test_na_ontap_snapshot_policy.TestMyModule" file="modules/test_na_ontap_snapshot_policy.py" line="540" name="test_valid_schedule_count_with_snapmirror_labels" time="0.00893688201904"></testcase><testcase classname="modules.test_na_ontap_svm.TestMyModule" file="modules/test_na_ontap_svm.py" line="283" name="test_successful_modify_snapshot_policy" time="0.0100548267365"></testcase><testcase classname="modules.test_na_ontap_software_update.TestMyModule" file="modules/test_na_ontap_software_update.py" line="143" name="test_ensure_apply_for_update_called" time="0.00795030593872"><system-out>Info: test_software_update_apply: AnsibleExitJson({&apos;changed&apos;: False},)
&lt;xml&gt;&lt;attributes&gt;&lt;ndu-progress-info&gt;&lt;overall-status&gt;completed&lt;/overall-status&gt;&lt;completed-node-count&gt;0&lt;/completed-node-count&gt;&lt;/ndu-progress-info&gt;&lt;/attributes&gt;&lt;progress-status&gt;async_pkg_get_phase_complete&lt;/progress-status&gt;&lt;attributes-list&gt;&lt;cluster-image-info&gt;&lt;node-id&gt;abc&lt;/node-id&gt;&lt;/cluster-image-info&gt;&lt;/attributes-list&gt;&lt;num-records&gt;1&lt;/num-records&gt;&lt;/xml&gt;
&lt;xml&gt;&lt;attributes&gt;&lt;ndu-progress-info&gt;&lt;overall-status&gt;completed&lt;/overall-status&gt;&lt;completed-node-count&gt;0&lt;/completed-node-count&gt;&lt;/ndu-progress-info&gt;&lt;/attributes&gt;&lt;progress-status&gt;async_pkg_get_phase_complete&lt;/progress-status&gt;&lt;attributes-list&gt;&lt;cluster-image-info&gt;&lt;node-id&gt;abc&lt;/node-id&gt;&lt;/cluster-image-info&gt;&lt;/attributes-list&gt;&lt;num-records&gt;1&lt;/num-records&gt;&lt;/xml&gt;
&lt;xml&gt;&lt;attributes&gt;&lt;ndu-progress-info&gt;&lt;overall-status&gt;completed&lt;/overall-status&gt;&lt;completed-node-count&gt;0&lt;/completed-node-count&gt;&lt;/ndu-progress-info&gt;&lt;/attributes&gt;&lt;progress-status&gt;async_pkg_get_phase_complete&lt;/progress-status&gt;&lt;attributes-list&gt;&lt;cluster-image-info&gt;&lt;node-id&gt;abc&lt;/node-id&gt;&lt;/cluster-image-info&gt;&lt;/attributes-list&gt;&lt;num-records&gt;1&lt;/num-records&gt;&lt;/xml&gt;
&lt;xml&gt;&lt;attributes&gt;&lt;ndu-progress-info&gt;&lt;overall-status&gt;completed&lt;/overall-status&gt;&lt;completed-node-count&gt;0&lt;/completed-node-count&gt;&lt;/ndu-progress-info&gt;&lt;/attributes&gt;&lt;progress-status&gt;async_pkg_get_phase_complete&lt;/progress-status&gt;&lt;attributes-list&gt;&lt;cluster-image-info&gt;&lt;node-id&gt;abc&lt;/node-id&gt;&lt;/cluster-image-info&gt;&lt;/attributes-list&gt;&lt;num-records&gt;1&lt;/num-records&gt;&lt;/xml&gt;
&lt;xml&gt;&lt;attributes&gt;&lt;ndu-progress-info&gt;&lt;overall-status&gt;completed&lt;/overall-status&gt;&lt;completed-node-count&gt;0&lt;/completed-node-count&gt;&lt;/ndu-progress-info&gt;&lt;/attributes&gt;&lt;progress-status&gt;async_pkg_get_phase_complete&lt;/progress-status&gt;&lt;attributes-list&gt;&lt;cluster-image-info&gt;&lt;node-id&gt;abc&lt;/node-id&gt;&lt;/cluster-image-info&gt;&lt;/attributes-list&gt;&lt;num-records&gt;1&lt;/num-records&gt;&lt;/xml&gt;
&lt;xml&gt;&lt;attributes&gt;&lt;ndu-progress-info&gt;&lt;overall-status&gt;completed&lt;/overall-status&gt;&lt;completed-node-count&gt;0&lt;/completed-node-count&gt;&lt;/ndu-progress-info&gt;&lt;/attributes&gt;&lt;progress-status&gt;async_pkg_get_phase_complete&lt;/progress-status&gt;&lt;attributes-list&gt;&lt;cluster-image-info&gt;&lt;node-id&gt;abc&lt;/node-id&gt;&lt;/cluster-image-info&gt;&lt;/attributes-list&gt;&lt;num-records&gt;1&lt;/num-records&gt;&lt;/xml&gt;
&lt;xml&gt;&lt;attributes&gt;&lt;ndu-progress-info&gt;&lt;overall-status&gt;completed&lt;/overall-status&gt;&lt;completed-node-count&gt;0&lt;/completed-node-count&gt;&lt;/ndu-progress-info&gt;&lt;/attributes&gt;&lt;progress-status&gt;async_pkg_get_phase_complete&lt;/progress-status&gt;&lt;attributes-list&gt;&lt;cluster-image-info&gt;&lt;node-id&gt;abc&lt;/node-id&gt;&lt;/cluster-image-info&gt;&lt;/attributes-list&gt;&lt;num-records&gt;1&lt;/num-records&gt;&lt;/xml&gt;
Info: test_software_update_apply: AnsibleExitJson({&apos;changed&apos;: True},)
</system-out></testcase><testcase classname="modules.test_na_ontap_svm.TestMyModule" file="modules/test_na_ontap_svm.py" line="251" name="test_successful_rename" time="0.00904536247253"></testcase><testcase classname="modules.test_na_ontap_software_update.TestMyModule" file="modules/test_na_ontap_software_update.py" line="134" name="test_ensure_image_get_called" time="0.00806093215942"><system-out>Info: test_software_update_get: None
</system-out></testcase><testcase classname="modules.test_na_ontap_template.TestMyModule" file="modules/test_na_ontap_template.py" line="99" name="test_ensure_command_called" time="0.00810384750366"></testcase><testcase classname="modules.test_na_ontap_software_update.TestMyModule" file="modules/test_na_ontap_software_update.py" line="127" name="test_module_fail_when_required_args_missing" time="0.00652194023132"><system-out>Info: missing required arguments: username, package_version, hostname, package_url, password
</system-out></testcase><testcase classname="modules.test_na_ontap_template.TestMyModule" file="modules/test_na_ontap_template.py" line="92" name="test_module_fail_when_required_args_missing" time="0.00474166870117"><system-out>Info: missing required arguments: username, volumes, hostname, vserver, snapshot, password
</system-out></testcase><testcase classname="modules.test_na_ontap_svm.TestMyModule" file="modules/test_na_ontap_svm.py" line="201" name="test_create_error_missing_name" time="0.00417733192444"></testcase><testcase classname="modules.test_na_ontap_svm.TestMyModule" file="modules/test_na_ontap_svm.py" line="221" name="test_create_idempotency" time="0.00879812240601"></testcase><testcase classname="modules.test_na_ontap_ucadapter.TestMyModule" file="modules/test_na_ontap_ucadapter.py" line="138" name="test_ensure_apply_for_ucadapter_called" time="0.0105328559875"><system-out>Info: test_ucadapter_apply: AnsibleExitJson({&apos;changed&apos;: False},)
&lt;xml&gt;&lt;attributes&gt;&lt;uc-adapter-info&gt;&lt;status&gt;up&lt;/status&gt;&lt;pending-type&gt;intitiator&lt;/pending-type&gt;&lt;type&gt;target&lt;/type&gt;&lt;mode&gt;fc&lt;/mode&gt;&lt;pending-mode&gt;abc&lt;/pending-mode&gt;&lt;/uc-adapter-info&gt;&lt;/attributes&gt;&lt;/xml&gt;
&lt;xml&gt;&lt;attributes&gt;&lt;uc-adapter-info&gt;&lt;status&gt;up&lt;/status&gt;&lt;pending-type&gt;intitiator&lt;/pending-type&gt;&lt;type&gt;target&lt;/type&gt;&lt;mode&gt;fc&lt;/mode&gt;&lt;pending-mode&gt;abc&lt;/pending-mode&gt;&lt;/uc-adapter-info&gt;&lt;/attributes&gt;&lt;/xml&gt;
&lt;xml&gt;&lt;attributes&gt;&lt;uc-adapter-info&gt;&lt;status&gt;up&lt;/status&gt;&lt;pending-type&gt;intitiator&lt;/pending-type&gt;&lt;type&gt;target&lt;/type&gt;&lt;mode&gt;fc&lt;/mode&gt;&lt;pending-mode&gt;abc&lt;/pending-mode&gt;&lt;/uc-adapter-info&gt;&lt;/attributes&gt;&lt;/xml&gt;
&lt;xml&gt;&lt;attributes&gt;&lt;uc-adapter-info&gt;&lt;status&gt;up&lt;/status&gt;&lt;pending-type&gt;intitiator&lt;/pending-type&gt;&lt;type&gt;target&lt;/type&gt;&lt;mode&gt;fc&lt;/mode&gt;&lt;pending-mode&gt;abc&lt;/pending-mode&gt;&lt;/uc-adapter-info&gt;&lt;/attributes&gt;&lt;/xml&gt;
Info: test_ucadapter_apply: AnsibleExitJson({&apos;changed&apos;: True},)
</system-out></testcase><testcase classname="modules.test_na_ontap_ucadapter.TestMyModule" file="modules/test_na_ontap_ucadapter.py" line="129" name="test_ensure_ucadapter_get_called" time="0.00866627693176"><system-out>Info: test_ucadapter_get: None
</system-out></testcase><testcase classname="modules.test_na_ontap_svm.TestMyModule" file="modules/test_na_ontap_svm.py" line="240" name="test_delete_idempotency" time="0.00863981246948"></testcase><testcase classname="modules.test_na_ontap_ucadapter.TestMyModule" file="modules/test_na_ontap_ucadapter.py" line="122" name="test_module_fail_when_required_args_missing" time="0.00682497024536"><system-out>Info: missing required arguments: username, hostname, node_name, adapter_name, password
</system-out></testcase><testcase classname="modules.test_na_ontap_svm.TestMyModule" file="modules/test_na_ontap_svm.py" line="194" name="test_get_nonexistent_vserver" time="0.00740313529968"></testcase><testcase classname="modules.test_na_ontap_unix_group.TestMyModule" file="modules/test_na_ontap_unix_group.py" line="263" name="test_add_user_exception" time="0.0102710723877"></testcase><testcase classname="modules.test_na_ontap_svm.TestMyModule" file="modules/test_na_ontap_svm.py" line="187" name="test_module_fail_when_required_args_missing" time="0.00682020187378"><system-out>Info: missing required arguments: username, name, hostname, password
</system-out></testcase><testcase classname="modules.test_na_ontap_unix_group.TestMyModule" file="modules/test_na_ontap_unix_group.py" line="158" name="test_create_called" time="0.00711297988892"></testcase><testcase classname="modules.test_na_ontap_svm.TestMyModule" file="modules/test_na_ontap_svm.py" line="352" name="test_rest_create_idempotency" time="0.0085780620575"></testcase><testcase classname="modules.test_na_ontap_unix_group.TestMyModule" file="modules/test_na_ontap_unix_group.py" line="150" name="test_create_error_missing_params" time="0.00660920143127"></testcase><testcase classname="modules.test_na_ontap_svm.TestMyModule" file="modules/test_na_ontap_svm.py" line="382" name="test_rest_delete_idempotency" time="0.010525226593"></testcase><testcase classname="modules.test_na_ontap_unix_group.TestMyModule" file="modules/test_na_ontap_unix_group.py" line="245" name="test_create_exception" time="0.0092556476593"></testcase><testcase classname="modules.test_na_ontap_svm.TestMyModule" file="modules/test_na_ontap_svm.py" line="310" name="test_rest_error" time="0.00646710395813"></testcase><testcase classname="modules.test_na_ontap_unix_group.TestMyModule" file="modules/test_na_ontap_unix_group.py" line="166" name="test_create_xml" time="0.00932502746582"></testcase><testcase classname="modules.test_na_ontap_svm.TestMyModule" file="modules/test_na_ontap_svm.py" line="323" name="test_rest_error_unsupported_parm" time="0.00632119178772"></testcase><testcase classname="modules.test_na_ontap_unix_group.TestMyModule" file="modules/test_na_ontap_unix_group.py" line="179" name="test_delete_called" time="0.0080349445343"></testcase><testcase classname="modules.test_na_ontap_svm.TestMyModule" file="modules/test_na_ontap_svm.py" line="366" name="test_rest_successful_delete" time="0.00767087936401"></testcase><testcase classname="modules.test_na_ontap_unix_group.TestMyModule" file="modules/test_na_ontap_unix_group.py" line="257" name="test_delete_exception" time="0.00840210914612"></testcase><testcase classname="modules.test_na_ontap_svm.TestMyModule" file="modules/test_na_ontap_svm.py" line="415" name="test_rest_successful_modify_language" time="0.00771498680115"></testcase><testcase classname="modules.test_na_ontap_unix_group.TestMyModule" file="modules/test_na_ontap_unix_group.py" line="276" name="test_delete_user_exception" time="0.00779891014099"></testcase><testcase classname="modules.test_na_ontap_svm.TestMyModule" file="modules/test_na_ontap_svm.py" line="397" name="test_rest_successful_rename" time="0.00735807418823"></testcase><testcase classname="modules.test_na_ontap_unix_group.TestMyModule" file="modules/test_na_ontap_unix_group.py" line="224" name="test_do_nothing" time="0.00871801376343"></testcase><testcase classname="modules.test_na_ontap_svm.TestMyModule" file="modules/test_na_ontap_svm.py" line="337" name="test_rest_successfully_create" time="0.00795984268188"></testcase><testcase classname="modules.test_na_ontap_unix_group.TestMyModule" file="modules/test_na_ontap_unix_group.py" line="239" name="test_get_exception" time="0.00732278823853"></testcase><testcase classname="modules.test_na_ontap_svm.TestMyModule" file="modules/test_na_ontap_svm.py" line="211" name="test_successful_create" time="0.0090000629425"></testcase><testcase classname="modules.test_na_ontap_svm.TestMyModule" file="modules/test_na_ontap_svm.py" line="231" name="test_successful_delete" time="0.00812220573425"></testcase><testcase classname="modules.test_na_ontap_unix_group.TestMyModule" file="modules/test_na_ontap_unix_group.py" line="134" name="test_get_existing_group" time="0.00745582580566"></testcase><testcase classname="modules.test_na_ontap_svm.TestMyModule" file="modules/test_na_ontap_svm.py" line="301" name="test_successful_modify_aggr_list" time="0.0100240707397"></testcase><testcase classname="modules.test_na_ontap_unix_group.TestMyModule" file="modules/test_na_ontap_unix_group.py" line="128" name="test_get_nonexistent_group" time="0.00700402259827"></testcase><testcase classname="modules.test_na_ontap_unix_group.TestMyModule" file="modules/test_na_ontap_unix_group.py" line="140" name="test_get_xml" time="0.00701403617859"></testcase><testcase classname="modules.test_na_ontap_svm.TestMyModule" file="modules/test_na_ontap_svm.py" line="292" name="test_successful_modify_allowed_protocols" time="0.00996494293213"></testcase><testcase classname="modules.test_na_ontap_unix_group.TestMyModule" file="modules/test_na_ontap_unix_group.py" line="192" name="test_modify_called" time="0.00818610191345"></testcase><testcase classname="modules.test_na_ontap_svm.TestMyModule" file="modules/test_na_ontap_svm.py" line="274" name="test_successful_modify_language" time="0.009357213974"></testcase><testcase classname="modules.test_na_ontap_unix_group.TestMyModule" file="modules/test_na_ontap_unix_group.py" line="251" name="test_modify_exception" time="0.00620603561401"></testcase><testcase classname="modules.test_na_ontap_unix_group.TestMyModule" file="modules/test_na_ontap_unix_group.py" line="206" name="test_modify_only_id" time="0.0077006816864"><system-out>&lt;name-mapping-unix-group-modify&gt;&lt;group-name&gt;test&lt;/group-name&gt;&lt;group-id&gt;123&lt;/group-id&gt;&lt;/name-mapping-unix-group-modify&gt;
</system-out></testcase><testcase classname="modules.test_na_ontap_unix_user.TestMyModule" file="modules/test_na_ontap_unix_user.py" line="126" name="test_module_fail_when_required_args_missing" time="0.00465083122253"></testcase><testcase classname="modules.test_na_ontap_unix_group.TestMyModule" file="modules/test_na_ontap_unix_group.py" line="216" name="test_modify_xml" time="0.00715708732605"></testcase><testcase classname="modules.test_na_ontap_user.TestMyModule" file="modules/test_na_ontap_user.py" line="148" name="test_ensure_user_apply_called" time="0.00804781913757"><system-out>Info: test_user_apply: AnsibleExitJson({&apos;changed&apos;: True},)
&lt;xml&gt;&lt;attributes-list&gt;&lt;security-login-account-info&gt;&lt;is-locked&gt;false&lt;/is-locked&gt;&lt;role-name/&gt;&lt;/security-login-account-info&gt;&lt;/attributes-list&gt;&lt;num-records&gt;1&lt;/num-records&gt;&lt;/xml&gt;
&lt;xml&gt;&lt;attributes-list&gt;&lt;security-login-account-info&gt;&lt;is-locked&gt;false&lt;/is-locked&gt;&lt;role-name/&gt;&lt;/security-login-account-info&gt;&lt;/attributes-list&gt;&lt;num-records&gt;1&lt;/num-records&gt;&lt;/xml&gt;
&lt;xml&gt;&lt;attributes-list&gt;&lt;security-login-account-info&gt;&lt;is-locked&gt;false&lt;/is-locked&gt;&lt;role-name/&gt;&lt;/security-login-account-info&gt;&lt;/attributes-list&gt;&lt;num-records&gt;1&lt;/num-records&gt;&lt;/xml&gt;
Info: test_user_apply: AnsibleExitJson({&apos;changed&apos;: True},)
</system-out></testcase><testcase classname="modules.test_na_ontap_unix_group.TestMyModule" file="modules/test_na_ontap_unix_group.py" line="122" name="test_module_fail_when_required_args_missing" time="0.00559616088867"></testcase><testcase classname="modules.test_na_ontap_user.TestMyModule" file="modules/test_na_ontap_user.py" line="169" name="test_ensure_user_apply_for_delete_called" time="0.00914812088013"><system-out>&lt;xml&gt;&lt;attributes-list&gt;&lt;security-login-account-info&gt;&lt;is-locked&gt;false&lt;/is-locked&gt;&lt;role-name&gt;test&lt;/role-name&gt;&lt;/security-login-account-info&gt;&lt;/attributes-list&gt;&lt;num-records&gt;1&lt;/num-records&gt;&lt;/xml&gt;
&lt;xml&gt;&lt;attributes-list&gt;&lt;security-login-account-info&gt;&lt;is-locked&gt;false&lt;/is-locked&gt;&lt;role-name&gt;test&lt;/role-name&gt;&lt;/security-login-account-info&gt;&lt;/attributes-list&gt;&lt;num-records&gt;1&lt;/num-records&gt;&lt;/xml&gt;
Info: test_user_apply: AnsibleExitJson({&apos;changed&apos;: False},)
&lt;xml&gt;&lt;attributes-list&gt;&lt;security-login-account-info&gt;&lt;is-locked&gt;false&lt;/is-locked&gt;&lt;role-name&gt;test&lt;/role-name&gt;&lt;/security-login-account-info&gt;&lt;/attributes-list&gt;&lt;num-records&gt;1&lt;/num-records&gt;&lt;/xml&gt;
&lt;xml&gt;&lt;attributes-list&gt;&lt;security-login-account-info&gt;&lt;is-locked&gt;false&lt;/is-locked&gt;&lt;role-name&gt;test&lt;/role-name&gt;&lt;/security-login-account-info&gt;&lt;/attributes-list&gt;&lt;num-records&gt;1&lt;/num-records&gt;&lt;/xml&gt;
&lt;xml&gt;&lt;attributes-list&gt;&lt;security-login-account-info&gt;&lt;is-locked&gt;false&lt;/is-locked&gt;&lt;role-name&gt;test&lt;/role-name&gt;&lt;/security-login-account-info&gt;&lt;/attributes-list&gt;&lt;num-records&gt;1&lt;/num-records&gt;&lt;/xml&gt;
Info: test_user_delete: AnsibleExitJson({&apos;changed&apos;: True},)
</system-out></testcase><testcase classname="modules.test_na_ontap_unix_user.TestMyModule" file="modules/test_na_ontap_unix_user.py" line="162" name="test_create_called" time="0.00813317298889"></testcase><testcase classname="modules.test_na_ontap_user.TestMyModule" file="modules/test_na_ontap_user.py" line="136" name="test_ensure_user_get_called" time="0.00595211982727"><system-out>Info: test_user_get: None
</system-out></testcase><testcase classname="modules.test_na_ontap_unix_user.TestMyModule" file="modules/test_na_ontap_unix_user.py" line="154" name="test_create_error_missing_params" time="0.00597620010376"></testcase><testcase classname="modules.test_na_ontap_user.TestMyModule" file="modules/test_na_ontap_user.py" line="193" name="test_ensure_user_lock_called" time="0.00975108146667"><system-out>&lt;xml&gt;&lt;attributes-list&gt;&lt;security-login-account-info&gt;&lt;is-locked&gt;false&lt;/is-locked&gt;&lt;role-name&gt;test&lt;/role-name&gt;&lt;/security-login-account-info&gt;&lt;/attributes-list&gt;&lt;num-records&gt;1&lt;/num-records&gt;&lt;/xml&gt;
&lt;xml&gt;&lt;attributes-list&gt;&lt;security-login-account-info&gt;&lt;is-locked&gt;false&lt;/is-locked&gt;&lt;role-name&gt;test&lt;/role-name&gt;&lt;/security-login-account-info&gt;&lt;/attributes-list&gt;&lt;num-records&gt;1&lt;/num-records&gt;&lt;/xml&gt;
Info: test_user_apply: AnsibleExitJson({&apos;changed&apos;: False},)
&lt;xml&gt;&lt;attributes-list&gt;&lt;security-login-account-info&gt;&lt;is-locked&gt;false&lt;/is-locked&gt;&lt;role-name/&gt;&lt;/security-login-account-info&gt;&lt;/attributes-list&gt;&lt;num-records&gt;1&lt;/num-records&gt;&lt;/xml&gt;
&lt;xml&gt;&lt;attributes-list&gt;&lt;security-login-account-info&gt;&lt;is-locked&gt;false&lt;/is-locked&gt;&lt;role-name/&gt;&lt;/security-login-account-info&gt;&lt;/attributes-list&gt;&lt;num-records&gt;1&lt;/num-records&gt;&lt;/xml&gt;
&lt;xml&gt;&lt;attributes-list&gt;&lt;security-login-account-info&gt;&lt;is-locked&gt;false&lt;/is-locked&gt;&lt;role-name/&gt;&lt;/security-login-account-info&gt;&lt;/attributes-list&gt;&lt;num-records&gt;1&lt;/num-records&gt;&lt;/xml&gt;
&lt;xml&gt;&lt;attributes-list&gt;&lt;security-login-account-info&gt;&lt;is-locked&gt;false&lt;/is-locked&gt;&lt;role-name/&gt;&lt;/security-login-account-info&gt;&lt;/attributes-list&gt;&lt;num-records&gt;1&lt;/num-records&gt;&lt;/xml&gt;
Info: test_user_lock: AnsibleExitJson({&apos;changed&apos;: True},)
</system-out></testcase><testcase classname="modules.test_na_ontap_unix_user.TestMyModule" file="modules/test_na_ontap_unix_user.py" line="265" name="test_create_exception" time="0.00725889205933"></testcase><testcase classname="modules.test_na_ontap_user.TestMyModule" file="modules/test_na_ontap_user.py" line="275" name="test_ensure_user_role_update_additional_application_called" time="0.00705456733704"><system-out>&lt;xml&gt;&lt;attributes-list&gt;&lt;security-login-account-info&gt;&lt;is-locked&gt;true&lt;/is-locked&gt;&lt;role-name/&gt;&lt;/security-login-account-info&gt;&lt;/attributes-list&gt;&lt;num-records&gt;1&lt;/num-records&gt;&lt;/xml&gt;
&lt;xml&gt;&lt;attributes-list&gt;&lt;security-login-account-info&gt;&lt;is-locked&gt;true&lt;/is-locked&gt;&lt;role-name/&gt;&lt;/security-login-account-info&gt;&lt;/attributes-list&gt;&lt;num-records&gt;1&lt;/num-records&gt;&lt;/xml&gt;
&lt;xml&gt;&lt;attributes-list&gt;&lt;security-login-account-info&gt;&lt;is-locked&gt;true&lt;/is-locked&gt;&lt;role-name/&gt;&lt;/security-login-account-info&gt;&lt;/attributes-list&gt;&lt;num-records&gt;1&lt;/num-records&gt;&lt;/xml&gt;
&lt;xml&gt;&lt;attributes-list&gt;&lt;security-login-account-info&gt;&lt;is-locked&gt;true&lt;/is-locked&gt;&lt;role-name/&gt;&lt;/security-login-account-info&gt;&lt;/attributes-list&gt;&lt;num-records&gt;1&lt;/num-records&gt;&lt;/xml&gt;
Info: test_user_apply: AnsibleExitJson({&apos;changed&apos;: True},)
</system-out></testcase><testcase classname="modules.test_na_ontap_unix_user.TestMyModule" file="modules/test_na_ontap_unix_user.py" line="185" name="test_create_wihtout_full_name" time="0.00843214988708"></testcase><testcase classname="modules.test_na_ontap_user.TestMyModule" file="modules/test_na_ontap_user.py" line="259" name="test_ensure_user_role_update_called" time="0.00804400444031"><system-out>&lt;xml&gt;&lt;attributes-list&gt;&lt;security-login-account-info&gt;&lt;is-locked&gt;true&lt;/is-locked&gt;&lt;role-name/&gt;&lt;/security-login-account-info&gt;&lt;/attributes-list&gt;&lt;num-records&gt;1&lt;/num-records&gt;&lt;/xml&gt;
&lt;xml&gt;&lt;attributes-list&gt;&lt;security-login-account-info&gt;&lt;is-locked&gt;true&lt;/is-locked&gt;&lt;role-name/&gt;&lt;/security-login-account-info&gt;&lt;/attributes-list&gt;&lt;num-records&gt;1&lt;/num-records&gt;&lt;/xml&gt;
&lt;xml&gt;&lt;attributes-list&gt;&lt;security-login-account-info&gt;&lt;is-locked&gt;true&lt;/is-locked&gt;&lt;role-name/&gt;&lt;/security-login-account-info&gt;&lt;/attributes-list&gt;&lt;num-records&gt;1&lt;/num-records&gt;&lt;/xml&gt;
&lt;xml&gt;&lt;attributes-list&gt;&lt;security-login-account-info&gt;&lt;is-locked&gt;true&lt;/is-locked&gt;&lt;role-name/&gt;&lt;/security-login-account-info&gt;&lt;/attributes-list&gt;&lt;num-records&gt;1&lt;/num-records&gt;&lt;/xml&gt;
Info: test_user_apply: AnsibleExitJson({&apos;changed&apos;: True},)
</system-out></testcase><testcase classname="modules.test_na_ontap_unix_user.TestMyModule" file="modules/test_na_ontap_unix_user.py" line="170" name="test_create_xml" time="0.00750589370728"></testcase><testcase classname="modules.test_na_ontap_user.TestMyModule" file="modules/test_na_ontap_user.py" line="243" name="test_ensure_user_set_password_called" time="0.00735306739807"><system-out>&lt;xml&gt;&lt;attributes-list&gt;&lt;security-login-account-info&gt;&lt;is-locked&gt;true&lt;/is-locked&gt;&lt;role-name/&gt;&lt;/security-login-account-info&gt;&lt;/attributes-list&gt;&lt;num-records&gt;1&lt;/num-records&gt;&lt;/xml&gt;
&lt;xml&gt;&lt;attributes-list&gt;&lt;security-login-account-info&gt;&lt;is-locked&gt;true&lt;/is-locked&gt;&lt;role-name/&gt;&lt;/security-login-account-info&gt;&lt;/attributes-list&gt;&lt;num-records&gt;1&lt;/num-records&gt;&lt;/xml&gt;
&lt;xml&gt;&lt;attributes-list&gt;&lt;security-login-account-info&gt;&lt;is-locked&gt;true&lt;/is-locked&gt;&lt;role-name/&gt;&lt;/security-login-account-info&gt;&lt;/attributes-list&gt;&lt;num-records&gt;1&lt;/num-records&gt;&lt;/xml&gt;
&lt;xml&gt;&lt;attributes-list&gt;&lt;security-login-account-info&gt;&lt;is-locked&gt;true&lt;/is-locked&gt;&lt;role-name/&gt;&lt;/security-login-account-info&gt;&lt;/attributes-list&gt;&lt;num-records&gt;1&lt;/num-records&gt;&lt;/xml&gt;
Info: test_user_apply: AnsibleExitJson({&apos;changed&apos;: True},)
</system-out></testcase><testcase classname="modules.test_na_ontap_unix_user.TestMyModule" file="modules/test_na_ontap_unix_user.py" line="196" name="test_delete_called" time="0.00713086128235"></testcase><testcase classname="modules.test_na_ontap_user.TestMyModule" file="modules/test_na_ontap_user.py" line="218" name="test_ensure_user_unlock_called" time="0.00876975059509"><system-out>&lt;xml&gt;&lt;attributes-list&gt;&lt;security-login-account-info&gt;&lt;is-locked&gt;false&lt;/is-locked&gt;&lt;role-name&gt;test&lt;/role-name&gt;&lt;/security-login-account-info&gt;&lt;/attributes-list&gt;&lt;num-records&gt;1&lt;/num-records&gt;&lt;/xml&gt;
&lt;xml&gt;&lt;attributes-list&gt;&lt;security-login-account-info&gt;&lt;is-locked&gt;false&lt;/is-locked&gt;&lt;role-name&gt;test&lt;/role-name&gt;&lt;/security-login-account-info&gt;&lt;/attributes-list&gt;&lt;num-records&gt;1&lt;/num-records&gt;&lt;/xml&gt;
Info: test_user_apply: AnsibleExitJson({&apos;changed&apos;: False},)
&lt;xml&gt;&lt;attributes-list&gt;&lt;security-login-account-info&gt;&lt;is-locked&gt;true&lt;/is-locked&gt;&lt;role-name&gt;test&lt;/role-name&gt;&lt;/security-login-account-info&gt;&lt;/attributes-list&gt;&lt;num-records&gt;1&lt;/num-records&gt;&lt;/xml&gt;
&lt;xml&gt;&lt;attributes-list&gt;&lt;security-login-account-info&gt;&lt;is-locked&gt;true&lt;/is-locked&gt;&lt;role-name&gt;test&lt;/role-name&gt;&lt;/security-login-account-info&gt;&lt;/attributes-list&gt;&lt;num-records&gt;1&lt;/num-records&gt;&lt;/xml&gt;
&lt;xml&gt;&lt;attributes-list&gt;&lt;security-login-account-info&gt;&lt;is-locked&gt;true&lt;/is-locked&gt;&lt;role-name&gt;test&lt;/role-name&gt;&lt;/security-login-account-info&gt;&lt;/attributes-list&gt;&lt;num-records&gt;1&lt;/num-records&gt;&lt;/xml&gt;
Info: test_user_unlock: AnsibleExitJson({&apos;changed&apos;: True},)
</system-out></testcase><testcase classname="modules.test_na_ontap_unix_user.TestMyModule" file="modules/test_na_ontap_unix_user.py" line="277" name="test_delete_exception" time="0.00622057914734"></testcase><testcase classname="modules.test_na_ontap_user.TestMyModule" file="modules/test_na_ontap_user.py" line="292" name="test_if_all_methods_catch_exception" time="0.00879287719727"></testcase><testcase classname="modules.test_na_ontap_unix_user.TestMyModule" file="modules/test_na_ontap_unix_user.py" line="244" name="test_do_nothing" time="0.00892400741577"></testcase><testcase classname="modules.test_na_ontap_user.TestMyModule" file="modules/test_na_ontap_user.py" line="129" name="test_module_fail_when_required_args_missing" time="0.00560903549194"><system-out>Info: missing required arguments: username, name, authentication_method, hostname, vserver, applications, password
</system-out></testcase><testcase classname="modules.test_na_ontap_unix_user.TestMyModule" file="modules/test_na_ontap_unix_user.py" line="259" name="test_get_exception" time="0.0072021484375"></testcase><testcase classname="modules.test_na_ontap_user_role.TestMyModule" file="modules/test_na_ontap_user_role.py" line="172" name="test_create_error" time="0.00767207145691"></testcase><testcase classname="modules.test_na_ontap_unix_user.TestMyModule" file="modules/test_na_ontap_unix_user.py" line="138" name="test_get_existing_user" time="0.00774812698364"></testcase><testcase classname="modules.test_na_ontap_user_role.TestMyModule" file="modules/test_na_ontap_user_role.py" line="162" name="test_create_idempotency" time="0.00668621063232"></testcase><testcase classname="modules.test_na_ontap_unix_user.TestMyModule" file="modules/test_na_ontap_unix_user.py" line="132" name="test_get_nonexistent_user" time="0.00702285766602"></testcase><testcase classname="modules.test_na_ontap_user_role.TestMyModule" file="modules/test_na_ontap_user_role.py" line="148" name="test_get_existing_role" time="0.00625896453857"></testcase><testcase classname="modules.test_na_ontap_unix_user.TestMyModule" file="modules/test_na_ontap_unix_user.py" line="144" name="test_get_xml" time="0.00736284255981"></testcase><testcase classname="modules.test_na_ontap_user_role.TestMyModule" file="modules/test_na_ontap_user_role.py" line="142" name="test_get_nonexistent_policy" time="0.00731110572815"></testcase><testcase classname="modules.test_na_ontap_unix_user.TestMyModule" file="modules/test_na_ontap_unix_user.py" line="209" name="test_modify_called" time="0.00836777687073"></testcase><testcase classname="modules.test_na_ontap_user_role.TestMyModule" file="modules/test_na_ontap_user_role.py" line="215" name="test_modify_error" time="0.00828766822815"></testcase><testcase classname="modules.test_na_ontap_unix_user.TestMyModule" file="modules/test_na_ontap_unix_user.py" line="271" name="test_modify_exception" time="0.00737595558167"></testcase><testcase classname="modules.test_na_ontap_user_role.TestMyModule" file="modules/test_na_ontap_user_role.py" line="199" name="test_modify_idempotency" time="0.00596618652344"></testcase><testcase classname="modules.test_na_ontap_unix_user.TestMyModule" file="modules/test_na_ontap_unix_user.py" line="223" name="test_modify_only_id" time="0.00709104537964"></testcase><testcase classname="modules.test_na_ontap_user_role.TestMyModule" file="modules/test_na_ontap_user_role.py" line="135" name="test_module_fail_when_required_args_missing" time="0.00482296943665"><system-out>Info: missing required arguments: username, name, hostname, vserver, password, command_directory_name
</system-out></testcase><testcase classname="modules.test_na_ontap_unix_user.TestMyModule" file="modules/test_na_ontap_unix_user.py" line="234" name="test_modify_xml" time="0.0066819190979"></testcase><testcase classname="modules.test_na_ontap_user_role.TestMyModule" file="modules/test_na_ontap_user_role.py" line="154" name="test_successful_create" time="0.00643563270569"></testcase><testcase classname="modules.test_na_ontap_volume.TestMyModule" file="modules/test_na_ontap_volume.py" line="348" name="test_create_error_missing_param" time="0.00789976119995"></testcase><testcase classname="modules.test_na_ontap_user_role.TestMyModule" file="modules/test_na_ontap_user_role.py" line="230" name="test_successful_delete" time="0.00804090499878"></testcase><testcase classname="modules.test_na_ontap_volume.TestMyModule" file="modules/test_na_ontap_volume.py" line="368" name="test_create_idempotency" time="0.0104541778564"></testcase><testcase classname="modules.test_na_ontap_user_role.TestMyModule" file="modules/test_na_ontap_user_role.py" line="183" name="test_successful_modify" time="0.00738883018494"></testcase><testcase classname="modules.test_na_ontap_volume.TestMyModule" file="modules/test_na_ontap_volume.py" line="385" name="test_delete_idempotency" time="0.0083692073822"></testcase><testcase classname="modules.test_na_ontap_volume.TestMyModule" file="modules/test_na_ontap_volume.py" line="912" name="test_check_job_status_error" time="0.00834512710571"></testcase><testcase classname="modules.test_na_ontap_volume.TestMyModule" file="modules/test_na_ontap_volume.py" line="940" name="test_error_assign_efficiency_policy" time="0.00989389419556"></testcase><testcase classname="modules.test_na_ontap_volume.TestMyModule" file="modules/test_na_ontap_volume.py" line="921" name="test_check_job_status_time_out_is_0" time="0.00812721252441"></testcase><testcase classname="modules.test_na_ontap_volume.TestMyModule" file="modules/test_na_ontap_volume.py" line="949" name="test_error_assign_efficiency_policy_async" time="0.00965881347656"></testcase><testcase classname="modules.test_na_ontap_volume.TestMyModule" file="modules/test_na_ontap_volume.py" line="930" name="test_check_job_status_unexpected" time="0.00906300544739"></testcase><testcase classname="modules.test_na_ontap_volume.TestMyModule" file="modules/test_na_ontap_volume.py" line="813" name="test_error_modify_unix_permissions_flex_group" time="0.0101709365845"></testcase><testcase classname="modules.test_na_ontap_volume.TestMyModule" file="modules/test_na_ontap_volume.py" line="625" name="test_compare_chmod_value_false_1" time="0.00835919380188"></testcase><testcase classname="modules.test_na_ontap_volume.TestMyModule" file="modules/test_na_ontap_volume.py" line="839" name="test_failure_modify_unix_permissions_flex_group" time="0.0124218463898"></testcase><testcase classname="modules.test_na_ontap_volume.TestMyModule" file="modules/test_na_ontap_volume.py" line="341" name="test_get_existing_volume" time="0.00889110565186"></testcase><testcase classname="modules.test_na_ontap_volume.TestMyModule" file="modules/test_na_ontap_volume.py" line="639" name="test_compare_chmod_value_false_2" time="0.00925993919373"></testcase><testcase classname="modules.test_na_ontap_volume.TestMyModule" file="modules/test_na_ontap_volume.py" line="335" name="test_get_nonexistent_volume" time="0.00773119926453"></testcase><testcase classname="modules.test_na_ontap_volume.TestMyModule" file="modules/test_na_ontap_volume.py" line="651" name="test_compare_chmod_value_invalid_input_1" time="0.0109889507294"></testcase><testcase classname="modules.test_na_ontap_volume.TestMyModule" file="modules/test_na_ontap_volume.py" line="411" name="test_modify_error" time="0.00933384895325"></testcase><testcase classname="modules.test_na_ontap_volume.TestMyModule" file="modules/test_na_ontap_volume.py" line="665" name="test_compare_chmod_value_invalid_input_2" time="0.0103368759155"></testcase><testcase classname="modules.test_na_ontap_volume.TestMyModule" file="modules/test_na_ontap_volume.py" line="555" name="test_modify_helper" time="0.00859332084656"></testcase><testcase classname="modules.test_na_ontap_volume.TestMyModule" file="modules/test_na_ontap_volume.py" line="679" name="test_compare_chmod_value_invalid_input_3" time="0.00927400588989"></testcase><testcase classname="modules.test_na_ontap_volume.TestMyModule" file="modules/test_na_ontap_volume.py" line="403" name="test_modify_idempotency" time="0.00807404518127"></testcase><testcase classname="modules.test_na_ontap_volume.TestMyModule" file="modules/test_na_ontap_volume.py" line="569" name="test_compare_chmod_value_true_1" time="0.00888967514038"></testcase><testcase classname="modules.test_na_ontap_volume.TestMyModule" file="modules/test_na_ontap_volume.py" line="328" name="test_module_fail_when_required_args_missing" time="0.00430822372437"><system-out>Info: missing required arguments: hostname, vserver, username, password, name
</system-out></testcase><testcase classname="modules.test_na_ontap_volume.TestMyModule" file="modules/test_na_ontap_volume.py" line="583" name="test_compare_chmod_value_true_2" time="0.00874900817871"></testcase><testcase classname="modules.test_na_ontap_volume.TestMyModule" file="modules/test_na_ontap_volume.py" line="419" name="test_mount_volume" time="0.00984692573547"></testcase><testcase classname="modules.test_na_ontap_volume.TestMyModule" file="modules/test_na_ontap_volume.py" line="611" name="test_compare_chmod_value_true_3" time="0.0103559494019"></testcase><testcase classname="modules.test_na_ontap_volume.TestMyModule" file="modules/test_na_ontap_volume.py" line="358" name="test_successful_create" time="0.00853705406189"></testcase><testcase classname="modules.test_na_ontap_volume.TestMyModule" file="modules/test_na_ontap_volume.py" line="703" name="test_successful_create_flex_group_auto_provision" time="0.00885891914368"></testcase><testcase classname="modules.test_na_ontap_volume.TestMyModule" file="modules/test_na_ontap_volume.py" line="455" name="test_successful_modify_snapshot_policy" time="0.0132932662964"></testcase><testcase classname="modules.test_na_ontap_volume.TestMyModule" file="modules/test_na_ontap_volume.py" line="693" name="test_successful_create_flex_group_manually" time="0.0116739273071"></testcase><testcase classname="modules.test_na_ontap_volume.TestMyModule" file="modules/test_na_ontap_volume.py" line="437" name="test_successful_modify_space" time="0.0129261016846"></testcase><testcase classname="modules.test_na_ontap_volume.TestMyModule" file="modules/test_na_ontap_volume.py" line="376" name="test_successful_delete" time="0.0101118087769"></testcase><testcase classname="modules.test_na_ontap_volume.TestMyModule" file="modules/test_na_ontap_volume.py" line="958" name="test_successful_modify_tiering_policy" time="0.0121903419495"></testcase><testcase classname="modules.test_na_ontap_volume.TestMyModule" file="modules/test_na_ontap_volume.py" line="713" name="test_successful_delete_flex_group" time="0.00885701179504"></testcase><testcase classname="modules.test_na_ontap_volume.TestMyModule" file="modules/test_na_ontap_volume.py" line="446" name="test_successful_modify_unix_permissions" time="0.0128290653229"></testcase><testcase classname="modules.test_na_ontap_volume.TestMyModule" file="modules/test_na_ontap_volume.py" line="464" name="test_successful_modify_efficiency_policy" time="0.0101780891418"></testcase><testcase classname="modules.test_na_ontap_volume.TestMyModule" file="modules/test_na_ontap_volume.py" line="761" name="test_successful_modify_unix_permissions_flex_group" time="0.0114669799805"></testcase><testcase classname="modules.test_na_ontap_volume.TestMyModule" file="modules/test_na_ontap_volume.py" line="473" name="test_successful_modify_percent_snapshot_space" time="0.0106089115143"></testcase><testcase classname="modules.test_na_ontap_volume.TestMyModule" file="modules/test_na_ontap_volume.py" line="789" name="test_successful_modify_unix_permissions_flex_group_0_time_out" time="0.011538028717"></testcase><testcase classname="modules.test_na_ontap_volume.TestMyModule" file="modules/test_na_ontap_volume.py" line="491" name="test_successful_modify_qos_adaptive_policy_group" time="0.0104808807373"></testcase><testcase classname="modules.test_na_ontap_volume.TestMyModule" file="modules/test_na_ontap_volume.py" line="967" name="test_successful_modify_vserver_dr_protection" time="0.0100989341736"></testcase><testcase classname="modules.test_na_ontap_volume.TestMyModule" file="modules/test_na_ontap_volume.py" line="482" name="test_successful_modify_qos_policy_group" time="0.00995588302612"></testcase><testcase classname="modules.test_na_ontap_volume.TestMyModule" file="modules/test_na_ontap_volume.py" line="500" name="test_successful_move" time="0.010066986084"></testcase><testcase classname="modules.test_na_ontap_volume.TestMyModule" file="modules/test_na_ontap_volume.py" line="394" name="test_successful_modify_size" time="0.00977683067322"></testcase><testcase classname="modules.test_na_ontap_volume.TestMyModule" file="modules/test_na_ontap_volume.py" line="863" name="test_successful_offline_state_flex_group" time="0.0115730762482"></testcase><testcase classname="modules.test_na_ontap_volume.TestMyModule" file="modules/test_na_ontap_volume.py" line="509" name="test_successful_rename" time="0.00982809066772"></testcase><testcase classname="modules.test_na_ontap_volume.TestMyModule" file="modules/test_na_ontap_volume.py" line="531" name="test_successful_rename_async" time="0.00971293449402"></testcase><testcase classname="modules.test_na_ontap_volume.TestMyModule" file="modules/test_na_ontap_volume.py" line="888" name="test_successful_online_state_flex_group" time="0.0115439891815"></testcase><testcase classname="modules.test_na_ontap_volume.TestMyModule" file="modules/test_na_ontap_volume.py" line="736" name="test_successful_resize_flex_group" time="0.0107231140137"></testcase><testcase classname="modules.test_na_ontap_volume_autosize.TestMyModule" file="modules/test_na_ontap_volume_autosize.py" line="177" name="test_successful_modify" time="0.0117642879486"></testcase><testcase classname="modules.test_na_ontap_volume.TestMyModule" file="modules/test_na_ontap_volume.py" line="428" name="test_unmount_volume" time="0.0122919082642"></testcase><testcase classname="modules.test_na_ontap_volume_autosize.TestMyModule" file="modules/test_na_ontap_volume_autosize.py" line="185" name="test_successful_reset" time="0.0142278671265"></testcase><testcase classname="modules.test_na_ontap_volume_autosize.TestMyModule" file="modules/test_na_ontap_volume_autosize.py" line="171" name="test_idempotent_modify" time="0.0132122039795"></testcase><testcase classname="modules.test_na_ontap_volume_clone.TestMyModule" file="modules/test_na_ontap_volume_clone.py" line="123" name="test_ensure_get_called" time="0.00562405586243"></testcase><testcase classname="modules.test_na_ontap_volume_autosize.TestMyModule" file="modules/test_na_ontap_volume_autosize.py" line="164" name="test_module_fail_when_required_args_missing" time="0.00427293777466"><system-out>Info: missing required arguments: username, volume, hostname, vserver, password
</system-out></testcase><testcase classname="modules.test_na_ontap_volume_clone.TestMyModule" file="modules/test_na_ontap_volume_clone.py" line="130" name="test_ensure_get_called_existing" time="0.00593781471252"></testcase><testcase classname="modules.test_na_ontap_volume_autosize.TestMyModule" file="modules/test_na_ontap_volume_autosize.py" line="198" name="test_rest_error" time="0.00780606269836"></testcase><testcase classname="modules.test_na_ontap_volume_clone.TestMyModule" file="modules/test_na_ontap_volume_clone.py" line="166" name="test_if_all_methods_catch_exception" time="0.00722527503967"></testcase><testcase classname="modules.test_na_ontap_volume_autosize.TestMyModule" file="modules/test_na_ontap_volume_autosize.py" line="227" name="test_rest_idempotent_modify" time="0.008052110672"></testcase><testcase classname="modules.test_na_ontap_volume_clone.TestMyModule" file="modules/test_na_ontap_volume_clone.py" line="116" name="test_module_fail_when_required_args_missing" time="0.00504112243652"><system-out>Info: missing required arguments: username, parent_volume, hostname, vserver, password, name
</system-out></testcase><testcase classname="modules.test_na_ontap_volume_autosize.TestMyModule" file="modules/test_na_ontap_volume_autosize.py" line="211" name="test_rest_successful_modify" time="0.00796794891357"></testcase><testcase classname="modules.test_na_ontap_volume_clone.TestMyModule" file="modules/test_na_ontap_volume_clone.py" line="137" name="test_successful_create" time="0.0101861953735"></testcase><testcase classname="modules.test_na_ontap_vscan.TestMyModule" file="modules/test_na_ontap_vscan.py" line="218" name="test_rest_idempotently_disable" time="0.00688600540161"></testcase><testcase classname="modules.test_na_ontap_vscan.TestMyModule" file="modules/test_na_ontap_vscan.py" line="153" name="test_idempotently_disable" time="0.0124516487122"></testcase><testcase classname="modules.test_na_ontap_vscan.TestMyModule" file="modules/test_na_ontap_vscan.py" line="189" name="test_rest_idempotently_enable" time="0.00675582885742"></testcase><testcase classname="modules.test_na_ontap_vscan.TestMyModule" file="modules/test_na_ontap_vscan.py" line="137" name="test_idempotently_enable" time="0.0131151676178"></testcase><testcase classname="modules.test_na_ontap_vscan.TestMyModule" file="modules/test_na_ontap_vscan.py" line="203" name="test_rest_successly_disable" time="0.006680727005"></testcase><testcase classname="modules.test_na_ontap_vscan.TestMyModule" file="modules/test_na_ontap_vscan.py" line="122" name="test_module_fail_when_required_args_missing" time="0.0045371055603"><system-out>Info: missing required arguments: username, hostname, vserver, password
</system-out></testcase><testcase classname="modules.test_na_ontap_vscan.TestMyModule" file="modules/test_na_ontap_vscan.py" line="174" name="test_rest_successly_enable" time="0.00745797157288"></testcase><testcase classname="modules.test_na_ontap_vscan.TestMyModule" file="modules/test_na_ontap_vscan.py" line="161" name="test_rest_error" time="0.00706720352173"></testcase><testcase classname="modules.test_na_ontap_vscan.TestMyModule" file="modules/test_na_ontap_vscan.py" line="145" name="test_successfully_disable" time="0.0128519535065"></testcase><testcase classname="modules.test_na_ontap_vscan_on_access_policy.TestMyModule" file="modules/test_na_ontap_vscan_on_access_policy.py" line="151" name="test_delete_idempotency" time="0.00673604011536"></testcase><testcase classname="modules.test_na_ontap_vscan.TestMyModule" file="modules/test_na_ontap_vscan.py" line="129" name="test_successfully_enable" time="0.0118856430054"></testcase><testcase classname="modules.test_na_ontap_vscan_on_access_policy.TestMyModule" file="modules/test_na_ontap_vscan_on_access_policy.py" line="126" name="test_get_existing_scanner" time="0.00651288032532"></testcase><testcase classname="modules.test_na_ontap_vscan_on_access_policy.TestMyModule" file="modules/test_na_ontap_vscan_on_access_policy.py" line="137" name="test_create_idempotency" time="0.00827097892761"></testcase><testcase classname="modules.test_na_ontap_vscan_on_access_policy.TestMyModule" file="modules/test_na_ontap_vscan_on_access_policy.py" line="121" name="test_get_nonexistent_policy" time="0.00602626800537"></testcase><testcase classname="modules.test_na_ontap_vscan_on_access_policy.TestMyModule" file="modules/test_na_ontap_vscan_on_access_policy.py" line="114" name="test_module_fail_when_required_args_missing" time="0.00446701049805"><system-out>Info: missing required arguments: username, hostname, policy_name, vserver, password
</system-out></testcase><testcase classname="modules.test_na_ontap_vscan_on_access_policy.TestMyModule" file="modules/test_na_ontap_vscan_on_access_policy.py" line="143" name="test_successfully_delete" time="0.00972700119019"></testcase><testcase classname="modules.test_na_ontap_vscan_on_demand_task.TestMyModule" file="modules/test_na_ontap_vscan_on_demand_task.py" line="146" name="test_create_idempotency" time="0.00674390792847"></testcase><testcase classname="modules.test_na_ontap_vscan_on_access_policy.TestMyModule" file="modules/test_na_ontap_vscan_on_access_policy.py" line="131" name="test_successfully_create" time="0.00786113739014"></testcase><testcase classname="modules.test_na_ontap_vscan_on_demand_task.TestMyModule" file="modules/test_na_ontap_vscan_on_demand_task.py" line="160" name="test_delete_idempotency" time="0.00695824623108"></testcase><testcase classname="modules.test_na_ontap_vscan_on_demand_task.TestMyModule" file="modules/test_na_ontap_vscan_on_demand_task.py" line="140" name="test_successfully_create" time="0.00836515426636"></testcase><testcase classname="modules.test_na_ontap_vscan_on_demand_task.TestMyModule" file="modules/test_na_ontap_vscan_on_demand_task.py" line="135" name="test_get_existing_demand_task" time="0.00754117965698"></testcase><testcase classname="modules.test_na_ontap_vscan_on_demand_task.TestMyModule" file="modules/test_na_ontap_vscan_on_demand_task.py" line="152" name="test_successfully_delete" time="0.00784301757812"></testcase><testcase classname="modules.test_na_ontap_vscan_on_demand_task.TestMyModule" file="modules/test_na_ontap_vscan_on_demand_task.py" line="130" name="test_get_nonexistent_demand_task" time="0.00763368606567"></testcase><testcase classname="modules.test_na_ontap_vscan_scanner_pool.TestMyModule" file="modules/test_na_ontap_vscan_scanner_pool.py" line="156" name="test_apply_policy" time="0.00721502304077"></testcase><testcase classname="modules.test_na_ontap_vscan_on_demand_task.TestMyModule" file="modules/test_na_ontap_vscan_on_demand_task.py" line="123" name="test_module_fail_when_required_args_missing" time="0.0050630569458"><system-out>Info: missing required arguments: username, task_name, password, vserver, hostname
</system-out></testcase><testcase classname="modules.test_na_ontap_vscan_scanner_pool.TestMyModule" file="modules/test_na_ontap_vscan_scanner_pool.py" line="150" name="test_create_idempotency" time="0.00675916671753"></testcase><testcase classname="modules.test_na_ontap_vscan_scanner_pool.TestMyModule" file="modules/test_na_ontap_vscan_scanner_pool.py" line="172" name="test_delete_idempotency" time="0.00735592842102"></testcase><testcase classname="modules.test_na_ontap_vscan_scanner_pool.TestMyModule" file="modules/test_na_ontap_vscan_scanner_pool.py" line="125" name="test_module_fail_when_required_args_missing" time="0.00578594207764"><system-out>Info: missing required arguments: username, hostname, vserver, password, scanner_pool
</system-out></testcase><testcase classname="modules.test_na_ontap_vscan_scanner_pool.TestMyModule" file="modules/test_na_ontap_vscan_scanner_pool.py" line="138" name="test_get_existing_scanner" time="0.00719809532166"></testcase><testcase classname="modules.test_na_ontap_vscan_scanner_pool.TestMyModule" file="modules/test_na_ontap_vscan_scanner_pool.py" line="144" name="test_successfully_create" time="0.00826478004456"></testcase><testcase classname="modules.test_na_ontap_vscan_scanner_pool.TestMyModule" file="modules/test_na_ontap_vscan_scanner_pool.py" line="164" name="test_successfully_delete" time="0.00742411613464"></testcase><testcase classname="modules.test_na_ontap_vscan_scanner_pool.TestMyModule" file="modules/test_na_ontap_vscan_scanner_pool.py" line="132" name="test_get_nonexistent_scanner" time="0.00720047950745"></testcase><testcase classname="modules.test_na_ontap_vserver_cifs_security.TestMyModule" file="modules/test_na_ontap_vserver_cifs_security.py" line="147" name="test_modify_error" time="0.00940418243408"></testcase><testcase classname="modules.test_na_ontap_vserver_cifs_security.TestMyModule" file="modules/test_na_ontap_vserver_cifs_security.py" line="131" name="test_successful_modify" time="0.00940775871277"></testcase><testcase classname="modules.test_na_ontap_vserver_peer.TestMyModule" file="modules/test_na_ontap_vserver_peer.py" line="162" name="test_create_idempotency" time="0.00929999351501"></testcase><testcase classname="modules.test_na_ontap_vserver_peer.TestMyModule" file="modules/test_na_ontap_vserver_peer.py" line="189" name="test_delete_idempotency" time="0.00861406326294"></testcase><testcase classname="modules.test_na_ontap_vserver_peer.TestMyModule" file="modules/test_na_ontap_vserver_peer.py" line="212" name="test_get_packet" time="0.00881099700928"><system-out>&lt;xml&gt;&lt;attributes-list&gt;&lt;vserver-peer-info&gt;&lt;peer-vserver&gt;test_peer&lt;/peer-vserver&gt;&lt;vserver&gt;test&lt;/vserver&gt;&lt;peer-state&gt;peered&lt;/peer-state&gt;&lt;/vserver-peer-info&gt;&lt;/attributes-list&gt;&lt;num-records&gt;1&lt;/num-records&gt;&lt;/xml&gt;
</system-out></testcase><testcase classname="modules.test_na_ontap_vserver_peer.TestMyModule" file="modules/test_na_ontap_vserver_peer.py" line="221" name="test_error_on_missing_params_create" time="0.00959777832031"></testcase><testcase classname="modules.test_na_ontap_vserver_peer.TestMyModule" file="modules/test_na_ontap_vserver_peer.py" line="243" name="test_get_peer_cluster_packet" time="0.00777196884155"><system-out>&lt;xml&gt;&lt;attributes&gt;&lt;cluster-identity-info&gt;&lt;cluster-name&gt;test_cluster_peer&lt;/cluster-name&gt;&lt;/cluster-identity-info&gt;&lt;/attributes&gt;&lt;/xml&gt;
</system-out></testcase><testcase classname="modules.test_na_ontap_vserver_peer.TestMyModule" file="modules/test_na_ontap_vserver_peer.py" line="232" name="test_get_peer_cluster_called" time="0.00753712654114"></testcase><testcase classname="modules.test_na_ontap_vserver_peer.TestMyModule" file="modules/test_na_ontap_vserver_peer.py" line="144" name="test_module_fail_when_required_args_missing" time="0.0055091381073"><system-out>Info: missing required arguments: username, hostname, vserver, peer_vserver, password
</system-out></testcase><testcase classname="modules.test_na_ontap_vserver_peer.TestMyModule" file="modules/test_na_ontap_vserver_peer.py" line="200" name="test_helper_vserver_peer_get_iter" time="0.00810503959656"><system-out>&lt;vserver-peer-get-iter&gt;
  &lt;query&gt;
    &lt;vserver-peer-info&gt;
      &lt;peer-vserver&gt;test_peer&lt;/peer-vserver&gt;
      &lt;vserver&gt;test&lt;/vserver&gt;
    &lt;/vserver-peer-info&gt;
  &lt;/query&gt;
&lt;/vserver-peer-get-iter&gt;

</system-out></testcase><testcase classname="modules.test_na_ontap_vserver_peer.TestMyModule" file="modules/test_na_ontap_vserver_peer.py" line="151" name="test_successful_create" time="0.00826907157898"></testcase><testcase classname="modules.test_na_ontap_vserver_peer.TestMyModule" file="modules/test_na_ontap_vserver_peer.py" line="178" name="test_successful_delete" time="0.00883221626282"><system-out>&lt;xml&gt;&lt;attributes-list&gt;&lt;vserver-peer-info&gt;&lt;peer-vserver&gt;test_peer&lt;/peer-vserver&gt;&lt;vserver&gt;test&lt;/vserver&gt;&lt;peer-state&gt;peered&lt;/peer-state&gt;&lt;/vserver-peer-info&gt;&lt;/attributes-list&gt;&lt;num-records&gt;1&lt;/num-records&gt;&lt;/xml&gt;
</system-out></testcase></testsuite>