<?xml version="1.0" encoding="utf-8"?><testsuite errors="0" failures="0" name="pytest" skips="0" tests="685" time="13.743"><testcase classname="module_utils.test_netapp" file="module_utils/test_netapp.py" line="56" name="test_get_cserver" time="0.00236773490906"></testcase><testcase classname="module_utils.test_netapp" file="module_utils/test_netapp.py" line="45" name="test_ems_log_event_version" time="0.00462794303894"><system-out>Ansible version: 2.9.0b1.post0
</system-out></testcase><testcase classname="module_utils.test_netapp_module.TestMyModule" file="module_utils/test_netapp_module.py" line="13" name="test_get_cd_action_create" time="0.00395607948303"></testcase><testcase classname="module_utils.test_netapp_module.TestMyModule" file="module_utils/test_netapp_module.py" line="45" name="test_get_modified_attributes" time="0.00197911262512"></testcase><testcase classname="module_utils.test_netapp_module.TestMyModule" file="module_utils/test_netapp_module.py" line="29" name="test_get_cd_action" time="0.00187492370605"></testcase><testcase classname="module_utils.test_netapp_module.TestMyModule" file="module_utils/test_netapp_module.py" line="85" name="test_get_modified_attributes_for_intersecting_list_of_dicts" time="0.00206685066223"></testcase><testcase classname="module_utils.test_netapp_module.TestMyModule" file="module_utils/test_netapp_module.py" line="21" name="test_get_cd_action_delete" time="0.00213193893433"></testcase><testcase classname="module_utils.test_netapp_module.TestMyModule" file="module_utils/test_netapp_module.py" line="101" name="test_get_modified_attributes_for_list_diff" time="0.0018367767334"></testcase><testcase classname="module_utils.test_netapp_module.TestMyModule" file="module_utils/test_netapp_module.py" line="61" name="test_get_modified_attributes_for_intersecting_list" time="0.00801515579224"></testcase><testcase classname="module_utils.test_netapp_module.TestMyModule" file="module_utils/test_netapp_module.py" line="109" name="test_get_modified_attributes_for_no_change" time="0.00677108764648"></testcase><testcase classname="module_utils.test_netapp_module.TestMyModule" file="module_utils/test_netapp_module.py" line="53" name="test_get_modified_attributes_for_intersecting_mixed_list" time="0.00651788711548"></testcase><testcase classname="module_utils.test_netapp_module.TestMyModule" file="module_utils/test_netapp_module.py" line="77" name="test_get_modified_attributes_for_list_of_dicts_no_data" time="0.0017421245575"></testcase><testcase classname="module_utils.test_netapp_module.TestMyModule" file="module_utils/test_netapp_module.py" line="69" name="test_get_modified_attributes_for_nonintersecting_list" time="0.00178408622742"></testcase><testcase classname="module_utils.test_netapp_module.TestMyModule" file="module_utils/test_netapp_module.py" line="37" name="test_get_modified_attributes_for_no_data" time="0.00222706794739"></testcase><testcase classname="module_utils.test_netapp_module.TestMyModule" file="module_utils/test_netapp_module.py" line="141" name="test_is_rename_action" time="0.00787782669067"></testcase><testcase classname="module_utils.test_netapp_module.TestMyModule" file="module_utils/test_netapp_module.py" line="93" name="test_get_modified_attributes_for_nonintersecting_list_of_dicts" time="0.00750303268433"></testcase><testcase classname="module_utils.test_netapp_module.TestMyModule" file="module_utils/test_netapp_module.py" line="125" name="test_is_rename_action_for_no_source" time="0.00653910636902"></testcase><testcase classname="module_utils.test_netapp_module.TestMyModule" file="module_utils/test_netapp_module.py" line="117" name="test_is_rename_action_for_empty_input" time="0.00176787376404"></testcase><testcase classname="module_utils.test_netapp_module.TestMyModule" file="module_utils/test_netapp_module.py" line="133" name="test_is_rename_action_for_no_target" time="0.0018572807312"></testcase><testcase classname="modules.test_na_ontap_aggregate.TestMyModule" file="modules/test_na_ontap_aggregate.py" line="156" name="test_disks_list" time="0.0112297534943"><system-out>&lt;xml&gt;&lt;vserver-info&gt;&lt;vserver-name&gt;12&lt;/vserver-name&gt;&lt;/vserver-info&gt;&lt;attributes-list&gt;&lt;aggr-attributes&gt;&lt;aggregate-name&gt;test_name&lt;/aggregate-name&gt;&lt;aggr-raid-attributes&gt;&lt;state&gt;offline&lt;/state&gt;&lt;/aggr-raid-attributes&gt;&lt;/aggr-attributes&gt;&lt;object-store-information&gt;&lt;object-store-name&gt;abc&lt;/object-store-name&gt;&lt;/object-store-information&gt;&lt;/attributes-list&gt;&lt;num-records&gt;3&lt;/num-records&gt;&lt;/xml&gt;
</system-out></testcase><testcase classname="modules.test_na_ontap_aggregate.TestMyModule" file="modules/test_na_ontap_aggregate.py" line="148" name="test_is_mirrored" time="0.00776290893555"><system-out>&lt;xml&gt;&lt;vserver-info&gt;&lt;vserver-name&gt;12&lt;/vserver-name&gt;&lt;/vserver-info&gt;&lt;attributes-list&gt;&lt;aggr-attributes&gt;&lt;aggregate-name&gt;test_name&lt;/aggregate-name&gt;&lt;aggr-raid-attributes&gt;&lt;state&gt;offline&lt;/state&gt;&lt;/aggr-raid-attributes&gt;&lt;/aggr-attributes&gt;&lt;object-store-information&gt;&lt;object-store-name&gt;abc&lt;/object-store-name&gt;&lt;/object-store-information&gt;&lt;/attributes-list&gt;&lt;num-records&gt;3&lt;/num-records&gt;&lt;/xml&gt;
</system-out></testcase><testcase classname="modules.test_na_ontap_aggregate.TestMyModule" file="modules/test_na_ontap_aggregate.py" line="141" name="test_module_fail_when_required_args_missing" time="0.00305604934692"><system-out>Info: missing required arguments: username, password, name, hostname
</system-out></testcase><testcase classname="modules.test_na_ontap_aggregate.TestMyModule" file="modules/test_na_ontap_aggregate.py" line="195" name="test_if_all_methods_catch_exception" time="0.0203151702881"></testcase><testcase classname="modules.test_na_ontap_aggregate.TestMyModule" file="modules/test_na_ontap_aggregate.py" line="181" name="test_rename" time="0.00531101226807"><system-out>&lt;xml&gt;&lt;vserver-info&gt;&lt;vserver-name&gt;12&lt;/vserver-name&gt;&lt;/vserver-info&gt;&lt;attributes-list&gt;&lt;aggr-attributes&gt;&lt;aggregate-name&gt;test_name&lt;/aggregate-name&gt;&lt;aggr-raid-attributes&gt;&lt;state&gt;offline&lt;/state&gt;&lt;/aggr-raid-attributes&gt;&lt;/aggr-attributes&gt;&lt;object-store-information&gt;&lt;object-store-name&gt;abc&lt;/object-store-name&gt;&lt;/object-store-information&gt;&lt;/attributes-list&gt;&lt;num-records&gt;3&lt;/num-records&gt;&lt;/xml&gt;
&lt;xml&gt;&lt;vserver-info&gt;&lt;vserver-name&gt;12&lt;/vserver-name&gt;&lt;/vserver-info&gt;&lt;attributes-list&gt;&lt;aggr-attributes&gt;&lt;aggregate-name&gt;test_name&lt;/aggregate-name&gt;&lt;aggr-raid-attributes&gt;&lt;state&gt;offline&lt;/state&gt;&lt;/aggr-raid-attributes&gt;&lt;/aggr-attributes&gt;&lt;object-store-information&gt;&lt;object-store-name&gt;abc&lt;/object-store-name&gt;&lt;/object-store-information&gt;&lt;/attributes-list&gt;&lt;num-records&gt;3&lt;/num-records&gt;&lt;/xml&gt;
</system-out></testcase><testcase classname="modules.test_na_ontap_aggregate.TestMyModule" file="modules/test_na_ontap_aggregate.py" line="164" name="test_mirror_disks" time="0.0135400295258"><system-out>&lt;xml&gt;&lt;vserver-info&gt;&lt;vserver-name&gt;12&lt;/vserver-name&gt;&lt;/vserver-info&gt;&lt;attributes-list&gt;&lt;aggr-attributes&gt;&lt;aggregate-name&gt;test_name&lt;/aggregate-name&gt;&lt;aggr-raid-attributes&gt;&lt;state&gt;offline&lt;/state&gt;&lt;/aggr-raid-attributes&gt;&lt;/aggr-attributes&gt;&lt;object-store-information&gt;&lt;object-store-name&gt;abc&lt;/object-store-name&gt;&lt;/object-store-information&gt;&lt;/attributes-list&gt;&lt;num-records&gt;3&lt;/num-records&gt;&lt;/xml&gt;
</system-out></testcase><testcase classname="modules.test_na_ontap_autosupport.TestMyModule" file="modules/test_na_ontap_autosupport.py" line="151" name="test_disable_asup" time="0.0161302089691"></testcase><testcase classname="modules.test_na_ontap_aggregate.TestMyModule" file="modules/test_na_ontap_aggregate.py" line="188" name="test_object_store" time="0.0130860805511"><system-out>&lt;xml&gt;&lt;vserver-info&gt;&lt;vserver-name&gt;12&lt;/vserver-name&gt;&lt;/vserver-info&gt;&lt;attributes-list&gt;&lt;aggr-attributes&gt;&lt;aggregate-name&gt;test_name&lt;/aggregate-name&gt;&lt;aggr-raid-attributes&gt;&lt;state&gt;offline&lt;/state&gt;&lt;/aggr-raid-attributes&gt;&lt;/aggr-attributes&gt;&lt;object-store-information&gt;&lt;object-store-name&gt;abc&lt;/object-store-name&gt;&lt;/object-store-information&gt;&lt;/attributes-list&gt;&lt;num-records&gt;3&lt;/num-records&gt;&lt;/xml&gt;
&lt;xml&gt;&lt;vserver-info&gt;&lt;vserver-name&gt;12&lt;/vserver-name&gt;&lt;/vserver-info&gt;&lt;attributes-list&gt;&lt;aggr-attributes&gt;&lt;aggregate-name&gt;test_name&lt;/aggregate-name&gt;&lt;aggr-raid-attributes&gt;&lt;state&gt;offline&lt;/state&gt;&lt;/aggr-raid-attributes&gt;&lt;/aggr-attributes&gt;&lt;object-store-information&gt;&lt;object-store-name&gt;abc&lt;/object-store-name&gt;&lt;/object-store-information&gt;&lt;/attributes-list&gt;&lt;num-records&gt;3&lt;/num-records&gt;&lt;/xml&gt;
</system-out></testcase><testcase classname="modules.test_na_ontap_autosupport.TestMyModule" file="modules/test_na_ontap_autosupport.py" line="195" name="test_get_called" time="0.0157840251923"></testcase><testcase classname="modules.test_na_ontap_autosupport.TestMyModule" file="modules/test_na_ontap_autosupport.py" line="184" name="test_modify_config" time="0.00562500953674"></testcase><testcase classname="modules.test_na_ontap_aggregate.TestMyModule" file="modules/test_na_ontap_aggregate.py" line="173" name="test_spare_pool" time="0.0136919021606"><system-out>&lt;xml&gt;&lt;vserver-info&gt;&lt;vserver-name&gt;12&lt;/vserver-name&gt;&lt;/vserver-info&gt;&lt;attributes-list&gt;&lt;aggr-attributes&gt;&lt;aggregate-name&gt;test_name&lt;/aggregate-name&gt;&lt;aggr-raid-attributes&gt;&lt;state&gt;offline&lt;/state&gt;&lt;/aggr-raid-attributes&gt;&lt;/aggr-attributes&gt;&lt;object-store-information&gt;&lt;object-store-name&gt;abc&lt;/object-store-name&gt;&lt;/object-store-information&gt;&lt;/attributes-list&gt;&lt;num-records&gt;3&lt;/num-records&gt;&lt;/xml&gt;
</system-out></testcase><testcase classname="modules.test_na_ontap_autosupport.TestMyModule" file="modules/test_na_ontap_autosupport.py" line="222" name="test_modify_packet" time="0.0119769573212"></testcase><testcase classname="modules.test_na_ontap_autosupport.TestMyModule" file="modules/test_na_ontap_autosupport.py" line="161" name="test_result_from_get" time="0.00562381744385"></testcase><testcase classname="modules.test_na_ontap_autosupport.TestMyModule" file="modules/test_na_ontap_autosupport.py" line="143" name="test_enable_asup" time="0.0158860683441"></testcase><testcase classname="modules.test_na_ontap_broadcast_domain.TestMyModule" file="modules/test_na_ontap_broadcast_domain.py" line="154" name="test_create_error_missing_broadcast_domain" time="0.00394606590271"></testcase><testcase classname="modules.test_na_ontap_broadcast_domain.TestMyModule" file="modules/test_na_ontap_broadcast_domain.py" line="212" name="test_delete_ports" time="0.00797820091248"></testcase><testcase classname="modules.test_na_ontap_autosupport.TestMyModule" file="modules/test_na_ontap_autosupport.py" line="203" name="test_modify_called" time="0.0139379501343"></testcase><testcase classname="modules.test_na_ontap_broadcast_domain.TestMyModule" file="modules/test_na_ontap_broadcast_domain.py" line="191" name="test_modify_ipspace_idempotency" time="0.0061662197113"></testcase><testcase classname="modules.test_na_ontap_broadcast_domain.TestMyModule" file="modules/test_na_ontap_broadcast_domain.py" line="141" name="test_module_fail_when_required_args_missing" time="0.00381183624268"><system-out>Info: missing required arguments: username, name, hostname, password
</system-out></testcase><testcase classname="modules.test_na_ontap_broadcast_domain.TestMyModule" file="modules/test_na_ontap_broadcast_domain.py" line="297" name="test_split_broadcast_domain_idempotency" time="0.00647592544556"></testcase><testcase classname="modules.test_na_ontap_autosupport.TestMyModule" file="modules/test_na_ontap_autosupport.py" line="212" name="test_modify_not_called" time="0.0334942340851"></testcase><testcase classname="modules.test_na_ontap_broadcast_domain.TestMyModule" file="modules/test_na_ontap_broadcast_domain.py" line="279" name="test_split_broadcast_domain_not_exist" time="0.00622081756592"></testcase><testcase classname="modules.test_na_ontap_cg_snapshot.TestMyModule" file="modules/test_na_ontap_cg_snapshot.py" line="99" name="test_ensure_command_called" time="0.00495600700378"></testcase><testcase classname="modules.test_na_ontap_cifs.TestMyModule" file="modules/test_na_ontap_cifs.py" line="168" name="test_cifs_create_called" time="0.00641369819641"><system-out>Info: test_cifs_apply: AnsibleExitJson({&apos;changed&apos;: True},)
</system-out></testcase><testcase classname="modules.test_na_ontap_cifs.TestMyModule" file="modules/test_na_ontap_cifs.py" line="197" name="test_cifs_modify_called" time="0.00699377059937"><system-out>&lt;xml&gt;&lt;attributes-list&gt;&lt;cifs-share&gt;&lt;share-name&gt;test&lt;/share-name&gt;&lt;symlink-properties&gt;&lt;cifs-share-symlink-properties&gt;enable&lt;/cifs-share-symlink-properties&gt;&lt;cifs-share-symlink-properties&gt;read_only&lt;/cifs-share-symlink-properties&gt;&lt;/symlink-properties&gt;&lt;vscan-fileop-profile&gt;standard&lt;/vscan-fileop-profile&gt;&lt;share-properties&gt;&lt;cifs-share-properties&gt;browsable&lt;/cifs-share-properties&gt;&lt;cifs-share-properties&gt;oplocks&lt;/cifs-share-properties&gt;&lt;/share-properties&gt;&lt;path&gt;/test&lt;/path&gt;&lt;/cifs-share&gt;&lt;/attributes-list&gt;&lt;num-records&gt;1&lt;/num-records&gt;&lt;/xml&gt;
&lt;xml&gt;&lt;attributes-list&gt;&lt;cifs-share&gt;&lt;share-name&gt;test&lt;/share-name&gt;&lt;symlink-properties&gt;&lt;cifs-share-symlink-properties&gt;enable&lt;/cifs-share-symlink-properties&gt;&lt;cifs-share-symlink-properties&gt;read_only&lt;/cifs-share-symlink-properties&gt;&lt;/symlink-properties&gt;&lt;vscan-fileop-profile&gt;standard&lt;/vscan-fileop-profile&gt;&lt;share-properties&gt;&lt;cifs-share-properties&gt;browsable&lt;/cifs-share-properties&gt;&lt;cifs-share-properties&gt;oplocks&lt;/cifs-share-properties&gt;&lt;/share-properties&gt;&lt;path&gt;/test&lt;/path&gt;&lt;/cifs-share&gt;&lt;/attributes-list&gt;&lt;num-records&gt;1&lt;/num-records&gt;&lt;/xml&gt;
Info: test_cifs_apply: AnsibleExitJson({&apos;changed&apos;: True},)
</system-out></testcase><testcase classname="modules.test_na_ontap_autosupport.TestMyModule" file="modules/test_na_ontap_autosupport.py" line="136" name="test_module_fail_when_required_args_missing" time="0.00768232345581"><system-out>Info: missing required arguments: username, hostname, node_name, password
</system-out></testcase><testcase classname="modules.test_na_ontap_cifs.TestMyModule" file="modules/test_na_ontap_cifs.py" line="140" name="test_ensure_cifs_get_called" time="0.00452995300293"><system-out>Info: test_cifs_share_get: None
</system-out></testcase><testcase classname="modules.test_na_ontap_cifs.TestMyModule" file="modules/test_na_ontap_cifs.py" line="133" name="test_module_fail_when_required_args_missing" time="0.00349903106689"><system-out>Info: missing required arguments: username, share_name, hostname, vserver, password
</system-out></testcase><testcase classname="modules.test_na_ontap_broadcast_domain.TestMyModule" file="modules/test_na_ontap_broadcast_domain.py" line="201" name="test_add_ports" time="0.0130550861359"></testcase><testcase classname="modules.test_na_ontap_cifs_server.TestMyModule" file="modules/test_na_ontap_cifs_server.py" line="151" name="test_ensure_cifs_server_apply_for_delete_called" time="0.00800585746765"><system-out>&lt;xml&gt;&lt;attributes-list&gt;&lt;cifs-server-config&gt;&lt;administrative-status&gt;up&lt;/administrative-status&gt;&lt;cifs-server&gt;delete&lt;/cifs-server&gt;&lt;/cifs-server-config&gt;&lt;/attributes-list&gt;&lt;num-records&gt;1&lt;/num-records&gt;&lt;/xml&gt;
&lt;xml&gt;&lt;attributes-list&gt;&lt;cifs-server-config&gt;&lt;administrative-status&gt;up&lt;/administrative-status&gt;&lt;cifs-server&gt;delete&lt;/cifs-server&gt;&lt;/cifs-server-config&gt;&lt;/attributes-list&gt;&lt;num-records&gt;1&lt;/num-records&gt;&lt;/xml&gt;
Info: test_cifs_server_apply: AnsibleExitJson({&apos;changed&apos;: False},)
&lt;xml&gt;&lt;attributes-list&gt;&lt;cifs-server-config&gt;&lt;administrative-status&gt;up&lt;/administrative-status&gt;&lt;cifs-server&gt;delete&lt;/cifs-server&gt;&lt;/cifs-server-config&gt;&lt;/attributes-list&gt;&lt;num-records&gt;1&lt;/num-records&gt;&lt;/xml&gt;
&lt;xml&gt;&lt;attributes-list&gt;&lt;cifs-server-config&gt;&lt;administrative-status&gt;up&lt;/administrative-status&gt;&lt;cifs-server&gt;delete&lt;/cifs-server&gt;&lt;/cifs-server-config&gt;&lt;/attributes-list&gt;&lt;num-records&gt;1&lt;/num-records&gt;&lt;/xml&gt;
&lt;xml&gt;&lt;attributes-list&gt;&lt;cifs-server-config&gt;&lt;administrative-status&gt;up&lt;/administrative-status&gt;&lt;cifs-server&gt;delete&lt;/cifs-server&gt;&lt;/cifs-server-config&gt;&lt;/attributes-list&gt;&lt;num-records&gt;1&lt;/num-records&gt;&lt;/xml&gt;
Info: test_cifs_server_delete: AnsibleExitJson({&apos;changed&apos;: True},)
</system-out></testcase><testcase classname="modules.test_na_ontap_broadcast_domain.TestMyModule" file="modules/test_na_ontap_broadcast_domain.py" line="174" name="test_create_idempotency" time="0.00578308105469"></testcase><testcase classname="modules.test_na_ontap_cifs_server.TestMyModule" file="modules/test_na_ontap_cifs_server.py" line="174" name="test_ensure_start_cifs_server_called" time="0.0107009410858"><system-out>&lt;xml&gt;&lt;attributes-list&gt;&lt;cifs-server-config&gt;&lt;administrative-status&gt;up&lt;/administrative-status&gt;&lt;cifs-server&gt;test&lt;/cifs-server&gt;&lt;/cifs-server-config&gt;&lt;/attributes-list&gt;&lt;num-records&gt;1&lt;/num-records&gt;&lt;/xml&gt;
&lt;xml&gt;&lt;attributes-list&gt;&lt;cifs-server-config&gt;&lt;administrative-status&gt;up&lt;/administrative-status&gt;&lt;cifs-server&gt;test&lt;/cifs-server&gt;&lt;/cifs-server-config&gt;&lt;/attributes-list&gt;&lt;num-records&gt;1&lt;/num-records&gt;&lt;/xml&gt;
Info: test_ensure_start_cifs_server: AnsibleExitJson({&apos;changed&apos;: False},)
&lt;xml&gt;&lt;attributes-list&gt;&lt;cifs-server-config&gt;&lt;administrative-status&gt;up&lt;/administrative-status&gt;&lt;cifs-server&gt;test&lt;/cifs-server&gt;&lt;/cifs-server-config&gt;&lt;/attributes-list&gt;&lt;num-records&gt;1&lt;/num-records&gt;&lt;/xml&gt;
&lt;xml&gt;&lt;attributes-list&gt;&lt;cifs-server-config&gt;&lt;administrative-status&gt;up&lt;/administrative-status&gt;&lt;cifs-server&gt;test&lt;/cifs-server&gt;&lt;/cifs-server-config&gt;&lt;/attributes-list&gt;&lt;num-records&gt;1&lt;/num-records&gt;&lt;/xml&gt;
&lt;xml&gt;&lt;attributes-list&gt;&lt;cifs-server-config&gt;&lt;administrative-status&gt;up&lt;/administrative-status&gt;&lt;cifs-server&gt;test&lt;/cifs-server&gt;&lt;/cifs-server-config&gt;&lt;/attributes-list&gt;&lt;num-records&gt;1&lt;/num-records&gt;&lt;/xml&gt;
Info: test_ensure_start_cifs_server: AnsibleExitJson({&apos;changed&apos;: True},)
</system-out></testcase><testcase classname="modules.test_na_ontap_broadcast_domain.TestMyModule" file="modules/test_na_ontap_broadcast_domain.py" line="148" name="test_get_nonexistent_net_route" time="0.0117180347443"></testcase><testcase classname="modules.test_na_ontap_broadcast_domain.TestMyModule" file="modules/test_na_ontap_broadcast_domain.py" line="182" name="test_modify_mtu" time="0.00707507133484"></testcase><testcase classname="modules.test_na_ontap_cifs_server.TestMyModule" file="modules/test_na_ontap_cifs_server.py" line="115" name="test_module_fail_when_required_args_missing" time="0.00402593612671"><system-out>Info: missing required arguments: username, hostname, vserver, password, name
</system-out></testcase><testcase classname="modules.test_na_ontap_cluster.TestMyModule" file="modules/test_na_ontap_cluster.py" line="141" name="test_ensure_apply_for_cluster_called" time="0.00997304916382"><system-out>Info: test_cluster_apply: AnsibleExitJson({&apos;changed&apos;: True},)
&lt;xml&gt;&lt;license-v2-status&gt;&lt;method&gt;site&lt;/method&gt;&lt;package&gt;cifs&lt;/package&gt;&lt;/license-v2-status&gt;&lt;/xml&gt;
&lt;xml&gt;&lt;license-v2-status&gt;&lt;method&gt;site&lt;/method&gt;&lt;package&gt;cifs&lt;/package&gt;&lt;/license-v2-status&gt;&lt;/xml&gt;
&lt;xml&gt;&lt;license-v2-status&gt;&lt;method&gt;site&lt;/method&gt;&lt;package&gt;cifs&lt;/package&gt;&lt;/license-v2-status&gt;&lt;/xml&gt;
&lt;xml&gt;&lt;license-v2-status&gt;&lt;method&gt;site&lt;/method&gt;&lt;package&gt;cifs&lt;/package&gt;&lt;/license-v2-status&gt;&lt;/xml&gt;
&lt;xml&gt;&lt;license-v2-status&gt;&lt;method&gt;site&lt;/method&gt;&lt;package&gt;cifs&lt;/package&gt;&lt;/license-v2-status&gt;&lt;/xml&gt;
Info: test_cluster_apply: AnsibleExitJson({&apos;changed&apos;: True},)
</system-out></testcase><testcase classname="modules.test_na_ontap_broadcast_domain.TestMyModule" file="modules/test_na_ontap_broadcast_domain.py" line="223" name="test_split_broadcast_domain" time="0.0120627880096"></testcase><testcase classname="modules.test_na_ontap_cluster.TestMyModule" file="modules/test_na_ontap_cluster.py" line="176" name="test_if_all_methods_catch_exception" time="0.00651812553406"></testcase><testcase classname="modules.test_na_ontap_broadcast_domain.TestMyModule" file="modules/test_na_ontap_broadcast_domain.py" line="250" name="test_split_broadcast_domain_modify_delete" time="0.0181319713593"></testcase><testcase classname="modules.test_na_ontap_cluster_peer.TestMyModule" file="modules/test_na_ontap_cluster_peer.py" line="154" name="test_create_idempotency" time="0.00742316246033"></testcase><testcase classname="modules.test_na_ontap_broadcast_domain.TestMyModule" file="modules/test_na_ontap_broadcast_domain.py" line="164" name="test_successful_create" time="0.0143010616302"></testcase><testcase classname="modules.test_na_ontap_cluster_peer.TestMyModule" file="modules/test_na_ontap_cluster_peer.py" line="135" name="test_module_fail_when_required_args_missing" time="0.019186258316"><system-out>Info: missing required arguments: username, hostname, dest_hostname, password
</system-out></testcase><testcase classname="modules.test_na_ontap_cg_snapshot.TestMyModule" file="modules/test_na_ontap_cg_snapshot.py" line="92" name="test_module_fail_when_required_args_missing" time="0.00348496437073"><system-out>Info: missing required arguments: username, volumes, hostname, vserver, snapshot, password
</system-out></testcase><testcase classname="modules.test_na_ontap_cluster_peer.TestMyModule" file="modules/test_na_ontap_cluster_peer.py" line="174" name="test_successful_delete" time="0.00707387924194"></testcase><testcase classname="modules.test_na_ontap_cifs.TestMyModule" file="modules/test_na_ontap_cifs.py" line="182" name="test_cifs_delete_called" time="0.0137870311737"><system-out>&lt;xml&gt;&lt;attributes-list&gt;&lt;cifs-share&gt;&lt;share-name&gt;test&lt;/share-name&gt;&lt;symlink-properties&gt;&lt;cifs-share-symlink-properties&gt;enable&lt;/cifs-share-symlink-properties&gt;&lt;cifs-share-symlink-properties&gt;read_only&lt;/cifs-share-symlink-properties&gt;&lt;/symlink-properties&gt;&lt;vscan-fileop-profile&gt;standard&lt;/vscan-fileop-profile&gt;&lt;share-properties&gt;&lt;cifs-share-properties&gt;browsable&lt;/cifs-share-properties&gt;&lt;cifs-share-properties&gt;oplocks&lt;/cifs-share-properties&gt;&lt;/share-properties&gt;&lt;path&gt;/test&lt;/path&gt;&lt;/cifs-share&gt;&lt;/attributes-list&gt;&lt;num-records&gt;1&lt;/num-records&gt;&lt;/xml&gt;
&lt;xml&gt;&lt;attributes-list&gt;&lt;cifs-share&gt;&lt;share-name&gt;test&lt;/share-name&gt;&lt;symlink-properties&gt;&lt;cifs-share-symlink-properties&gt;enable&lt;/cifs-share-symlink-properties&gt;&lt;cifs-share-symlink-properties&gt;read_only&lt;/cifs-share-symlink-properties&gt;&lt;/symlink-properties&gt;&lt;vscan-fileop-profile&gt;standard&lt;/vscan-fileop-profile&gt;&lt;share-properties&gt;&lt;cifs-share-properties&gt;browsable&lt;/cifs-share-properties&gt;&lt;cifs-share-properties&gt;oplocks&lt;/cifs-share-properties&gt;&lt;/share-properties&gt;&lt;path&gt;/test&lt;/path&gt;&lt;/cifs-share&gt;&lt;/attributes-list&gt;&lt;num-records&gt;1&lt;/num-records&gt;&lt;/xml&gt;
Info: test_cifs_apply: AnsibleExitJson({&apos;changed&apos;: True},)
</system-out></testcase><testcase classname="modules.test_na_ontap_command.TestMyModule" file="modules/test_na_ontap_command.py" line="158" name="test_advanced_priv" time="0.0144526958466"><system-out>Version (raw): &lt;results&gt;&lt;cli-output&gt;
NetApp Release&lt;/cli-output&gt;&lt;/results&gt;
</system-out></testcase><testcase classname="modules.test_na_ontap_cifs.TestMyModule" file="modules/test_na_ontap_cifs.py" line="149" name="test_ensure_apply_for_cifs_called" time="0.0154507160187"><system-out>Info: test_cifs_apply: AnsibleExitJson({&apos;changed&apos;: True},)
&lt;xml&gt;&lt;attributes-list&gt;&lt;cifs-share&gt;&lt;share-name&gt;test&lt;/share-name&gt;&lt;symlink-properties&gt;&lt;cifs-share-symlink-properties&gt;enable&lt;/cifs-share-symlink-properties&gt;&lt;cifs-share-symlink-properties&gt;read_only&lt;/cifs-share-symlink-properties&gt;&lt;/symlink-properties&gt;&lt;vscan-fileop-profile&gt;standard&lt;/vscan-fileop-profile&gt;&lt;share-properties&gt;&lt;cifs-share-properties&gt;browsable&lt;/cifs-share-properties&gt;&lt;cifs-share-properties&gt;oplocks&lt;/cifs-share-properties&gt;&lt;/share-properties&gt;&lt;path&gt;/test&lt;/path&gt;&lt;/cifs-share&gt;&lt;/attributes-list&gt;&lt;num-records&gt;1&lt;/num-records&gt;&lt;/xml&gt;
&lt;xml&gt;&lt;attributes-list&gt;&lt;cifs-share&gt;&lt;share-name&gt;test&lt;/share-name&gt;&lt;symlink-properties&gt;&lt;cifs-share-symlink-properties&gt;enable&lt;/cifs-share-symlink-properties&gt;&lt;cifs-share-symlink-properties&gt;read_only&lt;/cifs-share-symlink-properties&gt;&lt;/symlink-properties&gt;&lt;vscan-fileop-profile&gt;standard&lt;/vscan-fileop-profile&gt;&lt;share-properties&gt;&lt;cifs-share-properties&gt;browsable&lt;/cifs-share-properties&gt;&lt;cifs-share-properties&gt;oplocks&lt;/cifs-share-properties&gt;&lt;/share-properties&gt;&lt;path&gt;/test&lt;/path&gt;&lt;/cifs-share&gt;&lt;/attributes-list&gt;&lt;num-records&gt;1&lt;/num-records&gt;&lt;/xml&gt;
&lt;xml&gt;&lt;attributes-list&gt;&lt;cifs-share&gt;&lt;share-name&gt;test&lt;/share-name&gt;&lt;symlink-properties&gt;&lt;cifs-share-symlink-properties&gt;enable&lt;/cifs-share-symlink-properties&gt;&lt;cifs-share-symlink-properties&gt;read_only&lt;/cifs-share-symlink-properties&gt;&lt;/symlink-properties&gt;&lt;vscan-fileop-profile&gt;standard&lt;/vscan-fileop-profile&gt;&lt;share-properties&gt;&lt;cifs-share-properties&gt;browsable&lt;/cifs-share-properties&gt;&lt;cifs-share-properties&gt;oplocks&lt;/cifs-share-properties&gt;&lt;/share-properties&gt;&lt;path&gt;/test&lt;/path&gt;&lt;/cifs-share&gt;&lt;/attributes-list&gt;&lt;num-records&gt;1&lt;/num-records&gt;&lt;/xml&gt;
Info: test_cifs_apply: AnsibleExitJson({&apos;changed&apos;: True},)
</system-out></testcase><testcase classname="modules.test_na_ontap_command.TestMyModule" file="modules/test_na_ontap_command.py" line="97" name="test_module_fail_when_required_args_missing" time="0.0103521347046"><system-out>Info: missing required arguments: username, hostname, command, password
</system-out></testcase><testcase classname="modules.test_na_ontap_cifs.TestMyModule" file="modules/test_na_ontap_cifs.py" line="211" name="test_if_all_methods_catch_exception" time="0.0400259494781"></testcase><testcase classname="modules.test_na_ontap_cifs_server.TestMyModule" file="modules/test_na_ontap_cifs_server.py" line="131" name="test_ensure_cifs_server_apply_for_create_called" time="0.00922703742981"><system-out>Info: test_cifs_server_apply: AnsibleExitJson({&apos;changed&apos;: True},)
&lt;xml&gt;&lt;attributes-list&gt;&lt;cifs-server-config&gt;&lt;administrative-status&gt;up&lt;/administrative-status&gt;&lt;cifs-server&gt;create&lt;/cifs-server&gt;&lt;/cifs-server-config&gt;&lt;/attributes-list&gt;&lt;num-records&gt;1&lt;/num-records&gt;&lt;/xml&gt;
&lt;xml&gt;&lt;attributes-list&gt;&lt;cifs-server-config&gt;&lt;administrative-status&gt;up&lt;/administrative-status&gt;&lt;cifs-server&gt;create&lt;/cifs-server&gt;&lt;/cifs-server-config&gt;&lt;/attributes-list&gt;&lt;num-records&gt;1&lt;/num-records&gt;&lt;/xml&gt;
Info: test_cifs_server_apply_for_create: AnsibleExitJson({&apos;changed&apos;: False},)
</system-out></testcase><testcase classname="modules.test_na_ontap_cifs_server.TestMyModule" file="modules/test_na_ontap_cifs_server.py" line="122" name="test_ensure_cifs_server_get_called" time="0.0047082901001"><system-out>Info: test_cifs_server_get: None
</system-out></testcase><testcase classname="modules.test_na_ontap_dns.TestMyModule" file="modules/test_na_ontap_dns.py" line="145" name="test_idempotent_modify_dns" time="0.0283060073853"></testcase><testcase classname="modules.test_na_ontap_cifs_server.TestMyModule" file="modules/test_na_ontap_cifs_server.py" line="198" name="test_ensure_stop_cifs_server_called" time="0.0260331630707"><system-out>&lt;xml&gt;&lt;attributes-list&gt;&lt;cifs-server-config&gt;&lt;administrative-status&gt;down&lt;/administrative-status&gt;&lt;cifs-server&gt;test&lt;/cifs-server&gt;&lt;/cifs-server-config&gt;&lt;/attributes-list&gt;&lt;num-records&gt;1&lt;/num-records&gt;&lt;/xml&gt;
&lt;xml&gt;&lt;attributes-list&gt;&lt;cifs-server-config&gt;&lt;administrative-status&gt;down&lt;/administrative-status&gt;&lt;cifs-server&gt;test&lt;/cifs-server&gt;&lt;/cifs-server-config&gt;&lt;/attributes-list&gt;&lt;num-records&gt;1&lt;/num-records&gt;&lt;/xml&gt;
Info: test_ensure_stop_cifs_server: AnsibleExitJson({&apos;changed&apos;: False},)
&lt;xml&gt;&lt;attributes-list&gt;&lt;cifs-server-config&gt;&lt;administrative-status&gt;down&lt;/administrative-status&gt;&lt;cifs-server&gt;test&lt;/cifs-server&gt;&lt;/cifs-server-config&gt;&lt;/attributes-list&gt;&lt;num-records&gt;1&lt;/num-records&gt;&lt;/xml&gt;
&lt;xml&gt;&lt;attributes-list&gt;&lt;cifs-server-config&gt;&lt;administrative-status&gt;down&lt;/administrative-status&gt;&lt;cifs-server&gt;test&lt;/cifs-server&gt;&lt;/cifs-server-config&gt;&lt;/attributes-list&gt;&lt;num-records&gt;1&lt;/num-records&gt;&lt;/xml&gt;
&lt;xml&gt;&lt;attributes-list&gt;&lt;cifs-server-config&gt;&lt;administrative-status&gt;down&lt;/administrative-status&gt;&lt;cifs-server&gt;test&lt;/cifs-server&gt;&lt;/cifs-server-config&gt;&lt;/attributes-list&gt;&lt;num-records&gt;1&lt;/num-records&gt;&lt;/xml&gt;
Info: test_ensure_stop_cifs_server: AnsibleExitJson({&apos;changed&apos;: True},)
</system-out></testcase><testcase classname="modules.test_na_ontap_dns.TestMyModule" file="modules/test_na_ontap_dns.py" line="178" name="test_rest_error" time="0.0285270214081"></testcase><testcase classname="modules.test_na_ontap_cluster.TestMyModule" file="modules/test_na_ontap_cluster.py" line="161" name="test_cluster_create_called" time="0.0172560214996"><system-out>&lt;xml&gt;&lt;license-v2-status&gt;&lt;method&gt;site&lt;/method&gt;&lt;package&gt;cifs&lt;/package&gt;&lt;/license-v2-status&gt;&lt;/xml&gt;
&lt;xml&gt;&lt;license-v2-status&gt;&lt;method&gt;site&lt;/method&gt;&lt;package&gt;cifs&lt;/package&gt;&lt;/license-v2-status&gt;&lt;/xml&gt;
&lt;xml&gt;&lt;license-v2-status&gt;&lt;method&gt;site&lt;/method&gt;&lt;package&gt;cifs&lt;/package&gt;&lt;/license-v2-status&gt;&lt;/xml&gt;
&lt;xml&gt;&lt;license-v2-status&gt;&lt;method&gt;site&lt;/method&gt;&lt;package&gt;cifs&lt;/package&gt;&lt;/license-v2-status&gt;&lt;/xml&gt;
Info: test_cluster_apply: AnsibleExitJson({&apos;changed&apos;: &lt;MagicMock name=&apos;create_cluster()&apos; id=&apos;94438486259408&apos;&gt;},)
</system-out></testcase><testcase classname="modules.test_na_ontap_dns.TestMyModule" file="modules/test_na_ontap_dns.py" line="233" name="test_rest_idempotently_destroy" time="0.0308849811554"></testcase><testcase classname="modules.test_na_ontap_cluster.TestMyModule" file="modules/test_na_ontap_cluster.py" line="132" name="test_ensure_license_get_called" time="0.0104241371155"><system-out>Info: test_license_get: {}
</system-out></testcase><testcase classname="modules.test_na_ontap_dns.TestMyModule" file="modules/test_na_ontap_dns.py" line="191" name="test_rest_successfully_create" time="0.0164880752563"></testcase><testcase classname="modules.test_na_ontap_dns.TestMyModule" file="modules/test_na_ontap_dns.py" line="247" name="test_rest_successfully_modify" time="0.0117013454437"></testcase><testcase classname="modules.test_na_ontap_cluster.TestMyModule" file="modules/test_na_ontap_cluster.py" line="125" name="test_module_fail_when_required_args_missing" time="0.0194489955902"><system-out>Info: missing required arguments: username, hostname, password
</system-out></testcase><testcase classname="modules.test_na_ontap_cluster_peer.TestMyModule" file="modules/test_na_ontap_cluster_peer.py" line="197" name="test_delete_idempotency" time="0.0232360363007"></testcase><testcase classname="modules.test_na_ontap_dns.TestMyModule" file="modules/test_na_ontap_dns.py" line="152" name="test_successfully_modify_dns" time="0.0394682884216"></testcase><testcase classname="modules.test_na_ontap_efficiency_policy.TestMyModule" file="modules/test_na_ontap_efficiency_policy.py" line="198" name="test_delete_idempotency" time="0.0215759277344"></testcase><testcase classname="modules.test_na_ontap_cluster_peer.TestMyModule" file="modules/test_na_ontap_cluster_peer.py" line="142" name="test_successful_create" time="0.0273578166962"></testcase><testcase classname="modules.test_na_ontap_efficiency_policy.TestMyModule" file="modules/test_na_ontap_efficiency_policy.py" line="152" name="test_get_nonexistent_efficiency_policy" time="0.00457406044006"></testcase><testcase classname="modules.test_na_ontap_command.TestMyModule" file="modules/test_na_ontap_command.py" line="147" name="test_admin_priv" time="0.0294096469879"><system-out>Version (raw): &lt;results&gt;&lt;cli-output&gt;NetApp Release&lt;/cli-output&gt;&lt;/results&gt;
</system-out></testcase><testcase classname="modules.test_na_ontap_efficiency_policy.TestMyModule" file="modules/test_na_ontap_efficiency_policy.py" line="206" name="test_successful_modify" time="0.0254390239716"></testcase><testcase classname="modules.test_na_ontap_command.TestMyModule" file="modules/test_na_ontap_command.py" line="137" name="test_default_priv" time="0.00900101661682"><system-out>Version (raw): &lt;results&gt;&lt;cli-output&gt;NetApp Release&lt;/cli-output&gt;&lt;/results&gt;
</system-out></testcase><testcase classname="modules.test_na_ontap_efficiency_policy.TestMyModule" file="modules/test_na_ontap_efficiency_policy.py" line="190" name="test_successfully_delete" time="0.0224997997284"></testcase><testcase classname="modules.test_na_ontap_dns.TestMyModule" file="modules/test_na_ontap_dns.py" line="160" name="test_idempotent_create_dns" time="0.0229218006134"></testcase><testcase classname="modules.test_na_ontap_efficiency_policy.TestMyModule" file="modules/test_na_ontap_efficiency_policy.py" line="182" name="test_threshold_schedule_failure" time="0.0177240371704"></testcase><testcase classname="modules.test_na_ontap_dns.TestMyModule" file="modules/test_na_ontap_dns.py" line="138" name="test_module_fail_when_required_args_missing" time="0.01491522789"><system-out>Info: missing required arguments: username, hostname, vserver, password
</system-out></testcase><testcase classname="modules.test_na_ontap_export_policy.TestMyModule" file="modules/test_na_ontap_export_policy.py" line="230" name="test_rest_error_create" time="0.0139880180359"></testcase><testcase classname="modules.test_na_ontap_dns.TestMyModule" file="modules/test_na_ontap_dns.py" line="205" name="test_rest_idempotent_create_dns" time="0.0164699554443"></testcase><testcase classname="modules.test_na_ontap_export_policy.TestMyModule" file="modules/test_na_ontap_export_policy.py" line="267" name="test_rest_error_rename" time="0.00581216812134"></testcase><testcase classname="modules.test_na_ontap_dns.TestMyModule" file="modules/test_na_ontap_dns.py" line="262" name="test_rest_idempotently_modify" time="0.0375320911407"></testcase><testcase classname="modules.test_na_ontap_export_policy.TestMyModule" file="modules/test_na_ontap_export_policy.py" line="193" name="test_rest_successful_delete" time="0.00932288169861"></testcase><testcase classname="modules.test_na_ontap_dns.TestMyModule" file="modules/test_na_ontap_dns.py" line="218" name="test_rest_successfully_destroy" time="0.0342798233032"></testcase><testcase classname="modules.test_na_ontap_export_policy.TestMyModule" file="modules/test_na_ontap_export_policy.py" line="150" name="test_successful_create" time="0.0358049869537"></testcase><testcase classname="modules.test_na_ontap_dns.TestMyModule" file="modules/test_na_ontap_dns.py" line="168" name="test_successfully_create_dns" time="0.0246458053589"><system-out>create dns
</system-out></testcase><testcase classname="modules.test_na_ontap_export_policy_rule.TestMyModule" file="modules/test_na_ontap_export_policy_rule.py" line="213" name="test_create_idempotency" time="0.0215682983398"></testcase><testcase classname="modules.test_na_ontap_export_policy_rule.TestMyModule" file="modules/test_na_ontap_export_policy_rule.py" line="230" name="test_delete_idempotency" time="0.00671410560608"></testcase><testcase classname="modules.test_na_ontap_efficiency_policy.TestMyModule" file="modules/test_na_ontap_efficiency_policy.py" line="168" name="test_create_idempotency" time="0.0156219005585"></testcase><testcase classname="modules.test_na_ontap_export_policy_rule.TestMyModule" file="modules/test_na_ontap_export_policy_rule.py" line="189" name="test_get_existing_policy" time="0.0115036964417"></testcase><testcase classname="modules.test_na_ontap_efficiency_policy.TestMyModule" file="modules/test_na_ontap_efficiency_policy.py" line="157" name="test_get_existing_scanner" time="0.0208058357239"></testcase><testcase classname="modules.test_na_ontap_export_policy_rule.TestMyModule" file="modules/test_na_ontap_export_policy_rule.py" line="174" name="test_get_nonexistent_policy" time="0.0126230716705"></testcase><testcase classname="modules.test_na_ontap_efficiency_policy.TestMyModule" file="modules/test_na_ontap_efficiency_policy.py" line="145" name="test_module_fail_when_required_args_missing" time="0.0160450935364"><system-out>Info: missing required arguments: username, hostname, policy_name, vserver, password
</system-out></testcase><testcase classname="modules.test_na_ontap_export_policy_rule.TestMyModule" file="modules/test_na_ontap_export_policy_rule.py" line="259" name="test_helper_query_parameters" time="0.0163638591766"><system-out>{&apos;query&apos;: {&apos;export-rule-info&apos;: {&apos;vserver&apos;: &apos;test&apos;, &apos;policy-name&apos;: &apos;test&apos;, &apos;rule-index&apos;: 10}}}
</system-out></testcase><testcase classname="modules.test_na_ontap_efficiency_policy.TestMyModule" file="modules/test_na_ontap_efficiency_policy.py" line="162" name="test_successfully_create" time="0.0147037506104"></testcase><testcase classname="modules.test_na_ontap_export_policy_rule.TestMyModule" file="modules/test_na_ontap_export_policy_rule.py" line="206" name="test_successful_create" time="0.0152981281281"></testcase><testcase classname="modules.test_na_ontap_efficiency_policy.TestMyModule" file="modules/test_na_ontap_efficiency_policy.py" line="174" name="test_threshold_duration_failure" time="0.0150351524353"></testcase><testcase classname="modules.test_na_ontap_export_policy_rule.TestMyModule" file="modules/test_na_ontap_export_policy_rule.py" line="239" name="test_successful_modify" time="0.021320104599"></testcase><testcase classname="modules.test_na_ontap_export_policy.TestMyModule" file="modules/test_na_ontap_export_policy.py" line="143" name="test_module_fail_when_required_args_missing" time="0.0133666992188"><system-out>Info: missing required arguments: username, name, hostname, vserver, password
</system-out></testcase><testcase classname="modules.test_na_ontap_firewall_policy.TestMyModule" file="modules/test_na_ontap_firewall_policy.py" line="236" name="test_delete_idempotency" time="0.0130488872528"></testcase><testcase classname="modules.test_na_ontap_firewall_policy.TestMyModule" file="modules/test_na_ontap_firewall_policy.py" line="205" name="test_get_existing_policy" time="0.0164363384247"></testcase><testcase classname="modules.test_na_ontap_export_policy.TestMyModule" file="modules/test_na_ontap_export_policy.py" line="248" name="test_rest_error_delete" time="0.0222508907318"></testcase><testcase classname="modules.test_na_ontap_firewall_policy.TestMyModule" file="modules/test_na_ontap_firewall_policy.py" line="199" name="test_get_nonexistent_policy" time="0.00602197647095"></testcase><testcase classname="modules.test_na_ontap_export_policy.TestMyModule" file="modules/test_na_ontap_export_policy.py" line="176" name="test_rest_successful_create" time="0.0214519500732"></testcase><testcase classname="modules.test_na_ontap_export_policy.TestMyModule" file="modules/test_na_ontap_export_policy.py" line="211" name="test_rest_successful_rename" time="0.00592517852783"></testcase><testcase classname="modules.test_na_ontap_firewall_policy.TestMyModule" file="modules/test_na_ontap_firewall_policy.py" line="187" name="test_helper_validate_ip_addresses_negative" time="0.0161190032959"></testcase><testcase classname="modules.test_na_ontap_firewall_policy.TestMyModule" file="modules/test_na_ontap_firewall_policy.py" line="164" name="test_module_fail_when_required_args_missing" time="0.00432300567627"><system-out>Info: missing required arguments: username, hostname, password
</system-out></testcase><testcase classname="modules.test_na_ontap_firewall_policy.TestMyModule" file="modules/test_na_ontap_firewall_policy.py" line="227" name="test_successful_delete" time="0.00546407699585"></testcase><testcase classname="modules.test_na_ontap_firewall_policy.TestMyModule" file="modules/test_na_ontap_firewall_policy.py" line="286" name="test_successful_modify_config" time="0.00502300262451"></testcase><testcase classname="modules.test_na_ontap_export_policy.TestMyModule" file="modules/test_na_ontap_export_policy.py" line="160" name="test_successful_rename" time="0.0304172039032"></testcase><testcase classname="modules.test_na_ontap_export_policy_rule.TestMyModule" file="modules/test_na_ontap_export_policy_rule.py" line="196" name="test_create_missing_param_error" time="0.00977182388306"></testcase><testcase classname="modules.test_na_ontap_firewall_policy.TestMyModule" file="modules/test_na_ontap_firewall_policy.py" line="263" name="test_successful_modify_mutiple_ips_contain_existing" time="0.0209739208221"></testcase><testcase classname="modules.test_na_ontap_firmware_upgrade.TestMyModule" file="modules/test_na_ontap_firmware_upgrade.py" line="275" name="test_disk_firmware_upgrade" time="0.0102167129517"><system-out>Info: test_firmware_upgrade_apply: AnsibleExitJson({&apos;changed&apos;: &lt;MagicMock name=&apos;disk_firmware_upgrade()&apos; id=&apos;94887748856976&apos;&gt;},)
</system-out></testcase><testcase classname="modules.test_na_ontap_export_policy_rule.TestMyModule" file="modules/test_na_ontap_export_policy_rule.py" line="249" name="test_error_on_ambiguous_delete" time="0.0122199058533"></testcase><testcase classname="modules.test_na_ontap_firmware_upgrade.TestMyModule" file="modules/test_na_ontap_firmware_upgrade.py" line="218" name="test_ensure_apply_for_firmware_upgrade_called" time="0.015175819397"><system-out>Info: test_firmware_upgrade_apply: AnsibleExitJson({&apos;changed&apos;: False},)
&lt;xml&gt;&lt;attributes-list&gt;&lt;service-processor-info&gt;&lt;firmware-version&gt;3.4&lt;/firmware-version&gt;&lt;/service-processor-info&gt;&lt;/attributes-list&gt;&lt;num-records&gt;1&lt;/num-records&gt;&lt;/xml&gt;
Info: test_firmware_upgrade_apply: AnsibleExitJson({&apos;changed&apos;: True},)
</system-out></testcase><testcase classname="modules.test_na_ontap_export_policy_rule.TestMyModule" file="modules/test_na_ontap_export_policy_rule.py" line="180" name="test_get_existing_rule" time="0.00949215888977"></testcase><testcase classname="modules.test_na_ontap_firmware_upgrade.TestMyModule" file="modules/test_na_ontap_firmware_upgrade.py" line="179" name="test_ensure_sp_firmware_get_called" time="0.00497007369995"><system-out>Info: test_firmware_upgrade_get: None
</system-out></testcase><testcase classname="modules.test_na_ontap_export_policy_rule.TestMyModule" file="modules/test_na_ontap_export_policy_rule.py" line="168" name="test_get_nonexistent_rule" time="0.00605010986328"></testcase><testcase classname="modules.test_na_ontap_firmware_upgrade.TestMyModule" file="modules/test_na_ontap_firmware_upgrade.py" line="154" name="test_missing_parameters" time="0.00409698486328"><system-out>Info: missing required arguments: firmware_type
</system-out></testcase><testcase classname="modules.test_na_ontap_firmware_upgrade.TestMyModule" file="modules/test_na_ontap_firmware_upgrade.py" line="243" name="test_shelf_firmware_upgrade" time="0.00509214401245"><system-out>Info: test_firmware_upgrade_apply: AnsibleExitJson({&apos;changed&apos;: True},)
</system-out></testcase><testcase classname="modules.test_na_ontap_export_policy_rule.TestMyModule" file="modules/test_na_ontap_export_policy_rule.py" line="161" name="test_module_fail_when_required_args_missing" time="0.00413513183594"><system-out>Info: missing required arguments: username, name, hostname, vserver, password
</system-out></testcase><testcase classname="modules.test_na_ontap_flexcache.TestMyModule" file="modules/test_na_ontap_flexcache.py" line="309" name="test_create_flexcache_autoprovision" time="0.00938200950623"><system-out>Create: AnsibleExitJson({&apos;changed&apos;: True},)
</system-out></testcase><testcase classname="modules.test_na_ontap_export_policy_rule.TestMyModule" file="modules/test_na_ontap_export_policy_rule.py" line="220" name="test_successful_delete_without_rule_index" time="0.0147879123688"></testcase><testcase classname="modules.test_na_ontap_flexcache.TestMyModule" file="modules/test_na_ontap_flexcache.py" line="290" name="test_create_flexcache_idempotent" time="0.0111587047577"><system-out>Create: AnsibleExitJson({&apos;changed&apos;: False},)
</system-out></testcase><testcase classname="modules.test_na_ontap_firewall_policy.TestMyModule" file="modules/test_na_ontap_firewall_policy.py" line="220" name="test_create_idempotency" time="0.0138258934021"></testcase><testcase classname="modules.test_na_ontap_flexcache.TestMyModule" file="modules/test_na_ontap_flexcache.py" line="377" name="test_create_flexcache_multiplier_idempotent" time="0.0160429477692"><system-out>Create: AnsibleExitJson({&apos;changed&apos;: False},)
</system-out></testcase><testcase classname="modules.test_na_ontap_firewall_policy.TestMyModule" file="modules/test_na_ontap_firewall_policy.py" line="278" name="test_get_existing_config" time="0.0216865539551"></testcase><testcase classname="modules.test_na_ontap_firewall_policy.TestMyModule" file="modules/test_na_ontap_firewall_policy.py" line="272" name="test_get_nonexistent_config" time="0.00659680366516"></testcase><testcase classname="modules.test_na_ontap_firewall_policy.TestMyModule" file="modules/test_na_ontap_firewall_policy.py" line="171" name="test_helper_firewall_policy_attributes" time="0.0157070159912"></testcase><testcase classname="modules.test_na_ontap_firewall_policy.TestMyModule" file="modules/test_na_ontap_firewall_policy.py" line="179" name="test_helper_validate_ip_addresses_positive" time="0.00930404663086"></testcase><testcase classname="modules.test_na_ontap_firewall_policy.TestMyModule" file="modules/test_na_ontap_firewall_policy.py" line="213" name="test_successful_create" time="0.00982689857483"></testcase><testcase classname="modules.test_na_ontap_firewall_policy.TestMyModule" file="modules/test_na_ontap_firewall_policy.py" line="245" name="test_successful_modify" time="0.0158340930939"></testcase><testcase classname="modules.test_na_ontap_firewall_policy.TestMyModule" file="modules/test_na_ontap_firewall_policy.py" line="254" name="test_successful_modify_mutiple_ips" time="0.0113382339478"></testcase><testcase classname="modules.test_na_ontap_firmware_upgrade.TestMyModule" file="modules/test_na_ontap_firmware_upgrade.py" line="258" name="test_acp_firmware_upgrade" time="0.00721311569214"><system-out>Info: test_firmware_upgrade_apply: AnsibleExitJson({&apos;changed&apos;: True},)
</system-out></testcase><testcase classname="modules.test_na_ontap_firmware_upgrade.TestMyModule" file="modules/test_na_ontap_firmware_upgrade.py" line="205" name="test_ensure_acp_firmware_required_get_called" time="0.00986003875732"><system-out>&lt;xml&gt;&lt;attributes-list&gt;&lt;storage-shelf-acp-module&gt;&lt;state&gt;firmware_update_required&lt;/state&gt;&lt;/storage-shelf-acp-module&gt;&lt;/attributes-list&gt;&lt;/xml&gt;
Info: test_acp_firmware_upgrade_required_get: True
</system-out></testcase><testcase classname="modules.test_na_ontap_firmware_upgrade.TestMyModule" file="modules/test_na_ontap_firmware_upgrade.py" line="191" name="test_ensure_firmware_get_with_package_baseline_called" time="0.00471472740173"><system-out>info: Do not specify both package and install_baseline_image: true
</system-out></testcase><testcase classname="modules.test_na_ontap_firmware_upgrade.TestMyModule" file="modules/test_na_ontap_firmware_upgrade.py" line="166" name="test_invalid_firmware_type_parameters" time="0.00413632392883"><system-out>Info: value of firmware_type must be one of: service-processor, shelf, acp, disk, got: service_test
</system-out></testcase><testcase classname="modules.test_na_ontap_firmware_upgrade.TestMyModule" file="modules/test_na_ontap_firmware_upgrade.py" line="147" name="test_module_fail_when_required_args_missing" time="0.00355792045593"><system-out>Info: missing required arguments: username, hostname, firmware_type, password
</system-out></testcase><testcase classname="modules.test_na_ontap_flexcache.TestMyModule" file="modules/test_na_ontap_flexcache.py" line="265" name="test_create_flexcache" time="0.0366661548615"><system-out>Create: AnsibleExitJson({&apos;changed&apos;: True},)
</system-out></testcase><testcase classname="modules.test_na_ontap_flexcache.TestMyModule" file="modules/test_na_ontap_flexcache.py" line="333" name="test_create_flexcache_autoprovision_idempotent" time="0.00617980957031"><system-out>Create: AnsibleExitJson({&apos;changed&apos;: False},)
</system-out></testcase><testcase classname="modules.test_na_ontap_flexcache.TestMyModule" file="modules/test_na_ontap_flexcache.py" line="352" name="test_create_flexcache_multiplier" time="0.013200044632"><system-out>Create: AnsibleExitJson({&apos;changed&apos;: True},)
</system-out></testcase><testcase classname="modules.test_na_ontap_flexcache.TestMyModule" file="modules/test_na_ontap_flexcache.py" line="478" name="test_create_flexcache_size_error" time="0.010724067688"><system-out>Create: AnsibleFailJson({&apos;msg&apos;: &apos;Error when creating flexcache: Size &quot;50MB&quot; (&quot;52428800B&quot;) is too small.  Minimum size is &quot;80MB&quot; (&quot;83886080B&quot;). &apos;, &apos;failed&apos;: True},)
</system-out></testcase><testcase classname="modules.test_na_ontap_flexcache.TestMyModule" file="modules/test_na_ontap_flexcache.py" line="431" name="test_delete_flexcache_exists_junctionpath_no_force" time="0.00724387168884"><system-out>Delete: AnsibleFailJson({&apos;msg&apos;: &apos;Error deleting FlexCache : NetApp API failed. Reason - 160:Volume volume on Vserver ansibleSVM must be unmounted before being taken offline or restricted.&apos;, &apos;failed&apos;: True, &apos;exception&apos;: &apos;Traceback (most recent call last):\n  File &quot;/root/ansible/ansible_collections/netapp/ontap/plugins/modules/na_ontap_flexcache.py&quot;, line 404, in flexcache_delete_async\n    result = self.server.invoke_successfully(flexcache_delete, enable_tunneling=True)\n  File &quot;/root/ansible/ansible_collections/netapp/ontap/tests/unit/plugins/modules/test_na_ontap_flexcache.py&quot;, line 75, in invoke_successfully\n    raise netapp_utils.zapi.NaApiError(code, message)\nNaApiError: NetApp API failed. Reason - 160:Volume volume on Vserver ansibleSVM must be unmounted before being taken offline or restricted.\n&apos;},)
</system-out></testcase><testcase classname="modules.test_na_ontap_flexcache.TestMyModule" file="modules/test_na_ontap_flexcache.py" line="397" name="test_delete_flexcache_exists_no_force" time="0.00721311569214"><system-out>Delete: AnsibleFailJson({&apos;msg&apos;: &apos;Error deleting FlexCache : NetApp API failed. Reason - 13001:Volume volume in Vserver ansibleSVM must be offline to be deleted. Use &quot;volume offline -vserver ansibleSVM -volume volume&quot; command to offline the volume&apos;, &apos;failed&apos;: True, &apos;exception&apos;: &apos;Traceback (most recent call last):\n  File &quot;/root/ansible/ansible_collections/netapp/ontap/plugins/modules/na_ontap_flexcache.py&quot;, line 404, in flexcache_delete_async\n    result = self.server.invoke_successfully(flexcache_delete, enable_tunneling=True)\n  File &quot;/root/ansible/ansible_collections/netapp/ontap/tests/unit/plugins/modules/test_na_ontap_flexcache.py&quot;, line 75, in invoke_successfully\n    raise netapp_utils.zapi.NaApiError(code, message)\nNaApiError: NetApp API failed. Reason - 13001:Volume volume in Vserver ansibleSVM must be offline to be deleted. Use &quot;volume offline -vserver ansibleSVM -volume volume&quot; command to offline the volume\n&apos;},)
</system-out></testcase><testcase classname="modules.test_na_ontap_flexcache.TestMyModule" file="modules/test_na_ontap_flexcache.py" line="465" name="test_delete_flexcache_not_exist" time="0.00727295875549"><system-out>Delete: AnsibleExitJson({&apos;changed&apos;: False},)
</system-out></testcase><testcase classname="modules.test_na_ontap_flexcache.TestMyModule" file="modules/test_na_ontap_flexcache.py" line="249" name="test_get_flexcache_double" time="0.00522685050964"></testcase><testcase classname="modules.test_na_ontap_flexcache.TestMyModule" file="modules/test_na_ontap_flexcache.py" line="200" name="test_missing_parameters" time="0.00960302352905"></testcase><testcase classname="modules.test_na_ontap_igroup.TestMyModule" file="modules/test_na_ontap_igroup.py" line="162" name="test_get_existing_igroup_with_initiators" time="0.00911021232605"></testcase><testcase classname="modules.test_na_ontap_igroup.TestMyModule" file="modules/test_na_ontap_igroup.py" line="155" name="test_get_nonexistent_igroup" time="0.00665998458862"></testcase><testcase classname="modules.test_na_ontap_igroup.TestMyModule" file="modules/test_na_ontap_igroup.py" line="203" name="test_modify_called_from_remove" time="0.00799798965454"></testcase><testcase classname="modules.test_na_ontap_job_schedule.TestMyModule" file="modules/test_na_ontap_job_schedule.py" line="327" name="test_rest_error" time="0.0141129493713"></testcase><testcase classname="modules.test_na_ontap_job_schedule.TestMyModule" file="modules/test_na_ontap_job_schedule.py" line="297" name="test_rest_successful_create" time="0.0130581855774"></testcase><testcase classname="modules.test_na_ontap_job_schedule.TestMyModule" file="modules/test_na_ontap_job_schedule.py" line="248" name="test_successful_create" time="0.0183990001678"></testcase><testcase classname="modules.test_na_ontap_job_schedule.TestMyModule" file="modules/test_na_ontap_job_schedule.py" line="262" name="test_successful_delete" time="0.0169718265533"></testcase><testcase classname="modules.test_na_ontap_job_schedule.TestMyModule" file="modules/test_na_ontap_job_schedule.py" line="280" name="test_successful_modify" time="0.0167570114136"></testcase><testcase classname="modules.test_na_ontap_kerberos_realm.TestMyModule" file="modules/test_na_ontap_kerberos_realm.py" line="184" name="test_get_existing_realm" time="0.00927639007568"></testcase><testcase classname="modules.test_na_ontap_kerberos_realm.TestMyModule" file="modules/test_na_ontap_kerberos_realm.py" line="172" name="test_get_nonexistent_realm" time="0.00470304489136"></testcase><testcase classname="modules.test_na_ontap_kerberos_realm.TestMyModule" file="modules/test_na_ontap_kerberos_realm.py" line="153" name="test_module_fail_when_required_args_missing" time="0.00329899787903"><system-out>Info: missing required arguments: username, realm, hostname, vserver, password
</system-out></testcase><testcase classname="modules.test_na_ontap_kerberos_realm.TestMyModule" file="modules/test_na_ontap_kerberos_realm.py" line="161" name="test_module_fail_when_state_present_required_args_missing" time="0.00771498680115"><system-out>Info: state is present but all of the following are missing: kdc_vendor, kdc_ip
</system-out></testcase><testcase classname="modules.test_na_ontap_kerberos_realm.TestMyModule" file="modules/test_na_ontap_kerberos_realm.py" line="224" name="test_successfully_create_realm" time="0.00741696357727"></testcase><testcase classname="modules.test_na_ontap_kerberos_realm.TestMyModule" file="modules/test_na_ontap_kerberos_realm.py" line="210" name="test_successfully_delete_realm" time="0.00672292709351"></testcase><testcase classname="modules.test_na_ontap_kerberos_realm.TestMyModule" file="modules/test_na_ontap_kerberos_realm.py" line="196" name="test_successfully_modify_realm" time="0.009929895401"></testcase><testcase classname="modules.test_na_ontap_lun_copy.TestMyModule" file="modules/test_na_ontap_lun_copy.py" line="153" name="test_copy_idempotency" time="0.00499844551086"></testcase><testcase classname="modules.test_na_ontap_lun_copy.TestMyModule" file="modules/test_na_ontap_lun_copy.py" line="132" name="test_create_error_missing_param" time="0.00342893600464"></testcase><testcase classname="modules.test_na_ontap_lun_copy.TestMyModule" file="modules/test_na_ontap_lun_copy.py" line="125" name="test_module_fail_when_required_args_missing" time="0.00342631340027"><system-out>Info: missing required arguments: username, destination_vserver, destination_path, hostname, source_path, password
</system-out></testcase><testcase classname="modules.test_na_ontap_lun_copy.TestMyModule" file="modules/test_na_ontap_lun_copy.py" line="145" name="test_successful_copy" time="0.00506210327148"></testcase><testcase classname="modules.test_na_ontap_lun_map.TestMyModule" file="modules/test_na_ontap_lun_map.py" line="122" name="test_ensure_get_called" time="0.00422096252441"></testcase><testcase classname="modules.test_na_ontap_lun_map.TestMyModule" file="modules/test_na_ontap_lun_map.py" line="129" name="test_ensure_get_called_existing" time="0.00441312789917"></testcase><testcase classname="modules.test_na_ontap_lun_map.TestMyModule" file="modules/test_na_ontap_lun_map.py" line="178" name="test_if_all_methods_catch_exception" time="0.00510096549988"></testcase><testcase classname="modules.test_na_ontap_lun_map.TestMyModule" file="modules/test_na_ontap_lun_map.py" line="115" name="test_module_fail_when_required_args_missing" time="0.00349092483521"><system-out>Info: missing required arguments: username, hostname, vserver, initiator_group_name, path, password
</system-out></testcase><testcase classname="modules.test_na_ontap_lun_map.TestMyModule" file="modules/test_na_ontap_lun_map.py" line="136" name="test_successful_create" time="0.0131962299347"></testcase><testcase classname="modules.test_na_ontap_lun_map.TestMyModule" file="modules/test_na_ontap_lun_map.py" line="157" name="test_successful_delete" time="0.011039018631"></testcase><testcase classname="modules.test_na_ontap_motd.TestMyModule" file="modules/test_na_ontap_motd.py" line="145" name="test_ensure_get_called_existing" time="0.00474214553833"><system-out>&lt;xml&gt;&lt;attributes-list&gt;&lt;vserver-motd-info&gt;&lt;vserver&gt;ansible&lt;/vserver&gt;&lt;is-cluster-message-enabled&gt;true&lt;/is-cluster-message-enabled&gt;&lt;message&gt;ansible&lt;/message&gt;&lt;/vserver-motd-info&gt;&lt;/attributes-list&gt;&lt;num-records&gt;1&lt;/num-records&gt;&lt;/xml&gt;
</system-out></testcase><testcase classname="modules.test_na_ontap_motd.TestMyModule" file="modules/test_na_ontap_motd.py" line="138" name="test_ensure_motd_get_called" time="0.00739479064941"></testcase><testcase classname="modules.test_na_ontap_motd.TestMyModule" file="modules/test_na_ontap_motd.py" line="170" name="test_if_all_methods_catch_exception" time="0.00627684593201"></testcase><testcase classname="modules.test_na_ontap_motd.TestMyModule" file="modules/test_na_ontap_motd.py" line="131" name="test_module_fail_when_required_args_missing" time="0.00376033782959"><system-out>Info: missing required arguments: username, hostname, vserver, password
</system-out></testcase><testcase classname="modules.test_na_ontap_motd.TestMyModule" file="modules/test_na_ontap_motd.py" line="152" name="test_motd_create" time="0.0118999481201"><system-out>&lt;xml&gt;&lt;attributes-list&gt;&lt;vserver-motd-info&gt;&lt;vserver&gt;ansible&lt;/vserver&gt;&lt;is-cluster-message-enabled&gt;true&lt;/is-cluster-message-enabled&gt;&lt;message&gt;ansible&lt;/message&gt;&lt;/vserver-motd-info&gt;&lt;/attributes-list&gt;&lt;num-records&gt;1&lt;/num-records&gt;&lt;/xml&gt;
&lt;xml&gt;&lt;attributes-list&gt;&lt;vserver-motd-info&gt;&lt;vserver&gt;ansible&lt;/vserver&gt;&lt;is-cluster-message-enabled&gt;true&lt;/is-cluster-message-enabled&gt;&lt;message&gt;ansible&lt;/message&gt;&lt;/vserver-motd-info&gt;&lt;/attributes-list&gt;&lt;num-records&gt;1&lt;/num-records&gt;&lt;/xml&gt;
</system-out></testcase><testcase classname="modules.test_na_ontap_motd.TestMyModule" file="modules/test_na_ontap_motd.py" line="162" name="test_motd_delete" time="0.0119326114655"><system-out>&lt;xml&gt;&lt;attributes-list&gt;&lt;vserver-motd-info&gt;&lt;vserver&gt;ansible&lt;/vserver&gt;&lt;is-cluster-message-enabled&gt;true&lt;/is-cluster-message-enabled&gt;&lt;message&gt;ansible&lt;/message&gt;&lt;/vserver-motd-info&gt;&lt;/attributes-list&gt;&lt;num-records&gt;1&lt;/num-records&gt;&lt;/xml&gt;
&lt;xml&gt;&lt;attributes-list&gt;&lt;vserver-motd-info&gt;&lt;vserver&gt;ansible&lt;/vserver&gt;&lt;is-cluster-message-enabled&gt;true&lt;/is-cluster-message-enabled&gt;&lt;message&gt;ansible&lt;/message&gt;&lt;/vserver-motd-info&gt;&lt;/attributes-list&gt;&lt;num-records&gt;1&lt;/num-records&gt;&lt;/xml&gt;
&lt;xml&gt;&lt;attributes-list&gt;&lt;vserver-motd-info&gt;&lt;vserver&gt;ansible&lt;/vserver&gt;&lt;is-cluster-message-enabled&gt;true&lt;/is-cluster-message-enabled&gt;&lt;message&gt;ansible&lt;/message&gt;&lt;/vserver-motd-info&gt;&lt;/attributes-list&gt;&lt;num-records&gt;1&lt;/num-records&gt;&lt;/xml&gt;
</system-out></testcase><testcase classname="modules.test_na_ontap_name_service_switch.TestMyModule" file="modules/test_na_ontap_name_service_switch.py" line="164" name="test_error" time="0.0268549919128"><system-out>/root/ansible/ansible_collections/netapp/ontap/tests/unit/plugins/modules/test_na_ontap_name_service_switch.py:49: AnsibleFailJson: {&apos;msg&apos;: &apos;Error on creating name service switch config on vserver test_vserver: NetApp API failed. Reason - test:error&apos;, &apos;failed&apos;: True, &apos;exception&apos;: &apos;Traceback (most recent call last):\n  File &quot;/root/ansible/ansible_collections/netapp/ontap/plugins/modules/na_ontap_name_service_switch.py&quot;, line 147, in create_name_service_switch\n    enable_tunneling=True)\n  File &quot;/root/ansible/ansible_collections/netapp/ontap/tests/unit/plugins/modules/test_na_ontap_name_service_switch.py&quot;, line 69, in invoke_successfully\n    raise error\nNaApiError: NetApp API failed. Reason - test:error\n&apos;}
/root/ansible/ansible_collections/netapp/ontap/tests/unit/plugins/modules/test_na_ontap_name_service_switch.py:49: AnsibleFailJson: {&apos;msg&apos;: &apos;Error on modifying name service switch config on vserver test_vserver: NetApp API failed. Reason - test:error&apos;, &apos;failed&apos;: True, &apos;exception&apos;: &apos;Traceback (most recent call last):\n  File &quot;/root/ansible/ansible_collections/netapp/ontap/plugins/modules/na_ontap_name_service_switch.py&quot;, line 182, in modify_name_service_switch\n    self.server.invoke_successfully(nss_modify, enable_tunneling=True)\n  File &quot;/root/ansible/ansible_collections/netapp/ontap/tests/unit/plugins/modules/test_na_ontap_name_service_switch.py&quot;, line 69, in invoke_successfully\n    raise error\nNaApiError: NetApp API failed. Reason - test:error\n&apos;}
/root/ansible/ansible_collections/netapp/ontap/tests/unit/plugins/modules/test_na_ontap_name_service_switch.py:49: AnsibleFailJson: {&apos;msg&apos;: &apos;Error on deleting name service switch config on vserver test_vserver: NetApp API failed. Reason - test:error&apos;, &apos;failed&apos;: True, &apos;exception&apos;: &apos;Traceback (most recent call last):\n  File &quot;/root/ansible/ansible_collections/netapp/ontap/plugins/modules/na_ontap_name_service_switch.py&quot;, line 162, in delete_name_service_switch\n    enable_tunneling=True)\n  File &quot;/root/ansible/ansible_collections/netapp/ontap/tests/unit/plugins/modules/test_na_ontap_name_service_switch.py&quot;, line 69, in invoke_successfully\n    raise error\nNaApiError: NetApp API failed. Reason - test:error\n&apos;}
</system-out></testcase><testcase classname="modules.test_na_ontap_name_service_switch.TestMyModule" file="modules/test_na_ontap_name_service_switch.py" line="137" name="test_get_existing_nss" time="0.0147759914398"></testcase><testcase classname="modules.test_na_ontap_name_service_switch.TestMyModule" file="modules/test_na_ontap_name_service_switch.py" line="132" name="test_get_nonexistent_nss" time="0.0125367641449"></testcase><testcase classname="modules.test_na_ontap_name_service_switch.TestMyModule" file="modules/test_na_ontap_name_service_switch.py" line="126" name="test_module_fail_when_required_args_missing" time="0.00722599029541"><system-out>Info: missing required arguments: username, hostname, database_type, vserver, password
</system-out></testcase><testcase classname="modules.test_na_ontap_name_service_switch.TestMyModule" file="modules/test_na_ontap_name_service_switch.py" line="142" name="test_successfully_create" time="0.0053448677063"></testcase><testcase classname="modules.test_na_ontap_name_service_switch.TestMyModule" file="modules/test_na_ontap_name_service_switch.py" line="156" name="test_successfully_delete" time="0.0124299526215"></testcase><testcase classname="modules.test_na_ontap_name_service_switch.TestMyModule" file="modules/test_na_ontap_name_service_switch.py" line="148" name="test_successfully_modify" time="0.00966024398804"></testcase><testcase classname="modules.test_na_ontap_ndmp.TestMyModule" file="modules/test_na_ontap_ndmp.py" line="179" name="test_modify_error" time="0.0151042938232"></testcase><testcase classname="modules.test_na_ontap_ndmp.TestMyModule" file="modules/test_na_ontap_ndmp.py" line="195" name="test_rest_error" time="0.00541806221008"></testcase><testcase classname="modules.test_na_ontap_ndmp.TestMyModule" file="modules/test_na_ontap_ndmp.py" line="209" name="test_rest_successfully_modify" time="0.00700640678406"></testcase><testcase classname="modules.test_na_ontap_ndmp.TestMyModule" file="modules/test_na_ontap_ndmp.py" line="163" name="test_successful_modify" time="0.0142650604248"></testcase><testcase classname="modules.test_na_ontap_net_ifgrp.TestMyModule" file="modules/test_na_ontap_net_ifgrp.py" line="242" name="test_add_port_packet" time="0.00556802749634"></testcase><testcase classname="modules.test_na_ontap_net_ifgrp.TestMyModule" file="modules/test_na_ontap_net_ifgrp.py" line="196" name="test_create_called" time="0.0073037147522"></testcase><testcase classname="modules.test_na_ontap_net_ifgrp.TestMyModule" file="modules/test_na_ontap_net_ifgrp.py" line="215" name="test_delete_called" time="0.0067081451416"></testcase><testcase classname="modules.test_na_ontap_net_ifgrp.TestMyModule" file="modules/test_na_ontap_net_ifgrp.py" line="164" name="test_get_existing_ifgrp" time="0.00595593452454"></testcase><testcase classname="modules.test_na_ontap_net_ifgrp.TestMyModule" file="modules/test_na_ontap_net_ifgrp.py" line="158" name="test_get_nonexistent_ifgrp" time="0.00821614265442"></testcase><testcase classname="modules.test_na_ontap_net_ifgrp.TestMyModule" file="modules/test_na_ontap_net_ifgrp.py" line="235" name="test_get_ports_list" time="0.00916719436646"></testcase><testcase classname="modules.test_na_ontap_net_ifgrp.TestMyModule" file="modules/test_na_ontap_net_ifgrp.py" line="271" name="test_get_ports_returns_none" time="0.00631904602051"></testcase><testcase classname="modules.test_na_ontap_net_ifgrp.TestMyModule" file="modules/test_na_ontap_net_ifgrp.py" line="227" name="test_get_return_value" time="0.0113377571106"></testcase><testcase classname="modules.test_na_ontap_net_ifgrp.TestMyModule" file="modules/test_na_ontap_net_ifgrp.py" line="278" name="test_if_all_methods_catch_exception" time="0.01145195961"></testcase><testcase classname="modules.test_na_ontap_net_ifgrp.TestMyModule" file="modules/test_na_ontap_net_ifgrp.py" line="207" name="test_if_ports_are_added_after_create" time="0.00790882110596"></testcase><testcase classname="modules.test_na_ontap_net_ifgrp.TestMyModule" file="modules/test_na_ontap_net_ifgrp.py" line="260" name="test_modify_ports_calls_add_new_ports" time="0.00629925727844"></testcase><testcase classname="modules.test_na_ontap_net_ifgrp.TestMyModule" file="modules/test_na_ontap_net_ifgrp.py" line="249" name="test_modify_ports_calls_remove_existing_ports" time="0.00639200210571"></testcase><testcase classname="modules.test_na_ontap_net_ifgrp.TestMyModule" file="modules/test_na_ontap_net_ifgrp.py" line="151" name="test_module_fail_when_required_args_missing" time="0.00324892997742"><system-out>Info: missing required arguments: username, node, name, hostname, password
</system-out></testcase><testcase classname="modules.test_na_ontap_net_ifgrp.TestMyModule" file="modules/test_na_ontap_net_ifgrp.py" line="170" name="test_successful_create" time="0.00601601600647"></testcase><testcase classname="modules.test_na_ontap_net_ifgrp.TestMyModule" file="modules/test_na_ontap_net_ifgrp.py" line="178" name="test_successful_delete" time="0.00573110580444"></testcase><testcase classname="modules.test_na_ontap_net_ifgrp.TestMyModule" file="modules/test_na_ontap_net_ifgrp.py" line="187" name="test_successful_modify" time="0.00610303878784"></testcase><testcase classname="modules.test_na_ontap_net_port.TestMyModule" file="modules/test_na_ontap_net_port.py" line="170" name="test_get_called" time="0.00785398483276"></testcase><testcase classname="modules.test_na_ontap_net_port.TestMyModule" file="modules/test_na_ontap_net_port.py" line="144" name="test_get_existing_port" time="0.00623798370361"></testcase><testcase classname="modules.test_na_ontap_net_port.TestMyModule" file="modules/test_na_ontap_net_port.py" line="138" name="test_get_nonexistent_port" time="0.00533890724182"></testcase><testcase classname="modules.test_na_ontap_net_port.TestMyModule" file="modules/test_na_ontap_net_port.py" line="131" name="test_module_fail_when_required_args_missing" time="0.00426125526428"><system-out>Info: missing required arguments: username, node, hostname, password, ports
</system-out></testcase><testcase classname="modules.test_na_ontap_net_port.TestMyModule" file="modules/test_na_ontap_net_port.py" line="151" name="test_successful_modify" time="0.00517868995667"></testcase><testcase classname="modules.test_na_ontap_net_port.TestMyModule" file="modules/test_na_ontap_net_port.py" line="160" name="test_successful_modify_multiple_ports" time="0.0064868927002"></testcase><testcase classname="modules.test_na_ontap_net_routes.TestMyModule" file="modules/test_na_ontap_net_routes.py" line="335" name="test__modify_destination_idempotency" time="0.0119590759277"></testcase><testcase classname="modules.test_na_ontap_net_routes.TestMyModule" file="modules/test_na_ontap_net_routes.py" line="291" name="test__modify_gateway_idempotency" time="0.010618686676"></testcase><testcase classname="modules.test_na_ontap_net_routes.TestMyModule" file="modules/test_na_ontap_net_routes.py" line="203" name="test_create_error_missing_param" time="0.00542283058167"></testcase><testcase classname="modules.test_na_ontap_net_routes.TestMyModule" file="modules/test_na_ontap_net_routes.py" line="223" name="test_create_idempotency" time="0.0117239952087"></testcase><testcase classname="modules.test_na_ontap_net_routes.TestMyModule" file="modules/test_na_ontap_net_routes.py" line="240" name="test_delete_idempotency" time="0.0139548778534"></testcase><testcase classname="modules.test_na_ontap_net_routes.TestMyModule" file="modules/test_na_ontap_net_routes.py" line="196" name="test_get_existing_job" time="0.00913596153259"></testcase><testcase classname="modules.test_na_ontap_net_routes.TestMyModule" file="modules/test_na_ontap_net_routes.py" line="190" name="test_get_nonexistent_net_route" time="0.00915312767029"></testcase><testcase classname="modules.test_na_ontap_net_routes.TestMyModule" file="modules/test_na_ontap_net_routes.py" line="260" name="test_modify_metric_idempotency" time="0.00983810424805"></testcase><testcase classname="modules.test_na_ontap_net_routes.TestMyModule" file="modules/test_na_ontap_net_routes.py" line="183" name="test_module_fail_when_required_args_missing" time="0.00312900543213"><system-out>Info: missing required arguments: username, hostname, vserver, destination, password, gateway
</system-out></testcase><testcase classname="modules.test_na_ontap_net_routes.TestMyModule" file="modules/test_na_ontap_net_routes.py" line="357" name="test_rest_error" time="0.00505805015564"></testcase><testcase classname="modules.test_na_ontap_net_routes.TestMyModule" file="modules/test_na_ontap_net_routes.py" line="385" name="test_rest_idempotent_create_dns" time="0.00482797622681"></testcase><testcase classname="modules.test_na_ontap_net_routes.TestMyModule" file="modules/test_na_ontap_net_routes.py" line="414" name="test_rest_idempotently_destroy" time="0.00516104698181"></testcase><testcase classname="modules.test_na_ontap_net_routes.TestMyModule" file="modules/test_na_ontap_net_routes.py" line="447" name="test_rest_idempotently_modify" time="0.00529909133911"></testcase><testcase classname="modules.test_na_ontap_net_routes.TestMyModule" file="modules/test_na_ontap_net_routes.py" line="370" name="test_rest_successfully_create" time="0.00521492958069"></testcase><testcase classname="modules.test_na_ontap_net_routes.TestMyModule" file="modules/test_na_ontap_net_routes.py" line="399" name="test_rest_successfully_destroy" time="0.00526928901672"></testcase><testcase classname="modules.test_na_ontap_net_routes.TestMyModule" file="modules/test_na_ontap_net_routes.py" line="428" name="test_rest_successfully_modify" time="0.00579500198364"></testcase><testcase classname="modules.test_na_ontap_net_routes.TestMyModule" file="modules/test_na_ontap_net_routes.py" line="213" name="test_successful_create" time="0.0271208286285"></testcase><testcase classname="modules.test_na_ontap_net_routes.TestMyModule" file="modules/test_na_ontap_net_routes.py" line="231" name="test_successful_delete" time="0.0161209106445"></testcase><testcase classname="modules.test_na_ontap_net_routes.TestMyModule" file="modules/test_na_ontap_net_routes.py" line="313" name="test_successful_modify_destination" time="0.0130500793457"></testcase><testcase classname="modules.test_na_ontap_net_routes.TestMyModule" file="modules/test_na_ontap_net_routes.py" line="269" name="test_successful_modify_gateway" time="0.0169658660889"></testcase><testcase classname="modules.test_na_ontap_net_routes.TestMyModule" file="modules/test_na_ontap_net_routes.py" line="249" name="test_successful_modify_metric" time="0.0172681808472"></testcase><testcase classname="modules.test_na_ontap_net_subnet.TestMyModule" file="modules/test_na_ontap_net_subnet.py" line="149" name="test_ensure_get_called" time="0.00576901435852"></testcase><testcase classname="modules.test_na_ontap_net_subnet.TestMyModule" file="modules/test_na_ontap_net_subnet.py" line="156" name="test_ensure_get_called_existing" time="0.0120370388031"></testcase><testcase classname="modules.test_na_ontap_net_subnet.TestMyModule" file="modules/test_na_ontap_net_subnet.py" line="164" name="test_fail_broadcast_domain_modify" time="0.00609374046326"></testcase><testcase classname="modules.test_na_ontap_net_subnet.TestMyModule" file="modules/test_na_ontap_net_subnet.py" line="246" name="test_if_all_methods_catch_exception" time="0.00667285919189"></testcase><testcase classname="modules.test_na_ontap_net_subnet.TestMyModule" file="modules/test_na_ontap_net_subnet.py" line="142" name="test_module_fail_when_required_args_missing" time="0.00472021102905"><system-out>Info: missing required arguments: username, name, hostname, password
</system-out></testcase><testcase classname="modules.test_na_ontap_net_subnet.TestMyModule" file="modules/test_na_ontap_net_subnet.py" line="176" name="test_successful_create" time="0.0171091556549"><system-out>Create:
reset:
</system-out></testcase><testcase classname="modules.test_na_ontap_net_subnet.TestMyModule" file="modules/test_na_ontap_net_subnet.py" line="213" name="test_successful_delete" time="0.0110743045807"></testcase><testcase classname="modules.test_na_ontap_net_subnet.TestMyModule" file="modules/test_na_ontap_net_subnet.py" line="234" name="test_successful_modify" time="0.00721597671509"></testcase><testcase classname="modules.test_na_ontap_net_subnet.TestMyModule" file="modules/test_na_ontap_net_subnet.py" line="200" name="test_successful_rename" time="0.0084490776062"></testcase><testcase classname="modules.test_na_ontap_nfs.TestMyModule" file="modules/test_na_ontap_nfs.py" line="224" name="test_get_existing_nfs" time="0.0204710960388"></testcase><testcase classname="modules.test_na_ontap_nfs.TestMyModule" file="modules/test_na_ontap_nfs.py" line="236" name="test_get_existing_nfs_status" time="0.00722002983093"></testcase><testcase classname="modules.test_na_ontap_nfs.TestMyModule" file="modules/test_na_ontap_nfs.py" line="218" name="test_get_nonexistent_nfs" time="0.00542283058167"></testcase><testcase classname="modules.test_na_ontap_nfs.TestMyModule" file="modules/test_na_ontap_nfs.py" line="230" name="test_get_nonexistent_nfs_status" time="0.00552105903625"></testcase><testcase classname="modules.test_na_ontap_nfs.TestMyModule" file="modules/test_na_ontap_nfs.py" line="242" name="test_modify_nfs" time="0.016077041626"></testcase><testcase classname="modules.test_na_ontap_nfs.TestMyModule" file="modules/test_na_ontap_nfs.py" line="273" name="test_modify_nfs_idempotency" time="0.0189712047577"></testcase><testcase classname="modules.test_na_ontap_nfs.TestMyModule" file="modules/test_na_ontap_nfs.py" line="211" name="test_module_fail_when_required_args_missing" time="0.00396180152893"><system-out>Info: missing required arguments: hostname, vserver, username, password
</system-out></testcase><testcase classname="modules.test_na_ontap_nfs.TestMyModule" file="modules/test_na_ontap_nfs.py" line="282" name="test_successfully_delete_nfs" time="0.0193071365356"></testcase><testcase classname="modules.test_na_ontap_nfs.TestMyModule" file="modules/test_na_ontap_nfs.py" line="294" name="test_successfully_enable_nfs" time="0.0124869346619"></testcase><testcase classname="modules.test_na_ontap_nfs.TestMyModule" file="modules/test_na_ontap_nfs.py" line="264" name="test_successfully_modify_nfs" time="0.0137917995453"></testcase><testcase classname="modules.test_na_ontap_nvme.TestMyModule" file="modules/test_na_ontap_nvme.py" line="120" name="test_ensure_get_called" time="0.00436520576477"></testcase><testcase classname="modules.test_na_ontap_nvme.TestMyModule" file="modules/test_na_ontap_nvme.py" line="127" name="test_ensure_get_called_existing" time="0.00539302825928"></testcase><testcase classname="modules.test_na_ontap_nvme.TestMyModule" file="modules/test_na_ontap_nvme.py" line="197" name="test_if_all_methods_catch_exception" time="0.00748610496521"></testcase><testcase classname="modules.test_na_ontap_nvme.TestMyModule" file="modules/test_na_ontap_nvme.py" line="113" name="test_module_fail_when_required_args_missing" time="0.00329804420471"><system-out>Info: missing required arguments: username, hostname, vserver, password
</system-out></testcase><testcase classname="modules.test_na_ontap_nvme.TestMyModule" file="modules/test_na_ontap_nvme.py" line="134" name="test_successful_create" time="0.00750494003296"></testcase><testcase classname="modules.test_na_ontap_nvme.TestMyModule" file="modules/test_na_ontap_nvme.py" line="153" name="test_successful_delete" time="0.011726140976"></testcase><testcase classname="modules.test_na_ontap_nvme.TestMyModule" file="modules/test_na_ontap_nvme.py" line="174" name="test_successful_modify" time="0.00920081138611"></testcase><testcase classname="modules.test_na_ontap_nvme_namespace.TestMyModule" file="modules/test_na_ontap_nvme_namespace.py" line="130" name="test_ensure_get_called" time="0.0114190578461"></testcase><testcase classname="modules.test_na_ontap_nvme_namespace.TestMyModule" file="modules/test_na_ontap_nvme_namespace.py" line="137" name="test_ensure_get_called_existing" time="0.0160148143768"></testcase><testcase classname="modules.test_na_ontap_nvme_namespace.TestMyModule" file="modules/test_na_ontap_nvme_namespace.py" line="184" name="test_if_all_methods_catch_exception" time="0.0168242454529"></testcase><testcase classname="modules.test_na_ontap_nvme_namespace.TestMyModule" file="modules/test_na_ontap_nvme_namespace.py" line="123" name="test_module_fail_when_required_args_missing" time="0.00362205505371"><system-out>Info: missing required arguments: username, hostname, vserver, path, password
</system-out></testcase><testcase classname="modules.test_na_ontap_nvme_namespace.TestMyModule" file="modules/test_na_ontap_nvme_namespace.py" line="144" name="test_successful_create" time="0.00961399078369"></testcase><testcase classname="modules.test_na_ontap_nvme_namespace.TestMyModule" file="modules/test_na_ontap_nvme_namespace.py" line="163" name="test_successful_delete" time="0.0137188434601"></testcase><testcase classname="modules.test_na_ontap_nvme_subsystem.TestMyModule" file="modules/test_na_ontap_nvme_subsystem.py" line="180" name="test_ensure_get_called" time="0.00516629219055"></testcase><testcase classname="modules.test_na_ontap_nvme_subsystem.TestMyModule" file="modules/test_na_ontap_nvme_subsystem.py" line="187" name="test_ensure_get_called_existing" time="0.00691032409668"></testcase><testcase classname="modules.test_na_ontap_nvme_subsystem.TestMyModule" file="modules/test_na_ontap_nvme_subsystem.py" line="119" name="test_module_fail_when_required_args_missing" time="0.00379204750061"><system-out>Info: missing required arguments: username, subsystem, hostname, vserver, password
</system-out></testcase><testcase classname="modules.test_na_ontap_nvme_subsystem.TestMyModule" file="modules/test_na_ontap_nvme_subsystem.py" line="220" name="test_successful_add" time="0.00577306747437"></testcase><testcase classname="modules.test_na_ontap_nvme_subsystem.TestMyModule" file="modules/test_na_ontap_nvme_subsystem.py" line="194" name="test_successful_add_mock" time="0.00948810577393"></testcase><testcase classname="modules.test_na_ontap_nvme_subsystem.TestMyModule" file="modules/test_na_ontap_nvme_subsystem.py" line="140" name="test_successful_create" time="0.012678861618"></testcase><testcase classname="modules.test_na_ontap_nvme_subsystem.TestMyModule" file="modules/test_na_ontap_nvme_subsystem.py" line="159" name="test_successful_delete" time="0.0118968486786"></testcase><testcase classname="modules.test_na_ontap_nvme_subsystem.TestMyModule" file="modules/test_na_ontap_nvme_subsystem.py" line="230" name="test_successful_remove" time="0.00982713699341"></testcase><testcase classname="modules.test_na_ontap_nvme_subsystem.TestMyModule" file="modules/test_na_ontap_nvme_subsystem.py" line="206" name="test_successful_remove_mock" time="0.00726580619812"></testcase><testcase classname="modules.test_na_ontap_object_store.TestMyModule" file="modules/test_na_ontap_object_store.py" line="160" name="test_ensure_get_called_existing" time="0.0107061862946"><system-out>&lt;xml&gt;&lt;attributes&gt;&lt;aggr-object-store-config-info&gt;&lt;object-store-name&gt;ansible&lt;/object-store-name&gt;&lt;/aggr-object-store-config-info&gt;&lt;/attributes&gt;&lt;/xml&gt;
</system-out></testcase><testcase classname="modules.test_na_ontap_object_store.TestMyModule" file="modules/test_na_ontap_object_store.py" line="153" name="test_ensure_object_store_get_called" time="0.0147378444672"></testcase><testcase classname="modules.test_na_ontap_object_store.TestMyModule" file="modules/test_na_ontap_object_store.py" line="250" name="test_if_all_methods_catch_exception" time="0.0189392566681"></testcase><testcase classname="modules.test_na_ontap_object_store.TestMyModule" file="modules/test_na_ontap_object_store.py" line="146" name="test_module_fail_when_required_args_missing" time="0.00355672836304"><system-out>Info: missing required arguments: username, name, hostname, password
</system-out></testcase><testcase classname="modules.test_na_ontap_object_store.TestMyModule" file="modules/test_na_ontap_object_store.py" line="167" name="test_object_store_create" time="0.0158088207245"><system-out>&lt;xml&gt;&lt;attributes&gt;&lt;aggr-object-store-config-info&gt;&lt;object-store-name&gt;ansible&lt;/object-store-name&gt;&lt;/aggr-object-store-config-info&gt;&lt;/attributes&gt;&lt;/xml&gt;
</system-out></testcase><testcase classname="modules.test_na_ontap_object_store.TestMyModule" file="modules/test_na_ontap_object_store.py" line="187" name="test_object_store_delete" time="0.0110948085785"><system-out>&lt;xml&gt;&lt;attributes&gt;&lt;aggr-object-store-config-info&gt;&lt;object-store-name&gt;ansible&lt;/object-store-name&gt;&lt;/aggr-object-store-config-info&gt;&lt;/attributes&gt;&lt;/xml&gt;
&lt;xml&gt;&lt;attributes&gt;&lt;aggr-object-store-config-info&gt;&lt;object-store-name&gt;ansible&lt;/object-store-name&gt;&lt;/aggr-object-store-config-info&gt;&lt;/attributes&gt;&lt;/xml&gt;
</system-out></testcase><testcase classname="modules.test_na_ontap_object_store.TestMyModule" file="modules/test_na_ontap_object_store.py" line="195" name="test_rest_error" time="0.012463092804"></testcase><testcase classname="modules.test_na_ontap_object_store.TestMyModule" file="modules/test_na_ontap_object_store.py" line="208" name="test_rest_successful_create" time="0.00647187232971"></testcase><testcase classname="modules.test_na_ontap_object_store.TestMyModule" file="modules/test_na_ontap_object_store.py" line="231" name="test_rest_successful_delete" time="0.00797510147095"></testcase><testcase classname="modules.test_na_ontap_ports.TestMyModule" file="modules/test_na_ontap_ports.py" line="107" name="test_add_broadcast_domain_ports_idempotency" time="0.00924730300903"></testcase><testcase classname="modules.test_na_ontap_ports.TestMyModule" file="modules/test_na_ontap_ports.py" line="133" name="test_add_portset_ports_idempotency" time="0.00880241394043"></testcase><testcase classname="modules.test_na_ontap_ports.TestMyModule" file="modules/test_na_ontap_ports.py" line="160" name="test_remove_add_portset_ports" time="0.0164859294891"></testcase><testcase classname="modules.test_na_ontap_ports.TestMyModule" file="modules/test_na_ontap_ports.py" line="94" name="test_successfully_add_broadcast_domain_ports" time="0.0130362510681"></testcase><testcase classname="modules.test_na_ontap_ports.TestMyModule" file="modules/test_na_ontap_ports.py" line="120" name="test_successfully_add_portset_ports" time="0.00983095169067"></testcase><testcase classname="modules.test_na_ontap_ports.TestMyModule" file="modules/test_na_ontap_ports.py" line="146" name="test_successfully_remove_broadcast_domain_ports" time="0.00856733322144"></testcase><testcase classname="modules.test_na_ontap_portset.TestMyModule" file="modules/test_na_ontap_portset.py" line="177" name="test_delete_portset" time="0.00707125663757"><system-out>&lt;xml&gt;&lt;attributes-list&gt;&lt;portset-info&gt;&lt;vserver/&gt;&lt;portset-name/&gt;&lt;portset-type/&gt;&lt;portset-port-total&gt;0&lt;/portset-port-total&gt;&lt;/portset-info&gt;&lt;/attributes-list&gt;&lt;num-records&gt;1&lt;/num-records&gt;&lt;/xml&gt;
&lt;xml&gt;&lt;attributes-list&gt;&lt;portset-info&gt;&lt;vserver/&gt;&lt;portset-name/&gt;&lt;portset-type/&gt;&lt;portset-port-total&gt;0&lt;/portset-port-total&gt;&lt;/portset-info&gt;&lt;/attributes-list&gt;&lt;num-records&gt;1&lt;/num-records&gt;&lt;/xml&gt;
&lt;xml&gt;&lt;attributes-list&gt;&lt;portset-info&gt;&lt;vserver/&gt;&lt;portset-name/&gt;&lt;portset-type/&gt;&lt;portset-port-total&gt;0&lt;/portset-port-total&gt;&lt;/portset-info&gt;&lt;/attributes-list&gt;&lt;num-records&gt;1&lt;/num-records&gt;&lt;/xml&gt;
Info: test_portset_apply: AnsibleExitJson({&apos;changed&apos;: True},)
</system-out></testcase><testcase classname="modules.test_na_ontap_portset.TestMyModule" file="modules/test_na_ontap_portset.py" line="139" name="test_ensure_portset_apply_called" time="0.00737071037292"><system-out>Info: test_portset_get: None
Info: test_portset_apply: AnsibleExitJson({&apos;changed&apos;: True},)
&lt;xml&gt;&lt;attributes-list&gt;&lt;portset-info&gt;&lt;vserver&gt;vserver&lt;/vserver&gt;&lt;portset-name&gt;create&lt;/portset-name&gt;&lt;portset-type&gt;mixed&lt;/portset-type&gt;&lt;portset-port-total&gt;0&lt;/portset-port-total&gt;&lt;/portset-info&gt;&lt;/attributes-list&gt;&lt;num-records&gt;1&lt;/num-records&gt;&lt;/xml&gt;
Info: test_portset_get: {&apos;ports&apos;: []}
&lt;xml&gt;&lt;attributes-list&gt;&lt;portset-info&gt;&lt;vserver&gt;vserver&lt;/vserver&gt;&lt;portset-name&gt;create&lt;/portset-name&gt;&lt;portset-type&gt;mixed&lt;/portset-type&gt;&lt;portset-port-total&gt;0&lt;/portset-port-total&gt;&lt;/portset-info&gt;&lt;/attributes-list&gt;&lt;num-records&gt;1&lt;/num-records&gt;&lt;/xml&gt;
&lt;xml&gt;&lt;attributes-list&gt;&lt;portset-info&gt;&lt;vserver&gt;vserver&lt;/vserver&gt;&lt;portset-name&gt;create&lt;/portset-name&gt;&lt;portset-type&gt;mixed&lt;/portset-type&gt;&lt;portset-port-total&gt;0&lt;/portset-port-total&gt;&lt;/portset-info&gt;&lt;/attributes-list&gt;&lt;num-records&gt;1&lt;/num-records&gt;&lt;/xml&gt;
&lt;xml&gt;&lt;attributes-list&gt;&lt;portset-info&gt;&lt;vserver&gt;vserver&lt;/vserver&gt;&lt;portset-name&gt;create&lt;/portset-name&gt;&lt;portset-type&gt;mixed&lt;/portset-type&gt;&lt;portset-port-total&gt;0&lt;/portset-port-total&gt;&lt;/portset-info&gt;&lt;/attributes-list&gt;&lt;num-records&gt;1&lt;/num-records&gt;&lt;/xml&gt;
&lt;xml&gt;&lt;attributes-list&gt;&lt;portset-info&gt;&lt;vserver&gt;vserver&lt;/vserver&gt;&lt;portset-name&gt;create&lt;/portset-name&gt;&lt;portset-type&gt;mixed&lt;/portset-type&gt;&lt;portset-port-total&gt;0&lt;/portset-port-total&gt;&lt;/portset-info&gt;&lt;/attributes-list&gt;&lt;num-records&gt;1&lt;/num-records&gt;&lt;/xml&gt;
Info: test_portset_apply: AnsibleExitJson({&apos;changed&apos;: True},)
</system-out></testcase><testcase classname="modules.test_na_ontap_portset.TestMyModule" file="modules/test_na_ontap_portset.py" line="130" name="test_ensure_portset_get_called" time="0.00946307182312"><system-out>Info: test_portset_get: None
</system-out></testcase><testcase classname="modules.test_na_ontap_portset.TestMyModule" file="modules/test_na_ontap_portset.py" line="164" name="test_modify_ports" time="0.0118751525879"><system-out>&lt;xml&gt;&lt;attributes-list&gt;&lt;portset-info&gt;&lt;vserver/&gt;&lt;portset-name/&gt;&lt;portset-type/&gt;&lt;portset-port-total&gt;0&lt;/portset-port-total&gt;&lt;/portset-info&gt;&lt;/attributes-list&gt;&lt;num-records&gt;1&lt;/num-records&gt;&lt;/xml&gt;
&lt;xml&gt;&lt;attributes-list&gt;&lt;portset-info&gt;&lt;vserver/&gt;&lt;portset-name/&gt;&lt;portset-type/&gt;&lt;portset-port-total&gt;0&lt;/portset-port-total&gt;&lt;/portset-info&gt;&lt;/attributes-list&gt;&lt;num-records&gt;1&lt;/num-records&gt;&lt;/xml&gt;
&lt;xml&gt;&lt;attributes-list&gt;&lt;portset-info&gt;&lt;vserver/&gt;&lt;portset-name/&gt;&lt;portset-type/&gt;&lt;portset-port-total&gt;0&lt;/portset-port-total&gt;&lt;/portset-info&gt;&lt;/attributes-list&gt;&lt;num-records&gt;1&lt;/num-records&gt;&lt;/xml&gt;
&lt;xml&gt;&lt;attributes-list&gt;&lt;portset-info&gt;&lt;vserver/&gt;&lt;portset-name/&gt;&lt;portset-type/&gt;&lt;portset-port-total&gt;0&lt;/portset-port-total&gt;&lt;/portset-info&gt;&lt;/attributes-list&gt;&lt;num-records&gt;1&lt;/num-records&gt;&lt;/xml&gt;
Info: test_portset_apply: AnsibleExitJson({&apos;changed&apos;: True},)
</system-out></testcase><testcase classname="modules.test_na_ontap_portset.TestMyModule" file="modules/test_na_ontap_portset.py" line="123" name="test_module_fail_when_required_args_missing" time="0.00371527671814"><system-out>Info: missing required arguments: username, name, hostname, vserver, password
</system-out></testcase><testcase classname="modules.test_na_ontap_qos_adaptive_policy_group.TestMyModule" file="modules/test_na_ontap_qos_adaptive_policy_group.py" line="190" name="test_create_error" time="0.00640392303467"></testcase><testcase classname="modules.test_na_ontap_qos_adaptive_policy_group.TestMyModule" file="modules/test_na_ontap_qos_adaptive_policy_group.py" line="164" name="test_create_error_missing_param" time="0.0040237903595"></testcase><testcase classname="modules.test_na_ontap_qos_adaptive_policy_group.TestMyModule" file="modules/test_na_ontap_qos_adaptive_policy_group.py" line="182" name="test_create_idempotency" time="0.00675296783447"></testcase><testcase classname="modules.test_na_ontap_qos_adaptive_policy_group.TestMyModule" file="modules/test_na_ontap_qos_adaptive_policy_group.py" line="219" name="test_delete_error" time="0.00686693191528"></testcase><testcase classname="modules.test_na_ontap_qos_adaptive_policy_group.TestMyModule" file="modules/test_na_ontap_qos_adaptive_policy_group.py" line="210" name="test_delete_idempotency" time="0.00571990013123"></testcase><testcase classname="modules.test_na_ontap_qos_adaptive_policy_group.TestMyModule" file="modules/test_na_ontap_qos_adaptive_policy_group.py" line="157" name="test_get_existing_policy_group" time="0.00809288024902"></testcase><testcase classname="modules.test_na_ontap_qos_adaptive_policy_group.TestMyModule" file="modules/test_na_ontap_qos_adaptive_policy_group.py" line="151" name="test_get_nonexistent_policy" time="0.0102019309998"></testcase><testcase classname="modules.test_na_ontap_qos_adaptive_policy_group.TestMyModule" file="modules/test_na_ontap_qos_adaptive_policy_group.py" line="257" name="test_modify_error" time="0.0140490531921"></testcase><testcase classname="modules.test_na_ontap_qos_adaptive_policy_group.TestMyModule" file="modules/test_na_ontap_qos_adaptive_policy_group.py" line="249" name="test_modify_expected_iops_idempotency" time="0.0106091499329"></testcase><testcase classname="modules.test_na_ontap_qos_adaptive_policy_group.TestMyModule" file="modules/test_na_ontap_qos_adaptive_policy_group.py" line="144" name="test_module_fail_when_required_args_missing" time="0.00401902198792"><system-out>Info: missing required arguments: username, name, hostname, vserver, password
</system-out></testcase><testcase classname="modules.test_na_ontap_qos_adaptive_policy_group.TestMyModule" file="modules/test_na_ontap_qos_adaptive_policy_group.py" line="278" name="test_rename" time="0.0149490833282"></testcase><testcase classname="modules.test_na_ontap_qos_adaptive_policy_group.TestMyModule" file="modules/test_na_ontap_qos_adaptive_policy_group.py" line="324" name="test_rename_error" time="0.0112183094025"></testcase><testcase classname="modules.test_na_ontap_qos_adaptive_policy_group.TestMyModule" file="modules/test_na_ontap_qos_adaptive_policy_group.py" line="301" name="test_rename_idempotency" time="0.0136430263519"></testcase><testcase classname="modules.test_na_ontap_qos_adaptive_policy_group.TestMyModule" file="modules/test_na_ontap_qos_adaptive_policy_group.py" line="174" name="test_successful_create" time="0.0106680393219"></testcase><testcase classname="modules.test_na_ontap_qos_adaptive_policy_group.TestMyModule" file="modules/test_na_ontap_qos_adaptive_policy_group.py" line="201" name="test_successful_delete" time="0.00933074951172"></testcase><testcase classname="modules.test_na_ontap_qos_adaptive_policy_group.TestMyModule" file="modules/test_na_ontap_qos_adaptive_policy_group.py" line="240" name="test_successful_modify_expected_iops" time="0.0109210014343"></testcase><testcase classname="modules.test_na_ontap_qos_policy_group.TestMyModule" file="modules/test_na_ontap_qos_policy_group.py" line="184" name="test_create_error" time="0.010155916214"></testcase><testcase classname="modules.test_na_ontap_qos_policy_group.TestMyModule" file="modules/test_na_ontap_qos_policy_group.py" line="158" name="test_create_error_missing_param" time="0.00470900535583"></testcase><testcase classname="modules.test_na_ontap_qos_policy_group.TestMyModule" file="modules/test_na_ontap_qos_policy_group.py" line="176" name="test_create_idempotency" time="0.00646781921387"></testcase><testcase classname="modules.test_na_ontap_qos_policy_group.TestMyModule" file="modules/test_na_ontap_qos_policy_group.py" line="213" name="test_delete_error" time="0.005539894104"></testcase><testcase classname="modules.test_na_ontap_qos_policy_group.TestMyModule" file="modules/test_na_ontap_qos_policy_group.py" line="204" name="test_delete_idempotency" time="0.0141479969025"></testcase><testcase classname="modules.test_na_ontap_qos_policy_group.TestMyModule" file="modules/test_na_ontap_qos_policy_group.py" line="151" name="test_get_existing_policy_group" time="0.00665187835693"></testcase><testcase classname="modules.test_na_ontap_qos_policy_group.TestMyModule" file="modules/test_na_ontap_qos_policy_group.py" line="145" name="test_get_nonexistent_policy" time="0.0116221904755"></testcase><testcase classname="modules.test_na_ontap_qos_policy_group.TestMyModule" file="modules/test_na_ontap_qos_policy_group.py" line="249" name="test_modify_error" time="0.00682187080383"></testcase><testcase classname="modules.test_na_ontap_qos_policy_group.TestMyModule" file="modules/test_na_ontap_qos_policy_group.py" line="241" name="test_modify_max_throughput_idempotency" time="0.0114691257477"></testcase><testcase classname="modules.test_na_ontap_qos_policy_group.TestMyModule" file="modules/test_na_ontap_qos_policy_group.py" line="138" name="test_module_fail_when_required_args_missing" time="0.00343132019043"><system-out>Info: missing required arguments: username, hostname, vserver, password, name
</system-out></testcase><testcase classname="modules.test_na_ontap_qos_policy_group.TestMyModule" file="modules/test_na_ontap_qos_policy_group.py" line="268" name="test_rename" time="0.00960803031921"></testcase><testcase classname="modules.test_na_ontap_qos_policy_group.TestMyModule" file="modules/test_na_ontap_qos_policy_group.py" line="310" name="test_rename_error" time="0.00868511199951"></testcase><testcase classname="modules.test_na_ontap_qos_policy_group.TestMyModule" file="modules/test_na_ontap_qos_policy_group.py" line="289" name="test_rename_idempotency" time="0.00652694702148"></testcase><testcase classname="modules.test_na_ontap_qos_policy_group.TestMyModule" file="modules/test_na_ontap_qos_policy_group.py" line="168" name="test_successful_create" time="0.00518393516541"></testcase><testcase classname="modules.test_na_ontap_qos_policy_group.TestMyModule" file="modules/test_na_ontap_qos_policy_group.py" line="195" name="test_successful_delete" time="0.00648498535156"></testcase><testcase classname="modules.test_na_ontap_qos_policy_group.TestMyModule" file="modules/test_na_ontap_qos_policy_group.py" line="232" name="test_successful_modify_max_throughput" time="0.00639724731445"></testcase><testcase classname="modules.test_na_ontap_qtree.TestMyModule" file="modules/test_na_ontap_qtree.py" line="163" name="test_ensure_get_called" time="0.0181078910828"></testcase><testcase classname="modules.test_na_ontap_qtree.TestMyModule" file="modules/test_na_ontap_qtree.py" line="170" name="test_ensure_get_called_existing" time="0.012727022171"></testcase><testcase classname="modules.test_na_ontap_qtree.TestMyModule" file="modules/test_na_ontap_qtree.py" line="288" name="test_idempotent_create_rest" time="0.00685620307922"></testcase><testcase classname="modules.test_na_ontap_qtree.TestMyModule" file="modules/test_na_ontap_qtree.py" line="316" name="test_idempotent_delete_rest" time="0.0138158798218"></testcase><testcase classname="modules.test_na_ontap_qtree.TestMyModule" file="modules/test_na_ontap_qtree.py" line="346" name="test_idempotent_modify_rest" time="0.00695776939392"></testcase><testcase classname="modules.test_na_ontap_qtree.TestMyModule" file="modules/test_na_ontap_qtree.py" line="241" name="test_if_all_methods_catch_exception" time="0.0188348293304"></testcase><testcase classname="modules.test_na_ontap_qtree.TestMyModule" file="modules/test_na_ontap_qtree.py" line="156" name="test_module_fail_when_required_args_missing" time="0.00353789329529"><system-out>Info: missing required arguments: username, name, hostname, vserver, password
</system-out></testcase><testcase classname="modules.test_na_ontap_qtree.TestMyModule" file="modules/test_na_ontap_qtree.py" line="261" name="test_rest_error" time="0.00614976882935"></testcase><testcase classname="modules.test_na_ontap_qtree.TestMyModule" file="modules/test_na_ontap_qtree.py" line="177" name="test_successful_create" time="0.0162749290466"></testcase><testcase classname="modules.test_na_ontap_qtree.TestMyModule" file="modules/test_na_ontap_qtree.py" line="274" name="test_successful_create_rest" time="0.0062518119812"></testcase><testcase classname="modules.test_na_ontap_qtree.TestMyModule" file="modules/test_na_ontap_qtree.py" line="197" name="test_successful_delete" time="0.0142180919647"></testcase><testcase classname="modules.test_na_ontap_qtree.TestMyModule" file="modules/test_na_ontap_qtree.py" line="301" name="test_successful_delete_rest" time="0.00712513923645"></testcase><testcase classname="modules.test_na_ontap_qtree.TestMyModule" file="modules/test_na_ontap_qtree.py" line="218" name="test_successful_modify" time="0.0154531002045"></testcase><testcase classname="modules.test_na_ontap_qtree.TestMyModule" file="modules/test_na_ontap_qtree.py" line="330" name="test_successful_modify_rest" time="0.00684309005737"></testcase><testcase classname="modules.test_na_ontap_quotas.TestMyModule" file="modules/test_na_ontap_quotas.py" line="128" name="test_ensure_get_called" time="0.00650691986084"></testcase><testcase classname="modules.test_na_ontap_quotas.TestMyModule" file="modules/test_na_ontap_quotas.py" line="135" name="test_ensure_get_called_existing" time="0.00679802894592"></testcase><testcase classname="modules.test_na_ontap_quotas.TestMyModule" file="modules/test_na_ontap_quotas.py" line="213" name="test_if_all_methods_catch_exception" time="0.00919079780579"></testcase><testcase classname="modules.test_na_ontap_quotas.TestMyModule" file="modules/test_na_ontap_quotas.py" line="121" name="test_module_fail_when_required_args_missing" time="0.00349068641663"><system-out>Info: missing required arguments: username, quota_target, volume, hostname, vserver, type, password
</system-out></testcase><testcase classname="modules.test_na_ontap_quotas.TestMyModule" file="modules/test_na_ontap_quotas.py" line="201" name="test_quota_on_off" time="0.00637030601501"></testcase><testcase classname="modules.test_na_ontap_quotas.TestMyModule" file="modules/test_na_ontap_quotas.py" line="142" name="test_successful_create" time="0.00932002067566"></testcase><testcase classname="modules.test_na_ontap_quotas.TestMyModule" file="modules/test_na_ontap_quotas.py" line="168" name="test_successful_delete" time="0.00941610336304"></testcase><testcase classname="modules.test_na_ontap_quotas.TestMyModule" file="modules/test_na_ontap_quotas.py" line="189" name="test_successful_modify" time="0.00724077224731"></testcase><testcase classname="modules.test_na_ontap_rest_cli.TestMyModule" file="modules/test_na_ontap_rest_cli.py" line="103" name="test_module_fail_when_required_args_missing" time="0.00392889976501"><system-out>Info: missing required arguments: username, hostname, command, verb, password
</system-out></testcase><testcase classname="modules.test_na_ontap_rest_cli.TestMyModule" file="modules/test_na_ontap_rest_cli.py" line="110" name="test_rest_cli" time="0.00537109375"></testcase><testcase classname="modules.test_na_ontap_security_key_manager.TestMyModule" file="modules/test_na_ontap_security_key_manager.py" line="144" name="test_get_existing_key_manager" time="0.00579190254211"></testcase><testcase classname="modules.test_na_ontap_security_key_manager.TestMyModule" file="modules/test_na_ontap_security_key_manager.py" line="138" name="test_get_nonexistent_key_manager" time="0.00581097602844"></testcase><testcase classname="modules.test_na_ontap_security_key_manager.TestMyModule" file="modules/test_na_ontap_security_key_manager.py" line="131" name="test_module_fail_when_required_args_missing" time="0.00384879112244"><system-out>Info: missing required arguments: username, hostname, ip_address, password
</system-out></testcase><testcase classname="modules.test_na_ontap_security_key_manager.TestMyModule" file="modules/test_na_ontap_security_key_manager.py" line="150" name="test_successfully_add_key_manager" time="0.00795102119446"></testcase><testcase classname="modules.test_na_ontap_security_key_manager.TestMyModule" file="modules/test_na_ontap_security_key_manager.py" line="164" name="test_successfully_delete_key_manager" time="0.00657773017883"></testcase><testcase classname="modules.test_na_ontap_service_processor_network.TestMyModule" file="modules/test_na_ontap_service_processor_network.py" line="182" name="test_modify_error_on_disabled_sp" time="0.00593376159668"></testcase><testcase classname="modules.test_na_ontap_service_processor_network.TestMyModule" file="modules/test_na_ontap_service_processor_network.py" line="192" name="test_modify_sp" time="0.00786972045898"></testcase><testcase classname="modules.test_na_ontap_service_processor_network.TestMyModule" file="modules/test_na_ontap_service_processor_network.py" line="201" name="test_modify_sp_wait" time="0.0103139877319"></testcase><testcase classname="modules.test_na_ontap_service_processor_network.TestMyModule" file="modules/test_na_ontap_service_processor_network.py" line="175" name="test_module_fail_when_required_args_missing" time="0.00598692893982"><system-out>Info: missing required arguments: username, node, is_enabled, hostname, address_type, password
</system-out></testcase><testcase classname="modules.test_na_ontap_service_processor_network.TestMyModule" file="modules/test_na_ontap_service_processor_network.py" line="211" name="test_non_existing_sp" time="0.00821089744568"></testcase><testcase classname="modules.test_na_ontap_service_processor_network.TestMyModule" file="modules/test_na_ontap_service_processor_network.py" line="220" name="test_wait_on_sp_status" time="0.0109851360321"></testcase><testcase classname="modules.test_na_ontap_snapmirror.TestMyModule" file="modules/test_na_ontap_snapmirror.py" line="455" name="test_check_elementsw_params_invalid" time="0.00660419464111"></testcase><testcase classname="modules.test_na_ontap_snapmirror.TestMyModule" file="modules/test_na_ontap_snapmirror.py" line="442" name="test_check_elementsw_params_negative" time="0.00589108467102"></testcase><testcase classname="modules.test_na_ontap_snapmirror.TestMyModule" file="modules/test_na_ontap_snapmirror.py" line="423" name="test_check_elementsw_params_source" time="0.0101821422577"></testcase><testcase classname="modules.test_na_ontap_snapmirror.TestMyModule" file="modules/test_na_ontap_snapmirror.py" line="467" name="test_elementsw_source_path_format" time="0.00650691986084"></testcase><testcase classname="modules.test_na_ontap_flexcache.TestMyModule" file="modules/test_na_ontap_flexcache.py" line="503" name="test_create_flexcache_time_out" time="5.01657319069"><system-out>Create: AnsibleFailJson({&apos;msg&apos;: &apos;Error when creating flexcache: job completion exceeded expected timer of: 2 seconds&apos;, &apos;failed&apos;: True},)
</system-out></testcase><testcase classname="modules.test_na_ontap_snapmirror.TestMyModule" file="modules/test_na_ontap_snapmirror.py" line="396" name="test_elementsw_svip_exists" time="0.00542306900024"></testcase><testcase classname="modules.test_na_ontap_flexcache.TestMyModule" file="modules/test_na_ontap_flexcache.py" line="449" name="test_delete_flexcache_exists_junctionpath_with_force" time="0.0100891590118"><system-out>Delete: AnsibleExitJson({&apos;changed&apos;: True},)
</system-out></testcase><testcase classname="modules.test_na_ontap_snapmirror.TestMyModule" file="modules/test_na_ontap_snapmirror.py" line="409" name="test_elementsw_svip_exists_negative" time="0.00769400596619"></testcase><testcase classname="modules.test_na_ontap_flexcache.TestMyModule" file="modules/test_na_ontap_flexcache.py" line="416" name="test_delete_flexcache_exists_with_force" time="0.00819826126099"><system-out>Delete: AnsibleExitJson({&apos;changed&apos;: True},)
</system-out></testcase><testcase classname="modules.test_na_ontap_flexcache.TestMyModule" file="modules/test_na_ontap_flexcache.py" line="234" name="test_get_flexcache" time="0.006267786026"><system-out>info: {&apos;vserver&apos;: None, &apos;origin_cluster&apos;: &apos;ocluster&apos;, &apos;origin_volume&apos;: &apos;ovolume&apos;, &apos;origin_vserver&apos;: &apos;ovserver&apos;, &apos;volume&apos;: &apos;volume&apos;, &apos;auto_provision_as&apos;: None, &apos;size&apos;: None}
</system-out></testcase><testcase classname="modules.test_na_ontap_snapmirror.TestMyModule" file="modules/test_na_ontap_snapmirror.py" line="380" name="test_elementsw_volume_exists" time="0.0216913223267"></testcase><testcase classname="modules.test_na_ontap_flexcache.TestMyModule" file="modules/test_na_ontap_flexcache.py" line="218" name="test_missing_parameter" time="0.0125141143799"></testcase><testcase classname="modules.test_na_ontap_flexcache.TestMyModule" file="modules/test_na_ontap_flexcache.py" line="193" name="test_module_fail_when_required_args_missing" time="0.00600075721741"><system-out>Info: missing required arguments: username, volume, password, hostname, vserver
</system-out></testcase><testcase classname="modules.test_na_ontap_snapmirror.TestMyModule" file="modules/test_na_ontap_snapmirror.py" line="147" name="test_ensure_get_called" time="0.0191903114319"></testcase><testcase classname="modules.test_na_ontap_snapmirror.TestMyModule" file="modules/test_na_ontap_snapmirror.py" line="154" name="test_ensure_get_called_existing" time="0.00515484809875"></testcase><testcase classname="modules.test_na_ontap_igroup.TestMyModule" file="modules/test_na_ontap_igroup.py" line="170" name="test_get_existing_igroup_without_initiators" time="0.0164980888367"></testcase><testcase classname="modules.test_na_ontap_igroup.TestMyModule" file="modules/test_na_ontap_igroup.py" line="191" name="test_modify_called_from_add" time="0.00741219520569"></testcase><testcase classname="modules.test_na_ontap_igroup.TestMyModule" file="modules/test_na_ontap_igroup.py" line="177" name="test_modify_initiator_calls_add_and_remove" time="0.00889301300049"></testcase><testcase classname="modules.test_na_ontap_snapmirror.TestMyModule" file="modules/test_na_ontap_snapmirror.py" line="527" name="test_if_all_methods_catch_exception" time="0.0288438796997"></testcase><testcase classname="modules.test_na_ontap_snapmirror.TestMyModule" file="modules/test_na_ontap_snapmirror.py" line="140" name="test_module_fail_when_required_args_missing" time="0.0127031803131"><system-out>Info: missing required arguments: username, password, hostname
</system-out></testcase><testcase classname="modules.test_na_ontap_igroup.TestMyModule" file="modules/test_na_ontap_igroup.py" line="149" name="test_module_fail_when_required_args_missing" time="0.00951886177063"></testcase><testcase classname="modules.test_na_ontap_snapmirror.TestMyModule" file="modules/test_na_ontap_snapmirror.py" line="496" name="test_remote_volume_exists" time="0.00679183006287"></testcase><testcase classname="modules.test_na_ontap_snapmirror.TestMyModule" file="modules/test_na_ontap_snapmirror.py" line="480" name="test_set_elem_connection" time="0.00664806365967"></testcase><testcase classname="modules.test_na_ontap_igroup.TestMyModule" file="modules/test_na_ontap_igroup.py" line="215" name="test_successful_create" time="0.0189671516418"></testcase><testcase classname="modules.test_na_ontap_snapmirror.TestMyModule" file="modules/test_na_ontap_snapmirror.py" line="511" name="test_set_elem_connection_destination" time="0.00586318969727"></testcase><testcase classname="modules.test_na_ontap_igroup.TestMyModule" file="modules/test_na_ontap_igroup.py" line="224" name="test_successful_delete" time="0.0208919048309"></testcase><testcase classname="modules.test_na_ontap_snapmirror.TestMyModule" file="modules/test_na_ontap_snapmirror.py" line="281" name="test_snapmirror_release" time="0.0186429023743"></testcase><testcase classname="modules.test_na_ontap_snapmirror.TestMyModule" file="modules/test_na_ontap_snapmirror.py" line="291" name="test_successful_abort" time="0.00918459892273"></testcase><testcase classname="modules.test_na_ontap_igroup.TestMyModule" file="modules/test_na_ontap_igroup.py" line="233" name="test_successful_modify" time="0.0196919441223"></testcase><testcase classname="modules.test_na_ontap_snapmirror.TestMyModule" file="modules/test_na_ontap_snapmirror.py" line="161" name="test_successful_create" time="0.0164740085602"></testcase><testcase classname="modules.test_na_ontap_igroup.TestMyModule" file="modules/test_na_ontap_igroup.py" line="242" name="test_successful_rename" time="0.0256769657135"></testcase><testcase classname="modules.test_na_ontap_igroup_initiator.TestMyModule" file="modules/test_na_ontap_igroup_initiator.py" line="151" name="test_get_existing_initiator" time="0.00743818283081"></testcase><testcase classname="modules.test_na_ontap_snapmirror.TestMyModule" file="modules/test_na_ontap_snapmirror.py" line="229" name="test_successful_delete" time="0.0276436805725"></testcase><testcase classname="modules.test_na_ontap_igroup_initiator.TestMyModule" file="modules/test_na_ontap_igroup_initiator.py" line="143" name="test_get_nonexistent_igroup" time="0.00513911247253"></testcase><testcase classname="modules.test_na_ontap_igroup_initiator.TestMyModule" file="modules/test_na_ontap_igroup_initiator.py" line="135" name="test_get_nonexistent_initiator" time="0.00693106651306"></testcase><testcase classname="modules.test_na_ontap_snapmirror.TestMyModule" file="modules/test_na_ontap_snapmirror.py" line="267" name="test_successful_delete_check_get_destination" time="0.0179669857025"></testcase><testcase classname="modules.test_na_ontap_igroup_initiator.TestMyModule" file="modules/test_na_ontap_igroup_initiator.py" line="207" name="test_if_all_methods_catch_exception" time="0.00697827339172"></testcase><testcase classname="modules.test_na_ontap_igroup_initiator.TestMyModule" file="modules/test_na_ontap_igroup_initiator.py" line="129" name="test_module_fail_when_required_args_missing" time="0.0053129196167"></testcase><testcase classname="modules.test_na_ontap_snapmirror.TestMyModule" file="modules/test_na_ontap_snapmirror.py" line="254" name="test_successful_delete_error_check" time="0.00919795036316"></testcase><testcase classname="modules.test_na_ontap_igroup_initiator.TestMyModule" file="modules/test_na_ontap_igroup_initiator.py" line="159" name="test_successful_add" time="0.0129723548889"></testcase><testcase classname="modules.test_na_ontap_snapmirror.TestMyModule" file="modules/test_na_ontap_snapmirror.py" line="186" name="test_successful_element_ontap_create" time="0.0109267234802"></testcase><testcase classname="modules.test_na_ontap_igroup_initiator.TestMyModule" file="modules/test_na_ontap_igroup_initiator.py" line="171" name="test_successful_add_idempotency" time="0.0173718929291"></testcase><testcase classname="modules.test_na_ontap_igroup_initiator.TestMyModule" file="modules/test_na_ontap_igroup_initiator.py" line="182" name="test_successful_remove" time="0.014368057251"></testcase><testcase classname="modules.test_na_ontap_igroup_initiator.TestMyModule" file="modules/test_na_ontap_igroup_initiator.py" line="194" name="test_successful_remove_idempotency" time="0.0073390007019"></testcase><testcase classname="modules.test_na_ontap_snapmirror.TestMyModule" file="modules/test_na_ontap_snapmirror.py" line="342" name="test_successful_initialize" time="0.0112197399139"></testcase><testcase classname="modules.test_na_ontap_info.TestMyModule" file="modules/test_na_ontap_info.py" line="201" name="test_call_api_error" time="0.00764393806458"></testcase><testcase classname="modules.test_na_ontap_snapmirror.TestMyModule" file="modules/test_na_ontap_snapmirror.py" line="315" name="test_successful_modify" time="0.0170838832855"></testcase><testcase classname="modules.test_na_ontap_info.TestMyModule" file="modules/test_na_ontap_info.py" line="144" name="test_ensure_command_called" time="0.0182557106018"></testcase><testcase classname="modules.test_na_ontap_snapmirror.TestMyModule" file="modules/test_na_ontap_snapmirror.py" line="205" name="test_successful_ontap_element_create" time="0.0176160335541"></testcase><testcase classname="modules.test_na_ontap_snapmirror.TestMyModule" file="modules/test_na_ontap_snapmirror.py" line="366" name="test_successful_update" time="0.0163733959198"></testcase><testcase classname="modules.test_na_ontap_info.TestMyModule" file="modules/test_na_ontap_info.py" line="209" name="test_find_item" time="0.00343608856201"></testcase><testcase classname="modules.test_na_ontap_snapshot.TestMyModule" file="modules/test_na_ontap_snapshot.py" line="131" name="test_ensure_get_called" time="0.0138239860535"></testcase><testcase classname="modules.test_na_ontap_info.TestMyModule" file="modules/test_na_ontap_info.py" line="155" name="test_get_generic_get_iter" time="0.021274805069"></testcase><testcase classname="modules.test_na_ontap_snapshot.TestMyModule" file="modules/test_na_ontap_snapshot.py" line="138" name="test_ensure_get_called_existing" time="0.00657510757446"></testcase><testcase classname="modules.test_na_ontap_info.TestMyModule" file="modules/test_na_ontap_info.py" line="181" name="test_get_ifgrp_info" time="0.0152962207794"></testcase><testcase classname="modules.test_na_ontap_snapshot.TestMyModule" file="modules/test_na_ontap_snapshot.py" line="210" name="test_if_all_methods_catch_exception" time="0.0153408050537"></testcase><testcase classname="modules.test_na_ontap_info.TestMyModule" file="modules/test_na_ontap_info.py" line="169" name="test_main" time="0.00737595558167"></testcase><testcase classname="modules.test_na_ontap_snapshot.TestMyModule" file="modules/test_na_ontap_snapshot.py" line="124" name="test_module_fail_when_required_args_missing" time="0.00458192825317"><system-out>Info: missing required arguments: username, volume, hostname, vserver, snapshot, password
</system-out></testcase><testcase classname="modules.test_na_ontap_info.TestMyModule" file="modules/test_na_ontap_info.py" line="137" name="test_module_fail_when_required_args_missing" time="0.00456309318542"><system-out>Info: missing required arguments: username, hostname, password
</system-out></testcase><testcase classname="modules.test_na_ontap_info.TestMyModule" file="modules/test_na_ontap_info.py" line="193" name="test_ontapi_error" time="0.00585293769836"></testcase><testcase classname="modules.test_na_ontap_info.TestMyModule" file="modules/test_na_ontap_info.py" line="216" name="test_subset_return_all_complete" time="0.00838017463684"></testcase><testcase classname="modules.test_na_ontap_snapshot.TestMyModule" file="modules/test_na_ontap_snapshot.py" line="145" name="test_successful_create" time="0.0214381217957"></testcase><testcase classname="modules.test_na_ontap_info.TestMyModule" file="modules/test_na_ontap_info.py" line="282" name="test_subset_return_all_expect_one" time="0.00443482398987"></testcase><testcase classname="modules.test_na_ontap_info.TestMyModule" file="modules/test_na_ontap_info.py" line="292" name="test_subset_return_all_expect_three" time="0.0171599388123"></testcase><testcase classname="modules.test_na_ontap_snapshot.TestMyModule" file="modules/test_na_ontap_snapshot.py" line="189" name="test_successful_delete" time="0.0140278339386"></testcase><testcase classname="modules.test_na_ontap_info.TestMyModule" file="modules/test_na_ontap_info.py" line="224" name="test_subset_return_all_partial" time="0.00512313842773"></testcase><testcase classname="modules.test_na_ontap_info.TestMyModule" file="modules/test_na_ontap_info.py" line="252" name="test_subset_return_bad" time="0.00540113449097"><system-out>Info: Bad subset: my_invalid_subset
</system-out></testcase><testcase classname="modules.test_na_ontap_snapshot.TestMyModule" file="modules/test_na_ontap_snapshot.py" line="164" name="test_successful_modify" time="0.02032995224"></testcase><testcase classname="modules.test_na_ontap_info.TestMyModule" file="modules/test_na_ontap_info.py" line="243" name="test_subset_return_multiple" time="0.00800013542175"></testcase><testcase classname="modules.test_na_ontap_snapshot_policy.TestMyModule" file="modules/test_na_ontap_snapshot_policy.py" line="318" name="test_ensure_get_called" time="0.00788021087646"></testcase><testcase classname="modules.test_na_ontap_info.TestMyModule" file="modules/test_na_ontap_info.py" line="274" name="test_subset_return_none" time="0.00686573982239"></testcase><testcase classname="modules.test_na_ontap_snapshot_policy.TestMyModule" file="modules/test_na_ontap_snapshot_policy.py" line="325" name="test_ensure_get_called_existing" time="0.0134649276733"></testcase><testcase classname="modules.test_na_ontap_info.TestMyModule" file="modules/test_na_ontap_info.py" line="302" name="test_subset_return_none_with_exclusion" time="0.00831818580627"><system-out>Info: Remote system at version ! does not support net_interface_info
</system-out></testcase><testcase classname="modules.test_na_ontap_snapshot_policy.TestMyModule" file="modules/test_na_ontap_snapshot_policy.py" line="641" name="test_if_all_methods_catch_exception" time="0.011885881424"></testcase><testcase classname="modules.test_na_ontap_info.TestMyModule" file="modules/test_na_ontap_info.py" line="235" name="test_subset_return_one" time="0.0111818313599"></testcase><testcase classname="modules.test_na_ontap_info.TestMyModule" file="modules/test_na_ontap_info.py" line="262" name="test_subset_return_unsupported" time="0.015408039093"><system-out>Info: Remote system at version 120 does not support nvme_info
</system-out></testcase><testcase classname="modules.test_na_ontap_snapshot_policy.TestMyModule" file="modules/test_na_ontap_snapshot_policy.py" line="557" name="test_invalid_params" time="0.0148332118988"></testcase><testcase classname="modules.test_na_ontap_interface.TestMyModule" file="modules/test_na_ontap_interface.py" line="214" name="test_create_error_for_NVMe" time="0.00528717041016"></testcase><testcase classname="modules.test_na_ontap_snapshot_policy.TestMyModule" file="modules/test_na_ontap_snapshot_policy.py" line="574" name="test_invalid_schedule_count" time="0.00833511352539"></testcase><testcase classname="modules.test_na_ontap_interface.TestMyModule" file="modules/test_na_ontap_interface.py" line="158" name="test_create_error_missing_param" time="0.00478291511536"></testcase><testcase classname="modules.test_na_ontap_interface.TestMyModule" file="modules/test_na_ontap_interface.py" line="227" name="test_create_idempotency" time="0.0131468772888"></testcase><testcase classname="modules.test_na_ontap_snapshot_policy.TestMyModule" file="modules/test_na_ontap_snapshot_policy.py" line="608" name="test_invalid_schedule_count_is_none" time="0.0173447132111"></testcase><testcase classname="modules.test_na_ontap_interface.TestMyModule" file="modules/test_na_ontap_interface.py" line="202" name="test_create_idempotency_for_NVMe" time="0.0100600719452"></testcase><testcase classname="modules.test_na_ontap_snapshot_policy.TestMyModule" file="modules/test_na_ontap_snapshot_policy.py" line="591" name="test_invalid_schedule_count_less_than_one" time="0.0079071521759"></testcase><testcase classname="modules.test_na_ontap_interface.TestMyModule" file="modules/test_na_ontap_interface.py" line="243" name="test_delete_idempotency" time="0.0114860534668"></testcase><testcase classname="modules.test_na_ontap_interface.TestMyModule" file="modules/test_na_ontap_interface.py" line="177" name="test_get_existing_interface" time="0.00736427307129"></testcase><testcase classname="modules.test_na_ontap_interface.TestMyModule" file="modules/test_na_ontap_interface.py" line="171" name="test_get_nonexistent_interface" time="0.00638484954834"></testcase><testcase classname="modules.test_na_ontap_snapshot_policy.TestMyModule" file="modules/test_na_ontap_snapshot_policy.py" line="625" name="test_invalid_schedule_count_with_snapmirror_labels" time="0.00496530532837"></testcase><testcase classname="modules.test_na_ontap_interface.TestMyModule" file="modules/test_na_ontap_interface.py" line="265" name="test_modify_idempotency" time="0.0109927654266"></testcase><testcase classname="modules.test_na_ontap_interface.TestMyModule" file="modules/test_na_ontap_interface.py" line="151" name="test_module_fail_when_required_args_missing" time="0.00515174865723"><system-out>Info: missing required arguments: username, password, hostname, vserver, interface_name
</system-out></testcase><testcase classname="modules.test_na_ontap_snapshot_policy.TestMyModule" file="modules/test_na_ontap_snapshot_policy.py" line="311" name="test_module_fail_when_required_args_missing" time="0.00385117530823"><system-out>Info: missing required arguments: username, name, hostname, password
</system-out></testcase><testcase classname="modules.test_na_ontap_interface.TestMyModule" file="modules/test_na_ontap_interface.py" line="183" name="test_successful_create" time="0.00674319267273"></testcase><testcase classname="modules.test_na_ontap_snapshot_policy.TestMyModule" file="modules/test_na_ontap_snapshot_policy.py" line="332" name="test_successful_create" time="0.00786089897156"></testcase><testcase classname="modules.test_na_ontap_interface.TestMyModule" file="modules/test_na_ontap_interface.py" line="190" name="test_successful_create_for_NVMe" time="0.00580525398254"></testcase><testcase classname="modules.test_na_ontap_interface.TestMyModule" file="modules/test_na_ontap_interface.py" line="234" name="test_successful_delete" time="0.012592792511"></testcase><testcase classname="modules.test_na_ontap_snapshot_policy.TestMyModule" file="modules/test_na_ontap_snapshot_policy.py" line="502" name="test_successful_delete" time="0.0185978412628"></testcase><testcase classname="modules.test_na_ontap_interface.TestMyModule" file="modules/test_na_ontap_interface.py" line="252" name="test_successful_modify" time="0.00725102424622"></testcase><testcase classname="modules.test_na_ontap_snapshot_policy.TestMyModule" file="modules/test_na_ontap_snapshot_policy.py" line="377" name="test_successful_disable_policy" time="0.0230839252472"></testcase><testcase classname="modules.test_na_ontap_snapshot_policy.TestMyModule" file="modules/test_na_ontap_snapshot_policy.py" line="401" name="test_successful_enable_policy" time="0.00898313522339"></testcase><testcase classname="modules.test_na_ontap_ipspace.TestMyModule" file="modules/test_na_ontap_ipspace.py" line="122" name="test_fail_requiredargs_missing" time="0.0124318599701"><system-out>Info: missing required arguments: username, name, hostname, password
</system-out></testcase><testcase classname="modules.test_na_ontap_snapshot_policy.TestMyModule" file="modules/test_na_ontap_snapshot_policy.py" line="353" name="test_successful_modify_comment" time="0.00918221473694"></testcase><testcase classname="modules.test_na_ontap_snapshot_policy.TestMyModule" file="modules/test_na_ontap_snapshot_policy.py" line="477" name="test_successful_modify_schedules" time="0.00938701629639"></testcase><testcase classname="modules.test_na_ontap_ipspace.TestMyModule" file="modules/test_na_ontap_ipspace.py" line="129" name="test_get_ipspace_iscalled" time="0.033417224884"><system-out>Info: test_get_ipspace: None
</system-out></testcase><testcase classname="modules.test_na_ontap_snapshot_policy.TestMyModule" file="modules/test_na_ontap_snapshot_policy.py" line="426" name="test_successful_modify_schedules_add" time="0.0136330127716"></testcase><testcase classname="modules.test_na_ontap_ipspace.TestMyModule" file="modules/test_na_ontap_ipspace.py" line="191" name="test_idempotent_create_rest" time="0.0223028659821"></testcase><testcase classname="modules.test_na_ontap_ipspace.TestMyModule" file="modules/test_na_ontap_ipspace.py" line="219" name="test_idempotent_delete_rest" time="0.00606203079224"></testcase><testcase classname="modules.test_na_ontap_snapshot_policy.TestMyModule" file="modules/test_na_ontap_snapshot_policy.py" line="452" name="test_successful_modify_schedules_delete" time="0.019641160965"></testcase><testcase classname="modules.test_na_ontap_ipspace.TestMyModule" file="modules/test_na_ontap_ipspace.py" line="248" name="test_idempotent_modify_rest" time="0.00668215751648"></testcase><testcase classname="modules.test_na_ontap_ipspace.TestMyModule" file="modules/test_na_ontap_ipspace.py" line="138" name="test_ipspace_apply_iscalled" time="0.0128891468048"><system-out>Info: test_get_ipspace: None
Info: test_ipspace_apply: AnsibleExitJson({&apos;changed&apos;: True},)
&lt;xml&gt;&lt;attributes-list&gt;&lt;net-ipspaces-info&gt;&lt;ipspace&gt;test_apply_ips&lt;/ipspace&gt;&lt;/net-ipspaces-info&gt;&lt;/attributes-list&gt;&lt;num-records&gt;1&lt;/num-records&gt;&lt;/xml&gt;
Info: test_get_ipspace: {&apos;name&apos;: &apos;test_apply_ips&apos;}
&lt;xml&gt;&lt;attributes-list&gt;&lt;net-ipspaces-info&gt;&lt;ipspace&gt;test_apply_ips&lt;/ipspace&gt;&lt;/net-ipspaces-info&gt;&lt;/attributes-list&gt;&lt;num-records&gt;1&lt;/num-records&gt;&lt;/xml&gt;
Info: test_ipspace_apply: AnsibleExitJson({&apos;changed&apos;: True},)
&lt;xml&gt;&lt;attributes-list&gt;&lt;net-ipspaces-info&gt;&lt;ipspace&gt;test_apply_ips&lt;/ipspace&gt;&lt;/net-ipspaces-info&gt;&lt;/attributes-list&gt;&lt;num-records&gt;1&lt;/num-records&gt;&lt;/xml&gt;
</system-out></testcase><testcase classname="modules.test_na_ontap_snapshot_policy.TestMyModule" file="modules/test_na_ontap_snapshot_policy.py" line="525" name="test_valid_schedule_count" time="0.0301921367645"></testcase><testcase classname="modules.test_na_ontap_snapshot_policy.TestMyModule" file="modules/test_na_ontap_snapshot_policy.py" line="540" name="test_valid_schedule_count_with_snapmirror_labels" time="0.00752115249634"></testcase><testcase classname="modules.test_na_ontap_ipspace.TestMyModule" file="modules/test_na_ontap_ipspace.py" line="164" name="test_rest_error" time="0.025749206543"></testcase><testcase classname="modules.test_na_ontap_ipspace.TestMyModule" file="modules/test_na_ontap_ipspace.py" line="177" name="test_successful_create_rest" time="0.00610017776489"></testcase><testcase classname="modules.test_na_ontap_software_update.TestMyModule" file="modules/test_na_ontap_software_update.py" line="143" name="test_ensure_apply_for_update_called" time="0.0321485996246"><system-out>Info: test_software_update_apply: AnsibleExitJson({&apos;changed&apos;: False},)
&lt;xml&gt;&lt;attributes&gt;&lt;ndu-progress-info&gt;&lt;overall-status&gt;completed&lt;/overall-status&gt;&lt;completed-node-count&gt;0&lt;/completed-node-count&gt;&lt;/ndu-progress-info&gt;&lt;/attributes&gt;&lt;progress-status&gt;async_pkg_get_phase_complete&lt;/progress-status&gt;&lt;attributes-list&gt;&lt;cluster-image-info&gt;&lt;node-id&gt;abc&lt;/node-id&gt;&lt;/cluster-image-info&gt;&lt;/attributes-list&gt;&lt;num-records&gt;1&lt;/num-records&gt;&lt;/xml&gt;
&lt;xml&gt;&lt;attributes&gt;&lt;ndu-progress-info&gt;&lt;overall-status&gt;completed&lt;/overall-status&gt;&lt;completed-node-count&gt;0&lt;/completed-node-count&gt;&lt;/ndu-progress-info&gt;&lt;/attributes&gt;&lt;progress-status&gt;async_pkg_get_phase_complete&lt;/progress-status&gt;&lt;attributes-list&gt;&lt;cluster-image-info&gt;&lt;node-id&gt;abc&lt;/node-id&gt;&lt;/cluster-image-info&gt;&lt;/attributes-list&gt;&lt;num-records&gt;1&lt;/num-records&gt;&lt;/xml&gt;
&lt;xml&gt;&lt;attributes&gt;&lt;ndu-progress-info&gt;&lt;overall-status&gt;completed&lt;/overall-status&gt;&lt;completed-node-count&gt;0&lt;/completed-node-count&gt;&lt;/ndu-progress-info&gt;&lt;/attributes&gt;&lt;progress-status&gt;async_pkg_get_phase_complete&lt;/progress-status&gt;&lt;attributes-list&gt;&lt;cluster-image-info&gt;&lt;node-id&gt;abc&lt;/node-id&gt;&lt;/cluster-image-info&gt;&lt;/attributes-list&gt;&lt;num-records&gt;1&lt;/num-records&gt;&lt;/xml&gt;
&lt;xml&gt;&lt;attributes&gt;&lt;ndu-progress-info&gt;&lt;overall-status&gt;completed&lt;/overall-status&gt;&lt;completed-node-count&gt;0&lt;/completed-node-count&gt;&lt;/ndu-progress-info&gt;&lt;/attributes&gt;&lt;progress-status&gt;async_pkg_get_phase_complete&lt;/progress-status&gt;&lt;attributes-list&gt;&lt;cluster-image-info&gt;&lt;node-id&gt;abc&lt;/node-id&gt;&lt;/cluster-image-info&gt;&lt;/attributes-list&gt;&lt;num-records&gt;1&lt;/num-records&gt;&lt;/xml&gt;
&lt;xml&gt;&lt;attributes&gt;&lt;ndu-progress-info&gt;&lt;overall-status&gt;completed&lt;/overall-status&gt;&lt;completed-node-count&gt;0&lt;/completed-node-count&gt;&lt;/ndu-progress-info&gt;&lt;/attributes&gt;&lt;progress-status&gt;async_pkg_get_phase_complete&lt;/progress-status&gt;&lt;attributes-list&gt;&lt;cluster-image-info&gt;&lt;node-id&gt;abc&lt;/node-id&gt;&lt;/cluster-image-info&gt;&lt;/attributes-list&gt;&lt;num-records&gt;1&lt;/num-records&gt;&lt;/xml&gt;
&lt;xml&gt;&lt;attributes&gt;&lt;ndu-progress-info&gt;&lt;overall-status&gt;completed&lt;/overall-status&gt;&lt;completed-node-count&gt;0&lt;/completed-node-count&gt;&lt;/ndu-progress-info&gt;&lt;/attributes&gt;&lt;progress-status&gt;async_pkg_get_phase_complete&lt;/progress-status&gt;&lt;attributes-list&gt;&lt;cluster-image-info&gt;&lt;node-id&gt;abc&lt;/node-id&gt;&lt;/cluster-image-info&gt;&lt;/attributes-list&gt;&lt;num-records&gt;1&lt;/num-records&gt;&lt;/xml&gt;
&lt;xml&gt;&lt;attributes&gt;&lt;ndu-progress-info&gt;&lt;overall-status&gt;completed&lt;/overall-status&gt;&lt;completed-node-count&gt;0&lt;/completed-node-count&gt;&lt;/ndu-progress-info&gt;&lt;/attributes&gt;&lt;progress-status&gt;async_pkg_get_phase_complete&lt;/progress-status&gt;&lt;attributes-list&gt;&lt;cluster-image-info&gt;&lt;node-id&gt;abc&lt;/node-id&gt;&lt;/cluster-image-info&gt;&lt;/attributes-list&gt;&lt;num-records&gt;1&lt;/num-records&gt;&lt;/xml&gt;
Info: test_software_update_apply: AnsibleExitJson({&apos;changed&apos;: True},)
</system-out></testcase><testcase classname="modules.test_na_ontap_software_update.TestMyModule" file="modules/test_na_ontap_software_update.py" line="134" name="test_ensure_image_get_called" time="0.00607585906982"><system-out>Info: test_software_update_get: None
</system-out></testcase><testcase classname="modules.test_na_ontap_ipspace.TestMyModule" file="modules/test_na_ontap_ipspace.py" line="204" name="test_successful_delete_rest" time="0.00638294219971"></testcase><testcase classname="modules.test_na_ontap_software_update.TestMyModule" file="modules/test_na_ontap_software_update.py" line="127" name="test_module_fail_when_required_args_missing" time="0.0115079879761"><system-out>Info: missing required arguments: username, package_version, hostname, package_url, password
</system-out></testcase><testcase classname="modules.test_na_ontap_svm.TestMyModule" file="modules/test_na_ontap_svm.py" line="201" name="test_create_error_missing_name" time="0.00519585609436"></testcase><testcase classname="modules.test_na_ontap_ipspace.TestMyModule" file="modules/test_na_ontap_ipspace.py" line="233" name="test_successful_modify_rest" time="0.021005153656"></testcase><testcase classname="modules.test_na_ontap_svm.TestMyModule" file="modules/test_na_ontap_svm.py" line="221" name="test_create_idempotency" time="0.00891804695129"></testcase><testcase classname="modules.test_na_ontap_job_schedule.TestMyModule" file="modules/test_na_ontap_job_schedule.py" line="238" name="test_create_error_missing_param" time="0.0217382907867"></testcase><testcase classname="modules.test_na_ontap_svm.TestMyModule" file="modules/test_na_ontap_svm.py" line="240" name="test_delete_idempotency" time="0.011433839798"></testcase><testcase classname="modules.test_na_ontap_job_schedule.TestMyModule" file="modules/test_na_ontap_job_schedule.py" line="255" name="test_create_idempotency" time="0.0165619850159"></testcase><testcase classname="modules.test_na_ontap_job_schedule.TestMyModule" file="modules/test_na_ontap_job_schedule.py" line="271" name="test_delete_idempotency" time="0.0119733810425"></testcase><testcase classname="modules.test_na_ontap_svm.TestMyModule" file="modules/test_na_ontap_svm.py" line="194" name="test_get_nonexistent_vserver" time="0.0175361633301"></testcase><testcase classname="modules.test_na_ontap_svm.TestMyModule" file="modules/test_na_ontap_svm.py" line="187" name="test_module_fail_when_required_args_missing" time="0.00596809387207"><system-out>Info: missing required arguments: username, name, hostname, password
</system-out></testcase><testcase classname="modules.test_na_ontap_job_schedule.TestMyModule" file="modules/test_na_ontap_job_schedule.py" line="221" name="test_get_existing_job" time="0.0263051986694"></testcase><testcase classname="modules.test_na_ontap_job_schedule.TestMyModule" file="modules/test_na_ontap_job_schedule.py" line="229" name="test_get_existing_job_multiple_minutes" time="0.0101618766785"><system-out>CALLED MULTIPLE BUILD
{&apos;name&apos;: &apos;test_job&apos;, &apos;job_hours&apos;: [&apos;-1&apos;], &apos;job_months&apos;: [&apos;5&apos;, &apos;10&apos;], &apos;job_days_of_week&apos;: [&apos;-1&apos;], &apos;job_minutes&apos;: [&apos;25&apos;, &apos;35&apos;], &apos;job_days_of_month&apos;: [&apos;-1&apos;]}
</system-out></testcase><testcase classname="modules.test_na_ontap_svm.TestMyModule" file="modules/test_na_ontap_svm.py" line="352" name="test_rest_create_idempotency" time="0.0209360122681"></testcase><testcase classname="modules.test_na_ontap_job_schedule.TestMyModule" file="modules/test_na_ontap_job_schedule.py" line="215" name="test_get_nonexistent_job" time="0.0113627910614"></testcase><testcase classname="modules.test_na_ontap_job_schedule.TestMyModule" file="modules/test_na_ontap_job_schedule.py" line="289" name="test_modify_idempotency" time="0.0121474266052"></testcase><testcase classname="modules.test_na_ontap_svm.TestMyModule" file="modules/test_na_ontap_svm.py" line="382" name="test_rest_delete_idempotency" time="0.0217299461365"></testcase><testcase classname="modules.test_na_ontap_job_schedule.TestMyModule" file="modules/test_na_ontap_job_schedule.py" line="208" name="test_module_fail_when_required_args_missing" time="0.00455069541931"><system-out>Info: missing required arguments: username, name, hostname, password
</system-out></testcase><testcase classname="modules.test_na_ontap_svm.TestMyModule" file="modules/test_na_ontap_svm.py" line="310" name="test_rest_error" time="0.00585794448853"></testcase><testcase classname="modules.test_na_ontap_job_schedule.TestMyModule" file="modules/test_na_ontap_job_schedule.py" line="312" name="test_rest_create_idempotency" time="0.00588393211365"></testcase><testcase classname="modules.test_na_ontap_svm.TestMyModule" file="modules/test_na_ontap_svm.py" line="323" name="test_rest_error_unsupported_parm" time="0.00548386573792"></testcase><testcase classname="modules.test_na_ontap_svm.TestMyModule" file="modules/test_na_ontap_svm.py" line="231" name="test_successful_delete" time="0.0142021179199"></testcase><testcase classname="modules.test_na_ontap_svm.TestMyModule" file="modules/test_na_ontap_svm.py" line="301" name="test_successful_modify_aggr_list" time="0.00888323783875"></testcase><testcase classname="modules.test_na_ontap_svm.TestMyModule" file="modules/test_na_ontap_svm.py" line="366" name="test_rest_successful_delete" time="0.00566005706787"></testcase><testcase classname="modules.test_na_ontap_svm.TestMyModule" file="modules/test_na_ontap_svm.py" line="292" name="test_successful_modify_allowed_protocols" time="0.0152237415314"></testcase><testcase classname="modules.test_na_ontap_svm.TestMyModule" file="modules/test_na_ontap_svm.py" line="415" name="test_rest_successful_modify_language" time="0.0121936798096"></testcase><testcase classname="modules.test_na_ontap_svm.TestMyModule" file="modules/test_na_ontap_svm.py" line="274" name="test_successful_modify_language" time="0.00721979141235"></testcase><testcase classname="modules.test_na_ontap_svm.TestMyModule" file="modules/test_na_ontap_svm.py" line="397" name="test_rest_successful_rename" time="0.0184879302979"></testcase><testcase classname="modules.test_na_ontap_svm.TestMyModule" file="modules/test_na_ontap_svm.py" line="283" name="test_successful_modify_snapshot_policy" time="0.00735378265381"></testcase><testcase classname="modules.test_na_ontap_svm.TestMyModule" file="modules/test_na_ontap_svm.py" line="337" name="test_rest_successfully_create" time="0.0187470912933"></testcase><testcase classname="modules.test_na_ontap_svm.TestMyModule" file="modules/test_na_ontap_svm.py" line="251" name="test_successful_rename" time="0.0134019851685"></testcase><testcase classname="modules.test_na_ontap_svm.TestMyModule" file="modules/test_na_ontap_svm.py" line="211" name="test_successful_create" time="0.00834178924561"></testcase><testcase classname="modules.test_na_ontap_template.TestMyModule" file="modules/test_na_ontap_template.py" line="99" name="test_ensure_command_called" time="0.0064549446106"></testcase><testcase classname="modules.test_na_ontap_unix_group.TestMyModule" file="modules/test_na_ontap_unix_group.py" line="128" name="test_get_nonexistent_group" time="0.00526881217957"></testcase><testcase classname="modules.test_na_ontap_template.TestMyModule" file="modules/test_na_ontap_template.py" line="92" name="test_module_fail_when_required_args_missing" time="0.00372123718262"><system-out>Info: missing required arguments: username, volumes, hostname, vserver, snapshot, password
</system-out></testcase><testcase classname="modules.test_na_ontap_unix_group.TestMyModule" file="modules/test_na_ontap_unix_group.py" line="140" name="test_get_xml" time="0.0111398696899"></testcase><testcase classname="modules.test_na_ontap_ucadapter.TestMyModule" file="modules/test_na_ontap_ucadapter.py" line="138" name="test_ensure_apply_for_ucadapter_called" time="0.0145947933197"><system-out>Info: test_ucadapter_apply: AnsibleExitJson({&apos;changed&apos;: False},)
&lt;xml&gt;&lt;attributes&gt;&lt;uc-adapter-info&gt;&lt;status&gt;up&lt;/status&gt;&lt;pending-type&gt;intitiator&lt;/pending-type&gt;&lt;type&gt;target&lt;/type&gt;&lt;mode&gt;fc&lt;/mode&gt;&lt;pending-mode&gt;abc&lt;/pending-mode&gt;&lt;/uc-adapter-info&gt;&lt;/attributes&gt;&lt;/xml&gt;
&lt;xml&gt;&lt;attributes&gt;&lt;uc-adapter-info&gt;&lt;status&gt;up&lt;/status&gt;&lt;pending-type&gt;intitiator&lt;/pending-type&gt;&lt;type&gt;target&lt;/type&gt;&lt;mode&gt;fc&lt;/mode&gt;&lt;pending-mode&gt;abc&lt;/pending-mode&gt;&lt;/uc-adapter-info&gt;&lt;/attributes&gt;&lt;/xml&gt;
&lt;xml&gt;&lt;attributes&gt;&lt;uc-adapter-info&gt;&lt;status&gt;up&lt;/status&gt;&lt;pending-type&gt;intitiator&lt;/pending-type&gt;&lt;type&gt;target&lt;/type&gt;&lt;mode&gt;fc&lt;/mode&gt;&lt;pending-mode&gt;abc&lt;/pending-mode&gt;&lt;/uc-adapter-info&gt;&lt;/attributes&gt;&lt;/xml&gt;
&lt;xml&gt;&lt;attributes&gt;&lt;uc-adapter-info&gt;&lt;status&gt;up&lt;/status&gt;&lt;pending-type&gt;intitiator&lt;/pending-type&gt;&lt;type&gt;target&lt;/type&gt;&lt;mode&gt;fc&lt;/mode&gt;&lt;pending-mode&gt;abc&lt;/pending-mode&gt;&lt;/uc-adapter-info&gt;&lt;/attributes&gt;&lt;/xml&gt;
Info: test_ucadapter_apply: AnsibleExitJson({&apos;changed&apos;: True},)
</system-out></testcase><testcase classname="modules.test_na_ontap_unix_group.TestMyModule" file="modules/test_na_ontap_unix_group.py" line="192" name="test_modify_called" time="0.00704216957092"></testcase><testcase classname="modules.test_na_ontap_ucadapter.TestMyModule" file="modules/test_na_ontap_ucadapter.py" line="129" name="test_ensure_ucadapter_get_called" time="0.0049147605896"><system-out>Info: test_ucadapter_get: None
</system-out></testcase><testcase classname="modules.test_na_ontap_unix_group.TestMyModule" file="modules/test_na_ontap_unix_group.py" line="251" name="test_modify_exception" time="0.0056140422821"></testcase><testcase classname="modules.test_na_ontap_ucadapter.TestMyModule" file="modules/test_na_ontap_ucadapter.py" line="122" name="test_module_fail_when_required_args_missing" time="0.00363516807556"><system-out>Info: missing required arguments: username, hostname, node_name, adapter_name, password
</system-out></testcase><testcase classname="modules.test_na_ontap_unix_group.TestMyModule" file="modules/test_na_ontap_unix_group.py" line="263" name="test_add_user_exception" time="0.00891304016113"></testcase><testcase classname="modules.test_na_ontap_unix_group.TestMyModule" file="modules/test_na_ontap_unix_group.py" line="206" name="test_modify_only_id" time="0.0138881206512"><system-out>&lt;name-mapping-unix-group-modify&gt;&lt;group-name&gt;test&lt;/group-name&gt;&lt;group-id&gt;123&lt;/group-id&gt;&lt;/name-mapping-unix-group-modify&gt;
</system-out></testcase><testcase classname="modules.test_na_ontap_unix_group.TestMyModule" file="modules/test_na_ontap_unix_group.py" line="158" name="test_create_called" time="0.00722646713257"></testcase><testcase classname="modules.test_na_ontap_unix_group.TestMyModule" file="modules/test_na_ontap_unix_group.py" line="216" name="test_modify_xml" time="0.00510191917419"></testcase><testcase classname="modules.test_na_ontap_unix_group.TestMyModule" file="modules/test_na_ontap_unix_group.py" line="150" name="test_create_error_missing_params" time="0.00811791419983"></testcase><testcase classname="modules.test_na_ontap_unix_group.TestMyModule" file="modules/test_na_ontap_unix_group.py" line="122" name="test_module_fail_when_required_args_missing" time="0.0034921169281"></testcase><testcase classname="modules.test_na_ontap_unix_user.TestMyModule" file="modules/test_na_ontap_unix_user.py" line="162" name="test_create_called" time="0.00795292854309"></testcase><testcase classname="modules.test_na_ontap_unix_user.TestMyModule" file="modules/test_na_ontap_unix_user.py" line="154" name="test_create_error_missing_params" time="0.00590181350708"></testcase><testcase classname="modules.test_na_ontap_unix_group.TestMyModule" file="modules/test_na_ontap_unix_group.py" line="245" name="test_create_exception" time="0.0352880954742"></testcase><testcase classname="modules.test_na_ontap_unix_user.TestMyModule" file="modules/test_na_ontap_unix_user.py" line="265" name="test_create_exception" time="0.00705528259277"></testcase><testcase classname="modules.test_na_ontap_unix_user.TestMyModule" file="modules/test_na_ontap_unix_user.py" line="185" name="test_create_wihtout_full_name" time="0.00869297981262"></testcase><testcase classname="modules.test_na_ontap_unix_group.TestMyModule" file="modules/test_na_ontap_unix_group.py" line="166" name="test_create_xml" time="0.0209939479828"></testcase><testcase classname="modules.test_na_ontap_unix_user.TestMyModule" file="modules/test_na_ontap_unix_user.py" line="170" name="test_create_xml" time="0.0071542263031"></testcase><testcase classname="modules.test_na_ontap_unix_user.TestMyModule" file="modules/test_na_ontap_unix_user.py" line="196" name="test_delete_called" time="0.0099720954895"></testcase><testcase classname="modules.test_na_ontap_unix_user.TestMyModule" file="modules/test_na_ontap_unix_user.py" line="277" name="test_delete_exception" time="0.00688791275024"></testcase><testcase classname="modules.test_na_ontap_unix_group.TestMyModule" file="modules/test_na_ontap_unix_group.py" line="179" name="test_delete_called" time="0.0105638504028"></testcase><testcase classname="modules.test_na_ontap_unix_user.TestMyModule" file="modules/test_na_ontap_unix_user.py" line="244" name="test_do_nothing" time="0.00633597373962"></testcase><testcase classname="modules.test_na_ontap_unix_user.TestMyModule" file="modules/test_na_ontap_unix_user.py" line="259" name="test_get_exception" time="0.014012336731"></testcase><testcase classname="modules.test_na_ontap_unix_group.TestMyModule" file="modules/test_na_ontap_unix_group.py" line="257" name="test_delete_exception" time="0.0183651447296"></testcase><testcase classname="modules.test_na_ontap_unix_user.TestMyModule" file="modules/test_na_ontap_unix_user.py" line="138" name="test_get_existing_user" time="0.00702881813049"></testcase><testcase classname="modules.test_na_ontap_unix_user.TestMyModule" file="modules/test_na_ontap_unix_user.py" line="132" name="test_get_nonexistent_user" time="0.00630879402161"></testcase><testcase classname="modules.test_na_ontap_unix_group.TestMyModule" file="modules/test_na_ontap_unix_group.py" line="276" name="test_delete_user_exception" time="0.0132300853729"></testcase><testcase classname="modules.test_na_ontap_unix_user.TestMyModule" file="modules/test_na_ontap_unix_user.py" line="144" name="test_get_xml" time="0.00497031211853"></testcase><testcase classname="modules.test_na_ontap_unix_user.TestMyModule" file="modules/test_na_ontap_unix_user.py" line="209" name="test_modify_called" time="0.00797080993652"></testcase><testcase classname="modules.test_na_ontap_unix_group.TestMyModule" file="modules/test_na_ontap_unix_group.py" line="224" name="test_do_nothing" time="0.0232200622559"></testcase><testcase classname="modules.test_na_ontap_unix_group.TestMyModule" file="modules/test_na_ontap_unix_group.py" line="239" name="test_get_exception" time="0.00822877883911"></testcase><testcase classname="modules.test_na_ontap_unix_group.TestMyModule" file="modules/test_na_ontap_unix_group.py" line="134" name="test_get_existing_group" time="0.00630307197571"></testcase><testcase classname="modules.test_na_ontap_user_role.TestMyModule" file="modules/test_na_ontap_user_role.py" line="142" name="test_get_nonexistent_policy" time="0.0374631881714"></testcase><testcase classname="modules.test_na_ontap_unix_user.TestMyModule" file="modules/test_na_ontap_unix_user.py" line="271" name="test_modify_exception" time="0.0155367851257"></testcase><testcase classname="modules.test_na_ontap_unix_user.TestMyModule" file="modules/test_na_ontap_unix_user.py" line="223" name="test_modify_only_id" time="0.00742077827454"></testcase><testcase classname="modules.test_na_ontap_user_role.TestMyModule" file="modules/test_na_ontap_user_role.py" line="215" name="test_modify_error" time="0.0197751522064"></testcase><testcase classname="modules.test_na_ontap_unix_user.TestMyModule" file="modules/test_na_ontap_unix_user.py" line="234" name="test_modify_xml" time="0.00566697120667"></testcase><testcase classname="modules.test_na_ontap_user_role.TestMyModule" file="modules/test_na_ontap_user_role.py" line="199" name="test_modify_idempotency" time="0.0105009078979"></testcase><testcase classname="modules.test_na_ontap_unix_user.TestMyModule" file="modules/test_na_ontap_unix_user.py" line="126" name="test_module_fail_when_required_args_missing" time="0.00389504432678"></testcase><testcase classname="modules.test_na_ontap_user_role.TestMyModule" file="modules/test_na_ontap_user_role.py" line="135" name="test_module_fail_when_required_args_missing" time="0.0148069858551"><system-out>Info: missing required arguments: username, name, hostname, vserver, password, command_directory_name
</system-out></testcase><testcase classname="modules.test_na_ontap_user.TestMyModule" file="modules/test_na_ontap_user.py" line="148" name="test_ensure_user_apply_called" time="0.0115659236908"><system-out>Info: test_user_apply: AnsibleExitJson({&apos;changed&apos;: True},)
&lt;xml&gt;&lt;attributes-list&gt;&lt;security-login-account-info&gt;&lt;is-locked&gt;false&lt;/is-locked&gt;&lt;role-name/&gt;&lt;/security-login-account-info&gt;&lt;/attributes-list&gt;&lt;num-records&gt;1&lt;/num-records&gt;&lt;/xml&gt;
&lt;xml&gt;&lt;attributes-list&gt;&lt;security-login-account-info&gt;&lt;is-locked&gt;false&lt;/is-locked&gt;&lt;role-name/&gt;&lt;/security-login-account-info&gt;&lt;/attributes-list&gt;&lt;num-records&gt;1&lt;/num-records&gt;&lt;/xml&gt;
&lt;xml&gt;&lt;attributes-list&gt;&lt;security-login-account-info&gt;&lt;is-locked&gt;false&lt;/is-locked&gt;&lt;role-name/&gt;&lt;/security-login-account-info&gt;&lt;/attributes-list&gt;&lt;num-records&gt;1&lt;/num-records&gt;&lt;/xml&gt;
Info: test_user_apply: AnsibleExitJson({&apos;changed&apos;: True},)
</system-out></testcase><testcase classname="modules.test_na_ontap_user.TestMyModule" file="modules/test_na_ontap_user.py" line="169" name="test_ensure_user_apply_for_delete_called" time="0.00943922996521"><system-out>&lt;xml&gt;&lt;attributes-list&gt;&lt;security-login-account-info&gt;&lt;is-locked&gt;false&lt;/is-locked&gt;&lt;role-name&gt;test&lt;/role-name&gt;&lt;/security-login-account-info&gt;&lt;/attributes-list&gt;&lt;num-records&gt;1&lt;/num-records&gt;&lt;/xml&gt;
&lt;xml&gt;&lt;attributes-list&gt;&lt;security-login-account-info&gt;&lt;is-locked&gt;false&lt;/is-locked&gt;&lt;role-name&gt;test&lt;/role-name&gt;&lt;/security-login-account-info&gt;&lt;/attributes-list&gt;&lt;num-records&gt;1&lt;/num-records&gt;&lt;/xml&gt;
Info: test_user_apply: AnsibleExitJson({&apos;changed&apos;: False},)
&lt;xml&gt;&lt;attributes-list&gt;&lt;security-login-account-info&gt;&lt;is-locked&gt;false&lt;/is-locked&gt;&lt;role-name&gt;test&lt;/role-name&gt;&lt;/security-login-account-info&gt;&lt;/attributes-list&gt;&lt;num-records&gt;1&lt;/num-records&gt;&lt;/xml&gt;
&lt;xml&gt;&lt;attributes-list&gt;&lt;security-login-account-info&gt;&lt;is-locked&gt;false&lt;/is-locked&gt;&lt;role-name&gt;test&lt;/role-name&gt;&lt;/security-login-account-info&gt;&lt;/attributes-list&gt;&lt;num-records&gt;1&lt;/num-records&gt;&lt;/xml&gt;
&lt;xml&gt;&lt;attributes-list&gt;&lt;security-login-account-info&gt;&lt;is-locked&gt;false&lt;/is-locked&gt;&lt;role-name&gt;test&lt;/role-name&gt;&lt;/security-login-account-info&gt;&lt;/attributes-list&gt;&lt;num-records&gt;1&lt;/num-records&gt;&lt;/xml&gt;
Info: test_user_delete: AnsibleExitJson({&apos;changed&apos;: True},)
</system-out></testcase><testcase classname="modules.test_na_ontap_user_role.TestMyModule" file="modules/test_na_ontap_user_role.py" line="154" name="test_successful_create" time="0.0238461494446"></testcase><testcase classname="modules.test_na_ontap_user.TestMyModule" file="modules/test_na_ontap_user.py" line="136" name="test_ensure_user_get_called" time="0.0104041099548"><system-out>Info: test_user_get: None
</system-out></testcase><testcase classname="modules.test_na_ontap_user_role.TestMyModule" file="modules/test_na_ontap_user_role.py" line="230" name="test_successful_delete" time="0.0209422111511"></testcase><testcase classname="modules.test_na_ontap_user.TestMyModule" file="modules/test_na_ontap_user.py" line="193" name="test_ensure_user_lock_called" time="0.0128772258759"><system-out>&lt;xml&gt;&lt;attributes-list&gt;&lt;security-login-account-info&gt;&lt;is-locked&gt;false&lt;/is-locked&gt;&lt;role-name&gt;test&lt;/role-name&gt;&lt;/security-login-account-info&gt;&lt;/attributes-list&gt;&lt;num-records&gt;1&lt;/num-records&gt;&lt;/xml&gt;
&lt;xml&gt;&lt;attributes-list&gt;&lt;security-login-account-info&gt;&lt;is-locked&gt;false&lt;/is-locked&gt;&lt;role-name&gt;test&lt;/role-name&gt;&lt;/security-login-account-info&gt;&lt;/attributes-list&gt;&lt;num-records&gt;1&lt;/num-records&gt;&lt;/xml&gt;
Info: test_user_apply: AnsibleExitJson({&apos;changed&apos;: False},)
&lt;xml&gt;&lt;attributes-list&gt;&lt;security-login-account-info&gt;&lt;is-locked&gt;false&lt;/is-locked&gt;&lt;role-name/&gt;&lt;/security-login-account-info&gt;&lt;/attributes-list&gt;&lt;num-records&gt;1&lt;/num-records&gt;&lt;/xml&gt;
&lt;xml&gt;&lt;attributes-list&gt;&lt;security-login-account-info&gt;&lt;is-locked&gt;false&lt;/is-locked&gt;&lt;role-name/&gt;&lt;/security-login-account-info&gt;&lt;/attributes-list&gt;&lt;num-records&gt;1&lt;/num-records&gt;&lt;/xml&gt;
&lt;xml&gt;&lt;attributes-list&gt;&lt;security-login-account-info&gt;&lt;is-locked&gt;false&lt;/is-locked&gt;&lt;role-name/&gt;&lt;/security-login-account-info&gt;&lt;/attributes-list&gt;&lt;num-records&gt;1&lt;/num-records&gt;&lt;/xml&gt;
&lt;xml&gt;&lt;attributes-list&gt;&lt;security-login-account-info&gt;&lt;is-locked&gt;false&lt;/is-locked&gt;&lt;role-name/&gt;&lt;/security-login-account-info&gt;&lt;/attributes-list&gt;&lt;num-records&gt;1&lt;/num-records&gt;&lt;/xml&gt;
Info: test_user_lock: AnsibleExitJson({&apos;changed&apos;: True},)
</system-out></testcase><testcase classname="modules.test_na_ontap_user.TestMyModule" file="modules/test_na_ontap_user.py" line="275" name="test_ensure_user_role_update_additional_application_called" time="0.00633025169373"><system-out>&lt;xml&gt;&lt;attributes-list&gt;&lt;security-login-account-info&gt;&lt;is-locked&gt;true&lt;/is-locked&gt;&lt;role-name/&gt;&lt;/security-login-account-info&gt;&lt;/attributes-list&gt;&lt;num-records&gt;1&lt;/num-records&gt;&lt;/xml&gt;
&lt;xml&gt;&lt;attributes-list&gt;&lt;security-login-account-info&gt;&lt;is-locked&gt;true&lt;/is-locked&gt;&lt;role-name/&gt;&lt;/security-login-account-info&gt;&lt;/attributes-list&gt;&lt;num-records&gt;1&lt;/num-records&gt;&lt;/xml&gt;
&lt;xml&gt;&lt;attributes-list&gt;&lt;security-login-account-info&gt;&lt;is-locked&gt;true&lt;/is-locked&gt;&lt;role-name/&gt;&lt;/security-login-account-info&gt;&lt;/attributes-list&gt;&lt;num-records&gt;1&lt;/num-records&gt;&lt;/xml&gt;
&lt;xml&gt;&lt;attributes-list&gt;&lt;security-login-account-info&gt;&lt;is-locked&gt;true&lt;/is-locked&gt;&lt;role-name/&gt;&lt;/security-login-account-info&gt;&lt;/attributes-list&gt;&lt;num-records&gt;1&lt;/num-records&gt;&lt;/xml&gt;
Info: test_user_apply: AnsibleExitJson({&apos;changed&apos;: True},)
</system-out></testcase><testcase classname="modules.test_na_ontap_user_role.TestMyModule" file="modules/test_na_ontap_user_role.py" line="183" name="test_successful_modify" time="0.00862097740173"></testcase><testcase classname="modules.test_na_ontap_user.TestMyModule" file="modules/test_na_ontap_user.py" line="259" name="test_ensure_user_role_update_called" time="0.0109620094299"><system-out>&lt;xml&gt;&lt;attributes-list&gt;&lt;security-login-account-info&gt;&lt;is-locked&gt;true&lt;/is-locked&gt;&lt;role-name/&gt;&lt;/security-login-account-info&gt;&lt;/attributes-list&gt;&lt;num-records&gt;1&lt;/num-records&gt;&lt;/xml&gt;
&lt;xml&gt;&lt;attributes-list&gt;&lt;security-login-account-info&gt;&lt;is-locked&gt;true&lt;/is-locked&gt;&lt;role-name/&gt;&lt;/security-login-account-info&gt;&lt;/attributes-list&gt;&lt;num-records&gt;1&lt;/num-records&gt;&lt;/xml&gt;
&lt;xml&gt;&lt;attributes-list&gt;&lt;security-login-account-info&gt;&lt;is-locked&gt;true&lt;/is-locked&gt;&lt;role-name/&gt;&lt;/security-login-account-info&gt;&lt;/attributes-list&gt;&lt;num-records&gt;1&lt;/num-records&gt;&lt;/xml&gt;
&lt;xml&gt;&lt;attributes-list&gt;&lt;security-login-account-info&gt;&lt;is-locked&gt;true&lt;/is-locked&gt;&lt;role-name/&gt;&lt;/security-login-account-info&gt;&lt;/attributes-list&gt;&lt;num-records&gt;1&lt;/num-records&gt;&lt;/xml&gt;
Info: test_user_apply: AnsibleExitJson({&apos;changed&apos;: True},)
</system-out></testcase><testcase classname="modules.test_na_ontap_user.TestMyModule" file="modules/test_na_ontap_user.py" line="243" name="test_ensure_user_set_password_called" time="0.00581955909729"><system-out>&lt;xml&gt;&lt;attributes-list&gt;&lt;security-login-account-info&gt;&lt;is-locked&gt;true&lt;/is-locked&gt;&lt;role-name/&gt;&lt;/security-login-account-info&gt;&lt;/attributes-list&gt;&lt;num-records&gt;1&lt;/num-records&gt;&lt;/xml&gt;
&lt;xml&gt;&lt;attributes-list&gt;&lt;security-login-account-info&gt;&lt;is-locked&gt;true&lt;/is-locked&gt;&lt;role-name/&gt;&lt;/security-login-account-info&gt;&lt;/attributes-list&gt;&lt;num-records&gt;1&lt;/num-records&gt;&lt;/xml&gt;
&lt;xml&gt;&lt;attributes-list&gt;&lt;security-login-account-info&gt;&lt;is-locked&gt;true&lt;/is-locked&gt;&lt;role-name/&gt;&lt;/security-login-account-info&gt;&lt;/attributes-list&gt;&lt;num-records&gt;1&lt;/num-records&gt;&lt;/xml&gt;
&lt;xml&gt;&lt;attributes-list&gt;&lt;security-login-account-info&gt;&lt;is-locked&gt;true&lt;/is-locked&gt;&lt;role-name/&gt;&lt;/security-login-account-info&gt;&lt;/attributes-list&gt;&lt;num-records&gt;1&lt;/num-records&gt;&lt;/xml&gt;
Info: test_user_apply: AnsibleExitJson({&apos;changed&apos;: True},)
</system-out></testcase><testcase classname="modules.test_na_ontap_user.TestMyModule" file="modules/test_na_ontap_user.py" line="218" name="test_ensure_user_unlock_called" time="0.00833988189697"><system-out>&lt;xml&gt;&lt;attributes-list&gt;&lt;security-login-account-info&gt;&lt;is-locked&gt;false&lt;/is-locked&gt;&lt;role-name&gt;test&lt;/role-name&gt;&lt;/security-login-account-info&gt;&lt;/attributes-list&gt;&lt;num-records&gt;1&lt;/num-records&gt;&lt;/xml&gt;
&lt;xml&gt;&lt;attributes-list&gt;&lt;security-login-account-info&gt;&lt;is-locked&gt;false&lt;/is-locked&gt;&lt;role-name&gt;test&lt;/role-name&gt;&lt;/security-login-account-info&gt;&lt;/attributes-list&gt;&lt;num-records&gt;1&lt;/num-records&gt;&lt;/xml&gt;
Info: test_user_apply: AnsibleExitJson({&apos;changed&apos;: False},)
&lt;xml&gt;&lt;attributes-list&gt;&lt;security-login-account-info&gt;&lt;is-locked&gt;true&lt;/is-locked&gt;&lt;role-name&gt;test&lt;/role-name&gt;&lt;/security-login-account-info&gt;&lt;/attributes-list&gt;&lt;num-records&gt;1&lt;/num-records&gt;&lt;/xml&gt;
&lt;xml&gt;&lt;attributes-list&gt;&lt;security-login-account-info&gt;&lt;is-locked&gt;true&lt;/is-locked&gt;&lt;role-name&gt;test&lt;/role-name&gt;&lt;/security-login-account-info&gt;&lt;/attributes-list&gt;&lt;num-records&gt;1&lt;/num-records&gt;&lt;/xml&gt;
&lt;xml&gt;&lt;attributes-list&gt;&lt;security-login-account-info&gt;&lt;is-locked&gt;true&lt;/is-locked&gt;&lt;role-name&gt;test&lt;/role-name&gt;&lt;/security-login-account-info&gt;&lt;/attributes-list&gt;&lt;num-records&gt;1&lt;/num-records&gt;&lt;/xml&gt;
Info: test_user_unlock: AnsibleExitJson({&apos;changed&apos;: True},)
</system-out></testcase><testcase classname="modules.test_na_ontap_volume.TestMyModule" file="modules/test_na_ontap_volume.py" line="912" name="test_check_job_status_error" time="0.013307094574"></testcase><testcase classname="modules.test_na_ontap_user.TestMyModule" file="modules/test_na_ontap_user.py" line="292" name="test_if_all_methods_catch_exception" time="0.00680828094482"></testcase><testcase classname="modules.test_na_ontap_user.TestMyModule" file="modules/test_na_ontap_user.py" line="129" name="test_module_fail_when_required_args_missing" time="0.00390195846558"><system-out>Info: missing required arguments: username, name, authentication_method, hostname, vserver, applications, password
</system-out></testcase><testcase classname="modules.test_na_ontap_volume.TestMyModule" file="modules/test_na_ontap_volume.py" line="921" name="test_check_job_status_time_out_is_0" time="0.0112731456757"></testcase><testcase classname="modules.test_na_ontap_volume.TestMyModule" file="modules/test_na_ontap_volume.py" line="930" name="test_check_job_status_unexpected" time="0.00736713409424"></testcase><testcase classname="modules.test_na_ontap_user_role.TestMyModule" file="modules/test_na_ontap_user_role.py" line="172" name="test_create_error" time="0.00674104690552"></testcase><testcase classname="modules.test_na_ontap_volume.TestMyModule" file="modules/test_na_ontap_volume.py" line="625" name="test_compare_chmod_value_false_1" time="0.00822591781616"></testcase><testcase classname="modules.test_na_ontap_volume.TestMyModule" file="modules/test_na_ontap_volume.py" line="639" name="test_compare_chmod_value_false_2" time="0.00804662704468"></testcase><testcase classname="modules.test_na_ontap_user_role.TestMyModule" file="modules/test_na_ontap_user_role.py" line="162" name="test_create_idempotency" time="0.00552988052368"></testcase><testcase classname="modules.test_na_ontap_user_role.TestMyModule" file="modules/test_na_ontap_user_role.py" line="148" name="test_get_existing_role" time="0.00558376312256"></testcase><testcase classname="modules.test_na_ontap_volume.TestMyModule" file="modules/test_na_ontap_volume.py" line="651" name="test_compare_chmod_value_invalid_input_1" time="0.0149340629578"></testcase><testcase classname="modules.test_na_ontap_volume.TestMyModule" file="modules/test_na_ontap_volume.py" line="665" name="test_compare_chmod_value_invalid_input_2" time="0.0142347812653"></testcase><testcase classname="modules.test_na_ontap_volume.TestMyModule" file="modules/test_na_ontap_volume.py" line="555" name="test_modify_helper" time="0.0200960636139"></testcase><testcase classname="modules.test_na_ontap_volume.TestMyModule" file="modules/test_na_ontap_volume.py" line="402" name="test_modify_idempotency" time="0.00842380523682"></testcase><testcase classname="modules.test_na_ontap_volume.TestMyModule" file="modules/test_na_ontap_volume.py" line="679" name="test_compare_chmod_value_invalid_input_3" time="0.0193231105804"></testcase><testcase classname="modules.test_na_ontap_volume.TestMyModule" file="modules/test_na_ontap_volume.py" line="327" name="test_module_fail_when_required_args_missing" time="0.018856048584"><system-out>Info: missing required arguments: hostname, vserver, username, password, name
</system-out></testcase><testcase classname="modules.test_na_ontap_volume.TestMyModule" file="modules/test_na_ontap_volume.py" line="569" name="test_compare_chmod_value_true_1" time="0.0165283679962"></testcase><testcase classname="modules.test_na_ontap_volume.TestMyModule" file="modules/test_na_ontap_volume.py" line="583" name="test_compare_chmod_value_true_2" time="0.00800108909607"></testcase><testcase classname="modules.test_na_ontap_volume.TestMyModule" file="modules/test_na_ontap_volume.py" line="418" name="test_mount_volume" time="0.0181810855865"></testcase><testcase classname="modules.test_na_ontap_volume.TestMyModule" file="modules/test_na_ontap_volume.py" line="357" name="test_successful_create" time="0.0184926986694"></testcase><testcase classname="modules.test_na_ontap_volume.TestMyModule" file="modules/test_na_ontap_volume.py" line="611" name="test_compare_chmod_value_true_3" time="0.0148758888245"></testcase><testcase classname="modules.test_na_ontap_volume.TestMyModule" file="modules/test_na_ontap_volume.py" line="347" name="test_create_error_missing_param" time="0.00724339485168"></testcase><testcase classname="modules.test_na_ontap_volume.TestMyModule" file="modules/test_na_ontap_volume.py" line="703" name="test_successful_create_flex_group_auto_provision" time="0.0220592021942"></testcase><testcase classname="modules.test_na_ontap_volume.TestMyModule" file="modules/test_na_ontap_volume.py" line="367" name="test_create_idempotency" time="0.0117321014404"></testcase><testcase classname="modules.test_na_ontap_volume.TestMyModule" file="modules/test_na_ontap_volume.py" line="693" name="test_successful_create_flex_group_manually" time="0.0124397277832"></testcase><testcase classname="modules.test_na_ontap_volume.TestMyModule" file="modules/test_na_ontap_volume.py" line="384" name="test_delete_idempotency" time="0.0131678581238"></testcase><testcase classname="modules.test_na_ontap_volume.TestMyModule" file="modules/test_na_ontap_volume.py" line="375" name="test_successful_delete" time="0.00840592384338"></testcase><testcase classname="modules.test_na_ontap_volume.TestMyModule" file="modules/test_na_ontap_volume.py" line="940" name="test_error_assign_efficiency_policy" time="0.0147008895874"></testcase><testcase classname="modules.test_na_ontap_volume.TestMyModule" file="modules/test_na_ontap_volume.py" line="713" name="test_successful_delete_flex_group" time="0.0224051475525"></testcase><testcase classname="modules.test_na_ontap_volume.TestMyModule" file="modules/test_na_ontap_volume.py" line="949" name="test_error_assign_efficiency_policy_async" time="0.0165250301361"></testcase><testcase classname="modules.test_na_ontap_volume.TestMyModule" file="modules/test_na_ontap_volume.py" line="464" name="test_successful_modify_efficiency_policy" time="0.0187051296234"></testcase><testcase classname="modules.test_na_ontap_volume.TestMyModule" file="modules/test_na_ontap_volume.py" line="813" name="test_error_modify_unix_permissions_flex_group" time="0.0231118202209"></testcase><testcase classname="modules.test_na_ontap_volume.TestMyModule" file="modules/test_na_ontap_volume.py" line="839" name="test_failure_modify_unix_permissions_flex_group" time="0.0099401473999"></testcase><testcase classname="modules.test_na_ontap_volume.TestMyModule" file="modules/test_na_ontap_volume.py" line="473" name="test_successful_modify_percent_snapshot_space" time="0.020988702774"></testcase><testcase classname="modules.test_na_ontap_volume.TestMyModule" file="modules/test_na_ontap_volume.py" line="491" name="test_successful_modify_qos_adaptive_policy_group" time="0.00754594802856"></testcase><testcase classname="modules.test_na_ontap_volume.TestMyModule" file="modules/test_na_ontap_volume.py" line="340" name="test_get_existing_volume" time="0.00794410705566"></testcase><testcase classname="modules.test_na_ontap_volume.TestMyModule" file="modules/test_na_ontap_volume.py" line="482" name="test_successful_modify_qos_policy_group" time="0.0185358524323"></testcase><testcase classname="modules.test_na_ontap_volume.TestMyModule" file="modules/test_na_ontap_volume.py" line="334" name="test_get_nonexistent_volume" time="0.0115110874176"></testcase><testcase classname="modules.test_na_ontap_volume.TestMyModule" file="modules/test_na_ontap_volume.py" line="393" name="test_successful_modify_size" time="0.0089418888092"></testcase><testcase classname="modules.test_na_ontap_volume.TestMyModule" file="modules/test_na_ontap_volume.py" line="410" name="test_modify_error" time="0.0245041847229"></testcase><testcase classname="modules.test_na_ontap_volume.TestMyModule" file="modules/test_na_ontap_volume.py" line="455" name="test_successful_modify_snapshot_policy" time="0.00887584686279"></testcase><testcase classname="modules.test_na_ontap_volume.TestMyModule" file="modules/test_na_ontap_volume.py" line="863" name="test_successful_offline_state_flex_group" time="0.0084171295166"></testcase><testcase classname="modules.test_na_ontap_volume.TestMyModule" file="modules/test_na_ontap_volume.py" line="436" name="test_successful_modify_space" time="0.017609834671"></testcase><testcase classname="modules.test_na_ontap_volume.TestMyModule" file="modules/test_na_ontap_volume.py" line="958" name="test_successful_modify_tiering_policy" time="0.00917482376099"></testcase><testcase classname="modules.test_na_ontap_volume.TestMyModule" file="modules/test_na_ontap_volume.py" line="888" name="test_successful_online_state_flex_group" time="0.0253300666809"></testcase><testcase classname="modules.test_na_ontap_volume.TestMyModule" file="modules/test_na_ontap_volume.py" line="446" name="test_successful_modify_unix_permissions" time="0.0126302242279"></testcase><testcase classname="modules.test_na_ontap_volume.TestMyModule" file="modules/test_na_ontap_volume.py" line="761" name="test_successful_modify_unix_permissions_flex_group" time="0.00879502296448"></testcase><testcase classname="modules.test_na_ontap_volume.TestMyModule" file="modules/test_na_ontap_volume.py" line="509" name="test_successful_rename" time="0.0165357589722"></testcase><testcase classname="modules.test_na_ontap_volume.TestMyModule" file="modules/test_na_ontap_volume.py" line="531" name="test_successful_rename_async" time="0.0149261951447"></testcase><testcase classname="modules.test_na_ontap_volume.TestMyModule" file="modules/test_na_ontap_volume.py" line="789" name="test_successful_modify_unix_permissions_flex_group_0_time_out" time="0.010960817337"></testcase><testcase classname="modules.test_na_ontap_volume.TestMyModule" file="modules/test_na_ontap_volume.py" line="736" name="test_successful_resize_flex_group" time="0.0126049518585"></testcase><testcase classname="modules.test_na_ontap_volume.TestMyModule" file="modules/test_na_ontap_volume.py" line="967" name="test_successful_modify_vserver_dr_protection" time="0.0149526596069"></testcase><testcase classname="modules.test_na_ontap_volume.TestMyModule" file="modules/test_na_ontap_volume.py" line="427" name="test_unmount_volume" time="0.00877714157104"></testcase><testcase classname="modules.test_na_ontap_volume.TestMyModule" file="modules/test_na_ontap_volume.py" line="500" name="test_successful_move" time="0.0276772975922"></testcase><testcase classname="modules.test_na_ontap_volume_autosize.TestMyModule" file="modules/test_na_ontap_volume_autosize.py" line="171" name="test_idempotent_modify" time="0.0155322551727"></testcase><testcase classname="modules.test_na_ontap_volume_autosize.TestMyModule" file="modules/test_na_ontap_volume_autosize.py" line="227" name="test_rest_idempotent_modify" time="0.00761485099792"></testcase><testcase classname="modules.test_na_ontap_volume_autosize.TestMyModule" file="modules/test_na_ontap_volume_autosize.py" line="211" name="test_rest_successful_modify" time="0.00673174858093"></testcase><testcase classname="modules.test_na_ontap_volume_autosize.TestMyModule" file="modules/test_na_ontap_volume_autosize.py" line="164" name="test_module_fail_when_required_args_missing" time="0.0149869918823"><system-out>Info: missing required arguments: username, volume, hostname, vserver, password
</system-out></testcase><testcase classname="modules.test_na_ontap_volume_autosize.TestMyModule" file="modules/test_na_ontap_volume_autosize.py" line="198" name="test_rest_error" time="0.00947904586792"></testcase><testcase classname="modules.test_na_ontap_volume_autosize.TestMyModule" file="modules/test_na_ontap_volume_autosize.py" line="177" name="test_successful_modify" time="0.0294749736786"></testcase><testcase classname="modules.test_na_ontap_volume_clone.TestMyModule" file="modules/test_na_ontap_volume_clone.py" line="137" name="test_successful_create" time="0.016608953476"></testcase><testcase classname="modules.test_na_ontap_volume_autosize.TestMyModule" file="modules/test_na_ontap_volume_autosize.py" line="185" name="test_successful_reset" time="0.0239832401276"></testcase><testcase classname="modules.test_na_ontap_volume_clone.TestMyModule" file="modules/test_na_ontap_volume_clone.py" line="123" name="test_ensure_get_called" time="0.00517702102661"></testcase><testcase classname="modules.test_na_ontap_volume_clone.TestMyModule" file="modules/test_na_ontap_volume_clone.py" line="130" name="test_ensure_get_called_existing" time="0.00571417808533"></testcase><testcase classname="modules.test_na_ontap_vscan.TestMyModule" file="modules/test_na_ontap_vscan.py" line="153" name="test_idempotently_disable" time="0.0326538085938"></testcase><testcase classname="modules.test_na_ontap_volume_clone.TestMyModule" file="modules/test_na_ontap_volume_clone.py" line="166" name="test_if_all_methods_catch_exception" time="0.0114748477936"></testcase><testcase classname="modules.test_na_ontap_volume_clone.TestMyModule" file="modules/test_na_ontap_volume_clone.py" line="116" name="test_module_fail_when_required_args_missing" time="0.00519680976868"><system-out>Info: missing required arguments: username, parent_volume, hostname, vserver, password, name
</system-out></testcase><testcase classname="modules.test_na_ontap_vscan.TestMyModule" file="modules/test_na_ontap_vscan.py" line="137" name="test_idempotently_enable" time="0.0173580646515"></testcase><testcase classname="modules.test_na_ontap_vscan.TestMyModule" file="modules/test_na_ontap_vscan.py" line="203" name="test_rest_successly_disable" time="0.00605416297913"></testcase><testcase classname="modules.test_na_ontap_vscan.TestMyModule" file="modules/test_na_ontap_vscan.py" line="122" name="test_module_fail_when_required_args_missing" time="0.0079083442688"><system-out>Info: missing required arguments: username, hostname, vserver, password
</system-out></testcase><testcase classname="modules.test_na_ontap_vscan.TestMyModule" file="modules/test_na_ontap_vscan.py" line="174" name="test_rest_successly_enable" time="0.0101451873779"></testcase><testcase classname="modules.test_na_ontap_vscan.TestMyModule" file="modules/test_na_ontap_vscan.py" line="161" name="test_rest_error" time="0.0105347633362"></testcase><testcase classname="modules.test_na_ontap_vscan.TestMyModule" file="modules/test_na_ontap_vscan.py" line="145" name="test_successfully_disable" time="0.0159680843353"></testcase><testcase classname="modules.test_na_ontap_vscan.TestMyModule" file="modules/test_na_ontap_vscan.py" line="218" name="test_rest_idempotently_disable" time="0.00639867782593"></testcase><testcase classname="modules.test_na_ontap_vscan.TestMyModule" file="modules/test_na_ontap_vscan.py" line="129" name="test_successfully_enable" time="0.0143690109253"></testcase><testcase classname="modules.test_na_ontap_vscan.TestMyModule" file="modules/test_na_ontap_vscan.py" line="189" name="test_rest_idempotently_enable" time="0.0154359340668"></testcase><testcase classname="modules.test_na_ontap_vscan_on_access_policy.TestMyModule" file="modules/test_na_ontap_vscan_on_access_policy.py" line="137" name="test_create_idempotency" time="0.0107741355896"></testcase><testcase classname="modules.test_na_ontap_vscan_on_access_policy.TestMyModule" file="modules/test_na_ontap_vscan_on_access_policy.py" line="126" name="test_get_existing_scanner" time="0.0159850120544"></testcase><testcase classname="modules.test_na_ontap_vscan_on_access_policy.TestMyModule" file="modules/test_na_ontap_vscan_on_access_policy.py" line="151" name="test_delete_idempotency" time="0.0100028514862"></testcase><testcase classname="modules.test_na_ontap_vscan_on_demand_task.TestMyModule" file="modules/test_na_ontap_vscan_on_demand_task.py" line="146" name="test_create_idempotency" time="0.00656700134277"></testcase><testcase classname="modules.test_na_ontap_vscan_on_demand_task.TestMyModule" file="modules/test_na_ontap_vscan_on_demand_task.py" line="160" name="test_delete_idempotency" time="0.00462102890015"></testcase><testcase classname="modules.test_na_ontap_vscan_on_demand_task.TestMyModule" file="modules/test_na_ontap_vscan_on_demand_task.py" line="135" name="test_get_existing_demand_task" time="0.00517201423645"></testcase><testcase classname="modules.test_na_ontap_vscan_on_access_policy.TestMyModule" file="modules/test_na_ontap_vscan_on_access_policy.py" line="121" name="test_get_nonexistent_policy" time="0.0322518348694"></testcase><testcase classname="modules.test_na_ontap_vscan_on_access_policy.TestMyModule" file="modules/test_na_ontap_vscan_on_access_policy.py" line="114" name="test_module_fail_when_required_args_missing" time="0.00795292854309"><system-out>Info: missing required arguments: username, hostname, policy_name, vserver, password
</system-out></testcase><testcase classname="modules.test_na_ontap_vscan_on_demand_task.TestMyModule" file="modules/test_na_ontap_vscan_on_demand_task.py" line="130" name="test_get_nonexistent_demand_task" time="0.0110139846802"></testcase><testcase classname="modules.test_na_ontap_vscan_on_access_policy.TestMyModule" file="modules/test_na_ontap_vscan_on_access_policy.py" line="131" name="test_successfully_create" time="0.00476098060608"></testcase><testcase classname="modules.test_na_ontap_vscan_on_access_policy.TestMyModule" file="modules/test_na_ontap_vscan_on_access_policy.py" line="143" name="test_successfully_delete" time="0.00788331031799"></testcase><testcase classname="modules.test_na_ontap_vscan_on_demand_task.TestMyModule" file="modules/test_na_ontap_vscan_on_demand_task.py" line="123" name="test_module_fail_when_required_args_missing" time="0.0136759281158"><system-out>Info: missing required arguments: username, task_name, password, vserver, hostname
</system-out></testcase><testcase classname="modules.test_na_ontap_vscan_scanner_pool.TestMyModule" file="modules/test_na_ontap_vscan_scanner_pool.py" line="150" name="test_create_idempotency" time="0.00843787193298"></testcase><testcase classname="modules.test_na_ontap_vscan_scanner_pool.TestMyModule" file="modules/test_na_ontap_vscan_scanner_pool.py" line="172" name="test_delete_idempotency" time="0.0115818977356"></testcase><testcase classname="modules.test_na_ontap_vscan_on_demand_task.TestMyModule" file="modules/test_na_ontap_vscan_on_demand_task.py" line="140" name="test_successfully_create" time="0.00569701194763"></testcase><testcase classname="modules.test_na_ontap_vscan_scanner_pool.TestMyModule" file="modules/test_na_ontap_vscan_scanner_pool.py" line="138" name="test_get_existing_scanner" time="0.00717377662659"></testcase><testcase classname="modules.test_na_ontap_vscan_on_demand_task.TestMyModule" file="modules/test_na_ontap_vscan_on_demand_task.py" line="152" name="test_successfully_delete" time="0.00588703155518"></testcase><testcase classname="modules.test_na_ontap_vscan_scanner_pool.TestMyModule" file="modules/test_na_ontap_vscan_scanner_pool.py" line="132" name="test_get_nonexistent_scanner" time="0.00652384757996"></testcase><testcase classname="modules.test_na_ontap_vscan_scanner_pool.TestMyModule" file="modules/test_na_ontap_vscan_scanner_pool.py" line="156" name="test_apply_policy" time="0.00561308860779"></testcase><testcase classname="modules.test_na_ontap_vscan_scanner_pool.TestMyModule" file="modules/test_na_ontap_vscan_scanner_pool.py" line="125" name="test_module_fail_when_required_args_missing" time="0.00381636619568"><system-out>Info: missing required arguments: username, hostname, vserver, password, scanner_pool
</system-out></testcase><testcase classname="modules.test_na_ontap_vscan_scanner_pool.TestMyModule" file="modules/test_na_ontap_vscan_scanner_pool.py" line="164" name="test_successfully_delete" time="0.0178480148315"></testcase><testcase classname="modules.test_na_ontap_vscan_scanner_pool.TestMyModule" file="modules/test_na_ontap_vscan_scanner_pool.py" line="144" name="test_successfully_create" time="0.0110740661621"></testcase><testcase classname="modules.test_na_ontap_vserver_cifs_security.TestMyModule" file="modules/test_na_ontap_vserver_cifs_security.py" line="147" name="test_modify_error" time="0.0146870613098"></testcase><testcase classname="modules.test_na_ontap_vserver_cifs_security.TestMyModule" file="modules/test_na_ontap_vserver_cifs_security.py" line="131" name="test_successful_modify" time="0.0158748626709"></testcase><testcase classname="modules.test_na_ontap_vserver_peer.TestMyModule" file="modules/test_na_ontap_vserver_peer.py" line="189" name="test_delete_idempotency" time="0.00564360618591"></testcase><testcase classname="modules.test_na_ontap_vserver_peer.TestMyModule" file="modules/test_na_ontap_vserver_peer.py" line="162" name="test_create_idempotency" time="0.0153098106384"></testcase><testcase classname="modules.test_na_ontap_vserver_peer.TestMyModule" file="modules/test_na_ontap_vserver_peer.py" line="212" name="test_get_packet" time="0.00710391998291"><system-out>&lt;xml&gt;&lt;attributes-list&gt;&lt;vserver-peer-info&gt;&lt;peer-vserver&gt;test_peer&lt;/peer-vserver&gt;&lt;vserver&gt;test&lt;/vserver&gt;&lt;peer-state&gt;peered&lt;/peer-state&gt;&lt;/vserver-peer-info&gt;&lt;/attributes-list&gt;&lt;num-records&gt;1&lt;/num-records&gt;&lt;/xml&gt;
</system-out></testcase><testcase classname="modules.test_na_ontap_vserver_peer.TestMyModule" file="modules/test_na_ontap_vserver_peer.py" line="221" name="test_error_on_missing_params_create" time="0.0210092067719"></testcase><testcase classname="modules.test_na_ontap_vserver_peer.TestMyModule" file="modules/test_na_ontap_vserver_peer.py" line="232" name="test_get_peer_cluster_called" time="0.00611782073975"></testcase><testcase classname="modules.test_na_ontap_vserver_peer.TestMyModule" file="modules/test_na_ontap_vserver_peer.py" line="243" name="test_get_peer_cluster_packet" time="0.00524497032166"><system-out>&lt;xml&gt;&lt;attributes&gt;&lt;cluster-identity-info&gt;&lt;cluster-name&gt;test_cluster_peer&lt;/cluster-name&gt;&lt;/cluster-identity-info&gt;&lt;/attributes&gt;&lt;/xml&gt;
</system-out></testcase><testcase classname="modules.test_na_ontap_vserver_peer.TestMyModule" file="modules/test_na_ontap_vserver_peer.py" line="200" name="test_helper_vserver_peer_get_iter" time="0.0140781402588"><system-out>&lt;vserver-peer-get-iter&gt;
  &lt;query&gt;
    &lt;vserver-peer-info&gt;
      &lt;peer-vserver&gt;test_peer&lt;/peer-vserver&gt;
      &lt;vserver&gt;test&lt;/vserver&gt;
    &lt;/vserver-peer-info&gt;
  &lt;/query&gt;
&lt;/vserver-peer-get-iter&gt;

</system-out></testcase><testcase classname="modules.test_na_ontap_vserver_peer.TestMyModule" file="modules/test_na_ontap_vserver_peer.py" line="144" name="test_module_fail_when_required_args_missing" time="0.013787984848"><system-out>Info: missing required arguments: username, hostname, vserver, peer_vserver, password
</system-out></testcase><testcase classname="modules.test_na_ontap_vserver_peer.TestMyModule" file="modules/test_na_ontap_vserver_peer.py" line="178" name="test_successful_delete" time="0.00715804100037"><system-out>&lt;xml&gt;&lt;attributes-list&gt;&lt;vserver-peer-info&gt;&lt;peer-vserver&gt;test_peer&lt;/peer-vserver&gt;&lt;vserver&gt;test&lt;/vserver&gt;&lt;peer-state&gt;peered&lt;/peer-state&gt;&lt;/vserver-peer-info&gt;&lt;/attributes-list&gt;&lt;num-records&gt;1&lt;/num-records&gt;&lt;/xml&gt;
</system-out></testcase><testcase classname="modules.test_na_ontap_vserver_peer.TestMyModule" file="modules/test_na_ontap_vserver_peer.py" line="151" name="test_successful_create" time="0.0142073631287"></testcase></testsuite>