<?xml version="1.0" encoding="utf-8"?><testsuite errors="0" failures="0" name="pytest" skipped="0" tests="685" time="16.271"><testcase classname="module_utils.test_netapp" file="module_utils/test_netapp.py" line="45" name="test_ems_log_event_version" time="0.011"><system-out>Ansible version: 2.9.0b1.post0
</system-out></testcase><testcase classname="module_utils.test_netapp" file="module_utils/test_netapp.py" line="56" name="test_get_cserver" time="0.015"></testcase><testcase classname="module_utils.test_netapp_module.TestMyModule" file="module_utils/test_netapp_module.py" line="13" name="test_get_cd_action_create" time="0.003"></testcase><testcase classname="module_utils.test_netapp_module.TestMyModule" file="module_utils/test_netapp_module.py" line="29" name="test_get_cd_action" time="0.015"></testcase><testcase classname="module_utils.test_netapp_module.TestMyModule" file="module_utils/test_netapp_module.py" line="21" name="test_get_cd_action_delete" time="0.003"></testcase><testcase classname="module_utils.test_netapp_module.TestMyModule" file="module_utils/test_netapp_module.py" line="45" name="test_get_modified_attributes" time="0.003"></testcase><testcase classname="module_utils.test_netapp_module.TestMyModule" file="module_utils/test_netapp_module.py" line="61" name="test_get_modified_attributes_for_intersecting_list" time="0.008"></testcase><testcase classname="module_utils.test_netapp_module.TestMyModule" file="module_utils/test_netapp_module.py" line="85" name="test_get_modified_attributes_for_intersecting_list_of_dicts" time="0.009"></testcase><testcase classname="module_utils.test_netapp_module.TestMyModule" file="module_utils/test_netapp_module.py" line="101" name="test_get_modified_attributes_for_list_diff" time="0.003"></testcase><testcase classname="module_utils.test_netapp_module.TestMyModule" file="module_utils/test_netapp_module.py" line="53" name="test_get_modified_attributes_for_intersecting_mixed_list" time="0.005"></testcase><testcase classname="module_utils.test_netapp_module.TestMyModule" file="module_utils/test_netapp_module.py" line="109" name="test_get_modified_attributes_for_no_change" time="0.004"></testcase><testcase classname="module_utils.test_netapp_module.TestMyModule" file="module_utils/test_netapp_module.py" line="69" name="test_get_modified_attributes_for_nonintersecting_list" time="0.006"></testcase><testcase classname="module_utils.test_netapp_module.TestMyModule" file="module_utils/test_netapp_module.py" line="77" name="test_get_modified_attributes_for_list_of_dicts_no_data" time="0.010"></testcase><testcase classname="module_utils.test_netapp_module.TestMyModule" file="module_utils/test_netapp_module.py" line="141" name="test_is_rename_action" time="0.006"></testcase><testcase classname="module_utils.test_netapp_module.TestMyModule" file="module_utils/test_netapp_module.py" line="37" name="test_get_modified_attributes_for_no_data" time="0.003"></testcase><testcase classname="module_utils.test_netapp_module.TestMyModule" file="module_utils/test_netapp_module.py" line="125" name="test_is_rename_action_for_no_source" time="0.003"></testcase><testcase classname="module_utils.test_netapp_module.TestMyModule" file="module_utils/test_netapp_module.py" line="93" name="test_get_modified_attributes_for_nonintersecting_list_of_dicts" time="0.007"></testcase><testcase classname="module_utils.test_netapp_module.TestMyModule" file="module_utils/test_netapp_module.py" line="117" name="test_is_rename_action_for_empty_input" time="0.003"></testcase><testcase classname="modules.test_na_ontap_aggregate.TestMyModule" file="modules/test_na_ontap_aggregate.py" line="156" name="test_disks_list" time="0.008"><system-out>b&apos;&lt;xml&gt;&lt;attributes-list&gt;&lt;aggr-attributes&gt;&lt;aggregate-name&gt;test_name&lt;/aggregate-name&gt;&lt;aggr-raid-attributes&gt;&lt;state&gt;offline&lt;/state&gt;&lt;/aggr-raid-attributes&gt;&lt;/aggr-attributes&gt;&lt;object-store-information&gt;&lt;object-store-name&gt;abc&lt;/object-store-name&gt;&lt;/object-store-information&gt;&lt;/attributes-list&gt;&lt;num-records&gt;3&lt;/num-records&gt;&lt;vserver-info&gt;&lt;vserver-name&gt;12&lt;/vserver-name&gt;&lt;/vserver-info&gt;&lt;/xml&gt;&apos;
</system-out></testcase><testcase classname="module_utils.test_netapp_module.TestMyModule" file="module_utils/test_netapp_module.py" line="133" name="test_is_rename_action_for_no_target" time="0.003"></testcase><testcase classname="modules.test_na_ontap_aggregate.TestMyModule" file="modules/test_na_ontap_aggregate.py" line="195" name="test_if_all_methods_catch_exception" time="0.009"></testcase><testcase classname="modules.test_na_ontap_aggregate.TestMyModule" file="modules/test_na_ontap_aggregate.py" line="148" name="test_is_mirrored" time="0.025"><system-out>b&apos;&lt;xml&gt;&lt;attributes-list&gt;&lt;aggr-attributes&gt;&lt;aggregate-name&gt;test_name&lt;/aggregate-name&gt;&lt;aggr-raid-attributes&gt;&lt;state&gt;offline&lt;/state&gt;&lt;/aggr-raid-attributes&gt;&lt;/aggr-attributes&gt;&lt;object-store-information&gt;&lt;object-store-name&gt;abc&lt;/object-store-name&gt;&lt;/object-store-information&gt;&lt;/attributes-list&gt;&lt;num-records&gt;3&lt;/num-records&gt;&lt;vserver-info&gt;&lt;vserver-name&gt;12&lt;/vserver-name&gt;&lt;/vserver-info&gt;&lt;/xml&gt;&apos;
</system-out></testcase><testcase classname="modules.test_na_ontap_aggregate.TestMyModule" file="modules/test_na_ontap_aggregate.py" line="164" name="test_mirror_disks" time="0.014"><system-out>b&apos;&lt;xml&gt;&lt;num-records&gt;3&lt;/num-records&gt;&lt;vserver-info&gt;&lt;vserver-name&gt;12&lt;/vserver-name&gt;&lt;/vserver-info&gt;&lt;attributes-list&gt;&lt;aggr-attributes&gt;&lt;aggregate-name&gt;test_name&lt;/aggregate-name&gt;&lt;aggr-raid-attributes&gt;&lt;state&gt;offline&lt;/state&gt;&lt;/aggr-raid-attributes&gt;&lt;/aggr-attributes&gt;&lt;object-store-information&gt;&lt;object-store-name&gt;abc&lt;/object-store-name&gt;&lt;/object-store-information&gt;&lt;/attributes-list&gt;&lt;/xml&gt;&apos;
</system-out></testcase><testcase classname="modules.test_na_ontap_aggregate.TestMyModule" file="modules/test_na_ontap_aggregate.py" line="188" name="test_object_store" time="0.007"><system-out>b&apos;&lt;xml&gt;&lt;num-records&gt;3&lt;/num-records&gt;&lt;vserver-info&gt;&lt;vserver-name&gt;12&lt;/vserver-name&gt;&lt;/vserver-info&gt;&lt;attributes-list&gt;&lt;aggr-attributes&gt;&lt;aggregate-name&gt;test_name&lt;/aggregate-name&gt;&lt;aggr-raid-attributes&gt;&lt;state&gt;offline&lt;/state&gt;&lt;/aggr-raid-attributes&gt;&lt;/aggr-attributes&gt;&lt;object-store-information&gt;&lt;object-store-name&gt;abc&lt;/object-store-name&gt;&lt;/object-store-information&gt;&lt;/attributes-list&gt;&lt;/xml&gt;&apos;
b&apos;&lt;xml&gt;&lt;num-records&gt;3&lt;/num-records&gt;&lt;vserver-info&gt;&lt;vserver-name&gt;12&lt;/vserver-name&gt;&lt;/vserver-info&gt;&lt;attributes-list&gt;&lt;aggr-attributes&gt;&lt;aggregate-name&gt;test_name&lt;/aggregate-name&gt;&lt;aggr-raid-attributes&gt;&lt;state&gt;offline&lt;/state&gt;&lt;/aggr-raid-attributes&gt;&lt;/aggr-attributes&gt;&lt;object-store-information&gt;&lt;object-store-name&gt;abc&lt;/object-store-name&gt;&lt;/object-store-information&gt;&lt;/attributes-list&gt;&lt;/xml&gt;&apos;
</system-out></testcase><testcase classname="modules.test_na_ontap_aggregate.TestMyModule" file="modules/test_na_ontap_aggregate.py" line="141" name="test_module_fail_when_required_args_missing" time="0.016"><system-out>Info: missing required arguments: password, username, name, hostname
</system-out></testcase><testcase classname="modules.test_na_ontap_aggregate.TestMyModule" file="modules/test_na_ontap_aggregate.py" line="173" name="test_spare_pool" time="0.008"><system-out>b&apos;&lt;xml&gt;&lt;num-records&gt;3&lt;/num-records&gt;&lt;vserver-info&gt;&lt;vserver-name&gt;12&lt;/vserver-name&gt;&lt;/vserver-info&gt;&lt;attributes-list&gt;&lt;aggr-attributes&gt;&lt;aggregate-name&gt;test_name&lt;/aggregate-name&gt;&lt;aggr-raid-attributes&gt;&lt;state&gt;offline&lt;/state&gt;&lt;/aggr-raid-attributes&gt;&lt;/aggr-attributes&gt;&lt;object-store-information&gt;&lt;object-store-name&gt;abc&lt;/object-store-name&gt;&lt;/object-store-information&gt;&lt;/attributes-list&gt;&lt;/xml&gt;&apos;
</system-out></testcase><testcase classname="modules.test_na_ontap_autosupport.TestMyModule" file="modules/test_na_ontap_autosupport.py" line="143" name="test_enable_asup" time="0.017"></testcase><testcase classname="modules.test_na_ontap_aggregate.TestMyModule" file="modules/test_na_ontap_aggregate.py" line="181" name="test_rename" time="0.032"><system-out>b&apos;&lt;xml&gt;&lt;attributes-list&gt;&lt;aggr-attributes&gt;&lt;aggregate-name&gt;test_name&lt;/aggregate-name&gt;&lt;aggr-raid-attributes&gt;&lt;state&gt;offline&lt;/state&gt;&lt;/aggr-raid-attributes&gt;&lt;/aggr-attributes&gt;&lt;object-store-information&gt;&lt;object-store-name&gt;abc&lt;/object-store-name&gt;&lt;/object-store-information&gt;&lt;/attributes-list&gt;&lt;num-records&gt;3&lt;/num-records&gt;&lt;vserver-info&gt;&lt;vserver-name&gt;12&lt;/vserver-name&gt;&lt;/vserver-info&gt;&lt;/xml&gt;&apos;
b&apos;&lt;xml&gt;&lt;attributes-list&gt;&lt;aggr-attributes&gt;&lt;aggregate-name&gt;test_name&lt;/aggregate-name&gt;&lt;aggr-raid-attributes&gt;&lt;state&gt;offline&lt;/state&gt;&lt;/aggr-raid-attributes&gt;&lt;/aggr-attributes&gt;&lt;object-store-information&gt;&lt;object-store-name&gt;abc&lt;/object-store-name&gt;&lt;/object-store-information&gt;&lt;/attributes-list&gt;&lt;num-records&gt;3&lt;/num-records&gt;&lt;vserver-info&gt;&lt;vserver-name&gt;12&lt;/vserver-name&gt;&lt;/vserver-info&gt;&lt;/xml&gt;&apos;
</system-out></testcase><testcase classname="modules.test_na_ontap_autosupport.TestMyModule" file="modules/test_na_ontap_autosupport.py" line="203" name="test_modify_called" time="0.018"></testcase><testcase classname="modules.test_na_ontap_autosupport.TestMyModule" file="modules/test_na_ontap_autosupport.py" line="151" name="test_disable_asup" time="0.017"></testcase><testcase classname="modules.test_na_ontap_autosupport.TestMyModule" file="modules/test_na_ontap_autosupport.py" line="212" name="test_modify_not_called" time="0.010"></testcase><testcase classname="modules.test_na_ontap_autosupport.TestMyModule" file="modules/test_na_ontap_autosupport.py" line="136" name="test_module_fail_when_required_args_missing" time="0.004"><system-out>Info: missing required arguments: node_name, password, hostname, username
</system-out></testcase><testcase classname="modules.test_na_ontap_autosupport.TestMyModule" file="modules/test_na_ontap_autosupport.py" line="195" name="test_get_called" time="0.029"></testcase><testcase classname="modules.test_na_ontap_autosupport.TestMyModule" file="modules/test_na_ontap_autosupport.py" line="184" name="test_modify_config" time="0.008"></testcase><testcase classname="modules.test_na_ontap_broadcast_domain.TestMyModule" file="modules/test_na_ontap_broadcast_domain.py" line="201" name="test_add_ports" time="0.029"></testcase><testcase classname="modules.test_na_ontap_autosupport.TestMyModule" file="modules/test_na_ontap_autosupport.py" line="222" name="test_modify_packet" time="0.007"></testcase><testcase classname="modules.test_na_ontap_autosupport.TestMyModule" file="modules/test_na_ontap_autosupport.py" line="161" name="test_result_from_get" time="0.015"></testcase><testcase classname="modules.test_na_ontap_broadcast_domain.TestMyModule" file="modules/test_na_ontap_broadcast_domain.py" line="174" name="test_create_idempotency" time="0.022"></testcase><testcase classname="modules.test_na_ontap_broadcast_domain.TestMyModule" file="modules/test_na_ontap_broadcast_domain.py" line="154" name="test_create_error_missing_broadcast_domain" time="0.019"></testcase><testcase classname="modules.test_na_ontap_broadcast_domain.TestMyModule" file="modules/test_na_ontap_broadcast_domain.py" line="148" name="test_get_nonexistent_net_route" time="0.013"></testcase><testcase classname="modules.test_na_ontap_broadcast_domain.TestMyModule" file="modules/test_na_ontap_broadcast_domain.py" line="182" name="test_modify_mtu" time="0.007"></testcase><testcase classname="modules.test_na_ontap_broadcast_domain.TestMyModule" file="modules/test_na_ontap_broadcast_domain.py" line="223" name="test_split_broadcast_domain" time="0.010"></testcase><testcase classname="modules.test_na_ontap_broadcast_domain.TestMyModule" file="modules/test_na_ontap_broadcast_domain.py" line="212" name="test_delete_ports" time="0.024"></testcase><testcase classname="modules.test_na_ontap_broadcast_domain.TestMyModule" file="modules/test_na_ontap_broadcast_domain.py" line="191" name="test_modify_ipspace_idempotency" time="0.018"></testcase><testcase classname="modules.test_na_ontap_broadcast_domain.TestMyModule" file="modules/test_na_ontap_broadcast_domain.py" line="250" name="test_split_broadcast_domain_modify_delete" time="0.025"></testcase><testcase classname="modules.test_na_ontap_broadcast_domain.TestMyModule" file="modules/test_na_ontap_broadcast_domain.py" line="141" name="test_module_fail_when_required_args_missing" time="0.004"><system-out>Info: missing required arguments: password, username, hostname, name
</system-out></testcase><testcase classname="modules.test_na_ontap_broadcast_domain.TestMyModule" file="modules/test_na_ontap_broadcast_domain.py" line="164" name="test_successful_create" time="0.007"></testcase><testcase classname="modules.test_na_ontap_cg_snapshot.TestMyModule" file="modules/test_na_ontap_cg_snapshot.py" line="92" name="test_module_fail_when_required_args_missing" time="0.004"><system-out>Info: missing required arguments: snapshot, vserver, volumes, password, hostname, username
</system-out></testcase><testcase classname="modules.test_na_ontap_broadcast_domain.TestMyModule" file="modules/test_na_ontap_broadcast_domain.py" line="297" name="test_split_broadcast_domain_idempotency" time="0.021"></testcase><testcase classname="modules.test_na_ontap_cifs.TestMyModule" file="modules/test_na_ontap_cifs.py" line="182" name="test_cifs_delete_called" time="0.019"><system-out>b&apos;&lt;xml&gt;&lt;num-records&gt;1&lt;/num-records&gt;&lt;attributes-list&gt;&lt;cifs-share&gt;&lt;share-properties&gt;&lt;cifs-share-properties&gt;browsable&lt;/cifs-share-properties&gt;&lt;cifs-share-properties&gt;oplocks&lt;/cifs-share-properties&gt;&lt;/share-properties&gt;&lt;symlink-properties&gt;&lt;cifs-share-symlink-properties&gt;enable&lt;/cifs-share-symlink-properties&gt;&lt;cifs-share-symlink-properties&gt;read_only&lt;/cifs-share-symlink-properties&gt;&lt;/symlink-properties&gt;&lt;share-name&gt;test&lt;/share-name&gt;&lt;path&gt;/test&lt;/path&gt;&lt;vscan-fileop-profile&gt;standard&lt;/vscan-fileop-profile&gt;&lt;/cifs-share&gt;&lt;/attributes-list&gt;&lt;/xml&gt;&apos;
b&apos;&lt;xml&gt;&lt;num-records&gt;1&lt;/num-records&gt;&lt;attributes-list&gt;&lt;cifs-share&gt;&lt;share-properties&gt;&lt;cifs-share-properties&gt;browsable&lt;/cifs-share-properties&gt;&lt;cifs-share-properties&gt;oplocks&lt;/cifs-share-properties&gt;&lt;/share-properties&gt;&lt;symlink-properties&gt;&lt;cifs-share-symlink-properties&gt;enable&lt;/cifs-share-symlink-properties&gt;&lt;cifs-share-symlink-properties&gt;read_only&lt;/cifs-share-symlink-properties&gt;&lt;/symlink-properties&gt;&lt;share-name&gt;test&lt;/share-name&gt;&lt;path&gt;/test&lt;/path&gt;&lt;vscan-fileop-profile&gt;standard&lt;/vscan-fileop-profile&gt;&lt;/cifs-share&gt;&lt;/attributes-list&gt;&lt;/xml&gt;&apos;
Info: test_cifs_apply: AnsibleExitJson({&apos;changed&apos;: True},)
</system-out></testcase><testcase classname="modules.test_na_ontap_broadcast_domain.TestMyModule" file="modules/test_na_ontap_broadcast_domain.py" line="279" name="test_split_broadcast_domain_not_exist" time="0.026"></testcase><testcase classname="modules.test_na_ontap_cifs.TestMyModule" file="modules/test_na_ontap_cifs.py" line="149" name="test_ensure_apply_for_cifs_called" time="0.021"><system-out>Info: test_cifs_apply: AnsibleExitJson({&apos;changed&apos;: True},)
b&apos;&lt;xml&gt;&lt;num-records&gt;1&lt;/num-records&gt;&lt;attributes-list&gt;&lt;cifs-share&gt;&lt;share-properties&gt;&lt;cifs-share-properties&gt;browsable&lt;/cifs-share-properties&gt;&lt;cifs-share-properties&gt;oplocks&lt;/cifs-share-properties&gt;&lt;/share-properties&gt;&lt;symlink-properties&gt;&lt;cifs-share-symlink-properties&gt;enable&lt;/cifs-share-symlink-properties&gt;&lt;cifs-share-symlink-properties&gt;read_only&lt;/cifs-share-symlink-properties&gt;&lt;/symlink-properties&gt;&lt;share-name&gt;test&lt;/share-name&gt;&lt;path&gt;/test&lt;/path&gt;&lt;vscan-fileop-profile&gt;standard&lt;/vscan-fileop-profile&gt;&lt;/cifs-share&gt;&lt;/attributes-list&gt;&lt;/xml&gt;&apos;
b&apos;&lt;xml&gt;&lt;num-records&gt;1&lt;/num-records&gt;&lt;attributes-list&gt;&lt;cifs-share&gt;&lt;share-properties&gt;&lt;cifs-share-properties&gt;browsable&lt;/cifs-share-properties&gt;&lt;cifs-share-properties&gt;oplocks&lt;/cifs-share-properties&gt;&lt;/share-properties&gt;&lt;symlink-properties&gt;&lt;cifs-share-symlink-properties&gt;enable&lt;/cifs-share-symlink-properties&gt;&lt;cifs-share-symlink-properties&gt;read_only&lt;/cifs-share-symlink-properties&gt;&lt;/symlink-properties&gt;&lt;share-name&gt;test&lt;/share-name&gt;&lt;path&gt;/test&lt;/path&gt;&lt;vscan-fileop-profile&gt;standard&lt;/vscan-fileop-profile&gt;&lt;/cifs-share&gt;&lt;/attributes-list&gt;&lt;/xml&gt;&apos;
b&apos;&lt;xml&gt;&lt;num-records&gt;1&lt;/num-records&gt;&lt;attributes-list&gt;&lt;cifs-share&gt;&lt;share-properties&gt;&lt;cifs-share-properties&gt;browsable&lt;/cifs-share-properties&gt;&lt;cifs-share-properties&gt;oplocks&lt;/cifs-share-properties&gt;&lt;/share-properties&gt;&lt;symlink-properties&gt;&lt;cifs-share-symlink-properties&gt;enable&lt;/cifs-share-symlink-properties&gt;&lt;cifs-share-symlink-properties&gt;read_only&lt;/cifs-share-symlink-properties&gt;&lt;/symlink-properties&gt;&lt;share-name&gt;test&lt;/share-name&gt;&lt;path&gt;/test&lt;/path&gt;&lt;vscan-fileop-profile&gt;standard&lt;/vscan-fileop-profile&gt;&lt;/cifs-share&gt;&lt;/attributes-list&gt;&lt;/xml&gt;&apos;
Info: test_cifs_apply: AnsibleExitJson({&apos;changed&apos;: True},)
</system-out></testcase><testcase classname="modules.test_na_ontap_cg_snapshot.TestMyModule" file="modules/test_na_ontap_cg_snapshot.py" line="99" name="test_ensure_command_called" time="0.016"></testcase><testcase classname="modules.test_na_ontap_cifs.TestMyModule" file="modules/test_na_ontap_cifs.py" line="211" name="test_if_all_methods_catch_exception" time="0.013"></testcase><testcase classname="modules.test_na_ontap_cifs.TestMyModule" file="modules/test_na_ontap_cifs.py" line="168" name="test_cifs_create_called" time="0.008"><system-out>Info: test_cifs_apply: AnsibleExitJson({&apos;changed&apos;: True},)
</system-out></testcase><testcase classname="modules.test_na_ontap_cifs_server.TestMyModule" file="modules/test_na_ontap_cifs_server.py" line="131" name="test_ensure_cifs_server_apply_for_create_called" time="0.016"><system-out>Info: test_cifs_server_apply: AnsibleExitJson({&apos;changed&apos;: True},)
b&apos;&lt;xml&gt;&lt;num-records&gt;1&lt;/num-records&gt;&lt;attributes-list&gt;&lt;cifs-server-config&gt;&lt;administrative-status&gt;up&lt;/administrative-status&gt;&lt;cifs-server&gt;create&lt;/cifs-server&gt;&lt;/cifs-server-config&gt;&lt;/attributes-list&gt;&lt;/xml&gt;&apos;
b&apos;&lt;xml&gt;&lt;num-records&gt;1&lt;/num-records&gt;&lt;attributes-list&gt;&lt;cifs-server-config&gt;&lt;administrative-status&gt;up&lt;/administrative-status&gt;&lt;cifs-server&gt;create&lt;/cifs-server&gt;&lt;/cifs-server-config&gt;&lt;/attributes-list&gt;&lt;/xml&gt;&apos;
Info: test_cifs_server_apply_for_create: AnsibleExitJson({&apos;changed&apos;: False},)
</system-out></testcase><testcase classname="modules.test_na_ontap_cifs.TestMyModule" file="modules/test_na_ontap_cifs.py" line="197" name="test_cifs_modify_called" time="0.009"><system-out>b&apos;&lt;xml&gt;&lt;attributes-list&gt;&lt;cifs-share&gt;&lt;vscan-fileop-profile&gt;standard&lt;/vscan-fileop-profile&gt;&lt;share-properties&gt;&lt;cifs-share-properties&gt;browsable&lt;/cifs-share-properties&gt;&lt;cifs-share-properties&gt;oplocks&lt;/cifs-share-properties&gt;&lt;/share-properties&gt;&lt;path&gt;/test&lt;/path&gt;&lt;share-name&gt;test&lt;/share-name&gt;&lt;symlink-properties&gt;&lt;cifs-share-symlink-properties&gt;enable&lt;/cifs-share-symlink-properties&gt;&lt;cifs-share-symlink-properties&gt;read_only&lt;/cifs-share-symlink-properties&gt;&lt;/symlink-properties&gt;&lt;/cifs-share&gt;&lt;/attributes-list&gt;&lt;num-records&gt;1&lt;/num-records&gt;&lt;/xml&gt;&apos;
b&apos;&lt;xml&gt;&lt;attributes-list&gt;&lt;cifs-share&gt;&lt;vscan-fileop-profile&gt;standard&lt;/vscan-fileop-profile&gt;&lt;share-properties&gt;&lt;cifs-share-properties&gt;browsable&lt;/cifs-share-properties&gt;&lt;cifs-share-properties&gt;oplocks&lt;/cifs-share-properties&gt;&lt;/share-properties&gt;&lt;path&gt;/test&lt;/path&gt;&lt;share-name&gt;test&lt;/share-name&gt;&lt;symlink-properties&gt;&lt;cifs-share-symlink-properties&gt;enable&lt;/cifs-share-symlink-properties&gt;&lt;cifs-share-symlink-properties&gt;read_only&lt;/cifs-share-symlink-properties&gt;&lt;/symlink-properties&gt;&lt;/cifs-share&gt;&lt;/attributes-list&gt;&lt;num-records&gt;1&lt;/num-records&gt;&lt;/xml&gt;&apos;
Info: test_cifs_apply: AnsibleExitJson({&apos;changed&apos;: True},)
</system-out></testcase><testcase classname="modules.test_na_ontap_cifs_server.TestMyModule" file="modules/test_na_ontap_cifs_server.py" line="122" name="test_ensure_cifs_server_get_called" time="0.012"><system-out>Info: test_cifs_server_get: None
</system-out></testcase><testcase classname="modules.test_na_ontap_cifs.TestMyModule" file="modules/test_na_ontap_cifs.py" line="140" name="test_ensure_cifs_get_called" time="0.010"><system-out>Info: test_cifs_share_get: None
</system-out></testcase><testcase classname="modules.test_na_ontap_cifs_server.TestMyModule" file="modules/test_na_ontap_cifs_server.py" line="198" name="test_ensure_stop_cifs_server_called" time="0.016"><system-out>b&apos;&lt;xml&gt;&lt;num-records&gt;1&lt;/num-records&gt;&lt;attributes-list&gt;&lt;cifs-server-config&gt;&lt;administrative-status&gt;down&lt;/administrative-status&gt;&lt;cifs-server&gt;test&lt;/cifs-server&gt;&lt;/cifs-server-config&gt;&lt;/attributes-list&gt;&lt;/xml&gt;&apos;
b&apos;&lt;xml&gt;&lt;num-records&gt;1&lt;/num-records&gt;&lt;attributes-list&gt;&lt;cifs-server-config&gt;&lt;administrative-status&gt;down&lt;/administrative-status&gt;&lt;cifs-server&gt;test&lt;/cifs-server&gt;&lt;/cifs-server-config&gt;&lt;/attributes-list&gt;&lt;/xml&gt;&apos;
Info: test_ensure_stop_cifs_server: AnsibleExitJson({&apos;changed&apos;: False},)
b&apos;&lt;xml&gt;&lt;num-records&gt;1&lt;/num-records&gt;&lt;attributes-list&gt;&lt;cifs-server-config&gt;&lt;administrative-status&gt;down&lt;/administrative-status&gt;&lt;cifs-server&gt;test&lt;/cifs-server&gt;&lt;/cifs-server-config&gt;&lt;/attributes-list&gt;&lt;/xml&gt;&apos;
b&apos;&lt;xml&gt;&lt;num-records&gt;1&lt;/num-records&gt;&lt;attributes-list&gt;&lt;cifs-server-config&gt;&lt;administrative-status&gt;down&lt;/administrative-status&gt;&lt;cifs-server&gt;test&lt;/cifs-server&gt;&lt;/cifs-server-config&gt;&lt;/attributes-list&gt;&lt;/xml&gt;&apos;
b&apos;&lt;xml&gt;&lt;num-records&gt;1&lt;/num-records&gt;&lt;attributes-list&gt;&lt;cifs-server-config&gt;&lt;administrative-status&gt;down&lt;/administrative-status&gt;&lt;cifs-server&gt;test&lt;/cifs-server&gt;&lt;/cifs-server-config&gt;&lt;/attributes-list&gt;&lt;/xml&gt;&apos;
Info: test_ensure_stop_cifs_server: AnsibleExitJson({&apos;changed&apos;: True},)
</system-out></testcase><testcase classname="modules.test_na_ontap_cluster.TestMyModule" file="modules/test_na_ontap_cluster.py" line="161" name="test_cluster_create_called" time="0.008"><system-out>b&apos;&lt;xml&gt;&lt;license-v2-status&gt;&lt;method&gt;site&lt;/method&gt;&lt;package&gt;cifs&lt;/package&gt;&lt;/license-v2-status&gt;&lt;/xml&gt;&apos;
b&apos;&lt;xml&gt;&lt;license-v2-status&gt;&lt;method&gt;site&lt;/method&gt;&lt;package&gt;cifs&lt;/package&gt;&lt;/license-v2-status&gt;&lt;/xml&gt;&apos;
b&apos;&lt;xml&gt;&lt;license-v2-status&gt;&lt;method&gt;site&lt;/method&gt;&lt;package&gt;cifs&lt;/package&gt;&lt;/license-v2-status&gt;&lt;/xml&gt;&apos;
b&apos;&lt;xml&gt;&lt;license-v2-status&gt;&lt;method&gt;site&lt;/method&gt;&lt;package&gt;cifs&lt;/package&gt;&lt;/license-v2-status&gt;&lt;/xml&gt;&apos;
Info: test_cluster_apply: AnsibleExitJson({&apos;changed&apos;: &lt;MagicMock name=&apos;create_cluster()&apos; id=&apos;140305693674464&apos;&gt;},)
</system-out></testcase><testcase classname="modules.test_na_ontap_cluster.TestMyModule" file="modules/test_na_ontap_cluster.py" line="132" name="test_ensure_license_get_called" time="0.006"><system-out>Info: test_license_get: {}
</system-out></testcase><testcase classname="modules.test_na_ontap_cifs.TestMyModule" file="modules/test_na_ontap_cifs.py" line="133" name="test_module_fail_when_required_args_missing" time="0.011"><system-out>Info: missing required arguments: vserver, password, username, hostname, share_name
</system-out></testcase><testcase classname="modules.test_na_ontap_cifs_server.TestMyModule" file="modules/test_na_ontap_cifs_server.py" line="151" name="test_ensure_cifs_server_apply_for_delete_called" time="0.009"><system-out>b&apos;&lt;xml&gt;&lt;attributes-list&gt;&lt;cifs-server-config&gt;&lt;administrative-status&gt;up&lt;/administrative-status&gt;&lt;cifs-server&gt;delete&lt;/cifs-server&gt;&lt;/cifs-server-config&gt;&lt;/attributes-list&gt;&lt;num-records&gt;1&lt;/num-records&gt;&lt;/xml&gt;&apos;
b&apos;&lt;xml&gt;&lt;attributes-list&gt;&lt;cifs-server-config&gt;&lt;administrative-status&gt;up&lt;/administrative-status&gt;&lt;cifs-server&gt;delete&lt;/cifs-server&gt;&lt;/cifs-server-config&gt;&lt;/attributes-list&gt;&lt;num-records&gt;1&lt;/num-records&gt;&lt;/xml&gt;&apos;
Info: test_cifs_server_apply: AnsibleExitJson({&apos;changed&apos;: False},)
b&apos;&lt;xml&gt;&lt;attributes-list&gt;&lt;cifs-server-config&gt;&lt;administrative-status&gt;up&lt;/administrative-status&gt;&lt;cifs-server&gt;delete&lt;/cifs-server&gt;&lt;/cifs-server-config&gt;&lt;/attributes-list&gt;&lt;num-records&gt;1&lt;/num-records&gt;&lt;/xml&gt;&apos;
b&apos;&lt;xml&gt;&lt;attributes-list&gt;&lt;cifs-server-config&gt;&lt;administrative-status&gt;up&lt;/administrative-status&gt;&lt;cifs-server&gt;delete&lt;/cifs-server&gt;&lt;/cifs-server-config&gt;&lt;/attributes-list&gt;&lt;num-records&gt;1&lt;/num-records&gt;&lt;/xml&gt;&apos;
b&apos;&lt;xml&gt;&lt;attributes-list&gt;&lt;cifs-server-config&gt;&lt;administrative-status&gt;up&lt;/administrative-status&gt;&lt;cifs-server&gt;delete&lt;/cifs-server&gt;&lt;/cifs-server-config&gt;&lt;/attributes-list&gt;&lt;num-records&gt;1&lt;/num-records&gt;&lt;/xml&gt;&apos;
Info: test_cifs_server_delete: AnsibleExitJson({&apos;changed&apos;: True},)
</system-out></testcase><testcase classname="modules.test_na_ontap_cluster.TestMyModule" file="modules/test_na_ontap_cluster.py" line="125" name="test_module_fail_when_required_args_missing" time="0.004"><system-out>Info: missing required arguments: password, hostname, username
</system-out></testcase><testcase classname="modules.test_na_ontap_cifs_server.TestMyModule" file="modules/test_na_ontap_cifs_server.py" line="174" name="test_ensure_start_cifs_server_called" time="0.008"><system-out>b&apos;&lt;xml&gt;&lt;attributes-list&gt;&lt;cifs-server-config&gt;&lt;administrative-status&gt;up&lt;/administrative-status&gt;&lt;cifs-server&gt;test&lt;/cifs-server&gt;&lt;/cifs-server-config&gt;&lt;/attributes-list&gt;&lt;num-records&gt;1&lt;/num-records&gt;&lt;/xml&gt;&apos;
b&apos;&lt;xml&gt;&lt;attributes-list&gt;&lt;cifs-server-config&gt;&lt;administrative-status&gt;up&lt;/administrative-status&gt;&lt;cifs-server&gt;test&lt;/cifs-server&gt;&lt;/cifs-server-config&gt;&lt;/attributes-list&gt;&lt;num-records&gt;1&lt;/num-records&gt;&lt;/xml&gt;&apos;
Info: test_ensure_start_cifs_server: AnsibleExitJson({&apos;changed&apos;: False},)
b&apos;&lt;xml&gt;&lt;attributes-list&gt;&lt;cifs-server-config&gt;&lt;administrative-status&gt;up&lt;/administrative-status&gt;&lt;cifs-server&gt;test&lt;/cifs-server&gt;&lt;/cifs-server-config&gt;&lt;/attributes-list&gt;&lt;num-records&gt;1&lt;/num-records&gt;&lt;/xml&gt;&apos;
b&apos;&lt;xml&gt;&lt;attributes-list&gt;&lt;cifs-server-config&gt;&lt;administrative-status&gt;up&lt;/administrative-status&gt;&lt;cifs-server&gt;test&lt;/cifs-server&gt;&lt;/cifs-server-config&gt;&lt;/attributes-list&gt;&lt;num-records&gt;1&lt;/num-records&gt;&lt;/xml&gt;&apos;
b&apos;&lt;xml&gt;&lt;attributes-list&gt;&lt;cifs-server-config&gt;&lt;administrative-status&gt;up&lt;/administrative-status&gt;&lt;cifs-server&gt;test&lt;/cifs-server&gt;&lt;/cifs-server-config&gt;&lt;/attributes-list&gt;&lt;num-records&gt;1&lt;/num-records&gt;&lt;/xml&gt;&apos;
Info: test_ensure_start_cifs_server: AnsibleExitJson({&apos;changed&apos;: True},)
</system-out></testcase><testcase classname="modules.test_na_ontap_cifs_server.TestMyModule" file="modules/test_na_ontap_cifs_server.py" line="115" name="test_module_fail_when_required_args_missing" time="0.004"><system-out>Info: missing required arguments: vserver, password, username, hostname, name
</system-out></testcase><testcase classname="modules.test_na_ontap_cluster_peer.TestMyModule" file="modules/test_na_ontap_cluster_peer.py" line="197" name="test_delete_idempotency" time="0.010"></testcase><testcase classname="modules.test_na_ontap_cluster_peer.TestMyModule" file="modules/test_na_ontap_cluster_peer.py" line="142" name="test_successful_create" time="0.007"></testcase><testcase classname="modules.test_na_ontap_cluster.TestMyModule" file="modules/test_na_ontap_cluster.py" line="141" name="test_ensure_apply_for_cluster_called" time="0.018"><system-out>Info: test_cluster_apply: AnsibleExitJson({&apos;changed&apos;: True},)
b&apos;&lt;xml&gt;&lt;license-v2-status&gt;&lt;method&gt;site&lt;/method&gt;&lt;package&gt;cifs&lt;/package&gt;&lt;/license-v2-status&gt;&lt;/xml&gt;&apos;
b&apos;&lt;xml&gt;&lt;license-v2-status&gt;&lt;method&gt;site&lt;/method&gt;&lt;package&gt;cifs&lt;/package&gt;&lt;/license-v2-status&gt;&lt;/xml&gt;&apos;
b&apos;&lt;xml&gt;&lt;license-v2-status&gt;&lt;method&gt;site&lt;/method&gt;&lt;package&gt;cifs&lt;/package&gt;&lt;/license-v2-status&gt;&lt;/xml&gt;&apos;
b&apos;&lt;xml&gt;&lt;license-v2-status&gt;&lt;method&gt;site&lt;/method&gt;&lt;package&gt;cifs&lt;/package&gt;&lt;/license-v2-status&gt;&lt;/xml&gt;&apos;
b&apos;&lt;xml&gt;&lt;license-v2-status&gt;&lt;method&gt;site&lt;/method&gt;&lt;package&gt;cifs&lt;/package&gt;&lt;/license-v2-status&gt;&lt;/xml&gt;&apos;
Info: test_cluster_apply: AnsibleExitJson({&apos;changed&apos;: True},)
</system-out></testcase><testcase classname="modules.test_na_ontap_cluster.TestMyModule" file="modules/test_na_ontap_cluster.py" line="176" name="test_if_all_methods_catch_exception" time="0.018"></testcase><testcase classname="modules.test_na_ontap_command.TestMyModule" file="modules/test_na_ontap_command.py" line="147" name="test_admin_priv" time="0.006"><system-out>Version (raw): b&apos;&lt;results&gt;&lt;cli-output&gt;NetApp Release&lt;/cli-output&gt;&lt;/results&gt;&apos;
</system-out></testcase><testcase classname="modules.test_na_ontap_command.TestMyModule" file="modules/test_na_ontap_command.py" line="137" name="test_default_priv" time="0.011"><system-out>Version (raw): b&apos;&lt;results&gt;&lt;cli-output&gt;NetApp Release&lt;/cli-output&gt;&lt;/results&gt;&apos;
</system-out></testcase><testcase classname="modules.test_na_ontap_cluster_peer.TestMyModule" file="modules/test_na_ontap_cluster_peer.py" line="154" name="test_create_idempotency" time="0.017"></testcase><testcase classname="modules.test_na_ontap_cluster_peer.TestMyModule" file="modules/test_na_ontap_cluster_peer.py" line="135" name="test_module_fail_when_required_args_missing" time="0.012"><system-out>Info: missing required arguments: dest_hostname, password, username, hostname
</system-out></testcase><testcase classname="modules.test_na_ontap_dns.TestMyModule" file="modules/test_na_ontap_dns.py" line="160" name="test_idempotent_create_dns" time="0.036"></testcase><testcase classname="modules.test_na_ontap_dns.TestMyModule" file="modules/test_na_ontap_dns.py" line="138" name="test_module_fail_when_required_args_missing" time="0.004"><system-out>Info: missing required arguments: vserver, password, hostname, username
</system-out></testcase><testcase classname="modules.test_na_ontap_cluster_peer.TestMyModule" file="modules/test_na_ontap_cluster_peer.py" line="174" name="test_successful_delete" time="0.008"></testcase><testcase classname="modules.test_na_ontap_dns.TestMyModule" file="modules/test_na_ontap_dns.py" line="205" name="test_rest_idempotent_create_dns" time="0.011"></testcase><testcase classname="modules.test_na_ontap_command.TestMyModule" file="modules/test_na_ontap_command.py" line="158" name="test_advanced_priv" time="0.007"><system-out>Version (raw): b&apos;&lt;results&gt;&lt;cli-output&gt;\nNetApp Release&lt;/cli-output&gt;&lt;/results&gt;&apos;
</system-out></testcase><testcase classname="modules.test_na_ontap_dns.TestMyModule" file="modules/test_na_ontap_dns.py" line="262" name="test_rest_idempotently_modify" time="0.012"></testcase><testcase classname="modules.test_na_ontap_command.TestMyModule" file="modules/test_na_ontap_command.py" line="97" name="test_module_fail_when_required_args_missing" time="0.012"><system-out>Info: missing required arguments: command, password, username, hostname
</system-out></testcase><testcase classname="modules.test_na_ontap_dns.TestMyModule" file="modules/test_na_ontap_dns.py" line="145" name="test_idempotent_modify_dns" time="0.012"></testcase><testcase classname="modules.test_na_ontap_dns.TestMyModule" file="modules/test_na_ontap_dns.py" line="218" name="test_rest_successfully_destroy" time="0.016"></testcase><testcase classname="modules.test_na_ontap_dns.TestMyModule" file="modules/test_na_ontap_dns.py" line="178" name="test_rest_error" time="0.007"></testcase><testcase classname="modules.test_na_ontap_dns.TestMyModule" file="modules/test_na_ontap_dns.py" line="233" name="test_rest_idempotently_destroy" time="0.021"></testcase><testcase classname="modules.test_na_ontap_dns.TestMyModule" file="modules/test_na_ontap_dns.py" line="168" name="test_successfully_create_dns" time="0.015"><system-out>create dns
</system-out></testcase><testcase classname="modules.test_na_ontap_dns.TestMyModule" file="modules/test_na_ontap_dns.py" line="191" name="test_rest_successfully_create" time="0.006"></testcase><testcase classname="modules.test_na_ontap_efficiency_policy.TestMyModule" file="modules/test_na_ontap_efficiency_policy.py" line="168" name="test_create_idempotency" time="0.023"></testcase><testcase classname="modules.test_na_ontap_dns.TestMyModule" file="modules/test_na_ontap_dns.py" line="247" name="test_rest_successfully_modify" time="0.015"></testcase><testcase classname="modules.test_na_ontap_efficiency_policy.TestMyModule" file="modules/test_na_ontap_efficiency_policy.py" line="157" name="test_get_existing_scanner" time="0.006"></testcase><testcase classname="modules.test_na_ontap_dns.TestMyModule" file="modules/test_na_ontap_dns.py" line="152" name="test_successfully_modify_dns" time="0.031"></testcase><testcase classname="modules.test_na_ontap_efficiency_policy.TestMyModule" file="modules/test_na_ontap_efficiency_policy.py" line="145" name="test_module_fail_when_required_args_missing" time="0.017"><system-out>Info: missing required arguments: policy_name, vserver, password, hostname, username
</system-out></testcase><testcase classname="modules.test_na_ontap_efficiency_policy.TestMyModule" file="modules/test_na_ontap_efficiency_policy.py" line="162" name="test_successfully_create" time="0.018"></testcase><testcase classname="modules.test_na_ontap_efficiency_policy.TestMyModule" file="modules/test_na_ontap_efficiency_policy.py" line="198" name="test_delete_idempotency" time="0.017"></testcase><testcase classname="modules.test_na_ontap_efficiency_policy.TestMyModule" file="modules/test_na_ontap_efficiency_policy.py" line="174" name="test_threshold_duration_failure" time="0.005"></testcase><testcase classname="modules.test_na_ontap_efficiency_policy.TestMyModule" file="modules/test_na_ontap_efficiency_policy.py" line="152" name="test_get_nonexistent_efficiency_policy" time="0.007"></testcase><testcase classname="modules.test_na_ontap_export_policy.TestMyModule" file="modules/test_na_ontap_export_policy.py" line="143" name="test_module_fail_when_required_args_missing" time="0.004"><system-out>Info: missing required arguments: name, vserver, password, hostname, username
</system-out></testcase><testcase classname="modules.test_na_ontap_export_policy.TestMyModule" file="modules/test_na_ontap_export_policy.py" line="248" name="test_rest_error_delete" time="0.007"></testcase><testcase classname="modules.test_na_ontap_efficiency_policy.TestMyModule" file="modules/test_na_ontap_efficiency_policy.py" line="206" name="test_successful_modify" time="0.019"></testcase><testcase classname="modules.test_na_ontap_export_policy.TestMyModule" file="modules/test_na_ontap_export_policy.py" line="176" name="test_rest_successful_create" time="0.013"></testcase><testcase classname="modules.test_na_ontap_export_policy.TestMyModule" file="modules/test_na_ontap_export_policy.py" line="211" name="test_rest_successful_rename" time="0.006"></testcase><testcase classname="modules.test_na_ontap_efficiency_policy.TestMyModule" file="modules/test_na_ontap_efficiency_policy.py" line="190" name="test_successfully_delete" time="0.015"></testcase><testcase classname="modules.test_na_ontap_efficiency_policy.TestMyModule" file="modules/test_na_ontap_efficiency_policy.py" line="182" name="test_threshold_schedule_failure" time="0.005"></testcase><testcase classname="modules.test_na_ontap_export_policy.TestMyModule" file="modules/test_na_ontap_export_policy.py" line="230" name="test_rest_error_create" time="0.007"></testcase><testcase classname="modules.test_na_ontap_export_policy.TestMyModule" file="modules/test_na_ontap_export_policy.py" line="267" name="test_rest_error_rename" time="0.007"></testcase><testcase classname="modules.test_na_ontap_export_policy.TestMyModule" file="modules/test_na_ontap_export_policy.py" line="160" name="test_successful_rename" time="0.055"></testcase><testcase classname="modules.test_na_ontap_export_policy_rule.TestMyModule" file="modules/test_na_ontap_export_policy_rule.py" line="196" name="test_create_missing_param_error" time="0.007"></testcase><testcase classname="modules.test_na_ontap_export_policy.TestMyModule" file="modules/test_na_ontap_export_policy.py" line="193" name="test_rest_successful_delete" time="0.027"></testcase><testcase classname="modules.test_na_ontap_export_policy_rule.TestMyModule" file="modules/test_na_ontap_export_policy_rule.py" line="249" name="test_error_on_ambiguous_delete" time="0.009"></testcase><testcase classname="modules.test_na_ontap_export_policy.TestMyModule" file="modules/test_na_ontap_export_policy.py" line="150" name="test_successful_create" time="0.016"></testcase><testcase classname="modules.test_na_ontap_export_policy_rule.TestMyModule" file="modules/test_na_ontap_export_policy_rule.py" line="213" name="test_create_idempotency" time="0.008"></testcase><testcase classname="modules.test_na_ontap_export_policy_rule.TestMyModule" file="modules/test_na_ontap_export_policy_rule.py" line="180" name="test_get_existing_rule" time="0.025"></testcase><testcase classname="modules.test_na_ontap_export_policy_rule.TestMyModule" file="modules/test_na_ontap_export_policy_rule.py" line="230" name="test_delete_idempotency" time="0.008"></testcase><testcase classname="modules.test_na_ontap_export_policy_rule.TestMyModule" file="modules/test_na_ontap_export_policy_rule.py" line="189" name="test_get_existing_policy" time="0.007"></testcase><testcase classname="modules.test_na_ontap_export_policy_rule.TestMyModule" file="modules/test_na_ontap_export_policy_rule.py" line="168" name="test_get_nonexistent_rule" time="0.014"></testcase><testcase classname="modules.test_na_ontap_export_policy_rule.TestMyModule" file="modules/test_na_ontap_export_policy_rule.py" line="161" name="test_module_fail_when_required_args_missing" time="0.004"><system-out>Info: missing required arguments: name, vserver, password, hostname, username
</system-out></testcase><testcase classname="modules.test_na_ontap_export_policy_rule.TestMyModule" file="modules/test_na_ontap_export_policy_rule.py" line="174" name="test_get_nonexistent_policy" time="0.024"></testcase><testcase classname="modules.test_na_ontap_export_policy_rule.TestMyModule" file="modules/test_na_ontap_export_policy_rule.py" line="220" name="test_successful_delete_without_rule_index" time="0.021"></testcase><testcase classname="modules.test_na_ontap_firewall_policy.TestMyModule" file="modules/test_na_ontap_firewall_policy.py" line="220" name="test_create_idempotency" time="0.007"></testcase><testcase classname="modules.test_na_ontap_export_policy_rule.TestMyModule" file="modules/test_na_ontap_export_policy_rule.py" line="259" name="test_helper_query_parameters" time="0.024"><system-out>{&apos;query&apos;: {&apos;export-rule-info&apos;: {&apos;vserver&apos;: &apos;test&apos;, &apos;policy-name&apos;: &apos;test&apos;, &apos;rule-index&apos;: 10}}}
</system-out></testcase><testcase classname="modules.test_na_ontap_firewall_policy.TestMyModule" file="modules/test_na_ontap_firewall_policy.py" line="278" name="test_get_existing_config" time="0.007"></testcase><testcase classname="modules.test_na_ontap_export_policy_rule.TestMyModule" file="modules/test_na_ontap_export_policy_rule.py" line="206" name="test_successful_create" time="0.008"></testcase><testcase classname="modules.test_na_ontap_firewall_policy.TestMyModule" file="modules/test_na_ontap_firewall_policy.py" line="272" name="test_get_nonexistent_config" time="0.010"></testcase><testcase classname="modules.test_na_ontap_export_policy_rule.TestMyModule" file="modules/test_na_ontap_export_policy_rule.py" line="239" name="test_successful_modify" time="0.015"></testcase><testcase classname="modules.test_na_ontap_firewall_policy.TestMyModule" file="modules/test_na_ontap_firewall_policy.py" line="171" name="test_helper_firewall_policy_attributes" time="0.007"></testcase><testcase classname="modules.test_na_ontap_firewall_policy.TestMyModule" file="modules/test_na_ontap_firewall_policy.py" line="236" name="test_delete_idempotency" time="0.006"></testcase><testcase classname="modules.test_na_ontap_firewall_policy.TestMyModule" file="modules/test_na_ontap_firewall_policy.py" line="179" name="test_helper_validate_ip_addresses_positive" time="0.023"></testcase><testcase classname="modules.test_na_ontap_firewall_policy.TestMyModule" file="modules/test_na_ontap_firewall_policy.py" line="205" name="test_get_existing_policy" time="0.010"></testcase><testcase classname="modules.test_na_ontap_firewall_policy.TestMyModule" file="modules/test_na_ontap_firewall_policy.py" line="213" name="test_successful_create" time="0.025"></testcase><testcase classname="modules.test_na_ontap_firewall_policy.TestMyModule" file="modules/test_na_ontap_firewall_policy.py" line="199" name="test_get_nonexistent_policy" time="0.013"></testcase><testcase classname="modules.test_na_ontap_firewall_policy.TestMyModule" file="modules/test_na_ontap_firewall_policy.py" line="245" name="test_successful_modify" time="0.008"></testcase><testcase classname="modules.test_na_ontap_firewall_policy.TestMyModule" file="modules/test_na_ontap_firewall_policy.py" line="187" name="test_helper_validate_ip_addresses_negative" time="0.012"></testcase><testcase classname="modules.test_na_ontap_firewall_policy.TestMyModule" file="modules/test_na_ontap_firewall_policy.py" line="164" name="test_module_fail_when_required_args_missing" time="0.009"><system-out>Info: missing required arguments: password, username, hostname
</system-out></testcase><testcase classname="modules.test_na_ontap_firewall_policy.TestMyModule" file="modules/test_na_ontap_firewall_policy.py" line="254" name="test_successful_modify_mutiple_ips" time="0.025"></testcase><testcase classname="modules.test_na_ontap_firewall_policy.TestMyModule" file="modules/test_na_ontap_firewall_policy.py" line="227" name="test_successful_delete" time="0.017"></testcase><testcase classname="modules.test_na_ontap_firmware_upgrade.TestMyModule" file="modules/test_na_ontap_firmware_upgrade.py" line="258" name="test_acp_firmware_upgrade" time="0.009"><system-out>Info: test_firmware_upgrade_apply: AnsibleExitJson({&apos;changed&apos;: True},)
</system-out></testcase><testcase classname="modules.test_na_ontap_firewall_policy.TestMyModule" file="modules/test_na_ontap_firewall_policy.py" line="286" name="test_successful_modify_config" time="0.008"></testcase><testcase classname="modules.test_na_ontap_firewall_policy.TestMyModule" file="modules/test_na_ontap_firewall_policy.py" line="263" name="test_successful_modify_mutiple_ips_contain_existing" time="0.008"></testcase><testcase classname="modules.test_na_ontap_firmware_upgrade.TestMyModule" file="modules/test_na_ontap_firmware_upgrade.py" line="205" name="test_ensure_acp_firmware_required_get_called" time="0.018"><system-out>b&apos;&lt;xml&gt;&lt;attributes-list&gt;&lt;storage-shelf-acp-module&gt;&lt;state&gt;firmware_update_required&lt;/state&gt;&lt;/storage-shelf-acp-module&gt;&lt;/attributes-list&gt;&lt;/xml&gt;&apos;
Info: test_acp_firmware_upgrade_required_get: True
</system-out></testcase><testcase classname="modules.test_na_ontap_firmware_upgrade.TestMyModule" file="modules/test_na_ontap_firmware_upgrade.py" line="191" name="test_ensure_firmware_get_with_package_baseline_called" time="0.006"><system-out>info: Do not specify both package and install_baseline_image: true
</system-out></testcase><testcase classname="modules.test_na_ontap_firmware_upgrade.TestMyModule" file="modules/test_na_ontap_firmware_upgrade.py" line="275" name="test_disk_firmware_upgrade" time="0.013"><system-out>Info: test_firmware_upgrade_apply: AnsibleExitJson({&apos;changed&apos;: &lt;MagicMock name=&apos;disk_firmware_upgrade()&apos; id=&apos;140279635362648&apos;&gt;},)
</system-out></testcase><testcase classname="modules.test_na_ontap_firmware_upgrade.TestMyModule" file="modules/test_na_ontap_firmware_upgrade.py" line="166" name="test_invalid_firmware_type_parameters" time="0.005"><system-out>Info: value of firmware_type must be one of: service-processor, shelf, acp, disk, got: service_test
</system-out></testcase><testcase classname="modules.test_na_ontap_firmware_upgrade.TestMyModule" file="modules/test_na_ontap_firmware_upgrade.py" line="218" name="test_ensure_apply_for_firmware_upgrade_called" time="0.017"><system-out>Info: test_firmware_upgrade_apply: AnsibleExitJson({&apos;changed&apos;: False},)
b&apos;&lt;xml&gt;&lt;attributes-list&gt;&lt;service-processor-info&gt;&lt;firmware-version&gt;3.4&lt;/firmware-version&gt;&lt;/service-processor-info&gt;&lt;/attributes-list&gt;&lt;num-records&gt;1&lt;/num-records&gt;&lt;/xml&gt;&apos;
Info: test_firmware_upgrade_apply: AnsibleExitJson({&apos;changed&apos;: True},)
</system-out></testcase><testcase classname="modules.test_na_ontap_firmware_upgrade.TestMyModule" file="modules/test_na_ontap_firmware_upgrade.py" line="147" name="test_module_fail_when_required_args_missing" time="0.010"><system-out>Info: missing required arguments: firmware_type, password, hostname, username
</system-out></testcase><testcase classname="modules.test_na_ontap_firmware_upgrade.TestMyModule" file="modules/test_na_ontap_firmware_upgrade.py" line="179" name="test_ensure_sp_firmware_get_called" time="0.006"><system-out>Info: test_firmware_upgrade_get: None
</system-out></testcase><testcase classname="modules.test_na_ontap_firmware_upgrade.TestMyModule" file="modules/test_na_ontap_firmware_upgrade.py" line="154" name="test_missing_parameters" time="0.006"><system-out>Info: missing required arguments: firmware_type
</system-out></testcase><testcase classname="modules.test_na_ontap_flexcache.TestMyModule" file="modules/test_na_ontap_flexcache.py" line="265" name="test_create_flexcache" time="0.019"><system-out>Create: AnsibleExitJson({&apos;changed&apos;: True},)
</system-out></testcase><testcase classname="modules.test_na_ontap_firmware_upgrade.TestMyModule" file="modules/test_na_ontap_firmware_upgrade.py" line="243" name="test_shelf_firmware_upgrade" time="0.006"><system-out>Info: test_firmware_upgrade_apply: AnsibleExitJson({&apos;changed&apos;: True},)
</system-out></testcase><testcase classname="modules.test_na_ontap_flexcache.TestMyModule" file="modules/test_na_ontap_flexcache.py" line="333" name="test_create_flexcache_autoprovision_idempotent" time="0.020"><system-out>Create: AnsibleExitJson({&apos;changed&apos;: False},)
</system-out></testcase><testcase classname="modules.test_na_ontap_flexcache.TestMyModule" file="modules/test_na_ontap_flexcache.py" line="309" name="test_create_flexcache_autoprovision" time="0.009"><system-out>Create: AnsibleExitJson({&apos;changed&apos;: True},)
</system-out></testcase><testcase classname="modules.test_na_ontap_flexcache.TestMyModule" file="modules/test_na_ontap_flexcache.py" line="290" name="test_create_flexcache_idempotent" time="0.007"><system-out>Create: AnsibleExitJson({&apos;changed&apos;: False},)
</system-out></testcase><testcase classname="modules.test_na_ontap_flexcache.TestMyModule" file="modules/test_na_ontap_flexcache.py" line="377" name="test_create_flexcache_multiplier_idempotent" time="0.007"><system-out>Create: AnsibleExitJson({&apos;changed&apos;: False},)
</system-out></testcase><testcase classname="modules.test_na_ontap_flexcache.TestMyModule" file="modules/test_na_ontap_flexcache.py" line="352" name="test_create_flexcache_multiplier" time="0.028"><system-out>Create: AnsibleExitJson({&apos;changed&apos;: True},)
</system-out></testcase><testcase classname="modules.test_na_ontap_flexcache.TestMyModule" file="modules/test_na_ontap_flexcache.py" line="478" name="test_create_flexcache_size_error" time="0.019"><system-out>Create: AnsibleFailJson({&apos;failed&apos;: True, &apos;msg&apos;: &apos;Error when creating flexcache: Size &quot;50MB&quot; (&quot;52428800B&quot;) is too small.  Minimum size is &quot;80MB&quot; (&quot;83886080B&quot;). &apos;},)
</system-out></testcase><testcase classname="modules.test_na_ontap_flexcache.TestMyModule" file="modules/test_na_ontap_flexcache.py" line="431" name="test_delete_flexcache_exists_junctionpath_no_force" time="0.018"><system-out>Delete: AnsibleFailJson({&apos;failed&apos;: True, &apos;msg&apos;: &apos;Error deleting FlexCache : NetApp API failed. Reason - 160:Volume volume on Vserver ansibleSVM must be unmounted before being taken offline or restricted.&apos;, &apos;exception&apos;: &apos;Traceback (most recent call last):\n  File &quot;/root/ansible/ansible_collections/netapp/ontap/plugins/modules/na_ontap_flexcache.py&quot;, line 404, in flexcache_delete_async\n    result = self.server.invoke_successfully(flexcache_delete, enable_tunneling=True)\n  File &quot;/root/ansible/ansible_collections/netapp/ontap/tests/unit/plugins/modules/test_na_ontap_flexcache.py&quot;, line 75, in invoke_successfully\n    raise netapp_utils.zapi.NaApiError(code, message)\nnetapp_lib.api.zapi.zapi.NaApiError: NetApp API failed. Reason - 160:Volume volume on Vserver ansibleSVM must be unmounted before being taken offline or restricted.\n&apos;},)
</system-out></testcase><testcase classname="modules.test_na_ontap_flexcache.TestMyModule" file="modules/test_na_ontap_flexcache.py" line="397" name="test_delete_flexcache_exists_no_force" time="0.008"><system-out>Delete: AnsibleFailJson({&apos;failed&apos;: True, &apos;msg&apos;: &apos;Error deleting FlexCache : NetApp API failed. Reason - 13001:Volume volume in Vserver ansibleSVM must be offline to be deleted. Use &quot;volume offline -vserver ansibleSVM -volume volume&quot; command to offline the volume&apos;, &apos;exception&apos;: &apos;Traceback (most recent call last):\n  File &quot;/root/ansible/ansible_collections/netapp/ontap/plugins/modules/na_ontap_flexcache.py&quot;, line 404, in flexcache_delete_async\n    result = self.server.invoke_successfully(flexcache_delete, enable_tunneling=True)\n  File &quot;/root/ansible/ansible_collections/netapp/ontap/tests/unit/plugins/modules/test_na_ontap_flexcache.py&quot;, line 75, in invoke_successfully\n    raise netapp_utils.zapi.NaApiError(code, message)\nnetapp_lib.api.zapi.zapi.NaApiError: NetApp API failed. Reason - 13001:Volume volume in Vserver ansibleSVM must be offline to be deleted. Use &quot;volume offline -vserver ansibleSVM -volume volume&quot; command to offline the volume\n&apos;},)
</system-out></testcase><testcase classname="modules.test_na_ontap_flexcache.TestMyModule" file="modules/test_na_ontap_flexcache.py" line="465" name="test_delete_flexcache_not_exist" time="0.006"><system-out>Delete: AnsibleExitJson({&apos;changed&apos;: False},)
</system-out></testcase><testcase classname="modules.test_na_ontap_flexcache.TestMyModule" file="modules/test_na_ontap_flexcache.py" line="249" name="test_get_flexcache_double" time="0.006"></testcase><testcase classname="modules.test_na_ontap_flexcache.TestMyModule" file="modules/test_na_ontap_flexcache.py" line="200" name="test_missing_parameters" time="0.012"></testcase><testcase classname="modules.test_na_ontap_igroup.TestMyModule" file="modules/test_na_ontap_igroup.py" line="162" name="test_get_existing_igroup_with_initiators" time="0.006"></testcase><testcase classname="modules.test_na_ontap_igroup.TestMyModule" file="modules/test_na_ontap_igroup.py" line="155" name="test_get_nonexistent_igroup" time="0.005"></testcase><testcase classname="modules.test_na_ontap_igroup.TestMyModule" file="modules/test_na_ontap_igroup.py" line="203" name="test_modify_called_from_remove" time="0.007"></testcase><testcase classname="modules.test_na_ontap_igroup.TestMyModule" file="modules/test_na_ontap_igroup.py" line="177" name="test_modify_initiator_calls_add_and_remove" time="0.009"></testcase><testcase classname="modules.test_na_ontap_igroup.TestMyModule" file="modules/test_na_ontap_igroup.py" line="149" name="test_module_fail_when_required_args_missing" time="0.004"></testcase><testcase classname="modules.test_na_ontap_igroup.TestMyModule" file="modules/test_na_ontap_igroup.py" line="215" name="test_successful_create" time="0.007"></testcase><testcase classname="modules.test_na_ontap_igroup.TestMyModule" file="modules/test_na_ontap_igroup.py" line="224" name="test_successful_delete" time="0.007"></testcase><testcase classname="modules.test_na_ontap_igroup.TestMyModule" file="modules/test_na_ontap_igroup.py" line="233" name="test_successful_modify" time="0.006"></testcase><testcase classname="modules.test_na_ontap_igroup.TestMyModule" file="modules/test_na_ontap_igroup.py" line="242" name="test_successful_rename" time="0.007"></testcase><testcase classname="modules.test_na_ontap_igroup_initiator.TestMyModule" file="modules/test_na_ontap_igroup_initiator.py" line="151" name="test_get_existing_initiator" time="0.006"></testcase><testcase classname="modules.test_na_ontap_igroup_initiator.TestMyModule" file="modules/test_na_ontap_igroup_initiator.py" line="143" name="test_get_nonexistent_igroup" time="0.006"></testcase><testcase classname="modules.test_na_ontap_igroup_initiator.TestMyModule" file="modules/test_na_ontap_igroup_initiator.py" line="135" name="test_get_nonexistent_initiator" time="0.006"></testcase><testcase classname="modules.test_na_ontap_igroup_initiator.TestMyModule" file="modules/test_na_ontap_igroup_initiator.py" line="207" name="test_if_all_methods_catch_exception" time="0.006"></testcase><testcase classname="modules.test_na_ontap_igroup_initiator.TestMyModule" file="modules/test_na_ontap_igroup_initiator.py" line="129" name="test_module_fail_when_required_args_missing" time="0.006"></testcase><testcase classname="modules.test_na_ontap_igroup_initiator.TestMyModule" file="modules/test_na_ontap_igroup_initiator.py" line="159" name="test_successful_add" time="0.007"></testcase><testcase classname="modules.test_na_ontap_igroup_initiator.TestMyModule" file="modules/test_na_ontap_igroup_initiator.py" line="171" name="test_successful_add_idempotency" time="0.008"></testcase><testcase classname="modules.test_na_ontap_igroup_initiator.TestMyModule" file="modules/test_na_ontap_igroup_initiator.py" line="182" name="test_successful_remove" time="0.009"></testcase><testcase classname="modules.test_na_ontap_igroup_initiator.TestMyModule" file="modules/test_na_ontap_igroup_initiator.py" line="194" name="test_successful_remove_idempotency" time="0.006"></testcase><testcase classname="modules.test_na_ontap_info.TestMyModule" file="modules/test_na_ontap_info.py" line="201" name="test_call_api_error" time="0.008"></testcase><testcase classname="modules.test_na_ontap_info.TestMyModule" file="modules/test_na_ontap_info.py" line="144" name="test_ensure_command_called" time="0.009"></testcase><testcase classname="modules.test_na_ontap_info.TestMyModule" file="modules/test_na_ontap_info.py" line="209" name="test_find_item" time="0.003"></testcase><testcase classname="modules.test_na_ontap_info.TestMyModule" file="modules/test_na_ontap_info.py" line="155" name="test_get_generic_get_iter" time="0.007"></testcase><testcase classname="modules.test_na_ontap_info.TestMyModule" file="modules/test_na_ontap_info.py" line="181" name="test_get_ifgrp_info" time="0.006"></testcase><testcase classname="modules.test_na_ontap_info.TestMyModule" file="modules/test_na_ontap_info.py" line="169" name="test_main" time="0.006"></testcase><testcase classname="modules.test_na_ontap_info.TestMyModule" file="modules/test_na_ontap_info.py" line="137" name="test_module_fail_when_required_args_missing" time="0.004"><system-out>Info: missing required arguments: password, hostname, username
</system-out></testcase><testcase classname="modules.test_na_ontap_info.TestMyModule" file="modules/test_na_ontap_info.py" line="193" name="test_ontapi_error" time="0.007"></testcase><testcase classname="modules.test_na_ontap_info.TestMyModule" file="modules/test_na_ontap_info.py" line="216" name="test_subset_return_all_complete" time="0.006"></testcase><testcase classname="modules.test_na_ontap_info.TestMyModule" file="modules/test_na_ontap_info.py" line="282" name="test_subset_return_all_expect_one" time="0.006"></testcase><testcase classname="modules.test_na_ontap_info.TestMyModule" file="modules/test_na_ontap_info.py" line="292" name="test_subset_return_all_expect_three" time="0.006"></testcase><testcase classname="modules.test_na_ontap_info.TestMyModule" file="modules/test_na_ontap_info.py" line="224" name="test_subset_return_all_partial" time="0.006"></testcase><testcase classname="modules.test_na_ontap_info.TestMyModule" file="modules/test_na_ontap_info.py" line="252" name="test_subset_return_bad" time="0.007"><system-out>Info: Bad subset: my_invalid_subset
</system-out></testcase><testcase classname="modules.test_na_ontap_info.TestMyModule" file="modules/test_na_ontap_info.py" line="243" name="test_subset_return_multiple" time="0.007"></testcase><testcase classname="modules.test_na_ontap_info.TestMyModule" file="modules/test_na_ontap_info.py" line="274" name="test_subset_return_none" time="0.006"></testcase><testcase classname="modules.test_na_ontap_info.TestMyModule" file="modules/test_na_ontap_info.py" line="302" name="test_subset_return_none_with_exclusion" time="0.005"><system-out>Info: Remote system at version ! does not support net_interface_info
</system-out></testcase><testcase classname="modules.test_na_ontap_info.TestMyModule" file="modules/test_na_ontap_info.py" line="235" name="test_subset_return_one" time="0.005"></testcase><testcase classname="modules.test_na_ontap_info.TestMyModule" file="modules/test_na_ontap_info.py" line="262" name="test_subset_return_unsupported" time="0.005"><system-out>Info: Remote system at version 120 does not support nvme_info
</system-out></testcase><testcase classname="modules.test_na_ontap_interface.TestMyModule" file="modules/test_na_ontap_interface.py" line="214" name="test_create_error_for_NVMe" time="0.006"></testcase><testcase classname="modules.test_na_ontap_interface.TestMyModule" file="modules/test_na_ontap_interface.py" line="158" name="test_create_error_missing_param" time="0.008"></testcase><testcase classname="modules.test_na_ontap_interface.TestMyModule" file="modules/test_na_ontap_interface.py" line="227" name="test_create_idempotency" time="0.009"></testcase><testcase classname="modules.test_na_ontap_interface.TestMyModule" file="modules/test_na_ontap_interface.py" line="202" name="test_create_idempotency_for_NVMe" time="0.009"></testcase><testcase classname="modules.test_na_ontap_interface.TestMyModule" file="modules/test_na_ontap_interface.py" line="243" name="test_delete_idempotency" time="0.006"></testcase><testcase classname="modules.test_na_ontap_interface.TestMyModule" file="modules/test_na_ontap_interface.py" line="177" name="test_get_existing_interface" time="0.007"></testcase><testcase classname="modules.test_na_ontap_interface.TestMyModule" file="modules/test_na_ontap_interface.py" line="171" name="test_get_nonexistent_interface" time="0.006"></testcase><testcase classname="modules.test_na_ontap_interface.TestMyModule" file="modules/test_na_ontap_interface.py" line="265" name="test_modify_idempotency" time="0.009"></testcase><testcase classname="modules.test_na_ontap_interface.TestMyModule" file="modules/test_na_ontap_interface.py" line="151" name="test_module_fail_when_required_args_missing" time="0.004"><system-out>Info: missing required arguments: interface_name, vserver, password, hostname, username
</system-out></testcase><testcase classname="modules.test_na_ontap_interface.TestMyModule" file="modules/test_na_ontap_interface.py" line="183" name="test_successful_create" time="0.006"></testcase><testcase classname="modules.test_na_ontap_interface.TestMyModule" file="modules/test_na_ontap_interface.py" line="190" name="test_successful_create_for_NVMe" time="0.006"></testcase><testcase classname="modules.test_na_ontap_interface.TestMyModule" file="modules/test_na_ontap_interface.py" line="234" name="test_successful_delete" time="0.008"></testcase><testcase classname="modules.test_na_ontap_interface.TestMyModule" file="modules/test_na_ontap_interface.py" line="252" name="test_successful_modify" time="0.007"></testcase><testcase classname="modules.test_na_ontap_ipspace.TestMyModule" file="modules/test_na_ontap_ipspace.py" line="122" name="test_fail_requiredargs_missing" time="0.006"><system-out>Info: missing required arguments: name, password, hostname, username
</system-out></testcase><testcase classname="modules.test_na_ontap_ipspace.TestMyModule" file="modules/test_na_ontap_ipspace.py" line="129" name="test_get_ipspace_iscalled" time="0.012"><system-out>Info: test_get_ipspace: None
</system-out></testcase><testcase classname="modules.test_na_ontap_ipspace.TestMyModule" file="modules/test_na_ontap_ipspace.py" line="191" name="test_idempotent_create_rest" time="0.006"></testcase><testcase classname="modules.test_na_ontap_ipspace.TestMyModule" file="modules/test_na_ontap_ipspace.py" line="219" name="test_idempotent_delete_rest" time="0.006"></testcase><testcase classname="modules.test_na_ontap_ipspace.TestMyModule" file="modules/test_na_ontap_ipspace.py" line="248" name="test_idempotent_modify_rest" time="0.006"></testcase><testcase classname="modules.test_na_ontap_ipspace.TestMyModule" file="modules/test_na_ontap_ipspace.py" line="138" name="test_ipspace_apply_iscalled" time="0.013"><system-out>Info: test_get_ipspace: None
Info: test_ipspace_apply: AnsibleExitJson({&apos;changed&apos;: True},)
b&apos;&lt;xml&gt;&lt;num-records&gt;1&lt;/num-records&gt;&lt;attributes-list&gt;&lt;net-ipspaces-info&gt;&lt;ipspace&gt;test_apply_ips&lt;/ipspace&gt;&lt;/net-ipspaces-info&gt;&lt;/attributes-list&gt;&lt;/xml&gt;&apos;
Info: test_get_ipspace: {&apos;name&apos;: &apos;test_apply_ips&apos;}
b&apos;&lt;xml&gt;&lt;num-records&gt;1&lt;/num-records&gt;&lt;attributes-list&gt;&lt;net-ipspaces-info&gt;&lt;ipspace&gt;test_apply_ips&lt;/ipspace&gt;&lt;/net-ipspaces-info&gt;&lt;/attributes-list&gt;&lt;/xml&gt;&apos;
Info: test_ipspace_apply: AnsibleExitJson({&apos;changed&apos;: True},)
b&apos;&lt;xml&gt;&lt;num-records&gt;1&lt;/num-records&gt;&lt;attributes-list&gt;&lt;net-ipspaces-info&gt;&lt;ipspace&gt;test_apply_ips&lt;/ipspace&gt;&lt;/net-ipspaces-info&gt;&lt;/attributes-list&gt;&lt;/xml&gt;&apos;
</system-out></testcase><testcase classname="modules.test_na_ontap_ipspace.TestMyModule" file="modules/test_na_ontap_ipspace.py" line="164" name="test_rest_error" time="0.006"></testcase><testcase classname="modules.test_na_ontap_ipspace.TestMyModule" file="modules/test_na_ontap_ipspace.py" line="177" name="test_successful_create_rest" time="0.005"></testcase><testcase classname="modules.test_na_ontap_ipspace.TestMyModule" file="modules/test_na_ontap_ipspace.py" line="204" name="test_successful_delete_rest" time="0.012"></testcase><testcase classname="modules.test_na_ontap_ipspace.TestMyModule" file="modules/test_na_ontap_ipspace.py" line="233" name="test_successful_modify_rest" time="0.006"></testcase><testcase classname="modules.test_na_ontap_job_schedule.TestMyModule" file="modules/test_na_ontap_job_schedule.py" line="238" name="test_create_error_missing_param" time="0.011"></testcase><testcase classname="modules.test_na_ontap_job_schedule.TestMyModule" file="modules/test_na_ontap_job_schedule.py" line="255" name="test_create_idempotency" time="0.013"></testcase><testcase classname="modules.test_na_ontap_job_schedule.TestMyModule" file="modules/test_na_ontap_job_schedule.py" line="271" name="test_delete_idempotency" time="0.011"></testcase><testcase classname="modules.test_na_ontap_job_schedule.TestMyModule" file="modules/test_na_ontap_job_schedule.py" line="221" name="test_get_existing_job" time="0.015"></testcase><testcase classname="modules.test_na_ontap_job_schedule.TestMyModule" file="modules/test_na_ontap_job_schedule.py" line="229" name="test_get_existing_job_multiple_minutes" time="0.012"><system-out>CALLED MULTIPLE BUILD
{&apos;job_minutes&apos;: [&apos;25&apos;, &apos;35&apos;], &apos;job_days_of_week&apos;: [&apos;-1&apos;], &apos;job_months&apos;: [&apos;5&apos;, &apos;10&apos;], &apos;job_hours&apos;: [&apos;-1&apos;], &apos;job_days_of_month&apos;: [&apos;-1&apos;], &apos;name&apos;: &apos;test_job&apos;}
</system-out></testcase><testcase classname="modules.test_na_ontap_job_schedule.TestMyModule" file="modules/test_na_ontap_job_schedule.py" line="215" name="test_get_nonexistent_job" time="0.012"></testcase><testcase classname="modules.test_na_ontap_job_schedule.TestMyModule" file="modules/test_na_ontap_job_schedule.py" line="289" name="test_modify_idempotency" time="0.012"></testcase><testcase classname="modules.test_na_ontap_job_schedule.TestMyModule" file="modules/test_na_ontap_job_schedule.py" line="208" name="test_module_fail_when_required_args_missing" time="0.004"><system-out>Info: missing required arguments: name, password, hostname, username
</system-out></testcase><testcase classname="modules.test_na_ontap_job_schedule.TestMyModule" file="modules/test_na_ontap_job_schedule.py" line="312" name="test_rest_create_idempotency" time="0.006"></testcase><testcase classname="modules.test_na_ontap_net_port.TestMyModule" file="modules/test_na_ontap_net_port.py" line="138" name="test_get_nonexistent_port" time="0.006"></testcase><testcase classname="modules.test_na_ontap_net_port.TestMyModule" file="modules/test_na_ontap_net_port.py" line="131" name="test_module_fail_when_required_args_missing" time="0.004"><system-out>Info: missing required arguments: ports, node, password, hostname, username
</system-out></testcase><testcase classname="modules.test_na_ontap_net_port.TestMyModule" file="modules/test_na_ontap_net_port.py" line="151" name="test_successful_modify" time="0.007"></testcase><testcase classname="modules.test_na_ontap_net_port.TestMyModule" file="modules/test_na_ontap_net_port.py" line="160" name="test_successful_modify_multiple_ports" time="0.007"></testcase><testcase classname="modules.test_na_ontap_net_routes.TestMyModule" file="modules/test_na_ontap_net_routes.py" line="335" name="test__modify_destination_idempotency" time="0.012"></testcase><testcase classname="modules.test_na_ontap_net_routes.TestMyModule" file="modules/test_na_ontap_net_routes.py" line="291" name="test__modify_gateway_idempotency" time="0.012"></testcase><testcase classname="modules.test_na_ontap_net_routes.TestMyModule" file="modules/test_na_ontap_net_routes.py" line="203" name="test_create_error_missing_param" time="0.004"></testcase><testcase classname="modules.test_na_ontap_net_routes.TestMyModule" file="modules/test_na_ontap_net_routes.py" line="223" name="test_create_idempotency" time="0.013"></testcase><testcase classname="modules.test_na_ontap_net_routes.TestMyModule" file="modules/test_na_ontap_net_routes.py" line="240" name="test_delete_idempotency" time="0.012"></testcase><testcase classname="modules.test_na_ontap_net_routes.TestMyModule" file="modules/test_na_ontap_net_routes.py" line="196" name="test_get_existing_job" time="0.011"></testcase><testcase classname="modules.test_na_ontap_net_routes.TestMyModule" file="modules/test_na_ontap_net_routes.py" line="190" name="test_get_nonexistent_net_route" time="0.011"></testcase><testcase classname="modules.test_na_ontap_net_routes.TestMyModule" file="modules/test_na_ontap_net_routes.py" line="260" name="test_modify_metric_idempotency" time="0.012"></testcase><testcase classname="modules.test_na_ontap_net_routes.TestMyModule" file="modules/test_na_ontap_net_routes.py" line="183" name="test_module_fail_when_required_args_missing" time="0.004"><system-out>Info: missing required arguments: destination, vserver, password, hostname, gateway, username
</system-out></testcase><testcase classname="modules.test_na_ontap_net_routes.TestMyModule" file="modules/test_na_ontap_net_routes.py" line="357" name="test_rest_error" time="0.006"></testcase><testcase classname="modules.test_na_ontap_net_routes.TestMyModule" file="modules/test_na_ontap_net_routes.py" line="385" name="test_rest_idempotent_create_dns" time="0.006"></testcase><testcase classname="modules.test_na_ontap_net_routes.TestMyModule" file="modules/test_na_ontap_net_routes.py" line="414" name="test_rest_idempotently_destroy" time="0.007"></testcase><testcase classname="modules.test_na_ontap_net_routes.TestMyModule" file="modules/test_na_ontap_net_routes.py" line="447" name="test_rest_idempotently_modify" time="0.009"></testcase><testcase classname="modules.test_na_ontap_net_routes.TestMyModule" file="modules/test_na_ontap_net_routes.py" line="370" name="test_rest_successfully_create" time="0.007"></testcase><testcase classname="modules.test_na_ontap_net_routes.TestMyModule" file="modules/test_na_ontap_net_routes.py" line="399" name="test_rest_successfully_destroy" time="0.009"></testcase><testcase classname="modules.test_na_ontap_net_routes.TestMyModule" file="modules/test_na_ontap_net_routes.py" line="428" name="test_rest_successfully_modify" time="0.010"></testcase><testcase classname="modules.test_na_ontap_net_routes.TestMyModule" file="modules/test_na_ontap_net_routes.py" line="213" name="test_successful_create" time="0.019"></testcase><testcase classname="modules.test_na_ontap_net_routes.TestMyModule" file="modules/test_na_ontap_net_routes.py" line="231" name="test_successful_delete" time="0.013"></testcase><testcase classname="modules.test_na_ontap_net_routes.TestMyModule" file="modules/test_na_ontap_net_routes.py" line="313" name="test_successful_modify_destination" time="0.014"></testcase><testcase classname="modules.test_na_ontap_net_routes.TestMyModule" file="modules/test_na_ontap_net_routes.py" line="269" name="test_successful_modify_gateway" time="0.014"></testcase><testcase classname="modules.test_na_ontap_net_routes.TestMyModule" file="modules/test_na_ontap_net_routes.py" line="249" name="test_successful_modify_metric" time="0.013"></testcase><testcase classname="modules.test_na_ontap_net_subnet.TestMyModule" file="modules/test_na_ontap_net_subnet.py" line="149" name="test_ensure_get_called" time="0.005"></testcase><testcase classname="modules.test_na_ontap_net_subnet.TestMyModule" file="modules/test_na_ontap_net_subnet.py" line="156" name="test_ensure_get_called_existing" time="0.006"></testcase><testcase classname="modules.test_na_ontap_net_subnet.TestMyModule" file="modules/test_na_ontap_net_subnet.py" line="164" name="test_fail_broadcast_domain_modify" time="0.007"></testcase><testcase classname="modules.test_na_ontap_net_subnet.TestMyModule" file="modules/test_na_ontap_net_subnet.py" line="246" name="test_if_all_methods_catch_exception" time="0.008"></testcase><testcase classname="modules.test_na_ontap_net_subnet.TestMyModule" file="modules/test_na_ontap_net_subnet.py" line="142" name="test_module_fail_when_required_args_missing" time="0.004"><system-out>Info: missing required arguments: name, password, hostname, username
</system-out></testcase><testcase classname="modules.test_na_ontap_net_subnet.TestMyModule" file="modules/test_na_ontap_net_subnet.py" line="176" name="test_successful_create" time="0.010"><system-out>Create:
reset:
</system-out></testcase><testcase classname="modules.test_na_ontap_net_subnet.TestMyModule" file="modules/test_na_ontap_net_subnet.py" line="213" name="test_successful_delete" time="0.009"></testcase><testcase classname="modules.test_na_ontap_net_subnet.TestMyModule" file="modules/test_na_ontap_net_subnet.py" line="234" name="test_successful_modify" time="0.009"></testcase><testcase classname="modules.test_na_ontap_net_subnet.TestMyModule" file="modules/test_na_ontap_net_subnet.py" line="200" name="test_successful_rename" time="0.009"></testcase><testcase classname="modules.test_na_ontap_nfs.TestMyModule" file="modules/test_na_ontap_nfs.py" line="224" name="test_get_existing_nfs" time="0.012"></testcase><testcase classname="modules.test_na_ontap_nfs.TestMyModule" file="modules/test_na_ontap_nfs.py" line="236" name="test_get_existing_nfs_status" time="0.008"></testcase><testcase classname="modules.test_na_ontap_nfs.TestMyModule" file="modules/test_na_ontap_nfs.py" line="218" name="test_get_nonexistent_nfs" time="0.007"></testcase><testcase classname="modules.test_na_ontap_nfs.TestMyModule" file="modules/test_na_ontap_nfs.py" line="230" name="test_get_nonexistent_nfs_status" time="0.007"></testcase><testcase classname="modules.test_na_ontap_nfs.TestMyModule" file="modules/test_na_ontap_nfs.py" line="242" name="test_modify_nfs" time="0.007"></testcase><testcase classname="modules.test_na_ontap_nfs.TestMyModule" file="modules/test_na_ontap_nfs.py" line="273" name="test_modify_nfs_idempotency" time="0.014"></testcase><testcase classname="modules.test_na_ontap_nfs.TestMyModule" file="modules/test_na_ontap_nfs.py" line="211" name="test_module_fail_when_required_args_missing" time="0.005"><system-out>Info: missing required arguments: password, hostname, username, vserver
</system-out></testcase><testcase classname="modules.test_na_ontap_nfs.TestMyModule" file="modules/test_na_ontap_nfs.py" line="282" name="test_successfully_delete_nfs" time="0.013"></testcase><testcase classname="modules.test_na_ontap_nfs.TestMyModule" file="modules/test_na_ontap_nfs.py" line="294" name="test_successfully_enable_nfs" time="0.013"></testcase><testcase classname="modules.test_na_ontap_nfs.TestMyModule" file="modules/test_na_ontap_nfs.py" line="264" name="test_successfully_modify_nfs" time="0.014"></testcase><testcase classname="modules.test_na_ontap_nvme.TestMyModule" file="modules/test_na_ontap_nvme.py" line="120" name="test_ensure_get_called" time="0.006"></testcase><testcase classname="modules.test_na_ontap_nvme.TestMyModule" file="modules/test_na_ontap_nvme.py" line="127" name="test_ensure_get_called_existing" time="0.006"></testcase><testcase classname="modules.test_na_ontap_nvme.TestMyModule" file="modules/test_na_ontap_nvme.py" line="197" name="test_if_all_methods_catch_exception" time="0.008"></testcase><testcase classname="modules.test_na_ontap_nvme.TestMyModule" file="modules/test_na_ontap_nvme.py" line="113" name="test_module_fail_when_required_args_missing" time="0.004"><system-out>Info: missing required arguments: vserver, password, hostname, username
</system-out></testcase><testcase classname="modules.test_na_ontap_nvme.TestMyModule" file="modules/test_na_ontap_nvme.py" line="134" name="test_successful_create" time="0.009"></testcase><testcase classname="modules.test_na_ontap_nvme.TestMyModule" file="modules/test_na_ontap_nvme.py" line="153" name="test_successful_delete" time="0.010"></testcase><testcase classname="modules.test_na_ontap_nvme.TestMyModule" file="modules/test_na_ontap_nvme.py" line="174" name="test_successful_modify" time="0.010"></testcase><testcase classname="modules.test_na_ontap_nvme_namespace.TestMyModule" file="modules/test_na_ontap_nvme_namespace.py" line="130" name="test_ensure_get_called" time="0.006"></testcase><testcase classname="modules.test_na_ontap_nvme_namespace.TestMyModule" file="modules/test_na_ontap_nvme_namespace.py" line="137" name="test_ensure_get_called_existing" time="0.006"></testcase><testcase classname="modules.test_na_ontap_nvme_namespace.TestMyModule" file="modules/test_na_ontap_nvme_namespace.py" line="184" name="test_if_all_methods_catch_exception" time="0.007"></testcase><testcase classname="modules.test_na_ontap_nvme_namespace.TestMyModule" file="modules/test_na_ontap_nvme_namespace.py" line="123" name="test_module_fail_when_required_args_missing" time="0.004"><system-out>Info: missing required arguments: vserver, password, hostname, path, username
</system-out></testcase><testcase classname="modules.test_na_ontap_nvme_namespace.TestMyModule" file="modules/test_na_ontap_nvme_namespace.py" line="144" name="test_successful_create" time="0.010"></testcase><testcase classname="modules.test_na_ontap_nvme_namespace.TestMyModule" file="modules/test_na_ontap_nvme_namespace.py" line="163" name="test_successful_delete" time="0.010"></testcase><testcase classname="modules.test_na_ontap_nvme_subsystem.TestMyModule" file="modules/test_na_ontap_nvme_subsystem.py" line="180" name="test_ensure_get_called" time="0.006"></testcase><testcase classname="modules.test_na_ontap_nvme_subsystem.TestMyModule" file="modules/test_na_ontap_nvme_subsystem.py" line="187" name="test_ensure_get_called_existing" time="0.007"></testcase><testcase classname="modules.test_na_ontap_nvme_subsystem.TestMyModule" file="modules/test_na_ontap_nvme_subsystem.py" line="119" name="test_module_fail_when_required_args_missing" time="0.004"><system-out>Info: missing required arguments: subsystem, vserver, password, hostname, username
</system-out></testcase><testcase classname="modules.test_na_ontap_nvme_subsystem.TestMyModule" file="modules/test_na_ontap_nvme_subsystem.py" line="220" name="test_successful_add" time="0.007"></testcase><testcase classname="modules.test_na_ontap_nvme_subsystem.TestMyModule" file="modules/test_na_ontap_nvme_subsystem.py" line="194" name="test_successful_add_mock" time="0.008"></testcase><testcase classname="modules.test_na_ontap_nvme_subsystem.TestMyModule" file="modules/test_na_ontap_nvme_subsystem.py" line="140" name="test_successful_create" time="0.009"></testcase><testcase classname="modules.test_na_ontap_nvme_subsystem.TestMyModule" file="modules/test_na_ontap_nvme_subsystem.py" line="159" name="test_successful_delete" time="0.009"></testcase><testcase classname="modules.test_na_ontap_nvme_subsystem.TestMyModule" file="modules/test_na_ontap_nvme_subsystem.py" line="230" name="test_successful_remove" time="0.006"></testcase><testcase classname="modules.test_na_ontap_nvme_subsystem.TestMyModule" file="modules/test_na_ontap_nvme_subsystem.py" line="206" name="test_successful_remove_mock" time="0.007"></testcase><testcase classname="modules.test_na_ontap_object_store.TestMyModule" file="modules/test_na_ontap_object_store.py" line="160" name="test_ensure_get_called_existing" time="0.015"><system-out>b&apos;&lt;xml&gt;&lt;attributes&gt;&lt;aggr-object-store-config-info&gt;&lt;object-store-name&gt;ansible&lt;/object-store-name&gt;&lt;/aggr-object-store-config-info&gt;&lt;/attributes&gt;&lt;/xml&gt;&apos;
</system-out></testcase><testcase classname="modules.test_na_ontap_object_store.TestMyModule" file="modules/test_na_ontap_object_store.py" line="153" name="test_ensure_object_store_get_called" time="0.015"></testcase><testcase classname="modules.test_na_ontap_object_store.TestMyModule" file="modules/test_na_ontap_object_store.py" line="250" name="test_if_all_methods_catch_exception" time="0.014"></testcase><testcase classname="modules.test_na_ontap_object_store.TestMyModule" file="modules/test_na_ontap_object_store.py" line="146" name="test_module_fail_when_required_args_missing" time="0.004"><system-out>Info: missing required arguments: name, password, hostname, username
</system-out></testcase><testcase classname="modules.test_na_ontap_object_store.TestMyModule" file="modules/test_na_ontap_object_store.py" line="167" name="test_object_store_create" time="0.013"><system-out>b&apos;&lt;xml&gt;&lt;attributes&gt;&lt;aggr-object-store-config-info&gt;&lt;object-store-name&gt;ansible&lt;/object-store-name&gt;&lt;/aggr-object-store-config-info&gt;&lt;/attributes&gt;&lt;/xml&gt;&apos;
</system-out></testcase><testcase classname="modules.test_na_ontap_object_store.TestMyModule" file="modules/test_na_ontap_object_store.py" line="187" name="test_object_store_delete" time="0.014"><system-out>b&apos;&lt;xml&gt;&lt;attributes&gt;&lt;aggr-object-store-config-info&gt;&lt;object-store-name&gt;ansible&lt;/object-store-name&gt;&lt;/aggr-object-store-config-info&gt;&lt;/attributes&gt;&lt;/xml&gt;&apos;
b&apos;&lt;xml&gt;&lt;attributes&gt;&lt;aggr-object-store-config-info&gt;&lt;object-store-name&gt;ansible&lt;/object-store-name&gt;&lt;/aggr-object-store-config-info&gt;&lt;/attributes&gt;&lt;/xml&gt;&apos;
</system-out></testcase><testcase classname="modules.test_na_ontap_object_store.TestMyModule" file="modules/test_na_ontap_object_store.py" line="195" name="test_rest_error" time="0.007"></testcase><testcase classname="modules.test_na_ontap_object_store.TestMyModule" file="modules/test_na_ontap_object_store.py" line="208" name="test_rest_successful_create" time="0.006"></testcase><testcase classname="modules.test_na_ontap_object_store.TestMyModule" file="modules/test_na_ontap_object_store.py" line="231" name="test_rest_successful_delete" time="0.007"></testcase><testcase classname="modules.test_na_ontap_ports.TestMyModule" file="modules/test_na_ontap_ports.py" line="107" name="test_add_broadcast_domain_ports_idempotency" time="0.007"></testcase><testcase classname="modules.test_na_ontap_ports.TestMyModule" file="modules/test_na_ontap_ports.py" line="133" name="test_add_portset_ports_idempotency" time="0.008"></testcase><testcase classname="modules.test_na_ontap_ports.TestMyModule" file="modules/test_na_ontap_ports.py" line="160" name="test_remove_add_portset_ports" time="0.009"></testcase><testcase classname="modules.test_na_ontap_ports.TestMyModule" file="modules/test_na_ontap_ports.py" line="94" name="test_successfully_add_broadcast_domain_ports" time="0.008"></testcase><testcase classname="modules.test_na_ontap_ports.TestMyModule" file="modules/test_na_ontap_ports.py" line="120" name="test_successfully_add_portset_ports" time="0.008"></testcase><testcase classname="modules.test_na_ontap_ports.TestMyModule" file="modules/test_na_ontap_ports.py" line="146" name="test_successfully_remove_broadcast_domain_ports" time="0.008"></testcase><testcase classname="modules.test_na_ontap_portset.TestMyModule" file="modules/test_na_ontap_portset.py" line="177" name="test_delete_portset" time="0.010"><system-out>b&apos;&lt;xml&gt;&lt;num-records&gt;1&lt;/num-records&gt;&lt;attributes-list&gt;&lt;portset-info&gt;&lt;portset-port-total&gt;0&lt;/portset-port-total&gt;&lt;portset-type/&gt;&lt;vserver/&gt;&lt;portset-name/&gt;&lt;/portset-info&gt;&lt;/attributes-list&gt;&lt;/xml&gt;&apos;
b&apos;&lt;xml&gt;&lt;num-records&gt;1&lt;/num-records&gt;&lt;attributes-list&gt;&lt;portset-info&gt;&lt;portset-port-total&gt;0&lt;/portset-port-total&gt;&lt;portset-type/&gt;&lt;vserver/&gt;&lt;portset-name/&gt;&lt;/portset-info&gt;&lt;/attributes-list&gt;&lt;/xml&gt;&apos;
b&apos;&lt;xml&gt;&lt;num-records&gt;1&lt;/num-records&gt;&lt;attributes-list&gt;&lt;portset-info&gt;&lt;portset-port-total&gt;0&lt;/portset-port-total&gt;&lt;portset-type/&gt;&lt;vserver/&gt;&lt;portset-name/&gt;&lt;/portset-info&gt;&lt;/attributes-list&gt;&lt;/xml&gt;&apos;
Info: test_portset_apply: AnsibleExitJson({&apos;changed&apos;: True},)
</system-out></testcase><testcase classname="modules.test_na_ontap_portset.TestMyModule" file="modules/test_na_ontap_portset.py" line="139" name="test_ensure_portset_apply_called" time="0.009"><system-out>Info: test_portset_get: None
Info: test_portset_apply: AnsibleExitJson({&apos;changed&apos;: True},)
b&apos;&lt;xml&gt;&lt;num-records&gt;1&lt;/num-records&gt;&lt;attributes-list&gt;&lt;portset-info&gt;&lt;portset-port-total&gt;0&lt;/portset-port-total&gt;&lt;portset-type&gt;mixed&lt;/portset-type&gt;&lt;vserver&gt;vserver&lt;/vserver&gt;&lt;portset-name&gt;create&lt;/portset-name&gt;&lt;/portset-info&gt;&lt;/attributes-list&gt;&lt;/xml&gt;&apos;
Info: test_portset_get: {&apos;ports&apos;: []}
b&apos;&lt;xml&gt;&lt;num-records&gt;1&lt;/num-records&gt;&lt;attributes-list&gt;&lt;portset-info&gt;&lt;portset-port-total&gt;0&lt;/portset-port-total&gt;&lt;portset-type&gt;mixed&lt;/portset-type&gt;&lt;vserver&gt;vserver&lt;/vserver&gt;&lt;portset-name&gt;create&lt;/portset-name&gt;&lt;/portset-info&gt;&lt;/attributes-list&gt;&lt;/xml&gt;&apos;
b&apos;&lt;xml&gt;&lt;num-records&gt;1&lt;/num-records&gt;&lt;attributes-list&gt;&lt;portset-info&gt;&lt;portset-port-total&gt;0&lt;/portset-port-total&gt;&lt;portset-type&gt;mixed&lt;/portset-type&gt;&lt;vserver&gt;vserver&lt;/vserver&gt;&lt;portset-name&gt;create&lt;/portset-name&gt;&lt;/portset-info&gt;&lt;/attributes-list&gt;&lt;/xml&gt;&apos;
b&apos;&lt;xml&gt;&lt;num-records&gt;1&lt;/num-records&gt;&lt;attributes-list&gt;&lt;portset-info&gt;&lt;portset-port-total&gt;0&lt;/portset-port-total&gt;&lt;portset-type&gt;mixed&lt;/portset-type&gt;&lt;vserver&gt;vserver&lt;/vserver&gt;&lt;portset-name&gt;create&lt;/portset-name&gt;&lt;/portset-info&gt;&lt;/attributes-list&gt;&lt;/xml&gt;&apos;
b&apos;&lt;xml&gt;&lt;num-records&gt;1&lt;/num-records&gt;&lt;attributes-list&gt;&lt;portset-info&gt;&lt;portset-port-total&gt;0&lt;/portset-port-total&gt;&lt;portset-type&gt;mixed&lt;/portset-type&gt;&lt;vserver&gt;vserver&lt;/vserver&gt;&lt;portset-name&gt;create&lt;/portset-name&gt;&lt;/portset-info&gt;&lt;/attributes-list&gt;&lt;/xml&gt;&apos;
Info: test_portset_apply: AnsibleExitJson({&apos;changed&apos;: True},)
</system-out></testcase><testcase classname="modules.test_na_ontap_portset.TestMyModule" file="modules/test_na_ontap_portset.py" line="130" name="test_ensure_portset_get_called" time="0.007"><system-out>Info: test_portset_get: None
</system-out></testcase><testcase classname="modules.test_na_ontap_portset.TestMyModule" file="modules/test_na_ontap_portset.py" line="164" name="test_modify_ports" time="0.007"><system-out>b&apos;&lt;xml&gt;&lt;num-records&gt;1&lt;/num-records&gt;&lt;attributes-list&gt;&lt;portset-info&gt;&lt;portset-port-total&gt;0&lt;/portset-port-total&gt;&lt;portset-type/&gt;&lt;vserver/&gt;&lt;portset-name/&gt;&lt;/portset-info&gt;&lt;/attributes-list&gt;&lt;/xml&gt;&apos;
b&apos;&lt;xml&gt;&lt;num-records&gt;1&lt;/num-records&gt;&lt;attributes-list&gt;&lt;portset-info&gt;&lt;portset-port-total&gt;0&lt;/portset-port-total&gt;&lt;portset-type/&gt;&lt;vserver/&gt;&lt;portset-name/&gt;&lt;/portset-info&gt;&lt;/attributes-list&gt;&lt;/xml&gt;&apos;
b&apos;&lt;xml&gt;&lt;num-records&gt;1&lt;/num-records&gt;&lt;attributes-list&gt;&lt;portset-info&gt;&lt;portset-port-total&gt;0&lt;/portset-port-total&gt;&lt;portset-type/&gt;&lt;vserver/&gt;&lt;portset-name/&gt;&lt;/portset-info&gt;&lt;/attributes-list&gt;&lt;/xml&gt;&apos;
b&apos;&lt;xml&gt;&lt;num-records&gt;1&lt;/num-records&gt;&lt;attributes-list&gt;&lt;portset-info&gt;&lt;portset-port-total&gt;0&lt;/portset-port-total&gt;&lt;portset-type/&gt;&lt;vserver/&gt;&lt;portset-name/&gt;&lt;/portset-info&gt;&lt;/attributes-list&gt;&lt;/xml&gt;&apos;
Info: test_portset_apply: AnsibleExitJson({&apos;changed&apos;: True},)
</system-out></testcase><testcase classname="modules.test_na_ontap_portset.TestMyModule" file="modules/test_na_ontap_portset.py" line="123" name="test_module_fail_when_required_args_missing" time="0.005"><system-out>Info: missing required arguments: name, vserver, password, hostname, username
</system-out></testcase><testcase classname="modules.test_na_ontap_qos_adaptive_policy_group.TestMyModule" file="modules/test_na_ontap_qos_adaptive_policy_group.py" line="190" name="test_create_error" time="0.008"></testcase><testcase classname="modules.test_na_ontap_qos_adaptive_policy_group.TestMyModule" file="modules/test_na_ontap_qos_adaptive_policy_group.py" line="164" name="test_create_error_missing_param" time="0.004"></testcase><testcase classname="modules.test_na_ontap_qos_adaptive_policy_group.TestMyModule" file="modules/test_na_ontap_qos_adaptive_policy_group.py" line="182" name="test_create_idempotency" time="0.009"></testcase><testcase classname="modules.test_na_ontap_qos_adaptive_policy_group.TestMyModule" file="modules/test_na_ontap_qos_adaptive_policy_group.py" line="219" name="test_delete_error" time="0.009"></testcase><testcase classname="modules.test_na_ontap_qos_adaptive_policy_group.TestMyModule" file="modules/test_na_ontap_qos_adaptive_policy_group.py" line="210" name="test_delete_idempotency" time="0.006"></testcase><testcase classname="modules.test_na_ontap_qos_adaptive_policy_group.TestMyModule" file="modules/test_na_ontap_qos_adaptive_policy_group.py" line="157" name="test_get_existing_policy_group" time="0.006"></testcase><testcase classname="modules.test_na_ontap_qos_adaptive_policy_group.TestMyModule" file="modules/test_na_ontap_qos_adaptive_policy_group.py" line="151" name="test_get_nonexistent_policy" time="0.008"></testcase><testcase classname="modules.test_na_ontap_qos_adaptive_policy_group.TestMyModule" file="modules/test_na_ontap_qos_adaptive_policy_group.py" line="257" name="test_modify_error" time="0.010"></testcase><testcase classname="modules.test_na_ontap_qos_adaptive_policy_group.TestMyModule" file="modules/test_na_ontap_qos_adaptive_policy_group.py" line="249" name="test_modify_expected_iops_idempotency" time="0.014"></testcase><testcase classname="modules.test_na_ontap_qos_adaptive_policy_group.TestMyModule" file="modules/test_na_ontap_qos_adaptive_policy_group.py" line="144" name="test_module_fail_when_required_args_missing" time="0.006"><system-out>Info: missing required arguments: vserver, password, hostname, name, username
</system-out></testcase><testcase classname="modules.test_na_ontap_qos_adaptive_policy_group.TestMyModule" file="modules/test_na_ontap_qos_adaptive_policy_group.py" line="278" name="test_rename" time="0.008"></testcase><testcase classname="modules.test_na_ontap_qos_adaptive_policy_group.TestMyModule" file="modules/test_na_ontap_qos_adaptive_policy_group.py" line="324" name="test_rename_error" time="0.016"></testcase><testcase classname="modules.test_na_ontap_qos_adaptive_policy_group.TestMyModule" file="modules/test_na_ontap_qos_adaptive_policy_group.py" line="301" name="test_rename_idempotency" time="0.007"></testcase><testcase classname="modules.test_na_ontap_qos_adaptive_policy_group.TestMyModule" file="modules/test_na_ontap_qos_adaptive_policy_group.py" line="174" name="test_successful_create" time="0.006"></testcase><testcase classname="modules.test_na_ontap_qos_adaptive_policy_group.TestMyModule" file="modules/test_na_ontap_qos_adaptive_policy_group.py" line="201" name="test_successful_delete" time="0.014"></testcase><testcase classname="modules.test_na_ontap_qos_adaptive_policy_group.TestMyModule" file="modules/test_na_ontap_qos_adaptive_policy_group.py" line="240" name="test_successful_modify_expected_iops" time="0.009"></testcase><testcase classname="modules.test_na_ontap_qos_policy_group.TestMyModule" file="modules/test_na_ontap_qos_policy_group.py" line="184" name="test_create_error" time="0.008"></testcase><testcase classname="modules.test_na_ontap_qos_policy_group.TestMyModule" file="modules/test_na_ontap_qos_policy_group.py" line="158" name="test_create_error_missing_param" time="0.004"></testcase><testcase classname="modules.test_na_ontap_qos_policy_group.TestMyModule" file="modules/test_na_ontap_qos_policy_group.py" line="176" name="test_create_idempotency" time="0.011"></testcase><testcase classname="modules.test_na_ontap_qos_policy_group.TestMyModule" file="modules/test_na_ontap_qos_policy_group.py" line="213" name="test_delete_error" time="0.010"></testcase><testcase classname="modules.test_na_ontap_qos_policy_group.TestMyModule" file="modules/test_na_ontap_qos_policy_group.py" line="204" name="test_delete_idempotency" time="0.011"></testcase><testcase classname="modules.test_na_ontap_qos_policy_group.TestMyModule" file="modules/test_na_ontap_qos_policy_group.py" line="151" name="test_get_existing_policy_group" time="0.006"></testcase><testcase classname="modules.test_na_ontap_qos_policy_group.TestMyModule" file="modules/test_na_ontap_qos_policy_group.py" line="145" name="test_get_nonexistent_policy" time="0.007"></testcase><testcase classname="modules.test_na_ontap_qos_policy_group.TestMyModule" file="modules/test_na_ontap_qos_policy_group.py" line="249" name="test_modify_error" time="0.014"></testcase><testcase classname="modules.test_na_ontap_qos_policy_group.TestMyModule" file="modules/test_na_ontap_qos_policy_group.py" line="241" name="test_modify_max_throughput_idempotency" time="0.021"></testcase><testcase classname="modules.test_na_ontap_qos_policy_group.TestMyModule" file="modules/test_na_ontap_qos_policy_group.py" line="138" name="test_module_fail_when_required_args_missing" time="0.005"><system-out>Info: missing required arguments: name, vserver, password, hostname, username
</system-out></testcase><testcase classname="modules.test_na_ontap_qos_policy_group.TestMyModule" file="modules/test_na_ontap_qos_policy_group.py" line="268" name="test_rename" time="0.021"></testcase><testcase classname="modules.test_na_ontap_qos_policy_group.TestMyModule" file="modules/test_na_ontap_qos_policy_group.py" line="310" name="test_rename_error" time="0.022"></testcase><testcase classname="modules.test_na_ontap_qos_policy_group.TestMyModule" file="modules/test_na_ontap_qos_policy_group.py" line="289" name="test_rename_idempotency" time="0.019"></testcase><testcase classname="modules.test_na_ontap_qos_policy_group.TestMyModule" file="modules/test_na_ontap_qos_policy_group.py" line="168" name="test_successful_create" time="0.006"></testcase><testcase classname="modules.test_na_ontap_qos_policy_group.TestMyModule" file="modules/test_na_ontap_qos_policy_group.py" line="195" name="test_successful_delete" time="0.007"></testcase><testcase classname="modules.test_na_ontap_qos_policy_group.TestMyModule" file="modules/test_na_ontap_qos_policy_group.py" line="232" name="test_successful_modify_max_throughput" time="0.013"></testcase><testcase classname="modules.test_na_ontap_qtree.TestMyModule" file="modules/test_na_ontap_qtree.py" line="163" name="test_ensure_get_called" time="0.013"></testcase><testcase classname="modules.test_na_ontap_qtree.TestMyModule" file="modules/test_na_ontap_qtree.py" line="170" name="test_ensure_get_called_existing" time="0.014"></testcase><testcase classname="modules.test_na_ontap_qtree.TestMyModule" file="modules/test_na_ontap_qtree.py" line="288" name="test_idempotent_create_rest" time="0.011"></testcase><testcase classname="modules.test_na_ontap_qtree.TestMyModule" file="modules/test_na_ontap_qtree.py" line="316" name="test_idempotent_delete_rest" time="0.010"></testcase><testcase classname="modules.test_na_ontap_qtree.TestMyModule" file="modules/test_na_ontap_qtree.py" line="346" name="test_idempotent_modify_rest" time="0.013"></testcase><testcase classname="modules.test_na_ontap_qtree.TestMyModule" file="modules/test_na_ontap_qtree.py" line="241" name="test_if_all_methods_catch_exception" time="0.020"></testcase><testcase classname="modules.test_na_ontap_qtree.TestMyModule" file="modules/test_na_ontap_qtree.py" line="156" name="test_module_fail_when_required_args_missing" time="0.004"><system-out>Info: missing required arguments: name, vserver, password, hostname, username
</system-out></testcase><testcase classname="modules.test_na_ontap_qtree.TestMyModule" file="modules/test_na_ontap_qtree.py" line="261" name="test_rest_error" time="0.012"></testcase><testcase classname="modules.test_na_ontap_qtree.TestMyModule" file="modules/test_na_ontap_qtree.py" line="177" name="test_successful_create" time="0.022"></testcase><testcase classname="modules.test_na_ontap_qtree.TestMyModule" file="modules/test_na_ontap_qtree.py" line="274" name="test_successful_create_rest" time="0.006"></testcase><testcase classname="modules.test_na_ontap_qtree.TestMyModule" file="modules/test_na_ontap_qtree.py" line="197" name="test_successful_delete" time="0.019"></testcase><testcase classname="modules.test_na_ontap_qtree.TestMyModule" file="modules/test_na_ontap_qtree.py" line="301" name="test_successful_delete_rest" time="0.007"></testcase><testcase classname="modules.test_na_ontap_qtree.TestMyModule" file="modules/test_na_ontap_qtree.py" line="218" name="test_successful_modify" time="0.024"></testcase><testcase classname="modules.test_na_ontap_qtree.TestMyModule" file="modules/test_na_ontap_qtree.py" line="330" name="test_successful_modify_rest" time="0.012"></testcase><testcase classname="modules.test_na_ontap_quotas.TestMyModule" file="modules/test_na_ontap_quotas.py" line="128" name="test_ensure_get_called" time="0.005"></testcase><testcase classname="modules.test_na_ontap_quotas.TestMyModule" file="modules/test_na_ontap_quotas.py" line="135" name="test_ensure_get_called_existing" time="0.014"></testcase><testcase classname="modules.test_na_ontap_quotas.TestMyModule" file="modules/test_na_ontap_quotas.py" line="213" name="test_if_all_methods_catch_exception" time="0.007"></testcase><testcase classname="modules.test_na_ontap_quotas.TestMyModule" file="modules/test_na_ontap_quotas.py" line="121" name="test_module_fail_when_required_args_missing" time="0.004"><system-out>Info: missing required arguments: type, quota_target, vserver, password, hostname, volume, username
</system-out></testcase><testcase classname="modules.test_na_ontap_quotas.TestMyModule" file="modules/test_na_ontap_quotas.py" line="201" name="test_quota_on_off" time="0.013"></testcase><testcase classname="modules.test_na_ontap_quotas.TestMyModule" file="modules/test_na_ontap_quotas.py" line="142" name="test_successful_create" time="0.012"></testcase><testcase classname="modules.test_na_ontap_quotas.TestMyModule" file="modules/test_na_ontap_quotas.py" line="168" name="test_successful_delete" time="0.009"></testcase><testcase classname="modules.test_na_ontap_quotas.TestMyModule" file="modules/test_na_ontap_quotas.py" line="189" name="test_successful_modify" time="0.011"></testcase><testcase classname="modules.test_na_ontap_rest_cli.TestMyModule" file="modules/test_na_ontap_rest_cli.py" line="103" name="test_module_fail_when_required_args_missing" time="0.004"><system-out>Info: missing required arguments: verb, command, password, hostname, username
</system-out></testcase><testcase classname="modules.test_na_ontap_rest_cli.TestMyModule" file="modules/test_na_ontap_rest_cli.py" line="110" name="test_rest_cli" time="0.012"></testcase><testcase classname="modules.test_na_ontap_security_key_manager.TestMyModule" file="modules/test_na_ontap_security_key_manager.py" line="144" name="test_get_existing_key_manager" time="0.006"></testcase><testcase classname="modules.test_na_ontap_security_key_manager.TestMyModule" file="modules/test_na_ontap_security_key_manager.py" line="138" name="test_get_nonexistent_key_manager" time="0.006"></testcase><testcase classname="modules.test_na_ontap_security_key_manager.TestMyModule" file="modules/test_na_ontap_security_key_manager.py" line="131" name="test_module_fail_when_required_args_missing" time="0.012"><system-out>Info: missing required arguments: ip_address, password, hostname, username
</system-out></testcase><testcase classname="modules.test_na_ontap_security_key_manager.TestMyModule" file="modules/test_na_ontap_security_key_manager.py" line="150" name="test_successfully_add_key_manager" time="0.010"></testcase><testcase classname="modules.test_na_ontap_security_key_manager.TestMyModule" file="modules/test_na_ontap_security_key_manager.py" line="164" name="test_successfully_delete_key_manager" time="0.007"></testcase><testcase classname="modules.test_na_ontap_service_processor_network.TestMyModule" file="modules/test_na_ontap_service_processor_network.py" line="182" name="test_modify_error_on_disabled_sp" time="0.007"></testcase><testcase classname="modules.test_na_ontap_service_processor_network.TestMyModule" file="modules/test_na_ontap_service_processor_network.py" line="192" name="test_modify_sp" time="0.026"></testcase><testcase classname="modules.test_na_ontap_service_processor_network.TestMyModule" file="modules/test_na_ontap_service_processor_network.py" line="201" name="test_modify_sp_wait" time="0.012"></testcase><testcase classname="modules.test_na_ontap_service_processor_network.TestMyModule" file="modules/test_na_ontap_service_processor_network.py" line="175" name="test_module_fail_when_required_args_missing" time="0.007"><system-out>Info: missing required arguments: node, is_enabled, password, hostname, address_type, username
</system-out></testcase><testcase classname="modules.test_na_ontap_service_processor_network.TestMyModule" file="modules/test_na_ontap_service_processor_network.py" line="211" name="test_non_existing_sp" time="0.014"></testcase><testcase classname="modules.test_na_ontap_service_processor_network.TestMyModule" file="modules/test_na_ontap_service_processor_network.py" line="220" name="test_wait_on_sp_status" time="0.009"></testcase><testcase classname="modules.test_na_ontap_snapmirror.TestMyModule" file="modules/test_na_ontap_snapmirror.py" line="455" name="test_check_elementsw_params_invalid" time="0.007"></testcase><testcase classname="modules.test_na_ontap_snapmirror.TestMyModule" file="modules/test_na_ontap_snapmirror.py" line="442" name="test_check_elementsw_params_negative" time="0.008"></testcase><testcase classname="modules.test_na_ontap_snapmirror.TestMyModule" file="modules/test_na_ontap_snapmirror.py" line="423" name="test_check_elementsw_params_source" time="0.021"></testcase><testcase classname="modules.test_na_ontap_snapmirror.TestMyModule" file="modules/test_na_ontap_snapmirror.py" line="467" name="test_elementsw_source_path_format" time="0.010"></testcase><testcase classname="modules.test_na_ontap_flexcache.TestMyModule" file="modules/test_na_ontap_flexcache.py" line="503" name="test_create_flexcache_time_out" time="5.014"><system-out>Create: AnsibleFailJson({&apos;msg&apos;: &apos;Error when creating flexcache: job completion exceeded expected timer of: 2 seconds&apos;, &apos;failed&apos;: True},)
</system-out></testcase><testcase classname="modules.test_na_ontap_snapmirror.TestMyModule" file="modules/test_na_ontap_snapmirror.py" line="396" name="test_elementsw_svip_exists" time="0.012"></testcase><testcase classname="modules.test_na_ontap_flexcache.TestMyModule" file="modules/test_na_ontap_flexcache.py" line="449" name="test_delete_flexcache_exists_junctionpath_with_force" time="0.022"><system-out>Delete: AnsibleExitJson({&apos;changed&apos;: True},)
</system-out></testcase><testcase classname="modules.test_na_ontap_snapmirror.TestMyModule" file="modules/test_na_ontap_snapmirror.py" line="409" name="test_elementsw_svip_exists_negative" time="0.012"></testcase><testcase classname="modules.test_na_ontap_flexcache.TestMyModule" file="modules/test_na_ontap_flexcache.py" line="416" name="test_delete_flexcache_exists_with_force" time="0.008"><system-out>Delete: AnsibleExitJson({&apos;changed&apos;: True},)
</system-out></testcase><testcase classname="modules.test_na_ontap_flexcache.TestMyModule" file="modules/test_na_ontap_flexcache.py" line="234" name="test_get_flexcache" time="0.007"><system-out>info: {&apos;vserver&apos;: None, &apos;volume&apos;: &apos;volume&apos;, &apos;auto_provision_as&apos;: None, &apos;origin_cluster&apos;: &apos;ocluster&apos;, &apos;size&apos;: None, &apos;origin_vserver&apos;: &apos;ovserver&apos;, &apos;origin_volume&apos;: &apos;ovolume&apos;}
</system-out></testcase><testcase classname="modules.test_na_ontap_snapmirror.TestMyModule" file="modules/test_na_ontap_snapmirror.py" line="380" name="test_elementsw_volume_exists" time="0.019"></testcase><testcase classname="modules.test_na_ontap_snapmirror.TestMyModule" file="modules/test_na_ontap_snapmirror.py" line="147" name="test_ensure_get_called" time="0.007"></testcase><testcase classname="modules.test_na_ontap_flexcache.TestMyModule" file="modules/test_na_ontap_flexcache.py" line="218" name="test_missing_parameter" time="0.012"></testcase><testcase classname="modules.test_na_ontap_flexcache.TestMyModule" file="modules/test_na_ontap_flexcache.py" line="193" name="test_module_fail_when_required_args_missing" time="0.015"><system-out>Info: missing required arguments: vserver, volume, password, username, hostname
</system-out></testcase><testcase classname="modules.test_na_ontap_snapmirror.TestMyModule" file="modules/test_na_ontap_snapmirror.py" line="154" name="test_ensure_get_called_existing" time="0.023"></testcase><testcase classname="modules.test_na_ontap_snapmirror.TestMyModule" file="modules/test_na_ontap_snapmirror.py" line="527" name="test_if_all_methods_catch_exception" time="0.009"></testcase><testcase classname="modules.test_na_ontap_igroup.TestMyModule" file="modules/test_na_ontap_igroup.py" line="170" name="test_get_existing_igroup_without_initiators" time="0.014"></testcase><testcase classname="modules.test_na_ontap_snapmirror.TestMyModule" file="modules/test_na_ontap_snapmirror.py" line="140" name="test_module_fail_when_required_args_missing" time="0.007"><system-out>Info: missing required arguments: password, hostname, username
</system-out></testcase><testcase classname="modules.test_na_ontap_snapmirror.TestMyModule" file="modules/test_na_ontap_snapmirror.py" line="496" name="test_remote_volume_exists" time="0.006"></testcase><testcase classname="modules.test_na_ontap_igroup.TestMyModule" file="modules/test_na_ontap_igroup.py" line="191" name="test_modify_called_from_add" time="0.015"></testcase><testcase classname="modules.test_na_ontap_snapmirror.TestMyModule" file="modules/test_na_ontap_snapmirror.py" line="480" name="test_set_elem_connection" time="0.007"></testcase><testcase classname="modules.test_na_ontap_snapmirror.TestMyModule" file="modules/test_na_ontap_snapmirror.py" line="511" name="test_set_elem_connection_destination" time="0.007"></testcase><testcase classname="modules.test_na_ontap_job_schedule.TestMyModule" file="modules/test_na_ontap_job_schedule.py" line="327" name="test_rest_error" time="0.029"></testcase><testcase classname="modules.test_na_ontap_snapmirror.TestMyModule" file="modules/test_na_ontap_snapmirror.py" line="281" name="test_snapmirror_release" time="0.006"></testcase><testcase classname="modules.test_na_ontap_job_schedule.TestMyModule" file="modules/test_na_ontap_job_schedule.py" line="297" name="test_rest_successful_create" time="0.012"></testcase><testcase classname="modules.test_na_ontap_snapmirror.TestMyModule" file="modules/test_na_ontap_snapmirror.py" line="291" name="test_successful_abort" time="0.021"></testcase><testcase classname="modules.test_na_ontap_snapmirror.TestMyModule" file="modules/test_na_ontap_snapmirror.py" line="161" name="test_successful_create" time="0.013"></testcase><testcase classname="modules.test_na_ontap_job_schedule.TestMyModule" file="modules/test_na_ontap_job_schedule.py" line="248" name="test_successful_create" time="0.029"></testcase><testcase classname="modules.test_na_ontap_snapmirror.TestMyModule" file="modules/test_na_ontap_snapmirror.py" line="229" name="test_successful_delete" time="0.034"></testcase><testcase classname="modules.test_na_ontap_job_schedule.TestMyModule" file="modules/test_na_ontap_job_schedule.py" line="262" name="test_successful_delete" time="0.034"></testcase><testcase classname="modules.test_na_ontap_snapmirror.TestMyModule" file="modules/test_na_ontap_snapmirror.py" line="267" name="test_successful_delete_check_get_destination" time="0.021"></testcase><testcase classname="modules.test_na_ontap_job_schedule.TestMyModule" file="modules/test_na_ontap_job_schedule.py" line="280" name="test_successful_modify" time="0.041"></testcase><testcase classname="modules.test_na_ontap_snapmirror.TestMyModule" file="modules/test_na_ontap_snapmirror.py" line="254" name="test_successful_delete_error_check" time="0.018"></testcase><testcase classname="modules.test_na_ontap_kerberos_realm.TestMyModule" file="modules/test_na_ontap_kerberos_realm.py" line="184" name="test_get_existing_realm" time="0.018"></testcase><testcase classname="modules.test_na_ontap_snapmirror.TestMyModule" file="modules/test_na_ontap_snapmirror.py" line="186" name="test_successful_element_ontap_create" time="0.023"></testcase><testcase classname="modules.test_na_ontap_kerberos_realm.TestMyModule" file="modules/test_na_ontap_kerberos_realm.py" line="172" name="test_get_nonexistent_realm" time="0.019"></testcase><testcase classname="modules.test_na_ontap_snapmirror.TestMyModule" file="modules/test_na_ontap_snapmirror.py" line="342" name="test_successful_initialize" time="0.022"></testcase><testcase classname="modules.test_na_ontap_kerberos_realm.TestMyModule" file="modules/test_na_ontap_kerberos_realm.py" line="153" name="test_module_fail_when_required_args_missing" time="0.004"><system-out>Info: missing required arguments: vserver, password, username, hostname, realm
</system-out></testcase><testcase classname="modules.test_na_ontap_kerberos_realm.TestMyModule" file="modules/test_na_ontap_kerberos_realm.py" line="161" name="test_module_fail_when_state_present_required_args_missing" time="0.005"><system-out>Info: state is present but all of the following are missing: kdc_vendor, kdc_ip
</system-out></testcase><testcase classname="modules.test_na_ontap_snapmirror.TestMyModule" file="modules/test_na_ontap_snapmirror.py" line="315" name="test_successful_modify" time="0.013"></testcase><testcase classname="modules.test_na_ontap_kerberos_realm.TestMyModule" file="modules/test_na_ontap_kerberos_realm.py" line="224" name="test_successfully_create_realm" time="0.021"></testcase><testcase classname="modules.test_na_ontap_snapmirror.TestMyModule" file="modules/test_na_ontap_snapmirror.py" line="205" name="test_successful_ontap_element_create" time="0.020"></testcase><testcase classname="modules.test_na_ontap_kerberos_realm.TestMyModule" file="modules/test_na_ontap_kerberos_realm.py" line="210" name="test_successfully_delete_realm" time="0.024"></testcase><testcase classname="modules.test_na_ontap_snapmirror.TestMyModule" file="modules/test_na_ontap_snapmirror.py" line="366" name="test_successful_update" time="0.007"></testcase><testcase classname="modules.test_na_ontap_snapshot.TestMyModule" file="modules/test_na_ontap_snapshot.py" line="131" name="test_ensure_get_called" time="0.008"></testcase><testcase classname="modules.test_na_ontap_kerberos_realm.TestMyModule" file="modules/test_na_ontap_kerberos_realm.py" line="196" name="test_successfully_modify_realm" time="0.024"></testcase><testcase classname="modules.test_na_ontap_snapshot.TestMyModule" file="modules/test_na_ontap_snapshot.py" line="138" name="test_ensure_get_called_existing" time="0.022"></testcase><testcase classname="modules.test_na_ontap_lun_copy.TestMyModule" file="modules/test_na_ontap_lun_copy.py" line="153" name="test_copy_idempotency" time="0.011"></testcase><testcase classname="modules.test_na_ontap_lun_copy.TestMyModule" file="modules/test_na_ontap_lun_copy.py" line="132" name="test_create_error_missing_param" time="0.008"></testcase><testcase classname="modules.test_na_ontap_lun_copy.TestMyModule" file="modules/test_na_ontap_lun_copy.py" line="125" name="test_module_fail_when_required_args_missing" time="0.004"><system-out>Info: missing required arguments: destination_vserver, password, destination_path, source_path, username, hostname
</system-out></testcase><testcase classname="modules.test_na_ontap_snapshot.TestMyModule" file="modules/test_na_ontap_snapshot.py" line="210" name="test_if_all_methods_catch_exception" time="0.020"></testcase><testcase classname="modules.test_na_ontap_snapshot.TestMyModule" file="modules/test_na_ontap_snapshot.py" line="124" name="test_module_fail_when_required_args_missing" time="0.024"><system-out>Info: missing required arguments: volume, vserver, password, hostname, snapshot, username
</system-out></testcase><testcase classname="modules.test_na_ontap_lun_copy.TestMyModule" file="modules/test_na_ontap_lun_copy.py" line="145" name="test_successful_copy" time="0.029"></testcase><testcase classname="modules.test_na_ontap_lun_map.TestMyModule" file="modules/test_na_ontap_lun_map.py" line="122" name="test_ensure_get_called" time="0.016"></testcase><testcase classname="modules.test_na_ontap_snapshot.TestMyModule" file="modules/test_na_ontap_snapshot.py" line="145" name="test_successful_create" time="0.021"></testcase><testcase classname="modules.test_na_ontap_lun_map.TestMyModule" file="modules/test_na_ontap_lun_map.py" line="129" name="test_ensure_get_called_existing" time="0.006"></testcase><testcase classname="modules.test_na_ontap_lun_map.TestMyModule" file="modules/test_na_ontap_lun_map.py" line="178" name="test_if_all_methods_catch_exception" time="0.007"></testcase><testcase classname="modules.test_na_ontap_snapshot.TestMyModule" file="modules/test_na_ontap_snapshot.py" line="189" name="test_successful_delete" time="0.013"></testcase><testcase classname="modules.test_na_ontap_snapshot.TestMyModule" file="modules/test_na_ontap_snapshot.py" line="164" name="test_successful_modify" time="0.020"></testcase><testcase classname="modules.test_na_ontap_lun_map.TestMyModule" file="modules/test_na_ontap_lun_map.py" line="115" name="test_module_fail_when_required_args_missing" time="0.004"><system-out>Info: missing required arguments: vserver, password, username, hostname, initiator_group_name, path
</system-out></testcase><testcase classname="modules.test_na_ontap_snapshot_policy.TestMyModule" file="modules/test_na_ontap_snapshot_policy.py" line="318" name="test_ensure_get_called" time="0.005"></testcase><testcase classname="modules.test_na_ontap_lun_map.TestMyModule" file="modules/test_na_ontap_lun_map.py" line="136" name="test_successful_create" time="0.021"></testcase><testcase classname="modules.test_na_ontap_snapshot_policy.TestMyModule" file="modules/test_na_ontap_snapshot_policy.py" line="325" name="test_ensure_get_called_existing" time="0.018"></testcase><testcase classname="modules.test_na_ontap_snapshot_policy.TestMyModule" file="modules/test_na_ontap_snapshot_policy.py" line="641" name="test_if_all_methods_catch_exception" time="0.017"></testcase><testcase classname="modules.test_na_ontap_lun_map.TestMyModule" file="modules/test_na_ontap_lun_map.py" line="157" name="test_successful_delete" time="0.017"></testcase><testcase classname="modules.test_na_ontap_motd.TestMyModule" file="modules/test_na_ontap_motd.py" line="145" name="test_ensure_get_called_existing" time="0.012"><system-out>b&apos;&lt;xml&gt;&lt;attributes-list&gt;&lt;vserver-motd-info&gt;&lt;vserver&gt;ansible&lt;/vserver&gt;&lt;message&gt;ansible&lt;/message&gt;&lt;is-cluster-message-enabled&gt;true&lt;/is-cluster-message-enabled&gt;&lt;/vserver-motd-info&gt;&lt;/attributes-list&gt;&lt;num-records&gt;1&lt;/num-records&gt;&lt;/xml&gt;&apos;
</system-out></testcase><testcase classname="modules.test_na_ontap_snapshot_policy.TestMyModule" file="modules/test_na_ontap_snapshot_policy.py" line="557" name="test_invalid_params" time="0.011"></testcase><testcase classname="modules.test_na_ontap_motd.TestMyModule" file="modules/test_na_ontap_motd.py" line="138" name="test_ensure_motd_get_called" time="0.005"></testcase><testcase classname="modules.test_na_ontap_motd.TestMyModule" file="modules/test_na_ontap_motd.py" line="170" name="test_if_all_methods_catch_exception" time="0.006"></testcase><testcase classname="modules.test_na_ontap_snapshot_policy.TestMyModule" file="modules/test_na_ontap_snapshot_policy.py" line="574" name="test_invalid_schedule_count" time="0.016"></testcase><testcase classname="modules.test_na_ontap_snapshot_policy.TestMyModule" file="modules/test_na_ontap_snapshot_policy.py" line="608" name="test_invalid_schedule_count_is_none" time="0.024"></testcase><testcase classname="modules.test_na_ontap_motd.TestMyModule" file="modules/test_na_ontap_motd.py" line="131" name="test_module_fail_when_required_args_missing" time="0.026"><system-out>Info: missing required arguments: vserver, password, username, hostname
</system-out></testcase><testcase classname="modules.test_na_ontap_snapshot_policy.TestMyModule" file="modules/test_na_ontap_snapshot_policy.py" line="591" name="test_invalid_schedule_count_less_than_one" time="0.008"></testcase><testcase classname="modules.test_na_ontap_motd.TestMyModule" file="modules/test_na_ontap_motd.py" line="152" name="test_motd_create" time="0.025"><system-out>b&apos;&lt;xml&gt;&lt;attributes-list&gt;&lt;vserver-motd-info&gt;&lt;vserver&gt;ansible&lt;/vserver&gt;&lt;message&gt;ansible&lt;/message&gt;&lt;is-cluster-message-enabled&gt;true&lt;/is-cluster-message-enabled&gt;&lt;/vserver-motd-info&gt;&lt;/attributes-list&gt;&lt;num-records&gt;1&lt;/num-records&gt;&lt;/xml&gt;&apos;
b&apos;&lt;xml&gt;&lt;attributes-list&gt;&lt;vserver-motd-info&gt;&lt;vserver&gt;ansible&lt;/vserver&gt;&lt;message&gt;ansible&lt;/message&gt;&lt;is-cluster-message-enabled&gt;true&lt;/is-cluster-message-enabled&gt;&lt;/vserver-motd-info&gt;&lt;/attributes-list&gt;&lt;num-records&gt;1&lt;/num-records&gt;&lt;/xml&gt;&apos;
</system-out></testcase><testcase classname="modules.test_na_ontap_snapshot_policy.TestMyModule" file="modules/test_na_ontap_snapshot_policy.py" line="625" name="test_invalid_schedule_count_with_snapmirror_labels" time="0.013"></testcase><testcase classname="modules.test_na_ontap_snapshot_policy.TestMyModule" file="modules/test_na_ontap_snapshot_policy.py" line="311" name="test_module_fail_when_required_args_missing" time="0.004"><system-out>Info: missing required arguments: name, password, hostname, username
</system-out></testcase><testcase classname="modules.test_na_ontap_snapshot_policy.TestMyModule" file="modules/test_na_ontap_snapshot_policy.py" line="332" name="test_successful_create" time="0.009"></testcase><testcase classname="modules.test_na_ontap_motd.TestMyModule" file="modules/test_na_ontap_motd.py" line="162" name="test_motd_delete" time="0.035"><system-out>b&apos;&lt;xml&gt;&lt;attributes-list&gt;&lt;vserver-motd-info&gt;&lt;vserver&gt;ansible&lt;/vserver&gt;&lt;message&gt;ansible&lt;/message&gt;&lt;is-cluster-message-enabled&gt;true&lt;/is-cluster-message-enabled&gt;&lt;/vserver-motd-info&gt;&lt;/attributes-list&gt;&lt;num-records&gt;1&lt;/num-records&gt;&lt;/xml&gt;&apos;
b&apos;&lt;xml&gt;&lt;attributes-list&gt;&lt;vserver-motd-info&gt;&lt;vserver&gt;ansible&lt;/vserver&gt;&lt;message&gt;ansible&lt;/message&gt;&lt;is-cluster-message-enabled&gt;true&lt;/is-cluster-message-enabled&gt;&lt;/vserver-motd-info&gt;&lt;/attributes-list&gt;&lt;num-records&gt;1&lt;/num-records&gt;&lt;/xml&gt;&apos;
b&apos;&lt;xml&gt;&lt;attributes-list&gt;&lt;vserver-motd-info&gt;&lt;vserver&gt;ansible&lt;/vserver&gt;&lt;message&gt;ansible&lt;/message&gt;&lt;is-cluster-message-enabled&gt;true&lt;/is-cluster-message-enabled&gt;&lt;/vserver-motd-info&gt;&lt;/attributes-list&gt;&lt;num-records&gt;1&lt;/num-records&gt;&lt;/xml&gt;&apos;
</system-out></testcase><testcase classname="modules.test_na_ontap_name_service_switch.TestMyModule" file="modules/test_na_ontap_name_service_switch.py" line="164" name="test_error" time="0.015"><system-out>&lt;ExceptionInfo AnsibleFailJson tblen=3&gt;
&lt;ExceptionInfo AnsibleFailJson tblen=3&gt;
&lt;ExceptionInfo AnsibleFailJson tblen=3&gt;
</system-out></testcase><testcase classname="modules.test_na_ontap_snapshot_policy.TestMyModule" file="modules/test_na_ontap_snapshot_policy.py" line="502" name="test_successful_delete" time="0.020"></testcase><testcase classname="modules.test_na_ontap_name_service_switch.TestMyModule" file="modules/test_na_ontap_name_service_switch.py" line="137" name="test_get_existing_nss" time="0.011"></testcase><testcase classname="modules.test_na_ontap_snapshot_policy.TestMyModule" file="modules/test_na_ontap_snapshot_policy.py" line="377" name="test_successful_disable_policy" time="0.018"></testcase><testcase classname="modules.test_na_ontap_name_service_switch.TestMyModule" file="modules/test_na_ontap_name_service_switch.py" line="132" name="test_get_nonexistent_nss" time="0.006"></testcase><testcase classname="modules.test_na_ontap_snapshot_policy.TestMyModule" file="modules/test_na_ontap_snapshot_policy.py" line="401" name="test_successful_enable_policy" time="0.031"></testcase><testcase classname="modules.test_na_ontap_name_service_switch.TestMyModule" file="modules/test_na_ontap_name_service_switch.py" line="126" name="test_module_fail_when_required_args_missing" time="0.025"><system-out>Info: missing required arguments: vserver, database_type, password, username, hostname
</system-out></testcase><testcase classname="modules.test_na_ontap_snapshot_policy.TestMyModule" file="modules/test_na_ontap_snapshot_policy.py" line="353" name="test_successful_modify_comment" time="0.010"></testcase><testcase classname="modules.test_na_ontap_name_service_switch.TestMyModule" file="modules/test_na_ontap_name_service_switch.py" line="142" name="test_successfully_create" time="0.007"></testcase><testcase classname="modules.test_na_ontap_snapshot_policy.TestMyModule" file="modules/test_na_ontap_snapshot_policy.py" line="477" name="test_successful_modify_schedules" time="0.019"></testcase><testcase classname="modules.test_na_ontap_name_service_switch.TestMyModule" file="modules/test_na_ontap_name_service_switch.py" line="156" name="test_successfully_delete" time="0.020"></testcase><testcase classname="modules.test_na_ontap_snapshot_policy.TestMyModule" file="modules/test_na_ontap_snapshot_policy.py" line="426" name="test_successful_modify_schedules_add" time="0.028"></testcase><testcase classname="modules.test_na_ontap_name_service_switch.TestMyModule" file="modules/test_na_ontap_name_service_switch.py" line="148" name="test_successfully_modify" time="0.012"></testcase><testcase classname="modules.test_na_ontap_snapshot_policy.TestMyModule" file="modules/test_na_ontap_snapshot_policy.py" line="452" name="test_successful_modify_schedules_delete" time="0.009"></testcase><testcase classname="modules.test_na_ontap_ndmp.TestMyModule" file="modules/test_na_ontap_ndmp.py" line="179" name="test_modify_error" time="0.022"></testcase><testcase classname="modules.test_na_ontap_snapshot_policy.TestMyModule" file="modules/test_na_ontap_snapshot_policy.py" line="525" name="test_valid_schedule_count" time="0.019"></testcase><testcase classname="modules.test_na_ontap_snapshot_policy.TestMyModule" file="modules/test_na_ontap_snapshot_policy.py" line="540" name="test_valid_schedule_count_with_snapmirror_labels" time="0.006"></testcase><testcase classname="modules.test_na_ontap_ndmp.TestMyModule" file="modules/test_na_ontap_ndmp.py" line="195" name="test_rest_error" time="0.017"></testcase><testcase classname="modules.test_na_ontap_software_update.TestMyModule" file="modules/test_na_ontap_software_update.py" line="143" name="test_ensure_apply_for_update_called" time="0.017"><system-out>Info: test_software_update_apply: AnsibleExitJson({&apos;changed&apos;: False},)
b&apos;&lt;xml&gt;&lt;num-records&gt;1&lt;/num-records&gt;&lt;attributes&gt;&lt;ndu-progress-info&gt;&lt;completed-node-count&gt;0&lt;/completed-node-count&gt;&lt;overall-status&gt;completed&lt;/overall-status&gt;&lt;/ndu-progress-info&gt;&lt;/attributes&gt;&lt;progress-status&gt;async_pkg_get_phase_complete&lt;/progress-status&gt;&lt;attributes-list&gt;&lt;cluster-image-info&gt;&lt;node-id&gt;abc&lt;/node-id&gt;&lt;/cluster-image-info&gt;&lt;/attributes-list&gt;&lt;/xml&gt;&apos;
b&apos;&lt;xml&gt;&lt;num-records&gt;1&lt;/num-records&gt;&lt;attributes&gt;&lt;ndu-progress-info&gt;&lt;completed-node-count&gt;0&lt;/completed-node-count&gt;&lt;overall-status&gt;completed&lt;/overall-status&gt;&lt;/ndu-progress-info&gt;&lt;/attributes&gt;&lt;progress-status&gt;async_pkg_get_phase_complete&lt;/progress-status&gt;&lt;attributes-list&gt;&lt;cluster-image-info&gt;&lt;node-id&gt;abc&lt;/node-id&gt;&lt;/cluster-image-info&gt;&lt;/attributes-list&gt;&lt;/xml&gt;&apos;
b&apos;&lt;xml&gt;&lt;num-records&gt;1&lt;/num-records&gt;&lt;attributes&gt;&lt;ndu-progress-info&gt;&lt;completed-node-count&gt;0&lt;/completed-node-count&gt;&lt;overall-status&gt;completed&lt;/overall-status&gt;&lt;/ndu-progress-info&gt;&lt;/attributes&gt;&lt;progress-status&gt;async_pkg_get_phase_complete&lt;/progress-status&gt;&lt;attributes-list&gt;&lt;cluster-image-info&gt;&lt;node-id&gt;abc&lt;/node-id&gt;&lt;/cluster-image-info&gt;&lt;/attributes-list&gt;&lt;/xml&gt;&apos;
b&apos;&lt;xml&gt;&lt;num-records&gt;1&lt;/num-records&gt;&lt;attributes&gt;&lt;ndu-progress-info&gt;&lt;completed-node-count&gt;0&lt;/completed-node-count&gt;&lt;overall-status&gt;completed&lt;/overall-status&gt;&lt;/ndu-progress-info&gt;&lt;/attributes&gt;&lt;progress-status&gt;async_pkg_get_phase_complete&lt;/progress-status&gt;&lt;attributes-list&gt;&lt;cluster-image-info&gt;&lt;node-id&gt;abc&lt;/node-id&gt;&lt;/cluster-image-info&gt;&lt;/attributes-list&gt;&lt;/xml&gt;&apos;
b&apos;&lt;xml&gt;&lt;num-records&gt;1&lt;/num-records&gt;&lt;attributes&gt;&lt;ndu-progress-info&gt;&lt;completed-node-count&gt;0&lt;/completed-node-count&gt;&lt;overall-status&gt;completed&lt;/overall-status&gt;&lt;/ndu-progress-info&gt;&lt;/attributes&gt;&lt;progress-status&gt;async_pkg_get_phase_complete&lt;/progress-status&gt;&lt;attributes-list&gt;&lt;cluster-image-info&gt;&lt;node-id&gt;abc&lt;/node-id&gt;&lt;/cluster-image-info&gt;&lt;/attributes-list&gt;&lt;/xml&gt;&apos;
b&apos;&lt;xml&gt;&lt;num-records&gt;1&lt;/num-records&gt;&lt;attributes&gt;&lt;ndu-progress-info&gt;&lt;completed-node-count&gt;0&lt;/completed-node-count&gt;&lt;overall-status&gt;completed&lt;/overall-status&gt;&lt;/ndu-progress-info&gt;&lt;/attributes&gt;&lt;progress-status&gt;async_pkg_get_phase_complete&lt;/progress-status&gt;&lt;attributes-list&gt;&lt;cluster-image-info&gt;&lt;node-id&gt;abc&lt;/node-id&gt;&lt;/cluster-image-info&gt;&lt;/attributes-list&gt;&lt;/xml&gt;&apos;
b&apos;&lt;xml&gt;&lt;num-records&gt;1&lt;/num-records&gt;&lt;attributes&gt;&lt;ndu-progress-info&gt;&lt;completed-node-count&gt;0&lt;/completed-node-count&gt;&lt;overall-status&gt;completed&lt;/overall-status&gt;&lt;/ndu-progress-info&gt;&lt;/attributes&gt;&lt;progress-status&gt;async_pkg_get_phase_complete&lt;/progress-status&gt;&lt;attributes-list&gt;&lt;cluster-image-info&gt;&lt;node-id&gt;abc&lt;/node-id&gt;&lt;/cluster-image-info&gt;&lt;/attributes-list&gt;&lt;/xml&gt;&apos;
Info: test_software_update_apply: AnsibleExitJson({&apos;changed&apos;: True},)
</system-out></testcase><testcase classname="modules.test_na_ontap_ndmp.TestMyModule" file="modules/test_na_ontap_ndmp.py" line="209" name="test_rest_successfully_modify" time="0.016"></testcase><testcase classname="modules.test_na_ontap_software_update.TestMyModule" file="modules/test_na_ontap_software_update.py" line="134" name="test_ensure_image_get_called" time="0.013"><system-out>Info: test_software_update_get: None
</system-out></testcase><testcase classname="modules.test_na_ontap_ndmp.TestMyModule" file="modules/test_na_ontap_ndmp.py" line="163" name="test_successful_modify" time="0.027"></testcase><testcase classname="modules.test_na_ontap_software_update.TestMyModule" file="modules/test_na_ontap_software_update.py" line="127" name="test_module_fail_when_required_args_missing" time="0.004"><system-out>Info: missing required arguments: package_url, package_version, password, hostname, username
</system-out></testcase><testcase classname="modules.test_na_ontap_svm.TestMyModule" file="modules/test_na_ontap_svm.py" line="201" name="test_create_error_missing_name" time="0.004"></testcase><testcase classname="modules.test_na_ontap_net_ifgrp.TestMyModule" file="modules/test_na_ontap_net_ifgrp.py" line="242" name="test_add_port_packet" time="0.012"></testcase><testcase classname="modules.test_na_ontap_net_ifgrp.TestMyModule" file="modules/test_na_ontap_net_ifgrp.py" line="196" name="test_create_called" time="0.012"></testcase><testcase classname="modules.test_na_ontap_svm.TestMyModule" file="modules/test_na_ontap_svm.py" line="221" name="test_create_idempotency" time="0.026"></testcase><testcase classname="modules.test_na_ontap_net_ifgrp.TestMyModule" file="modules/test_na_ontap_net_ifgrp.py" line="215" name="test_delete_called" time="0.023"></testcase><testcase classname="modules.test_na_ontap_svm.TestMyModule" file="modules/test_na_ontap_svm.py" line="240" name="test_delete_idempotency" time="0.029"></testcase><testcase classname="modules.test_na_ontap_net_ifgrp.TestMyModule" file="modules/test_na_ontap_net_ifgrp.py" line="164" name="test_get_existing_ifgrp" time="0.006"></testcase><testcase classname="modules.test_na_ontap_net_ifgrp.TestMyModule" file="modules/test_na_ontap_net_ifgrp.py" line="158" name="test_get_nonexistent_ifgrp" time="0.006"></testcase><testcase classname="modules.test_na_ontap_svm.TestMyModule" file="modules/test_na_ontap_svm.py" line="194" name="test_get_nonexistent_vserver" time="0.023"></testcase><testcase classname="modules.test_na_ontap_svm.TestMyModule" file="modules/test_na_ontap_svm.py" line="187" name="test_module_fail_when_required_args_missing" time="0.028"><system-out>Info: missing required arguments: name, password, hostname, username
</system-out></testcase><testcase classname="modules.test_na_ontap_net_ifgrp.TestMyModule" file="modules/test_na_ontap_net_ifgrp.py" line="235" name="test_get_ports_list" time="0.025"></testcase><testcase classname="modules.test_na_ontap_svm.TestMyModule" file="modules/test_na_ontap_svm.py" line="352" name="test_rest_create_idempotency" time="0.016"></testcase><testcase classname="modules.test_na_ontap_net_ifgrp.TestMyModule" file="modules/test_na_ontap_net_ifgrp.py" line="271" name="test_get_ports_returns_none" time="0.019"></testcase><testcase classname="modules.test_na_ontap_svm.TestMyModule" file="modules/test_na_ontap_svm.py" line="382" name="test_rest_delete_idempotency" time="0.012"></testcase><testcase classname="modules.test_na_ontap_net_ifgrp.TestMyModule" file="modules/test_na_ontap_net_ifgrp.py" line="227" name="test_get_return_value" time="0.013"></testcase><testcase classname="modules.test_na_ontap_svm.TestMyModule" file="modules/test_na_ontap_svm.py" line="310" name="test_rest_error" time="0.020"></testcase><testcase classname="modules.test_na_ontap_net_ifgrp.TestMyModule" file="modules/test_na_ontap_net_ifgrp.py" line="278" name="test_if_all_methods_catch_exception" time="0.035"></testcase><testcase classname="modules.test_na_ontap_svm.TestMyModule" file="modules/test_na_ontap_svm.py" line="323" name="test_rest_error_unsupported_parm" time="0.024"></testcase><testcase classname="modules.test_na_ontap_net_ifgrp.TestMyModule" file="modules/test_na_ontap_net_ifgrp.py" line="207" name="test_if_ports_are_added_after_create" time="0.017"></testcase><testcase classname="modules.test_na_ontap_svm.TestMyModule" file="modules/test_na_ontap_svm.py" line="366" name="test_rest_successful_delete" time="0.010"></testcase><testcase classname="modules.test_na_ontap_net_ifgrp.TestMyModule" file="modules/test_na_ontap_net_ifgrp.py" line="260" name="test_modify_ports_calls_add_new_ports" time="0.007"></testcase><testcase classname="modules.test_na_ontap_svm.TestMyModule" file="modules/test_na_ontap_svm.py" line="415" name="test_rest_successful_modify_language" time="0.025"></testcase><testcase classname="modules.test_na_ontap_net_ifgrp.TestMyModule" file="modules/test_na_ontap_net_ifgrp.py" line="249" name="test_modify_ports_calls_remove_existing_ports" time="0.016"></testcase><testcase classname="modules.test_na_ontap_svm.TestMyModule" file="modules/test_na_ontap_svm.py" line="397" name="test_rest_successful_rename" time="0.006"></testcase><testcase classname="modules.test_na_ontap_net_ifgrp.TestMyModule" file="modules/test_na_ontap_net_ifgrp.py" line="151" name="test_module_fail_when_required_args_missing" time="0.004"><system-out>Info: missing required arguments: node, password, username, hostname, name
</system-out></testcase><testcase classname="modules.test_na_ontap_svm.TestMyModule" file="modules/test_na_ontap_svm.py" line="337" name="test_rest_successfully_create" time="0.006"></testcase><testcase classname="modules.test_na_ontap_net_ifgrp.TestMyModule" file="modules/test_na_ontap_net_ifgrp.py" line="170" name="test_successful_create" time="0.008"></testcase><testcase classname="modules.test_na_ontap_svm.TestMyModule" file="modules/test_na_ontap_svm.py" line="211" name="test_successful_create" time="0.010"></testcase><testcase classname="modules.test_na_ontap_net_ifgrp.TestMyModule" file="modules/test_na_ontap_net_ifgrp.py" line="178" name="test_successful_delete" time="0.006"></testcase><testcase classname="modules.test_na_ontap_svm.TestMyModule" file="modules/test_na_ontap_svm.py" line="231" name="test_successful_delete" time="0.014"></testcase><testcase classname="modules.test_na_ontap_net_ifgrp.TestMyModule" file="modules/test_na_ontap_net_ifgrp.py" line="187" name="test_successful_modify" time="0.022"></testcase><testcase classname="modules.test_na_ontap_svm.TestMyModule" file="modules/test_na_ontap_svm.py" line="301" name="test_successful_modify_aggr_list" time="0.017"></testcase><testcase classname="modules.test_na_ontap_svm.TestMyModule" file="modules/test_na_ontap_svm.py" line="292" name="test_successful_modify_allowed_protocols" time="0.029"></testcase><testcase classname="modules.test_na_ontap_net_port.TestMyModule" file="modules/test_na_ontap_net_port.py" line="170" name="test_get_called" time="0.020"></testcase><testcase classname="modules.test_na_ontap_net_port.TestMyModule" file="modules/test_na_ontap_net_port.py" line="144" name="test_get_existing_port" time="0.012"></testcase><testcase classname="modules.test_na_ontap_svm.TestMyModule" file="modules/test_na_ontap_svm.py" line="274" name="test_successful_modify_language" time="0.017"></testcase><testcase classname="modules.test_na_ontap_unix_group.TestMyModule" file="modules/test_na_ontap_unix_group.py" line="128" name="test_get_nonexistent_group" time="0.008"></testcase><testcase classname="modules.test_na_ontap_svm.TestMyModule" file="modules/test_na_ontap_svm.py" line="283" name="test_successful_modify_snapshot_policy" time="0.012"></testcase><testcase classname="modules.test_na_ontap_unix_group.TestMyModule" file="modules/test_na_ontap_unix_group.py" line="140" name="test_get_xml" time="0.011"></testcase><testcase classname="modules.test_na_ontap_svm.TestMyModule" file="modules/test_na_ontap_svm.py" line="251" name="test_successful_rename" time="0.015"></testcase><testcase classname="modules.test_na_ontap_unix_group.TestMyModule" file="modules/test_na_ontap_unix_group.py" line="192" name="test_modify_called" time="0.008"></testcase><testcase classname="modules.test_na_ontap_template.TestMyModule" file="modules/test_na_ontap_template.py" line="99" name="test_ensure_command_called" time="0.018"></testcase><testcase classname="modules.test_na_ontap_unix_group.TestMyModule" file="modules/test_na_ontap_unix_group.py" line="251" name="test_modify_exception" time="0.014"></testcase><testcase classname="modules.test_na_ontap_template.TestMyModule" file="modules/test_na_ontap_template.py" line="92" name="test_module_fail_when_required_args_missing" time="0.023"><system-out>Info: missing required arguments: snapshot, vserver, volumes, password, hostname, username
</system-out></testcase><testcase classname="modules.test_na_ontap_unix_group.TestMyModule" file="modules/test_na_ontap_unix_group.py" line="206" name="test_modify_only_id" time="0.012"><system-out>b&apos;&lt;name-mapping-unix-group-modify&gt;&lt;group-name&gt;test&lt;/group-name&gt;&lt;group-id&gt;123&lt;/group-id&gt;&lt;/name-mapping-unix-group-modify&gt;&apos;
</system-out></testcase><testcase classname="modules.test_na_ontap_ucadapter.TestMyModule" file="modules/test_na_ontap_ucadapter.py" line="138" name="test_ensure_apply_for_ucadapter_called" time="0.020"><system-out>Info: test_ucadapter_apply: AnsibleExitJson({&apos;changed&apos;: False},)
b&apos;&lt;xml&gt;&lt;attributes&gt;&lt;uc-adapter-info&gt;&lt;pending-type&gt;intitiator&lt;/pending-type&gt;&lt;mode&gt;fc&lt;/mode&gt;&lt;pending-mode&gt;abc&lt;/pending-mode&gt;&lt;status&gt;up&lt;/status&gt;&lt;type&gt;target&lt;/type&gt;&lt;/uc-adapter-info&gt;&lt;/attributes&gt;&lt;/xml&gt;&apos;
b&apos;&lt;xml&gt;&lt;attributes&gt;&lt;uc-adapter-info&gt;&lt;pending-type&gt;intitiator&lt;/pending-type&gt;&lt;mode&gt;fc&lt;/mode&gt;&lt;pending-mode&gt;abc&lt;/pending-mode&gt;&lt;status&gt;up&lt;/status&gt;&lt;type&gt;target&lt;/type&gt;&lt;/uc-adapter-info&gt;&lt;/attributes&gt;&lt;/xml&gt;&apos;
b&apos;&lt;xml&gt;&lt;attributes&gt;&lt;uc-adapter-info&gt;&lt;pending-type&gt;intitiator&lt;/pending-type&gt;&lt;mode&gt;fc&lt;/mode&gt;&lt;pending-mode&gt;abc&lt;/pending-mode&gt;&lt;status&gt;up&lt;/status&gt;&lt;type&gt;target&lt;/type&gt;&lt;/uc-adapter-info&gt;&lt;/attributes&gt;&lt;/xml&gt;&apos;
b&apos;&lt;xml&gt;&lt;attributes&gt;&lt;uc-adapter-info&gt;&lt;pending-type&gt;intitiator&lt;/pending-type&gt;&lt;mode&gt;fc&lt;/mode&gt;&lt;pending-mode&gt;abc&lt;/pending-mode&gt;&lt;status&gt;up&lt;/status&gt;&lt;type&gt;target&lt;/type&gt;&lt;/uc-adapter-info&gt;&lt;/attributes&gt;&lt;/xml&gt;&apos;
Info: test_ucadapter_apply: AnsibleExitJson({&apos;changed&apos;: True},)
</system-out></testcase><testcase classname="modules.test_na_ontap_unix_group.TestMyModule" file="modules/test_na_ontap_unix_group.py" line="216" name="test_modify_xml" time="0.006"></testcase><testcase classname="modules.test_na_ontap_ucadapter.TestMyModule" file="modules/test_na_ontap_ucadapter.py" line="129" name="test_ensure_ucadapter_get_called" time="0.005"><system-out>Info: test_ucadapter_get: None
</system-out></testcase><testcase classname="modules.test_na_ontap_unix_group.TestMyModule" file="modules/test_na_ontap_unix_group.py" line="122" name="test_module_fail_when_required_args_missing" time="0.004"></testcase><testcase classname="modules.test_na_ontap_ucadapter.TestMyModule" file="modules/test_na_ontap_ucadapter.py" line="122" name="test_module_fail_when_required_args_missing" time="0.004"><system-out>Info: missing required arguments: adapter_name, node_name, password, hostname, username
</system-out></testcase><testcase classname="modules.test_na_ontap_unix_user.TestMyModule" file="modules/test_na_ontap_unix_user.py" line="162" name="test_create_called" time="0.011"></testcase><testcase classname="modules.test_na_ontap_unix_group.TestMyModule" file="modules/test_na_ontap_unix_group.py" line="263" name="test_add_user_exception" time="0.013"></testcase><testcase classname="modules.test_na_ontap_unix_user.TestMyModule" file="modules/test_na_ontap_unix_user.py" line="154" name="test_create_error_missing_params" time="0.013"></testcase><testcase classname="modules.test_na_ontap_unix_group.TestMyModule" file="modules/test_na_ontap_unix_group.py" line="158" name="test_create_called" time="0.011"></testcase><testcase classname="modules.test_na_ontap_unix_user.TestMyModule" file="modules/test_na_ontap_unix_user.py" line="265" name="test_create_exception" time="0.009"></testcase><testcase classname="modules.test_na_ontap_unix_group.TestMyModule" file="modules/test_na_ontap_unix_group.py" line="150" name="test_create_error_missing_params" time="0.008"></testcase><testcase classname="modules.test_na_ontap_unix_group.TestMyModule" file="modules/test_na_ontap_unix_group.py" line="245" name="test_create_exception" time="0.008"></testcase><testcase classname="modules.test_na_ontap_unix_user.TestMyModule" file="modules/test_na_ontap_unix_user.py" line="185" name="test_create_wihtout_full_name" time="0.022"></testcase><testcase classname="modules.test_na_ontap_unix_group.TestMyModule" file="modules/test_na_ontap_unix_group.py" line="166" name="test_create_xml" time="0.006"></testcase><testcase classname="modules.test_na_ontap_unix_group.TestMyModule" file="modules/test_na_ontap_unix_group.py" line="179" name="test_delete_called" time="0.007"></testcase><testcase classname="modules.test_na_ontap_unix_user.TestMyModule" file="modules/test_na_ontap_unix_user.py" line="170" name="test_create_xml" time="0.017"></testcase><testcase classname="modules.test_na_ontap_unix_group.TestMyModule" file="modules/test_na_ontap_unix_group.py" line="257" name="test_delete_exception" time="0.006"></testcase><testcase classname="modules.test_na_ontap_unix_user.TestMyModule" file="modules/test_na_ontap_unix_user.py" line="196" name="test_delete_called" time="0.009"></testcase><testcase classname="modules.test_na_ontap_unix_group.TestMyModule" file="modules/test_na_ontap_unix_group.py" line="276" name="test_delete_user_exception" time="0.007"></testcase><testcase classname="modules.test_na_ontap_unix_user.TestMyModule" file="modules/test_na_ontap_unix_user.py" line="277" name="test_delete_exception" time="0.006"></testcase><testcase classname="modules.test_na_ontap_unix_user.TestMyModule" file="modules/test_na_ontap_unix_user.py" line="244" name="test_do_nothing" time="0.009"></testcase><testcase classname="modules.test_na_ontap_unix_group.TestMyModule" file="modules/test_na_ontap_unix_group.py" line="224" name="test_do_nothing" time="0.037"></testcase><testcase classname="modules.test_na_ontap_unix_group.TestMyModule" file="modules/test_na_ontap_unix_group.py" line="239" name="test_get_exception" time="0.007"></testcase><testcase classname="modules.test_na_ontap_unix_user.TestMyModule" file="modules/test_na_ontap_unix_user.py" line="259" name="test_get_exception" time="0.012"></testcase><testcase classname="modules.test_na_ontap_unix_group.TestMyModule" file="modules/test_na_ontap_unix_group.py" line="134" name="test_get_existing_group" time="0.009"></testcase><testcase classname="modules.test_na_ontap_unix_user.TestMyModule" file="modules/test_na_ontap_unix_user.py" line="138" name="test_get_existing_user" time="0.012"></testcase><testcase classname="modules.test_na_ontap_unix_user.TestMyModule" file="modules/test_na_ontap_unix_user.py" line="271" name="test_modify_exception" time="0.009"></testcase><testcase classname="modules.test_na_ontap_unix_user.TestMyModule" file="modules/test_na_ontap_unix_user.py" line="132" name="test_get_nonexistent_user" time="0.007"></testcase><testcase classname="modules.test_na_ontap_unix_user.TestMyModule" file="modules/test_na_ontap_unix_user.py" line="144" name="test_get_xml" time="0.006"></testcase><testcase classname="modules.test_na_ontap_unix_user.TestMyModule" file="modules/test_na_ontap_unix_user.py" line="223" name="test_modify_only_id" time="0.008"></testcase><testcase classname="modules.test_na_ontap_unix_user.TestMyModule" file="modules/test_na_ontap_unix_user.py" line="234" name="test_modify_xml" time="0.012"></testcase><testcase classname="modules.test_na_ontap_unix_user.TestMyModule" file="modules/test_na_ontap_unix_user.py" line="209" name="test_modify_called" time="0.013"></testcase><testcase classname="modules.test_na_ontap_user_role.TestMyModule" file="modules/test_na_ontap_user_role.py" line="142" name="test_get_nonexistent_policy" time="0.006"></testcase><testcase classname="modules.test_na_ontap_unix_user.TestMyModule" file="modules/test_na_ontap_unix_user.py" line="126" name="test_module_fail_when_required_args_missing" time="0.015"></testcase><testcase classname="modules.test_na_ontap_user_role.TestMyModule" file="modules/test_na_ontap_user_role.py" line="215" name="test_modify_error" time="0.008"></testcase><testcase classname="modules.test_na_ontap_user.TestMyModule" file="modules/test_na_ontap_user.py" line="148" name="test_ensure_user_apply_called" time="0.009"><system-out>Info: test_user_apply: AnsibleExitJson({&apos;changed&apos;: True},)
b&apos;&lt;xml&gt;&lt;num-records&gt;1&lt;/num-records&gt;&lt;attributes-list&gt;&lt;security-login-account-info&gt;&lt;role-name/&gt;&lt;is-locked&gt;false&lt;/is-locked&gt;&lt;/security-login-account-info&gt;&lt;/attributes-list&gt;&lt;/xml&gt;&apos;
b&apos;&lt;xml&gt;&lt;num-records&gt;1&lt;/num-records&gt;&lt;attributes-list&gt;&lt;security-login-account-info&gt;&lt;role-name/&gt;&lt;is-locked&gt;false&lt;/is-locked&gt;&lt;/security-login-account-info&gt;&lt;/attributes-list&gt;&lt;/xml&gt;&apos;
b&apos;&lt;xml&gt;&lt;num-records&gt;1&lt;/num-records&gt;&lt;attributes-list&gt;&lt;security-login-account-info&gt;&lt;role-name/&gt;&lt;is-locked&gt;false&lt;/is-locked&gt;&lt;/security-login-account-info&gt;&lt;/attributes-list&gt;&lt;/xml&gt;&apos;
Info: test_user_apply: AnsibleExitJson({&apos;changed&apos;: True},)
</system-out></testcase><testcase classname="modules.test_na_ontap_user_role.TestMyModule" file="modules/test_na_ontap_user_role.py" line="199" name="test_modify_idempotency" time="0.006"></testcase><testcase classname="modules.test_na_ontap_user.TestMyModule" file="modules/test_na_ontap_user.py" line="169" name="test_ensure_user_apply_for_delete_called" time="0.008"><system-out>b&apos;&lt;xml&gt;&lt;num-records&gt;1&lt;/num-records&gt;&lt;attributes-list&gt;&lt;security-login-account-info&gt;&lt;role-name&gt;test&lt;/role-name&gt;&lt;is-locked&gt;false&lt;/is-locked&gt;&lt;/security-login-account-info&gt;&lt;/attributes-list&gt;&lt;/xml&gt;&apos;
b&apos;&lt;xml&gt;&lt;num-records&gt;1&lt;/num-records&gt;&lt;attributes-list&gt;&lt;security-login-account-info&gt;&lt;role-name&gt;test&lt;/role-name&gt;&lt;is-locked&gt;false&lt;/is-locked&gt;&lt;/security-login-account-info&gt;&lt;/attributes-list&gt;&lt;/xml&gt;&apos;
Info: test_user_apply: AnsibleExitJson({&apos;changed&apos;: False},)
b&apos;&lt;xml&gt;&lt;num-records&gt;1&lt;/num-records&gt;&lt;attributes-list&gt;&lt;security-login-account-info&gt;&lt;role-name&gt;test&lt;/role-name&gt;&lt;is-locked&gt;false&lt;/is-locked&gt;&lt;/security-login-account-info&gt;&lt;/attributes-list&gt;&lt;/xml&gt;&apos;
b&apos;&lt;xml&gt;&lt;num-records&gt;1&lt;/num-records&gt;&lt;attributes-list&gt;&lt;security-login-account-info&gt;&lt;role-name&gt;test&lt;/role-name&gt;&lt;is-locked&gt;false&lt;/is-locked&gt;&lt;/security-login-account-info&gt;&lt;/attributes-list&gt;&lt;/xml&gt;&apos;
b&apos;&lt;xml&gt;&lt;num-records&gt;1&lt;/num-records&gt;&lt;attributes-list&gt;&lt;security-login-account-info&gt;&lt;role-name&gt;test&lt;/role-name&gt;&lt;is-locked&gt;false&lt;/is-locked&gt;&lt;/security-login-account-info&gt;&lt;/attributes-list&gt;&lt;/xml&gt;&apos;
Info: test_user_delete: AnsibleExitJson({&apos;changed&apos;: True},)
</system-out></testcase><testcase classname="modules.test_na_ontap_user.TestMyModule" file="modules/test_na_ontap_user.py" line="136" name="test_ensure_user_get_called" time="0.006"><system-out>Info: test_user_get: None
</system-out></testcase><testcase classname="modules.test_na_ontap_user_role.TestMyModule" file="modules/test_na_ontap_user_role.py" line="135" name="test_module_fail_when_required_args_missing" time="0.011"><system-out>Info: missing required arguments: vserver, command_directory_name, password, username, hostname, name
</system-out></testcase><testcase classname="modules.test_na_ontap_user.TestMyModule" file="modules/test_na_ontap_user.py" line="193" name="test_ensure_user_lock_called" time="0.008"><system-out>b&apos;&lt;xml&gt;&lt;num-records&gt;1&lt;/num-records&gt;&lt;attributes-list&gt;&lt;security-login-account-info&gt;&lt;role-name&gt;test&lt;/role-name&gt;&lt;is-locked&gt;false&lt;/is-locked&gt;&lt;/security-login-account-info&gt;&lt;/attributes-list&gt;&lt;/xml&gt;&apos;
b&apos;&lt;xml&gt;&lt;num-records&gt;1&lt;/num-records&gt;&lt;attributes-list&gt;&lt;security-login-account-info&gt;&lt;role-name&gt;test&lt;/role-name&gt;&lt;is-locked&gt;false&lt;/is-locked&gt;&lt;/security-login-account-info&gt;&lt;/attributes-list&gt;&lt;/xml&gt;&apos;
Info: test_user_apply: AnsibleExitJson({&apos;changed&apos;: False},)
b&apos;&lt;xml&gt;&lt;num-records&gt;1&lt;/num-records&gt;&lt;attributes-list&gt;&lt;security-login-account-info&gt;&lt;role-name/&gt;&lt;is-locked&gt;false&lt;/is-locked&gt;&lt;/security-login-account-info&gt;&lt;/attributes-list&gt;&lt;/xml&gt;&apos;
b&apos;&lt;xml&gt;&lt;num-records&gt;1&lt;/num-records&gt;&lt;attributes-list&gt;&lt;security-login-account-info&gt;&lt;role-name/&gt;&lt;is-locked&gt;false&lt;/is-locked&gt;&lt;/security-login-account-info&gt;&lt;/attributes-list&gt;&lt;/xml&gt;&apos;
b&apos;&lt;xml&gt;&lt;num-records&gt;1&lt;/num-records&gt;&lt;attributes-list&gt;&lt;security-login-account-info&gt;&lt;role-name/&gt;&lt;is-locked&gt;false&lt;/is-locked&gt;&lt;/security-login-account-info&gt;&lt;/attributes-list&gt;&lt;/xml&gt;&apos;
b&apos;&lt;xml&gt;&lt;num-records&gt;1&lt;/num-records&gt;&lt;attributes-list&gt;&lt;security-login-account-info&gt;&lt;role-name/&gt;&lt;is-locked&gt;false&lt;/is-locked&gt;&lt;/security-login-account-info&gt;&lt;/attributes-list&gt;&lt;/xml&gt;&apos;
Info: test_user_lock: AnsibleExitJson({&apos;changed&apos;: True},)
</system-out></testcase><testcase classname="modules.test_na_ontap_user.TestMyModule" file="modules/test_na_ontap_user.py" line="275" name="test_ensure_user_role_update_additional_application_called" time="0.009"><system-out>b&apos;&lt;xml&gt;&lt;num-records&gt;1&lt;/num-records&gt;&lt;attributes-list&gt;&lt;security-login-account-info&gt;&lt;role-name/&gt;&lt;is-locked&gt;true&lt;/is-locked&gt;&lt;/security-login-account-info&gt;&lt;/attributes-list&gt;&lt;/xml&gt;&apos;
b&apos;&lt;xml&gt;&lt;num-records&gt;1&lt;/num-records&gt;&lt;attributes-list&gt;&lt;security-login-account-info&gt;&lt;role-name/&gt;&lt;is-locked&gt;true&lt;/is-locked&gt;&lt;/security-login-account-info&gt;&lt;/attributes-list&gt;&lt;/xml&gt;&apos;
b&apos;&lt;xml&gt;&lt;num-records&gt;1&lt;/num-records&gt;&lt;attributes-list&gt;&lt;security-login-account-info&gt;&lt;role-name/&gt;&lt;is-locked&gt;true&lt;/is-locked&gt;&lt;/security-login-account-info&gt;&lt;/attributes-list&gt;&lt;/xml&gt;&apos;
b&apos;&lt;xml&gt;&lt;num-records&gt;1&lt;/num-records&gt;&lt;attributes-list&gt;&lt;security-login-account-info&gt;&lt;role-name/&gt;&lt;is-locked&gt;true&lt;/is-locked&gt;&lt;/security-login-account-info&gt;&lt;/attributes-list&gt;&lt;/xml&gt;&apos;
Info: test_user_apply: AnsibleExitJson({&apos;changed&apos;: True},)
</system-out></testcase><testcase classname="modules.test_na_ontap_user_role.TestMyModule" file="modules/test_na_ontap_user_role.py" line="154" name="test_successful_create" time="0.010"></testcase><testcase classname="modules.test_na_ontap_user.TestMyModule" file="modules/test_na_ontap_user.py" line="259" name="test_ensure_user_role_update_called" time="0.009"><system-out>b&apos;&lt;xml&gt;&lt;num-records&gt;1&lt;/num-records&gt;&lt;attributes-list&gt;&lt;security-login-account-info&gt;&lt;role-name/&gt;&lt;is-locked&gt;true&lt;/is-locked&gt;&lt;/security-login-account-info&gt;&lt;/attributes-list&gt;&lt;/xml&gt;&apos;
b&apos;&lt;xml&gt;&lt;num-records&gt;1&lt;/num-records&gt;&lt;attributes-list&gt;&lt;security-login-account-info&gt;&lt;role-name/&gt;&lt;is-locked&gt;true&lt;/is-locked&gt;&lt;/security-login-account-info&gt;&lt;/attributes-list&gt;&lt;/xml&gt;&apos;
b&apos;&lt;xml&gt;&lt;num-records&gt;1&lt;/num-records&gt;&lt;attributes-list&gt;&lt;security-login-account-info&gt;&lt;role-name/&gt;&lt;is-locked&gt;true&lt;/is-locked&gt;&lt;/security-login-account-info&gt;&lt;/attributes-list&gt;&lt;/xml&gt;&apos;
b&apos;&lt;xml&gt;&lt;num-records&gt;1&lt;/num-records&gt;&lt;attributes-list&gt;&lt;security-login-account-info&gt;&lt;role-name/&gt;&lt;is-locked&gt;true&lt;/is-locked&gt;&lt;/security-login-account-info&gt;&lt;/attributes-list&gt;&lt;/xml&gt;&apos;
Info: test_user_apply: AnsibleExitJson({&apos;changed&apos;: True},)
</system-out></testcase><testcase classname="modules.test_na_ontap_user_role.TestMyModule" file="modules/test_na_ontap_user_role.py" line="230" name="test_successful_delete" time="0.007"></testcase><testcase classname="modules.test_na_ontap_user.TestMyModule" file="modules/test_na_ontap_user.py" line="243" name="test_ensure_user_set_password_called" time="0.016"><system-out>b&apos;&lt;xml&gt;&lt;num-records&gt;1&lt;/num-records&gt;&lt;attributes-list&gt;&lt;security-login-account-info&gt;&lt;role-name/&gt;&lt;is-locked&gt;true&lt;/is-locked&gt;&lt;/security-login-account-info&gt;&lt;/attributes-list&gt;&lt;/xml&gt;&apos;
b&apos;&lt;xml&gt;&lt;num-records&gt;1&lt;/num-records&gt;&lt;attributes-list&gt;&lt;security-login-account-info&gt;&lt;role-name/&gt;&lt;is-locked&gt;true&lt;/is-locked&gt;&lt;/security-login-account-info&gt;&lt;/attributes-list&gt;&lt;/xml&gt;&apos;
b&apos;&lt;xml&gt;&lt;num-records&gt;1&lt;/num-records&gt;&lt;attributes-list&gt;&lt;security-login-account-info&gt;&lt;role-name/&gt;&lt;is-locked&gt;true&lt;/is-locked&gt;&lt;/security-login-account-info&gt;&lt;/attributes-list&gt;&lt;/xml&gt;&apos;
b&apos;&lt;xml&gt;&lt;num-records&gt;1&lt;/num-records&gt;&lt;attributes-list&gt;&lt;security-login-account-info&gt;&lt;role-name/&gt;&lt;is-locked&gt;true&lt;/is-locked&gt;&lt;/security-login-account-info&gt;&lt;/attributes-list&gt;&lt;/xml&gt;&apos;
Info: test_user_apply: AnsibleExitJson({&apos;changed&apos;: True},)
</system-out></testcase><testcase classname="modules.test_na_ontap_user_role.TestMyModule" file="modules/test_na_ontap_user_role.py" line="183" name="test_successful_modify" time="0.015"></testcase><testcase classname="modules.test_na_ontap_user.TestMyModule" file="modules/test_na_ontap_user.py" line="218" name="test_ensure_user_unlock_called" time="0.007"><system-out>b&apos;&lt;xml&gt;&lt;num-records&gt;1&lt;/num-records&gt;&lt;attributes-list&gt;&lt;security-login-account-info&gt;&lt;role-name&gt;test&lt;/role-name&gt;&lt;is-locked&gt;false&lt;/is-locked&gt;&lt;/security-login-account-info&gt;&lt;/attributes-list&gt;&lt;/xml&gt;&apos;
b&apos;&lt;xml&gt;&lt;num-records&gt;1&lt;/num-records&gt;&lt;attributes-list&gt;&lt;security-login-account-info&gt;&lt;role-name&gt;test&lt;/role-name&gt;&lt;is-locked&gt;false&lt;/is-locked&gt;&lt;/security-login-account-info&gt;&lt;/attributes-list&gt;&lt;/xml&gt;&apos;
Info: test_user_apply: AnsibleExitJson({&apos;changed&apos;: False},)
b&apos;&lt;xml&gt;&lt;num-records&gt;1&lt;/num-records&gt;&lt;attributes-list&gt;&lt;security-login-account-info&gt;&lt;role-name&gt;test&lt;/role-name&gt;&lt;is-locked&gt;true&lt;/is-locked&gt;&lt;/security-login-account-info&gt;&lt;/attributes-list&gt;&lt;/xml&gt;&apos;
b&apos;&lt;xml&gt;&lt;num-records&gt;1&lt;/num-records&gt;&lt;attributes-list&gt;&lt;security-login-account-info&gt;&lt;role-name&gt;test&lt;/role-name&gt;&lt;is-locked&gt;true&lt;/is-locked&gt;&lt;/security-login-account-info&gt;&lt;/attributes-list&gt;&lt;/xml&gt;&apos;
b&apos;&lt;xml&gt;&lt;num-records&gt;1&lt;/num-records&gt;&lt;attributes-list&gt;&lt;security-login-account-info&gt;&lt;role-name&gt;test&lt;/role-name&gt;&lt;is-locked&gt;true&lt;/is-locked&gt;&lt;/security-login-account-info&gt;&lt;/attributes-list&gt;&lt;/xml&gt;&apos;
Info: test_user_unlock: AnsibleExitJson({&apos;changed&apos;: True},)
</system-out></testcase><testcase classname="modules.test_na_ontap_user.TestMyModule" file="modules/test_na_ontap_user.py" line="292" name="test_if_all_methods_catch_exception" time="0.011"></testcase><testcase classname="modules.test_na_ontap_volume.TestMyModule" file="modules/test_na_ontap_volume.py" line="912" name="test_check_job_status_error" time="0.007"></testcase><testcase classname="modules.test_na_ontap_user.TestMyModule" file="modules/test_na_ontap_user.py" line="129" name="test_module_fail_when_required_args_missing" time="0.004"><system-out>Info: missing required arguments: vserver, applications, name, authentication_method, password, hostname, username
</system-out></testcase><testcase classname="modules.test_na_ontap_volume.TestMyModule" file="modules/test_na_ontap_volume.py" line="921" name="test_check_job_status_time_out_is_0" time="0.009"></testcase><testcase classname="modules.test_na_ontap_user_role.TestMyModule" file="modules/test_na_ontap_user_role.py" line="172" name="test_create_error" time="0.011"></testcase><testcase classname="modules.test_na_ontap_volume.TestMyModule" file="modules/test_na_ontap_volume.py" line="930" name="test_check_job_status_unexpected" time="0.013"></testcase><testcase classname="modules.test_na_ontap_user_role.TestMyModule" file="modules/test_na_ontap_user_role.py" line="162" name="test_create_idempotency" time="0.007"></testcase><testcase classname="modules.test_na_ontap_volume.TestMyModule" file="modules/test_na_ontap_volume.py" line="625" name="test_compare_chmod_value_false_1" time="0.009"></testcase><testcase classname="modules.test_na_ontap_volume.TestMyModule" file="modules/test_na_ontap_volume.py" line="639" name="test_compare_chmod_value_false_2" time="0.008"></testcase><testcase classname="modules.test_na_ontap_user_role.TestMyModule" file="modules/test_na_ontap_user_role.py" line="148" name="test_get_existing_role" time="0.013"></testcase><testcase classname="modules.test_na_ontap_volume.TestMyModule" file="modules/test_na_ontap_volume.py" line="651" name="test_compare_chmod_value_invalid_input_1" time="0.008"></testcase><testcase classname="modules.test_na_ontap_volume.TestMyModule" file="modules/test_na_ontap_volume.py" line="569" name="test_compare_chmod_value_true_1" time="0.018"></testcase><testcase classname="modules.test_na_ontap_volume.TestMyModule" file="modules/test_na_ontap_volume.py" line="665" name="test_compare_chmod_value_invalid_input_2" time="0.007"></testcase><testcase classname="modules.test_na_ontap_volume.TestMyModule" file="modules/test_na_ontap_volume.py" line="679" name="test_compare_chmod_value_invalid_input_3" time="0.007"></testcase><testcase classname="modules.test_na_ontap_volume.TestMyModule" file="modules/test_na_ontap_volume.py" line="583" name="test_compare_chmod_value_true_2" time="0.009"></testcase><testcase classname="modules.test_na_ontap_volume.TestMyModule" file="modules/test_na_ontap_volume.py" line="555" name="test_modify_helper" time="0.013"></testcase><testcase classname="modules.test_na_ontap_volume.TestMyModule" file="modules/test_na_ontap_volume.py" line="611" name="test_compare_chmod_value_true_3" time="0.012"></testcase><testcase classname="modules.test_na_ontap_volume.TestMyModule" file="modules/test_na_ontap_volume.py" line="402" name="test_modify_idempotency" time="0.008"></testcase><testcase classname="modules.test_na_ontap_volume.TestMyModule" file="modules/test_na_ontap_volume.py" line="347" name="test_create_error_missing_param" time="0.016"></testcase><testcase classname="modules.test_na_ontap_volume.TestMyModule" file="modules/test_na_ontap_volume.py" line="327" name="test_module_fail_when_required_args_missing" time="0.013"><system-out>Info: missing required arguments: vserver, password, username, hostname, name
</system-out></testcase><testcase classname="modules.test_na_ontap_volume.TestMyModule" file="modules/test_na_ontap_volume.py" line="367" name="test_create_idempotency" time="0.010"></testcase><testcase classname="modules.test_na_ontap_volume.TestMyModule" file="modules/test_na_ontap_volume.py" line="418" name="test_mount_volume" time="0.012"></testcase><testcase classname="modules.test_na_ontap_volume.TestMyModule" file="modules/test_na_ontap_volume.py" line="384" name="test_delete_idempotency" time="0.008"></testcase><testcase classname="modules.test_na_ontap_volume.TestMyModule" file="modules/test_na_ontap_volume.py" line="357" name="test_successful_create" time="0.008"></testcase><testcase classname="modules.test_na_ontap_volume.TestMyModule" file="modules/test_na_ontap_volume.py" line="703" name="test_successful_create_flex_group_auto_provision" time="0.009"></testcase><testcase classname="modules.test_na_ontap_volume.TestMyModule" file="modules/test_na_ontap_volume.py" line="940" name="test_error_assign_efficiency_policy" time="0.023"></testcase><testcase classname="modules.test_na_ontap_volume.TestMyModule" file="modules/test_na_ontap_volume.py" line="693" name="test_successful_create_flex_group_manually" time="0.009"></testcase><testcase classname="modules.test_na_ontap_volume.TestMyModule" file="modules/test_na_ontap_volume.py" line="949" name="test_error_assign_efficiency_policy_async" time="0.008"></testcase><testcase classname="modules.test_na_ontap_volume.TestMyModule" file="modules/test_na_ontap_volume.py" line="375" name="test_successful_delete" time="0.016"></testcase><testcase classname="modules.test_na_ontap_volume.TestMyModule" file="modules/test_na_ontap_volume.py" line="813" name="test_error_modify_unix_permissions_flex_group" time="0.020"></testcase><testcase classname="modules.test_na_ontap_volume.TestMyModule" file="modules/test_na_ontap_volume.py" line="713" name="test_successful_delete_flex_group" time="0.015"></testcase><testcase classname="modules.test_na_ontap_volume.TestMyModule" file="modules/test_na_ontap_volume.py" line="839" name="test_failure_modify_unix_permissions_flex_group" time="0.009"></testcase><testcase classname="modules.test_na_ontap_volume.TestMyModule" file="modules/test_na_ontap_volume.py" line="464" name="test_successful_modify_efficiency_policy" time="0.009"></testcase><testcase classname="modules.test_na_ontap_volume.TestMyModule" file="modules/test_na_ontap_volume.py" line="340" name="test_get_existing_volume" time="0.010"></testcase><testcase classname="modules.test_na_ontap_volume.TestMyModule" file="modules/test_na_ontap_volume.py" line="473" name="test_successful_modify_percent_snapshot_space" time="0.022"></testcase><testcase classname="modules.test_na_ontap_volume.TestMyModule" file="modules/test_na_ontap_volume.py" line="334" name="test_get_nonexistent_volume" time="0.012"></testcase><testcase classname="modules.test_na_ontap_volume.TestMyModule" file="modules/test_na_ontap_volume.py" line="491" name="test_successful_modify_qos_adaptive_policy_group" time="0.009"></testcase><testcase classname="modules.test_na_ontap_volume.TestMyModule" file="modules/test_na_ontap_volume.py" line="410" name="test_modify_error" time="0.019"></testcase><testcase classname="modules.test_na_ontap_volume.TestMyModule" file="modules/test_na_ontap_volume.py" line="863" name="test_successful_offline_state_flex_group" time="0.010"></testcase><testcase classname="modules.test_na_ontap_volume.TestMyModule" file="modules/test_na_ontap_volume.py" line="888" name="test_successful_online_state_flex_group" time="0.008"></testcase><testcase classname="modules.test_na_ontap_volume.TestMyModule" file="modules/test_na_ontap_volume.py" line="482" name="test_successful_modify_qos_policy_group" time="0.013"></testcase><testcase classname="modules.test_na_ontap_volume.TestMyModule" file="modules/test_na_ontap_volume.py" line="509" name="test_successful_rename" time="0.008"></testcase><testcase classname="modules.test_na_ontap_volume.TestMyModule" file="modules/test_na_ontap_volume.py" line="393" name="test_successful_modify_size" time="0.009"></testcase><testcase classname="modules.test_na_ontap_volume.TestMyModule" file="modules/test_na_ontap_volume.py" line="531" name="test_successful_rename_async" time="0.008"></testcase><testcase classname="modules.test_na_ontap_volume.TestMyModule" file="modules/test_na_ontap_volume.py" line="455" name="test_successful_modify_snapshot_policy" time="0.009"></testcase><testcase classname="modules.test_na_ontap_volume.TestMyModule" file="modules/test_na_ontap_volume.py" line="736" name="test_successful_resize_flex_group" time="0.010"></testcase><testcase classname="modules.test_na_ontap_volume.TestMyModule" file="modules/test_na_ontap_volume.py" line="436" name="test_successful_modify_space" time="0.010"></testcase><testcase classname="modules.test_na_ontap_volume.TestMyModule" file="modules/test_na_ontap_volume.py" line="427" name="test_unmount_volume" time="0.010"></testcase><testcase classname="modules.test_na_ontap_volume.TestMyModule" file="modules/test_na_ontap_volume.py" line="958" name="test_successful_modify_tiering_policy" time="0.017"></testcase><testcase classname="modules.test_na_ontap_volume_autosize.TestMyModule" file="modules/test_na_ontap_volume_autosize.py" line="171" name="test_idempotent_modify" time="0.015"></testcase><testcase classname="modules.test_na_ontap_volume_autosize.TestMyModule" file="modules/test_na_ontap_volume_autosize.py" line="164" name="test_module_fail_when_required_args_missing" time="0.005"><system-out>Info: missing required arguments: vserver, volume, password, username, hostname
</system-out></testcase><testcase classname="modules.test_na_ontap_volume.TestMyModule" file="modules/test_na_ontap_volume.py" line="446" name="test_successful_modify_unix_permissions" time="0.015"></testcase><testcase classname="modules.test_na_ontap_volume_autosize.TestMyModule" file="modules/test_na_ontap_volume_autosize.py" line="198" name="test_rest_error" time="0.008"></testcase><testcase classname="modules.test_na_ontap_volume.TestMyModule" file="modules/test_na_ontap_volume.py" line="761" name="test_successful_modify_unix_permissions_flex_group" time="0.009"></testcase><testcase classname="modules.test_na_ontap_volume_autosize.TestMyModule" file="modules/test_na_ontap_volume_autosize.py" line="227" name="test_rest_idempotent_modify" time="0.008"></testcase><testcase classname="modules.test_na_ontap_volume.TestMyModule" file="modules/test_na_ontap_volume.py" line="789" name="test_successful_modify_unix_permissions_flex_group_0_time_out" time="0.009"></testcase><testcase classname="modules.test_na_ontap_volume_autosize.TestMyModule" file="modules/test_na_ontap_volume_autosize.py" line="211" name="test_rest_successful_modify" time="0.008"></testcase><testcase classname="modules.test_na_ontap_volume.TestMyModule" file="modules/test_na_ontap_volume.py" line="967" name="test_successful_modify_vserver_dr_protection" time="0.009"></testcase><testcase classname="modules.test_na_ontap_volume_autosize.TestMyModule" file="modules/test_na_ontap_volume_autosize.py" line="177" name="test_successful_modify" time="0.016"></testcase><testcase classname="modules.test_na_ontap_volume.TestMyModule" file="modules/test_na_ontap_volume.py" line="500" name="test_successful_move" time="0.008"></testcase><testcase classname="modules.test_na_ontap_volume_clone.TestMyModule" file="modules/test_na_ontap_volume_clone.py" line="137" name="test_successful_create" time="0.008"></testcase><testcase classname="modules.test_na_ontap_volume_autosize.TestMyModule" file="modules/test_na_ontap_volume_autosize.py" line="185" name="test_successful_reset" time="0.013"></testcase><testcase classname="modules.test_na_ontap_volume_clone.TestMyModule" file="modules/test_na_ontap_volume_clone.py" line="123" name="test_ensure_get_called" time="0.006"></testcase><testcase classname="modules.test_na_ontap_vscan.TestMyModule" file="modules/test_na_ontap_vscan.py" line="153" name="test_idempotently_disable" time="0.011"></testcase><testcase classname="modules.test_na_ontap_volume_clone.TestMyModule" file="modules/test_na_ontap_volume_clone.py" line="130" name="test_ensure_get_called_existing" time="0.005"></testcase><testcase classname="modules.test_na_ontap_vscan.TestMyModule" file="modules/test_na_ontap_vscan.py" line="137" name="test_idempotently_enable" time="0.012"></testcase><testcase classname="modules.test_na_ontap_vscan.TestMyModule" file="modules/test_na_ontap_vscan.py" line="122" name="test_module_fail_when_required_args_missing" time="0.004"><system-out>Info: missing required arguments: vserver, password, hostname, username
</system-out></testcase><testcase classname="modules.test_na_ontap_volume_clone.TestMyModule" file="modules/test_na_ontap_volume_clone.py" line="166" name="test_if_all_methods_catch_exception" time="0.008"></testcase><testcase classname="modules.test_na_ontap_vscan.TestMyModule" file="modules/test_na_ontap_vscan.py" line="161" name="test_rest_error" time="0.006"></testcase><testcase classname="modules.test_na_ontap_volume_clone.TestMyModule" file="modules/test_na_ontap_volume_clone.py" line="116" name="test_module_fail_when_required_args_missing" time="0.004"><system-out>Info: missing required arguments: password, parent_volume, username, hostname, vserver, name
</system-out></testcase><testcase classname="modules.test_na_ontap_vscan.TestMyModule" file="modules/test_na_ontap_vscan.py" line="218" name="test_rest_idempotently_disable" time="0.006"></testcase><testcase classname="modules.test_na_ontap_vscan.TestMyModule" file="modules/test_na_ontap_vscan.py" line="203" name="test_rest_successly_disable" time="0.008"></testcase><testcase classname="modules.test_na_ontap_vscan.TestMyModule" file="modules/test_na_ontap_vscan.py" line="189" name="test_rest_idempotently_enable" time="0.006"></testcase><testcase classname="modules.test_na_ontap_vscan.TestMyModule" file="modules/test_na_ontap_vscan.py" line="174" name="test_rest_successly_enable" time="0.008"></testcase><testcase classname="modules.test_na_ontap_vscan_on_access_policy.TestMyModule" file="modules/test_na_ontap_vscan_on_access_policy.py" line="126" name="test_get_existing_scanner" time="0.005"></testcase><testcase classname="modules.test_na_ontap_vscan_on_access_policy.TestMyModule" file="modules/test_na_ontap_vscan_on_access_policy.py" line="121" name="test_get_nonexistent_policy" time="0.006"></testcase><testcase classname="modules.test_na_ontap_vscan.TestMyModule" file="modules/test_na_ontap_vscan.py" line="145" name="test_successfully_disable" time="0.012"></testcase><testcase classname="modules.test_na_ontap_vscan_on_access_policy.TestMyModule" file="modules/test_na_ontap_vscan_on_access_policy.py" line="114" name="test_module_fail_when_required_args_missing" time="0.004"><system-out>Info: missing required arguments: policy_name, vserver, password, hostname, username
</system-out></testcase><testcase classname="modules.test_na_ontap_vscan.TestMyModule" file="modules/test_na_ontap_vscan.py" line="129" name="test_successfully_enable" time="0.012"></testcase><testcase classname="modules.test_na_ontap_vscan_on_access_policy.TestMyModule" file="modules/test_na_ontap_vscan_on_access_policy.py" line="131" name="test_successfully_create" time="0.008"></testcase><testcase classname="modules.test_na_ontap_vscan_on_access_policy.TestMyModule" file="modules/test_na_ontap_vscan_on_access_policy.py" line="137" name="test_create_idempotency" time="0.006"></testcase><testcase classname="modules.test_na_ontap_vscan_on_access_policy.TestMyModule" file="modules/test_na_ontap_vscan_on_access_policy.py" line="143" name="test_successfully_delete" time="0.006"></testcase><testcase classname="modules.test_na_ontap_vscan_on_access_policy.TestMyModule" file="modules/test_na_ontap_vscan_on_access_policy.py" line="151" name="test_delete_idempotency" time="0.006"></testcase><testcase classname="modules.test_na_ontap_vscan_on_demand_task.TestMyModule" file="modules/test_na_ontap_vscan_on_demand_task.py" line="146" name="test_create_idempotency" time="0.008"></testcase><testcase classname="modules.test_na_ontap_vscan_on_demand_task.TestMyModule" file="modules/test_na_ontap_vscan_on_demand_task.py" line="123" name="test_module_fail_when_required_args_missing" time="0.004"><system-out>Info: missing required arguments: vserver, password, task_name, username, hostname
</system-out></testcase><testcase classname="modules.test_na_ontap_vscan_on_demand_task.TestMyModule" file="modules/test_na_ontap_vscan_on_demand_task.py" line="160" name="test_delete_idempotency" time="0.009"></testcase><testcase classname="modules.test_na_ontap_vscan_on_demand_task.TestMyModule" file="modules/test_na_ontap_vscan_on_demand_task.py" line="140" name="test_successfully_create" time="0.011"></testcase><testcase classname="modules.test_na_ontap_vscan_on_demand_task.TestMyModule" file="modules/test_na_ontap_vscan_on_demand_task.py" line="135" name="test_get_existing_demand_task" time="0.006"></testcase><testcase classname="modules.test_na_ontap_vscan_on_demand_task.TestMyModule" file="modules/test_na_ontap_vscan_on_demand_task.py" line="152" name="test_successfully_delete" time="0.007"></testcase><testcase classname="modules.test_na_ontap_vscan_on_demand_task.TestMyModule" file="modules/test_na_ontap_vscan_on_demand_task.py" line="130" name="test_get_nonexistent_demand_task" time="0.005"></testcase><testcase classname="modules.test_na_ontap_vscan_scanner_pool.TestMyModule" file="modules/test_na_ontap_vscan_scanner_pool.py" line="156" name="test_apply_policy" time="0.006"></testcase><testcase classname="modules.test_na_ontap_vscan_scanner_pool.TestMyModule" file="modules/test_na_ontap_vscan_scanner_pool.py" line="150" name="test_create_idempotency" time="0.006"></testcase><testcase classname="modules.test_na_ontap_vscan_scanner_pool.TestMyModule" file="modules/test_na_ontap_vscan_scanner_pool.py" line="132" name="test_get_nonexistent_scanner" time="0.006"></testcase><testcase classname="modules.test_na_ontap_vscan_scanner_pool.TestMyModule" file="modules/test_na_ontap_vscan_scanner_pool.py" line="172" name="test_delete_idempotency" time="0.006"></testcase><testcase classname="modules.test_na_ontap_vscan_scanner_pool.TestMyModule" file="modules/test_na_ontap_vscan_scanner_pool.py" line="125" name="test_module_fail_when_required_args_missing" time="0.004"><system-out>Info: missing required arguments: vserver, password, scanner_pool, username, hostname
</system-out></testcase><testcase classname="modules.test_na_ontap_vscan_scanner_pool.TestMyModule" file="modules/test_na_ontap_vscan_scanner_pool.py" line="138" name="test_get_existing_scanner" time="0.006"></testcase><testcase classname="modules.test_na_ontap_vscan_scanner_pool.TestMyModule" file="modules/test_na_ontap_vscan_scanner_pool.py" line="144" name="test_successfully_create" time="0.006"></testcase><testcase classname="modules.test_na_ontap_vscan_scanner_pool.TestMyModule" file="modules/test_na_ontap_vscan_scanner_pool.py" line="164" name="test_successfully_delete" time="0.006"></testcase><testcase classname="modules.test_na_ontap_vserver_cifs_security.TestMyModule" file="modules/test_na_ontap_vserver_cifs_security.py" line="131" name="test_successful_modify" time="0.008"></testcase><testcase classname="modules.test_na_ontap_vserver_cifs_security.TestMyModule" file="modules/test_na_ontap_vserver_cifs_security.py" line="147" name="test_modify_error" time="0.008"></testcase><testcase classname="modules.test_na_ontap_vserver_peer.TestMyModule" file="modules/test_na_ontap_vserver_peer.py" line="162" name="test_create_idempotency" time="0.006"></testcase><testcase classname="modules.test_na_ontap_vserver_peer.TestMyModule" file="modules/test_na_ontap_vserver_peer.py" line="189" name="test_delete_idempotency" time="0.006"></testcase><testcase classname="modules.test_na_ontap_vserver_peer.TestMyModule" file="modules/test_na_ontap_vserver_peer.py" line="212" name="test_get_packet" time="0.006"><system-out>b&apos;&lt;xml&gt;&lt;num-records&gt;1&lt;/num-records&gt;&lt;attributes-list&gt;&lt;vserver-peer-info&gt;&lt;peer-state&gt;peered&lt;/peer-state&gt;&lt;vserver&gt;test&lt;/vserver&gt;&lt;peer-vserver&gt;test_peer&lt;/peer-vserver&gt;&lt;/vserver-peer-info&gt;&lt;/attributes-list&gt;&lt;/xml&gt;&apos;
</system-out></testcase><testcase classname="modules.test_na_ontap_vserver_peer.TestMyModule" file="modules/test_na_ontap_vserver_peer.py" line="221" name="test_error_on_missing_params_create" time="0.007"></testcase><testcase classname="modules.test_na_ontap_vserver_peer.TestMyModule" file="modules/test_na_ontap_vserver_peer.py" line="243" name="test_get_peer_cluster_packet" time="0.008"><system-out>b&apos;&lt;xml&gt;&lt;attributes&gt;&lt;cluster-identity-info&gt;&lt;cluster-name&gt;test_cluster_peer&lt;/cluster-name&gt;&lt;/cluster-identity-info&gt;&lt;/attributes&gt;&lt;/xml&gt;&apos;
</system-out></testcase><testcase classname="modules.test_na_ontap_vserver_peer.TestMyModule" file="modules/test_na_ontap_vserver_peer.py" line="232" name="test_get_peer_cluster_called" time="0.006"></testcase><testcase classname="modules.test_na_ontap_vserver_peer.TestMyModule" file="modules/test_na_ontap_vserver_peer.py" line="144" name="test_module_fail_when_required_args_missing" time="0.004"><system-out>Info: missing required arguments: vserver, password, peer_vserver, username, hostname
</system-out></testcase><testcase classname="modules.test_na_ontap_vserver_peer.TestMyModule" file="modules/test_na_ontap_vserver_peer.py" line="200" name="test_helper_vserver_peer_get_iter" time="0.006"><system-out>b&apos;&lt;vserver-peer-get-iter&gt;\n  &lt;query&gt;\n    &lt;vserver-peer-info&gt;\n      &lt;peer-vserver&gt;test_peer&lt;/peer-vserver&gt;\n      &lt;vserver&gt;test&lt;/vserver&gt;\n    &lt;/vserver-peer-info&gt;\n  &lt;/query&gt;\n&lt;/vserver-peer-get-iter&gt;\n&apos;
</system-out></testcase><testcase classname="modules.test_na_ontap_vserver_peer.TestMyModule" file="modules/test_na_ontap_vserver_peer.py" line="151" name="test_successful_create" time="0.006"></testcase><testcase classname="modules.test_na_ontap_vserver_peer.TestMyModule" file="modules/test_na_ontap_vserver_peer.py" line="178" name="test_successful_delete" time="0.008"><system-out>b&apos;&lt;xml&gt;&lt;attributes-list&gt;&lt;vserver-peer-info&gt;&lt;vserver&gt;test&lt;/vserver&gt;&lt;peer-vserver&gt;test_peer&lt;/peer-vserver&gt;&lt;peer-state&gt;peered&lt;/peer-state&gt;&lt;/vserver-peer-info&gt;&lt;/attributes-list&gt;&lt;num-records&gt;1&lt;/num-records&gt;&lt;/xml&gt;&apos;
</system-out></testcase></testsuite>